1	false
2	false
3	false
4	false
5	false
6	false
7	false
8	true
9	true
10	false
11	true
12	true
13	true
14	false
15	false
16	true
17	false
18	true
19	false
20	false
21	true
22	false
23	true
24	false
25	true
26	false
27	false
28	true
29	false
30	true
31	false
32	false
33	true
34	false
35	true
36	true
37	true
38	true
39	true
40	true
41	false
42	true
43	true
44	false
45	true
46	false
47	false
48	false
49	true
50	true
51	false
52	true
53	true
54	true
55	true
56	false
57	false
58	false
59	false
60	true
61	true
62	true
63	true
64	true
65	true
66	true
67	true
68	true
69	false
70	false
71	true
72	false
73	false
74	false
75	true
76	true
77	false
78	false
79	false
80	true
401	true
402	true
403	false
404	true
405	false
406	true
407	false
408	false
409	false
410	true
411	false
412	false
413	true
414	false
415	true
416	true
417	false
418	true
419	false
420	true
421	false
422	true
423	true
424	false
425	false
426	false
427	true
428	false
429	false
430	true
431	true
432	true
433	false
434	false
435	false
436	true
437	true
438	false
439	true
440	false
441	true
442	true
443	false
444	true
445	true
446	true
447	true
448	true
449	true
450	true
451	true
452	true
453	true
454	false
455	false
456	true
457	false
458	true
459	true
460	false
461	false
462	false
463	true
464	true
465	true
466	true
467	false
468	false
469	false
470	true
471	false
472	false
473	true
474	false
475	true
476	false
477	true
478	true
479	true
480	true
