1	true
2	true
3	false
4	false
5	false
6	false
7	false
8	true
9	false
10	false
11	false
12	false
13	false
14	false
15	false
16	false
17	false
18	true
19	false
20	true
21	true
22	false
23	true
24	false
25	true
26	false
27	false
28	true
29	true
30	false
31	false
32	true
33	true
34	true
35	true
36	false
37	true
38	true
39	false
40	false
41	false
42	true
43	true
44	true
45	true
46	true
47	true
48	false
49	true
50	false
51	false
52	false
53	false
54	true
55	false
56	true
57	false
58	false
59	false
60	false
61	false
62	false
63	true
64	true
65	true
66	false
67	false
68	false
69	false
70	true
71	false
72	false
73	true
74	false
75	false
76	false
77	false
78	false
79	false
80	true
401	true
402	true
403	false
404	false
405	true
406	false
407	true
408	false
409	true
410	false
411	false
412	false
413	true
414	false
415	false
416	false
417	false
418	false
419	false
420	false
421	true
422	false
423	false
424	false
425	false
426	false
427	true
428	false
429	false
430	false
431	false
432	false
433	true
434	true
435	true
436	false
437	true
438	false
439	true
440	false
441	true
442	false
443	false
444	false
445	true
446	true
447	false
448	false
449	false
450	true
451	true
452	true
453	true
454	true
455	false
456	true
457	true
458	false
459	true
460	false
461	false
462	false
463	true
464	false
465	false
466	false
467	true
468	true
469	true
470	false
471	true
472	true
473	true
474	false
475	false
476	false
477	false
478	true
479	true
480	true
