1	false
2	false
3	true
4	false
5	true
6	false
7	false
8	true
9	true
10	false
11	true
12	false
13	false
14	false
15	false
16	true
17	true
18	false
19	false
20	false
21	true
22	true
23	false
24	true
25	true
26	false
27	true
28	false
29	true
30	false
31	true
32	true
33	true
34	false
35	true
36	false
37	true
38	true
39	true
40	false
41	false
42	true
43	true
44	false
45	false
46	false
47	false
48	true
49	true
50	true
51	false
52	false
53	true
54	false
55	false
56	true
57	false
58	true
59	true
60	false
61	false
62	false
63	true
64	true
65	false
66	false
67	true
68	false
69	false
70	true
71	true
72	true
73	true
74	true
75	true
76	true
77	true
78	false
79	false
80	true
401	true
402	true
403	false
404	false
405	true
406	true
407	true
408	true
409	true
410	true
411	true
412	false
413	true
414	true
415	true
416	true
417	false
418	true
419	false
420	true
421	false
422	false
423	false
424	false
425	true
426	false
427	false
428	true
429	true
430	false
431	false
432	true
433	false
434	true
435	false
436	true
437	true
438	true
439	false
440	false
441	true
442	false
443	false
444	true
445	false
446	false
447	true
448	true
449	true
450	false
451	false
452	false
453	true
454	true
455	false
456	true
457	true
458	false
459	false
460	false
461	true
462	true
463	true
464	false
465	false
466	false
467	true
468	true
469	true
470	true
471	false
472	true
473	true
474	true
475	false
476	false
477	true
478	true
479	false
480	false
