1	true
2	true
3	true
4	true
5	false
6	true
7	false
8	false
9	false
10	false
11	false
12	true
13	true
14	false
15	false
16	false
17	false
18	false
19	true
20	false
21	true
22	true
23	true
24	false
25	true
26	false
27	false
28	true
29	true
30	true
31	false
32	true
33	false
34	false
35	true
36	true
37	false
38	false
39	true
40	false
41	true
42	false
43	true
44	false
45	true
46	true
47	false
48	false
49	false
50	true
51	false
52	true
53	false
54	false
55	false
56	true
57	false
58	false
59	false
60	false
61	false
62	true
63	true
64	false
65	false
66	false
67	true
68	true
69	true
70	true
71	true
72	true
73	false
74	true
75	false
76	false
77	true
78	true
79	false
80	true
401	true
402	true
403	true
404	true
405	true
406	true
407	false
408	false
409	false
410	true
411	false
412	false
413	false
414	false
415	false
416	false
417	true
418	false
419	false
420	false
421	false
422	false
423	true
424	false
425	false
426	true
427	false
428	false
429	true
430	true
431	true
432	true
433	true
434	true
435	false
436	true
437	true
438	true
439	false
440	false
441	false
442	true
443	true
444	false
445	true
446	true
447	false
448	false
449	true
450	true
451	false
452	false
453	false
454	true
455	true
456	true
457	true
458	false
459	true
460	true
461	true
462	false
463	true
464	true
465	false
466	true
467	false
468	true
469	false
470	true
471	false
472	false
473	true
474	false
475	true
476	false
477	false
478	false
479	true
480	true
