1	false
2	false
3	false
4	false
5	true
6	true
7	false
8	true
9	false
10	true
11	false
12	true
13	true
14	false
15	false
16	true
17	false
18	false
19	false
20	true
21	true
22	false
23	true
24	false
25	true
26	false
27	false
28	true
29	true
30	true
31	false
32	false
33	false
34	true
35	true
36	true
37	true
38	false
39	true
40	true
41	true
42	true
43	false
44	true
45	false
46	true
47	false
48	true
49	false
50	true
51	false
52	true
53	false
54	true
55	false
56	true
57	false
58	false
59	true
60	false
61	true
62	true
63	false
64	false
65	false
66	true
67	true
68	false
69	false
70	true
71	true
72	true
73	false
74	true
75	false
76	true
77	true
78	false
79	true
80	false
401	true
402	true
403	false
404	true
405	false
406	false
407	true
408	false
409	false
410	false
411	false
412	true
413	false
414	true
415	false
416	false
417	false
418	true
419	true
420	true
421	false
422	true
423	true
424	true
425	false
426	false
427	true
428	false
429	false
430	true
431	true
432	true
433	true
434	false
435	false
436	true
437	true
438	true
439	false
440	false
441	false
442	false
443	false
444	true
445	true
446	false
447	false
448	false
449	false
450	false
451	true
452	false
453	false
454	false
455	true
456	false
457	false
458	false
459	true
460	true
461	false
462	true
463	false
464	false
465	false
466	true
467	true
468	false
469	true
470	false
471	false
472	false
473	true
474	false
475	false
476	false
477	false
478	true
479	true
480	false
