1	true
2	true
3	true
4	true
5	false
6	true
7	false
8	false
9	true
10	true
11	true
12	true
13	false
14	false
15	false
16	false
17	true
18	false
19	false
20	true
21	true
22	false
23	true
24	true
25	false
26	false
27	true
28	false
29	false
30	false
31	false
32	false
33	true
34	false
35	false
36	false
37	false
38	true
39	false
40	true
41	true
42	false
43	true
44	true
45	true
46	false
47	true
48	false
49	false
50	false
51	true
52	false
53	true
54	false
55	true
56	false
57	false
58	false
59	false
60	true
61	true
62	false
63	true
64	false
65	true
66	true
67	true
68	false
69	false
70	false
71	false
72	true
73	false
74	true
75	true
76	false
77	false
78	false
79	true
80	true
401	false
402	true
403	false
404	false
405	false
406	true
407	false
408	true
409	true
410	true
411	true
412	false
413	true
414	false
415	false
416	false
417	false
418	true
419	false
420	true
421	true
422	true
423	false
424	false
425	false
426	true
427	false
428	true
429	false
430	true
431	true
432	false
433	true
434	false
435	true
436	true
437	false
438	false
439	true
440	false
441	true
442	true
443	false
444	false
445	true
446	false
447	false
448	false
449	false
450	false
451	true
452	false
453	true
454	true
455	true
456	false
457	false
458	false
459	true
460	true
461	false
462	true
463	false
464	true
465	false
466	false
467	false
468	true
469	false
470	true
471	false
472	true
473	false
474	true
475	true
476	true
477	false
478	true
479	true
480	true
