1	true
2	true
3	true
4	false
5	false
6	false
7	false
8	false
9	true
10	true
11	true
12	true
13	true
14	false
15	true
16	true
17	true
18	false
19	true
20	true
21	false
22	false
23	false
24	false
25	false
26	false
27	true
28	true
29	true
30	true
31	false
32	false
33	false
34	false
35	false
36	true
37	true
38	false
39	false
40	true
41	false
42	true
43	true
44	true
45	false
46	false
47	true
48	true
49	false
50	true
51	true
52	true
53	true
54	false
55	false
56	true
57	false
58	true
59	false
60	true
61	false
62	false
63	false
64	false
65	true
66	false
67	false
68	true
69	false
70	false
71	false
72	true
73	true
74	true
75	true
76	true
77	true
78	true
79	false
80	true
401	true
402	true
403	false
404	true
405	false
406	false
407	false
408	true
409	false
410	true
411	false
412	false
413	true
414	true
415	false
416	true
417	false
418	false
419	false
420	false
421	true
422	false
423	true
424	true
425	false
426	false
427	true
428	true
429	true
430	false
431	true
432	false
433	false
434	true
435	false
436	false
437	false
438	true
439	true
440	false
441	false
442	false
443	false
444	false
445	true
446	true
447	false
448	true
449	false
450	true
451	true
452	false
453	true
454	true
455	false
456	false
457	true
458	false
459	true
460	true
461	false
462	true
463	false
464	false
465	true
466	true
467	true
468	true
469	false
470	false
471	true
472	false
473	true
474	false
475	false
476	true
477	true
478	false
479	false
480	true
