1	false
2	true
3	false
4	true
5	true
6	true
7	false
8	true
9	false
10	true
11	false
12	true
13	true
14	true
15	false
16	false
17	false
18	false
19	true
20	true
21	false
22	false
23	true
24	false
25	true
26	true
27	false
28	true
29	false
30	false
31	true
32	true
33	true
34	false
35	true
36	true
37	false
38	true
39	true
40	false
41	true
42	true
43	false
44	false
45	true
46	true
47	true
48	true
49	false
50	false
51	false
52	false
53	true
54	true
55	true
56	true
57	true
58	true
59	false
60	true
61	true
62	true
63	false
64	true
65	true
66	false
67	false
68	true
69	false
70	false
71	true
72	false
73	false
74	true
75	false
76	false
77	false
78	true
79	true
80	false
401	false
402	true
403	false
404	false
405	false
406	true
407	false
408	true
409	false
410	false
411	false
412	false
413	true
414	false
415	false
416	false
417	false
418	false
419	false
420	false
421	false
422	true
423	false
424	true
425	true
426	true
427	true
428	false
429	true
430	false
431	true
432	false
433	true
434	true
435	false
436	true
437	false
438	false
439	true
440	true
441	false
442	true
443	true
444	false
445	true
446	false
447	false
448	true
449	false
450	false
451	true
452	true
453	false
454	false
455	false
456	false
457	true
458	false
459	false
460	true
461	false
462	true
463	false
464	false
465	false
466	false
467	false
468	true
469	true
470	false
471	true
472	true
473	true
474	false
475	false
476	true
477	false
478	true
479	true
480	false
