1	true
2	true
3	true
4	true
5	false
6	false
7	true
8	true
9	false
10	false
11	false
12	false
13	false
14	true
15	false
16	false
17	false
18	true
19	true
20	false
21	true
22	false
23	true
24	false
25	true
26	false
27	false
28	false
29	true
30	false
31	false
32	true
33	false
34	false
35	true
36	true
37	true
38	true
39	false
40	true
41	true
42	true
43	true
44	true
45	false
46	true
47	false
48	false
49	true
50	true
51	true
52	true
53	true
54	true
55	true
56	true
57	false
58	false
59	true
60	true
61	true
62	true
63	false
64	false
65	true
66	false
67	false
68	false
69	true
70	true
71	true
72	true
73	true
74	false
75	true
76	true
77	true
78	false
79	false
80	false
401	false
402	false
403	true
404	false
405	true
406	true
407	true
408	true
409	true
410	true
411	false
412	false
413	true
414	true
415	true
416	true
417	true
418	true
419	false
420	false
421	true
422	false
423	false
424	true
425	true
426	false
427	true
428	true
429	false
430	false
431	true
432	true
433	true
434	true
435	false
436	false
437	true
438	true
439	false
440	true
441	true
442	true
443	false
444	false
445	false
446	false
447	false
448	true
449	false
450	false
451	false
452	false
453	true
454	true
455	false
456	true
457	true
458	true
459	false
460	true
461	true
462	true
463	true
464	false
465	true
466	true
467	false
468	false
469	false
470	false
471	false
472	true
473	true
474	true
475	false
476	false
477	false
478	false
479	false
480	false
