1	false
2	false
3	false
4	false
5	true
6	true
7	false
8	true
9	true
10	false
11	true
12	true
13	true
14	true
15	true
16	true
17	false
18	true
19	false
20	true
21	true
22	true
23	true
24	false
25	false
26	false
27	true
28	false
29	false
30	true
31	false
32	true
33	true
34	false
35	true
36	true
37	false
38	true
39	true
40	false
41	true
42	false
43	false
44	false
45	true
46	true
47	false
48	false
49	false
50	false
51	true
52	true
53	true
54	false
55	false
56	false
57	true
58	true
59	false
60	false
61	true
62	false
63	false
64	true
65	true
66	true
67	true
68	true
69	true
70	false
71	true
72	false
73	false
74	true
75	false
76	false
77	true
78	true
79	true
80	true
401	false
402	false
403	false
404	false
405	false
406	false
407	true
408	false
409	false
410	false
411	true
412	true
413	false
414	false
415	false
416	false
417	true
418	true
419	false
420	false
421	true
422	true
423	false
424	true
425	true
426	false
427	false
428	false
429	false
430	true
431	false
432	false
433	false
434	false
435	false
436	true
437	true
438	false
439	false
440	false
441	true
442	false
443	true
444	true
445	true
446	false
447	false
448	true
449	true
450	false
451	false
452	false
453	true
454	false
455	false
456	true
457	false
458	true
459	true
460	true
461	true
462	false
463	true
464	false
465	true
466	true
467	false
468	true
469	true
470	true
471	true
472	false
473	false
474	false
475	true
476	false
477	false
478	true
479	true
480	false
