1	true
2	false
3	false
4	false
5	true
6	true
7	false
8	true
9	false
10	true
11	true
12	true
13	false
14	false
15	false
16	false
17	false
18	true
19	false
20	true
21	true
22	true
23	true
24	false
25	true
26	true
27	false
28	false
29	true
30	true
31	false
32	false
33	true
34	false
35	false
36	true
37	false
38	false
39	false
40	false
41	true
42	true
43	false
44	true
45	true
46	true
47	true
48	false
49	false
50	true
51	false
52	false
53	true
54	true
55	true
56	false
57	false
58	false
59	true
60	false
61	true
62	true
63	true
64	true
65	false
66	false
67	false
68	false
69	true
70	true
71	false
72	true
73	false
74	true
75	false
76	false
77	true
78	true
79	false
80	true
401	false
402	false
403	false
404	true
405	false
406	false
407	false
408	true
409	true
410	true
411	false
412	false
413	true
414	false
415	true
416	false
417	false
418	true
419	false
420	false
421	true
422	false
423	false
424	false
425	true
426	false
427	true
428	false
429	true
430	true
431	false
432	true
433	true
434	true
435	false
436	false
437	true
438	true
439	true
440	true
441	false
442	true
443	false
444	false
445	false
446	true
447	true
448	false
449	true
450	true
451	false
452	true
453	false
454	false
455	false
456	false
457	false
458	true
459	false
460	false
461	false
462	false
463	true
464	false
465	true
466	true
467	true
468	false
469	true
470	false
471	true
472	true
473	true
474	true
475	false
476	false
477	false
478	true
479	true
480	true
