1	false
2	false
3	false
4	false
5	true
6	false
7	false
8	true
9	false
10	true
11	true
12	false
13	false
14	true
15	false
16	true
17	true
18	true
19	true
20	false
21	true
22	true
23	false
24	true
25	true
26	true
27	false
28	true
29	true
30	false
31	false
32	true
33	false
34	false
35	false
36	true
37	true
38	true
39	true
40	true
41	true
42	false
43	false
44	true
45	false
46	true
47	false
48	true
49	false
50	true
51	true
52	true
53	true
54	false
55	false
56	false
57	true
58	true
59	true
60	false
61	true
62	false
63	false
64	false
65	false
66	true
67	true
68	true
69	false
70	true
71	false
72	true
73	false
74	true
75	false
76	false
77	true
78	true
79	true
80	false
401	false
402	false
403	true
404	false
405	true
406	false
407	true
408	false
409	false
410	true
411	true
412	true
413	true
414	false
415	false
416	false
417	true
418	true
419	true
420	false
421	false
422	false
423	false
424	false
425	false
426	false
427	false
428	false
429	true
430	false
431	true
432	true
433	true
434	false
435	true
436	false
437	false
438	false
439	true
440	false
441	true
442	true
443	false
444	false
445	false
446	true
447	true
448	true
449	true
450	false
451	false
452	false
453	true
454	false
455	false
456	false
457	false
458	true
459	true
460	false
461	true
462	true
463	false
464	true
465	false
466	false
467	false
468	false
469	true
470	false
471	false
472	true
473	true
474	true
475	true
476	true
477	true
478	false
479	false
480	true
