1	true
2	true
3	false
4	false
5	true
6	false
7	false
8	true
9	true
10	true
11	false
12	true
13	false
14	false
15	false
16	false
17	false
18	false
19	true
20	false
21	true
22	false
23	false
24	false
25	true
26	false
27	false
28	true
29	false
30	true
31	false
32	false
33	true
34	true
35	false
36	true
37	true
38	false
39	true
40	true
41	false
42	false
43	false
44	false
45	true
46	true
47	true
48	false
49	true
50	false
51	true
52	true
53	true
54	true
55	false
56	true
57	false
58	true
59	false
60	false
61	true
62	false
63	false
64	true
65	true
66	false
67	false
68	true
69	true
70	false
71	false
72	true
73	false
74	true
75	false
76	true
77	false
78	true
79	true
80	true
401	true
402	false
403	true
404	true
405	true
406	false
407	true
408	true
409	false
410	false
411	false
412	true
413	true
414	false
415	false
416	false
417	false
418	true
419	false
420	false
421	false
422	true
423	true
424	true
425	true
426	false
427	false
428	false
429	true
430	true
431	true
432	false
433	true
434	false
435	false
436	true
437	false
438	false
439	true
440	true
441	false
442	true
443	true
444	false
445	true
446	false
447	true
448	true
449	false
450	true
451	false
452	false
453	false
454	true
455	true
456	false
457	true
458	false
459	false
460	false
461	true
462	true
463	true
464	true
465	false
466	false
467	false
468	true
469	false
470	false
471	true
472	true
473	false
474	false
475	true
476	false
477	false
478	true
479	true
480	false
