1	false
2	true
3	false
4	true
5	true
6	true
7	false
8	true
9	false
10	false
11	false
12	true
13	true
14	false
15	false
16	true
17	true
18	true
19	true
20	false
21	true
22	false
23	false
24	true
25	true
26	false
27	true
28	false
29	true
30	false
31	false
32	true
33	false
34	false
35	false
36	true
37	false
38	false
39	false
40	false
41	false
42	true
43	true
44	false
45	true
46	true
47	false
48	false
49	true
50	true
51	true
52	false
53	false
54	true
55	true
56	false
57	false
58	false
59	true
60	true
61	true
62	false
63	true
64	true
65	false
66	false
67	true
68	true
69	false
70	false
71	true
72	false
73	false
74	true
75	true
76	false
77	false
78	false
79	false
80	true
401	true
402	false
403	false
404	true
405	false
406	false
407	false
408	false
409	false
410	true
411	false
412	false
413	false
414	false
415	false
416	false
417	false
418	true
419	false
420	true
421	false
422	true
423	true
424	false
425	false
426	true
427	true
428	false
429	false
430	false
431	false
432	true
433	false
434	true
435	false
436	false
437	true
438	true
439	false
440	true
441	true
442	false
443	true
444	true
445	true
446	false
447	true
448	false
449	false
450	true
451	true
452	true
453	true
454	false
455	false
456	false
457	true
458	false
459	false
460	true
461	false
462	false
463	false
464	true
465	false
466	false
467	true
468	true
469	false
470	false
471	false
472	false
473	true
474	false
475	false
476	false
477	true
478	false
479	true
480	true
