1	true
2	false
3	false
4	false
5	true
6	false
7	false
8	true
9	false
10	false
11	true
12	false
13	false
14	true
15	true
16	false
17	false
18	true
19	false
20	false
21	true
22	false
23	false
24	false
25	false
26	true
27	true
28	false
29	false
30	false
31	false
32	true
33	false
34	true
35	true
36	true
37	true
38	false
39	true
40	true
41	true
42	false
43	true
44	true
45	false
46	false
47	false
48	false
49	false
50	true
51	false
52	false
53	true
54	true
55	true
56	false
57	true
58	true
59	false
60	false
61	false
62	true
63	true
64	true
65	false
66	false
67	true
68	false
69	false
70	true
71	true
72	true
73	false
74	true
75	false
76	true
77	false
78	true
79	true
80	true
401	true
402	false
403	true
404	true
405	true
406	true
407	true
408	false
409	true
410	true
411	true
412	false
413	false
414	true
415	true
416	true
417	true
418	false
419	true
420	true
421	false
422	true
423	true
424	true
425	true
426	false
427	false
428	true
429	false
430	true
431	false
432	false
433	true
434	false
435	false
436	false
437	false
438	false
439	false
440	true
441	false
442	true
443	false
444	false
445	false
446	false
447	false
448	true
449	false
450	true
451	false
452	true
453	true
454	false
455	true
456	true
457	false
458	true
459	false
460	false
461	false
462	true
463	false
464	false
465	true
466	true
467	true
468	false
469	false
470	true
471	true
472	false
473	true
474	true
475	true
476	false
477	true
478	false
479	false
480	true
