1	false
2	false
3	true
4	true
5	true
6	false
7	false
8	false
9	true
10	true
11	true
12	false
13	true
14	false
15	false
16	true
17	false
18	false
19	true
20	true
21	true
22	true
23	false
24	true
25	true
26	true
27	true
28	false
29	false
30	true
31	false
32	true
33	true
34	true
35	false
36	true
37	true
38	false
39	false
40	true
41	false
42	true
43	true
44	true
45	false
46	false
47	true
48	true
49	true
50	false
51	true
52	false
53	false
54	true
55	false
56	false
57	true
58	false
59	false
60	false
61	false
62	false
63	false
64	false
65	false
66	true
67	true
68	false
69	true
70	true
71	true
72	false
73	false
74	false
75	true
76	false
77	true
78	true
79	false
80	false
401	true
402	false
403	false
404	true
405	true
406	false
407	true
408	false
409	false
410	true
411	true
412	true
413	true
414	true
415	true
416	false
417	true
418	true
419	false
420	true
421	true
422	true
423	false
424	true
425	false
426	false
427	true
428	true
429	false
430	true
431	false
432	true
433	true
434	false
435	true
436	true
437	false
438	true
439	true
440	false
441	true
442	true
443	true
444	true
445	true
446	false
447	false
448	true
449	false
450	true
451	false
452	false
453	false
454	true
455	true
456	false
457	true
458	true
459	false
460	true
461	false
462	false
463	false
464	true
465	true
466	false
467	false
468	false
469	true
470	false
471	true
472	true
473	true
474	false
475	true
476	true
477	false
478	false
479	false
480	true
