1	false
2	false
3	false
4	false
5	true
6	false
7	false
8	true
9	false
10	false
11	false
12	true
13	true
14	true
15	false
16	true
17	true
18	true
19	true
20	true
21	false
22	false
23	true
24	true
25	true
26	true
27	true
28	false
29	true
30	false
31	true
32	true
33	true
34	false
35	true
36	false
37	false
38	true
39	false
40	true
41	false
42	false
43	false
44	false
45	true
46	true
47	true
48	false
49	true
50	false
51	false
52	true
53	true
54	true
55	false
56	false
57	false
58	true
59	true
60	true
61	true
62	false
63	false
64	true
65	true
66	true
67	true
68	false
69	true
70	true
71	false
72	true
73	true
74	true
75	true
76	false
77	false
78	false
79	false
80	true
401	true
402	true
403	false
404	false
405	false
406	false
407	true
408	false
409	true
410	true
411	false
412	true
413	false
414	true
415	false
416	false
417	true
418	false
419	false
420	true
421	true
422	true
423	false
424	false
425	true
426	false
427	false
428	false
429	false
430	false
431	true
432	true
433	false
434	false
435	false
436	false
437	true
438	true
439	false
440	false
441	true
442	true
443	true
444	true
445	true
446	true
447	false
448	true
449	true
450	true
451	true
452	true
453	true
454	false
455	true
456	false
457	false
458	true
459	false
460	true
461	true
462	true
463	true
464	false
465	true
466	false
467	false
468	true
469	true
470	false
471	true
472	false
473	false
474	true
475	false
476	false
477	true
478	true
479	true
480	true
