1	false
2	false
3	false
4	true
5	true
6	true
7	false
8	true
9	false
10	false
11	true
12	false
13	false
14	false
15	true
16	false
17	true
18	true
19	true
20	false
21	true
22	true
23	true
24	true
25	false
26	false
27	true
28	false
29	true
30	false
31	false
32	true
33	false
34	false
35	false
36	true
37	false
38	true
39	true
40	false
41	true
42	true
43	false
44	false
45	true
46	false
47	true
48	false
49	true
50	true
51	false
52	false
53	true
54	true
55	true
56	true
57	true
58	false
59	false
60	true
61	true
62	false
63	false
64	false
65	true
66	false
67	true
68	true
69	false
70	false
71	false
72	false
73	false
74	false
75	false
76	false
77	true
78	false
79	true
80	false
401	true
402	true
403	true
404	false
405	true
406	true
407	true
408	false
409	false
410	true
411	true
412	false
413	false
414	true
415	true
416	true
417	true
418	false
419	false
420	true
421	false
422	false
423	false
424	false
425	true
426	false
427	false
428	false
429	false
430	true
431	true
432	true
433	true
434	false
435	false
436	true
437	false
438	true
439	false
440	false
441	false
442	false
443	false
444	true
445	false
446	true
447	false
448	true
449	false
450	true
451	true
452	true
453	true
454	true
455	false
456	true
457	true
458	true
459	false
460	false
461	true
462	true
463	true
464	true
465	true
466	false
467	false
468	false
469	true
470	true
471	true
472	true
473	false
474	false
475	true
476	true
477	true
478	true
479	true
480	true
