1	false
2	false
3	true
4	false
5	true
6	false
7	true
8	true
9	true
10	false
11	false
12	true
13	false
14	false
15	false
16	true
17	false
18	false
19	true
20	true
21	true
22	false
23	false
24	false
25	true
26	true
27	true
28	false
29	true
30	true
31	true
32	false
33	true
34	false
35	false
36	true
37	false
38	false
39	true
40	false
41	true
42	false
43	false
44	false
45	false
46	true
47	true
48	true
49	true
50	false
51	false
52	true
53	false
54	false
55	false
56	false
57	true
58	true
59	false
60	true
61	true
62	false
63	false
64	true
65	false
66	false
67	false
68	false
69	false
70	false
71	false
72	true
73	false
74	true
75	true
76	false
77	true
78	false
79	false
80	false
401	false
402	false
403	true
404	true
405	true
406	true
407	false
408	true
409	false
410	false
411	true
412	false
413	true
414	true
415	true
416	false
417	true
418	true
419	true
420	false
421	false
422	false
423	false
424	true
425	false
426	false
427	true
428	true
429	true
430	true
431	true
432	false
433	false
434	true
435	false
436	true
437	false
438	true
439	true
440	true
441	false
442	false
443	true
444	true
445	false
446	true
447	true
448	true
449	false
450	false
451	true
452	true
453	false
454	false
455	true
456	true
457	false
458	false
459	false
460	true
461	true
462	true
463	false
464	false
465	true
466	false
467	true
468	false
469	true
470	true
471	false
472	true
473	false
474	false
475	false
476	false
477	true
478	true
479	false
480	true
