1	true
2	true
3	false
4	true
5	true
6	false
7	false
8	true
9	false
10	true
11	true
12	false
13	false
14	false
15	true
16	false
17	false
18	true
19	true
20	false
21	true
22	false
23	true
24	false
25	true
26	true
27	true
28	false
29	true
30	false
31	true
32	true
33	false
34	false
35	false
36	false
37	false
38	true
39	true
40	false
41	true
42	false
43	true
44	false
45	true
46	true
47	true
48	false
49	false
50	false
51	false
52	true
53	false
54	true
55	true
56	false
57	false
58	true
59	false
60	false
61	true
62	false
63	true
64	true
65	false
66	true
67	false
68	true
69	true
70	true
71	false
72	false
73	false
74	true
75	false
76	false
77	false
78	false
79	true
80	false
401	true
402	false
403	true
404	false
405	true
406	true
407	true
408	false
409	true
410	true
411	true
412	true
413	false
414	false
415	true
416	true
417	true
418	false
419	true
420	true
421	false
422	true
423	false
424	false
425	true
426	false
427	true
428	false
429	false
430	true
431	false
432	true
433	true
434	false
435	false
436	true
437	false
438	true
439	false
440	false
441	true
442	false
443	true
444	false
445	true
446	false
447	false
448	true
449	false
450	true
451	false
452	false
453	false
454	true
455	false
456	false
457	false
458	false
459	true
460	false
461	false
462	false
463	true
464	false
465	true
466	false
467	true
468	true
469	false
470	true
471	false
472	false
473	true
474	true
475	true
476	true
477	true
478	false
479	true
480	true
