1	false
2	false
3	true
4	false
5	false
6	false
7	true
8	true
9	false
10	false
11	false
12	true
13	true
14	false
15	false
16	false
17	true
18	true
19	false
20	true
21	true
22	false
23	true
24	true
25	true
26	false
27	true
28	true
29	false
30	true
31	true
32	true
33	false
34	true
35	true
36	false
37	false
38	true
39	true
40	false
41	false
42	false
43	true
44	true
45	false
46	true
47	true
48	false
49	false
50	false
51	false
52	true
53	true
54	false
55	false
56	true
57	false
58	false
59	true
60	false
61	true
62	false
63	true
64	false
65	false
66	false
67	true
68	false
69	true
70	true
71	false
72	false
73	true
74	true
75	false
76	false
77	false
78	false
79	false
80	true
401	false
402	false
403	false
404	false
405	false
406	true
407	true
408	false
409	true
410	true
411	true
412	false
413	true
414	false
415	true
416	true
417	false
418	true
419	false
420	true
421	true
422	true
423	false
424	true
425	false
426	true
427	false
428	false
429	false
430	true
431	false
432	false
433	true
434	true
435	false
436	false
437	false
438	true
439	false
440	false
441	false
442	false
443	true
444	false
445	true
446	true
447	false
448	false
449	true
450	true
451	false
452	false
453	false
454	false
455	false
456	false
457	true
458	false
459	false
460	false
461	false
462	false
463	false
464	true
465	false
466	false
467	false
468	false
469	true
470	false
471	true
472	false
473	false
474	false
475	false
476	false
477	true
478	false
479	false
480	true
