1	true
2	false
3	true
4	false
5	true
6	false
7	true
8	false
9	false
10	true
11	false
12	true
13	true
14	false
15	true
16	false
17	true
18	false
19	false
20	false
21	true
22	true
23	true
24	false
25	false
26	true
27	false
28	false
29	false
30	false
31	false
32	true
33	false
34	true
35	false
36	false
37	false
38	false
39	true
40	false
41	true
42	true
43	false
44	true
45	false
46	false
47	true
48	false
49	false
50	true
51	true
52	false
53	true
54	false
55	true
56	false
57	false
58	true
59	false
60	false
61	true
62	false
63	true
64	true
65	false
66	false
67	true
68	true
69	true
70	false
71	false
72	false
73	false
74	true
75	false
76	true
77	false
78	true
79	true
80	false
401	true
402	true
403	true
404	false
405	true
406	true
407	true
408	false
409	false
410	false
411	true
412	false
413	false
414	false
415	true
416	false
417	false
418	false
419	true
420	false
421	false
422	true
423	true
424	true
425	true
426	false
427	false
428	true
429	true
430	true
431	false
432	false
433	true
434	true
435	false
436	true
437	false
438	true
439	false
440	false
441	false
442	true
443	false
444	true
445	true
446	true
447	true
448	false
449	true
450	true
451	true
452	true
453	true
454	false
455	false
456	true
457	false
458	false
459	true
460	false
461	false
462	true
463	false
464	false
465	false
466	false
467	false
468	true
469	true
470	true
471	false
472	false
473	true
474	false
475	true
476	false
477	false
478	false
479	false
480	false
