1	false
2	false
3	false
4	false
5	false
6	true
7	false
8	true
9	false
10	true
11	true
12	true
13	false
14	true
15	false
16	false
17	true
18	true
19	false
20	false
21	false
22	false
23	true
24	false
25	false
26	true
27	false
28	false
29	true
30	false
31	false
32	true
33	false
34	false
35	false
36	true
37	true
38	false
39	false
40	false
41	true
42	false
43	true
44	false
45	true
46	true
47	false
48	true
49	false
50	false
51	true
52	false
53	false
54	true
55	true
56	true
57	true
58	true
59	false
60	false
61	false
62	false
63	false
64	false
65	true
66	true
67	true
68	true
69	true
70	true
71	false
72	true
73	true
74	false
75	true
76	true
77	true
78	false
79	true
80	false
401	false
402	false
403	true
404	false
405	true
406	false
407	false
408	false
409	true
410	true
411	false
412	false
413	true
414	true
415	false
416	false
417	true
418	true
419	true
420	true
421	true
422	true
423	false
424	true
425	false
426	true
427	true
428	true
429	false
430	true
431	false
432	true
433	true
434	false
435	true
436	false
437	false
438	false
439	true
440	false
441	false
442	true
443	true
444	true
445	false
446	false
447	false
448	false
449	false
450	true
451	true
452	true
453	false
454	true
455	false
456	false
457	false
458	true
459	true
460	false
461	true
462	false
463	false
464	false
465	true
466	true
467	true
468	true
469	true
470	true
471	true
472	false
473	true
474	true
475	true
476	true
477	false
478	true
479	true
480	true
