1	false
2	true
3	true
4	false
5	true
6	true
7	true
8	false
9	true
10	false
11	false
12	false
13	true
14	true
15	true
16	true
17	true
18	false
19	false
20	true
21	true
22	false
23	false
24	true
25	true
26	false
27	false
28	true
29	false
30	true
31	true
32	false
33	false
34	true
35	true
36	true
37	true
38	true
39	false
40	true
41	true
42	true
43	true
44	true
45	true
46	true
47	false
48	false
49	true
50	true
51	false
52	true
53	true
54	true
55	false
56	true
57	true
58	false
59	true
60	false
61	true
62	true
63	true
64	true
65	false
66	false
67	true
68	true
69	false
70	false
71	true
72	true
73	true
74	false
75	true
76	true
77	false
78	true
79	false
80	false
401	false
402	true
403	false
404	true
405	false
406	true
407	true
408	true
409	false
410	false
411	false
412	true
413	true
414	false
415	true
416	false
417	false
418	false
419	true
420	false
421	false
422	false
423	false
424	false
425	false
426	false
427	true
428	true
429	true
430	false
431	true
432	true
433	true
434	false
435	true
436	true
437	true
438	false
439	false
440	false
441	true
442	true
443	false
444	true
445	true
446	true
447	true
448	false
449	true
450	true
451	false
452	true
453	true
454	false
455	true
456	true
457	false
458	true
459	true
460	false
461	true
462	true
463	false
464	false
465	true
466	false
467	false
468	true
469	true
470	false
471	true
472	true
473	true
474	true
475	true
476	true
477	true
478	true
479	false
480	true
