1	false
2	true
3	false
4	true
5	false
6	false
7	false
8	true
9	true
10	false
11	false
12	false
13	false
14	false
15	true
16	false
17	false
18	false
19	false
20	false
21	true
22	false
23	true
24	false
25	false
26	true
27	true
28	false
29	true
30	true
31	true
32	true
33	true
34	true
35	true
36	true
37	false
38	false
39	false
40	false
41	false
42	false
43	true
44	false
45	false
46	true
47	false
48	false
49	true
50	false
51	false
52	true
53	true
54	true
55	false
56	false
57	true
58	false
59	false
60	true
61	true
62	false
63	true
64	false
65	false
66	false
67	false
68	false
69	true
70	true
71	true
72	true
73	true
74	true
75	true
76	true
77	true
78	false
79	true
80	true
401	false
402	true
403	false
404	false
405	false
406	false
407	false
408	true
409	false
410	true
411	false
412	true
413	true
414	true
415	true
416	true
417	true
418	true
419	false
420	false
421	false
422	false
423	true
424	true
425	true
426	true
427	false
428	false
429	false
430	false
431	true
432	true
433	true
434	false
435	false
436	true
437	true
438	false
439	false
440	false
441	true
442	false
443	true
444	true
445	false
446	true
447	true
448	true
449	true
450	false
451	true
452	false
453	false
454	false
455	false
456	true
457	true
458	false
459	false
460	false
461	true
462	true
463	true
464	false
465	true
466	true
467	false
468	true
469	false
470	false
471	false
472	false
473	false
474	true
475	true
476	true
477	false
478	true
479	true
480	true
