1	false
2	true
3	false
4	true
5	false
6	false
7	false
8	true
9	false
10	true
11	true
12	false
13	false
14	true
15	false
16	true
17	false
18	false
19	true
20	true
21	false
22	false
23	false
24	false
25	false
26	true
27	true
28	true
29	true
30	true
31	false
32	false
33	false
34	true
35	false
36	true
37	false
38	true
39	true
40	true
41	true
42	false
43	true
44	true
45	false
46	true
47	false
48	false
49	true
50	false
51	false
52	true
53	true
54	true
55	false
56	true
57	false
58	false
59	false
60	false
61	true
62	false
63	true
64	false
65	true
66	true
67	false
68	false
69	true
70	false
71	true
72	false
73	true
74	false
75	true
76	true
77	true
78	true
79	false
80	true
401	true
402	false
403	false
404	false
405	false
406	true
407	false
408	true
409	true
410	false
411	true
412	false
413	false
414	false
415	false
416	false
417	false
418	false
419	true
420	true
421	true
422	true
423	false
424	false
425	false
426	false
427	false
428	false
429	true
430	false
431	false
432	false
433	false
434	false
435	false
436	false
437	false
438	true
439	true
440	true
441	true
442	true
443	true
444	true
445	true
446	false
447	true
448	false
449	false
450	false
451	true
452	true
453	true
454	true
455	false
456	false
457	true
458	false
459	false
460	false
461	true
462	true
463	true
464	false
465	true
466	false
467	true
468	false
469	false
470	true
471	true
472	false
473	true
474	true
475	false
476	true
477	false
478	true
479	false
480	false
