1	true
2	false
3	false
4	true
5	true
6	true
7	false
8	false
9	true
10	false
11	false
12	true
13	false
14	false
15	false
16	true
17	false
18	true
19	true
20	false
21	false
22	true
23	false
24	false
25	true
26	false
27	false
28	true
29	true
30	true
31	true
32	true
33	false
34	false
35	false
36	true
37	true
38	true
39	true
40	true
41	false
42	false
43	false
44	false
45	false
46	true
47	true
48	true
49	false
50	false
51	false
52	false
53	true
54	true
55	false
56	true
57	true
58	false
59	true
60	true
61	false
62	true
63	true
64	true
65	false
66	false
67	true
68	false
69	true
70	false
71	true
72	true
73	false
74	false
75	true
76	true
77	true
78	false
79	true
80	true
401	false
402	true
403	true
404	false
405	true
406	false
407	false
408	false
409	false
410	true
411	false
412	false
413	false
414	false
415	false
416	true
417	true
418	true
419	false
420	true
421	true
422	false
423	true
424	true
425	true
426	false
427	true
428	true
429	false
430	true
431	true
432	true
433	true
434	false
435	false
436	false
437	false
438	false
439	false
440	false
441	true
442	false
443	true
444	true
445	true
446	true
447	true
448	false
449	true
450	true
451	false
452	true
453	false
454	false
455	true
456	false
457	false
458	true
459	true
460	true
461	true
462	false
463	true
464	true
465	false
466	true
467	false
468	true
469	false
470	false
471	false
472	false
473	false
474	false
475	true
476	false
477	false
478	true
479	true
480	true
