1	true
2	false
3	false
4	true
5	false
6	false
7	true
8	false
9	false
10	true
11	true
12	false
13	true
14	true
15	false
16	true
17	true
18	true
19	false
20	true
21	false
22	true
23	true
24	false
25	true
26	false
27	true
28	false
29	true
30	false
31	true
32	false
33	true
34	false
35	true
36	false
37	true
38	false
39	false
40	true
41	true
42	true
43	true
44	true
45	false
46	false
47	false
48	false
49	false
50	false
51	false
52	false
53	false
54	false
55	true
56	false
57	false
58	false
59	true
60	true
61	true
62	true
63	false
64	true
65	false
66	false
67	true
68	true
69	false
70	true
71	true
72	false
73	false
74	false
75	false
76	true
77	false
78	true
79	true
80	true
401	false
402	true
403	false
404	false
405	false
406	true
407	false
408	false
409	true
410	true
411	false
412	true
413	false
414	false
415	true
416	true
417	true
418	false
419	false
420	false
421	false
422	true
423	false
424	false
425	false
426	true
427	false
428	false
429	false
430	false
431	false
432	false
433	false
434	false
435	false
436	true
437	false
438	false
439	false
440	false
441	true
442	false
443	true
444	false
445	false
446	true
447	true
448	false
449	false
450	true
451	true
452	false
453	true
454	true
455	false
456	false
457	false
458	false
459	true
460	true
461	true
462	true
463	false
464	false
465	true
466	true
467	true
468	true
469	false
470	true
471	false
472	true
473	false
474	true
475	true
476	false
477	true
478	true
479	true
480	true
