1	false
2	false
3	false
4	false
5	false
6	true
7	false
8	false
9	true
10	true
11	true
12	true
13	true
14	false
15	false
16	true
17	false
18	true
19	true
20	false
21	true
22	true
23	false
24	false
25	true
26	false
27	false
28	true
29	true
30	true
31	false
32	false
33	false
34	false
35	true
36	true
37	false
38	true
39	false
40	true
41	true
42	true
43	false
44	true
45	true
46	false
47	false
48	true
49	false
50	true
51	true
52	true
53	false
54	false
55	true
56	true
57	false
58	true
59	false
60	false
61	false
62	false
63	true
64	false
65	true
66	false
67	true
68	false
69	false
70	false
71	true
72	true
73	false
74	true
75	true
76	false
77	false
78	true
79	false
80	false
401	false
402	true
403	false
404	true
405	true
406	false
407	true
408	false
409	true
410	true
411	false
412	false
413	true
414	true
415	true
416	false
417	true
418	false
419	false
420	false
421	true
422	true
423	false
424	true
425	false
426	false
427	false
428	true
429	false
430	true
431	false
432	false
433	true
434	false
435	true
436	true
437	true
438	true
439	true
440	true
441	true
442	true
443	false
444	true
445	true
446	true
447	true
448	false
449	false
450	true
451	true
452	false
453	true
454	false
455	false
456	true
457	false
458	false
459	false
460	false
461	false
462	true
463	false
464	false
465	false
466	false
467	true
468	false
469	false
470	true
471	true
472	true
473	false
474	true
475	false
476	false
477	true
478	false
479	false
480	true
