1	false
2	true
3	true
4	true
5	false
6	false
7	false
8	true
9	true
10	true
11	true
12	true
13	false
14	true
15	true
16	false
17	false
18	false
19	true
20	false
21	false
22	true
23	true
24	false
25	false
26	true
27	false
28	true
29	false
30	false
31	true
32	false
33	false
34	false
35	false
36	false
37	false
38	false
39	true
40	false
41	true
42	false
43	false
44	false
45	true
46	true
47	true
48	true
49	true
50	true
51	false
52	false
53	true
54	false
55	true
56	false
57	true
58	false
59	true
60	true
61	false
62	true
63	false
64	false
65	false
66	true
67	true
68	true
69	true
70	false
71	false
72	true
73	false
74	false
75	false
76	false
77	true
78	false
79	false
80	true
401	false
402	true
403	false
404	true
405	false
406	false
407	false
408	false
409	false
410	false
411	false
412	true
413	true
414	true
415	true
416	false
417	false
418	false
419	true
420	true
421	false
422	false
423	false
424	true
425	true
426	false
427	true
428	true
429	true
430	true
431	true
432	true
433	true
434	false
435	false
436	true
437	true
438	true
439	false
440	true
441	false
442	true
443	false
444	true
445	false
446	false
447	true
448	true
449	false
450	true
451	false
452	false
453	false
454	false
455	false
456	true
457	true
458	true
459	false
460	true
461	true
462	false
463	true
464	false
465	true
466	true
467	false
468	false
469	true
470	true
471	true
472	false
473	true
474	true
475	true
476	false
477	true
478	true
479	false
480	false
