1	false
2	true
3	true
4	true
5	true
6	true
7	false
8	true
9	false
10	true
11	false
12	true
13	true
14	false
15	false
16	false
17	false
18	false
19	true
20	false
21	true
22	true
23	true
24	true
25	true
26	false
27	false
28	false
29	false
30	false
31	true
32	false
33	false
34	true
35	false
36	false
37	false
38	true
39	true
40	false
41	false
42	true
43	true
44	false
45	true
46	true
47	false
48	false
49	true
50	true
51	false
52	true
53	true
54	false
55	false
56	false
57	true
58	true
59	false
60	false
61	false
62	true
63	false
64	true
65	false
66	true
67	true
68	true
69	false
70	true
71	false
72	true
73	false
74	false
75	true
76	true
77	false
78	true
79	false
80	true
401	false
402	false
403	false
404	false
405	true
406	false
407	false
408	false
409	false
410	false
411	false
412	true
413	false
414	true
415	false
416	true
417	false
418	false
419	false
420	true
421	false
422	true
423	true
424	true
425	false
426	true
427	true
428	false
429	true
430	true
431	true
432	false
433	true
434	true
435	false
436	false
437	true
438	false
439	true
440	false
441	true
442	true
443	false
444	true
445	false
446	true
447	true
448	false
449	true
450	false
451	false
452	true
453	true
454	true
455	false
456	false
457	true
458	true
459	false
460	true
461	false
462	true
463	true
464	false
465	false
466	false
467	true
468	true
469	false
470	false
471	true
472	true
473	false
474	true
475	true
476	false
477	true
478	true
479	false
480	false
