1	false
2	true
3	false
4	false
5	true
6	true
7	true
8	false
9	true
10	true
11	true
12	false
13	false
14	false
15	false
16	true
17	false
18	true
19	true
20	true
21	false
22	true
23	true
24	true
25	false
26	true
27	false
28	false
29	true
30	false
31	false
32	false
33	false
34	true
35	false
36	false
37	false
38	true
39	true
40	false
41	false
42	false
43	true
44	true
45	false
46	false
47	false
48	false
49	false
50	true
51	false
52	true
53	true
54	false
55	false
56	false
57	false
58	true
59	true
60	true
61	true
62	false
63	false
64	true
65	true
66	false
67	false
68	false
69	true
70	true
71	true
72	false
73	true
74	false
75	false
76	true
77	false
78	false
79	true
80	true
401	true
402	false
403	true
404	true
405	false
406	true
407	false
408	false
409	false
410	true
411	false
412	true
413	false
414	false
415	true
416	false
417	false
418	false
419	false
420	true
421	false
422	true
423	true
424	false
425	true
426	true
427	false
428	false
429	false
430	false
431	true
432	false
433	false
434	true
435	true
436	false
437	false
438	false
439	false
440	false
441	true
442	true
443	true
444	true
445	false
446	false
447	false
448	false
449	false
450	false
451	true
452	true
453	true
454	false
455	true
456	false
457	false
458	false
459	false
460	false
461	false
462	false
463	false
464	true
465	true
466	false
467	false
468	true
469	true
470	false
471	false
472	false
473	true
474	true
475	false
476	true
477	false
478	false
479	true
480	false
