1	true
2	true
3	false
4	false
5	true
6	true
7	false
8	true
9	true
10	true
11	false
12	true
13	false
14	true
15	false
16	true
17	false
18	true
19	true
20	true
21	true
22	true
23	true
24	true
25	true
26	true
27	false
28	false
29	false
30	false
31	false
32	true
33	false
34	true
35	true
36	false
37	true
38	true
39	false
40	true
41	true
42	false
43	true
44	true
45	false
46	true
47	false
48	true
49	false
50	false
51	true
52	false
53	true
54	false
55	false
56	true
57	true
58	true
59	false
60	true
61	true
62	true
63	false
64	false
65	false
66	false
67	true
68	true
69	false
70	true
71	false
72	true
73	true
74	true
75	true
76	false
77	false
78	true
79	true
80	true
401	true
402	false
403	false
404	true
405	false
406	false
407	true
408	false
409	false
410	false
411	false
412	false
413	false
414	false
415	true
416	false
417	false
418	false
419	true
420	false
421	true
422	true
423	false
424	true
425	true
426	false
427	true
428	false
429	true
430	true
431	false
432	false
433	true
434	true
435	false
436	true
437	false
438	true
439	true
440	true
441	true
442	false
443	false
444	false
445	true
446	true
447	true
448	false
449	false
450	true
451	false
452	false
453	false
454	true
455	false
456	true
457	false
458	true
459	false
460	true
461	false
462	true
463	true
464	false
465	true
466	false
467	false
468	true
469	false
470	false
471	false
472	true
473	false
474	false
475	true
476	true
477	false
478	false
479	false
480	false
