1	true
2	false
3	true
4	true
5	false
6	false
7	true
8	false
9	true
10	false
11	true
12	false
13	false
14	true
15	true
16	true
17	false
18	true
19	false
20	false
21	false
22	false
23	false
24	false
25	true
26	false
27	false
28	false
29	false
30	true
31	false
32	false
33	false
34	false
35	true
36	true
37	true
38	true
39	true
40	false
41	false
42	true
43	false
44	false
45	false
46	true
47	false
48	true
49	false
50	true
51	false
52	true
53	false
54	true
55	true
56	true
57	true
58	false
59	false
60	false
61	false
62	true
63	true
64	true
65	false
66	false
67	true
68	false
69	false
70	true
71	false
72	true
73	true
74	false
75	true
76	false
77	true
78	true
79	true
80	false
401	true
402	false
403	false
404	false
405	false
406	true
407	false
408	true
409	false
410	false
411	false
412	true
413	true
414	true
415	true
416	true
417	false
418	true
419	false
420	true
421	true
422	false
423	false
424	true
425	true
426	true
427	true
428	false
429	false
430	true
431	true
432	false
433	true
434	true
435	true
436	true
437	false
438	false
439	true
440	false
441	true
442	false
443	true
444	false
445	true
446	true
447	false
448	false
449	true
450	false
451	true
452	false
453	true
454	false
455	true
456	false
457	true
458	false
459	false
460	false
461	false
462	true
463	false
464	false
465	true
466	false
467	false
468	false
469	false
470	false
471	true
472	false
473	false
474	false
475	true
476	false
477	true
478	false
479	false
480	true
