1	true
2	true
3	true
4	true
5	false
6	true
7	true
8	false
9	true
10	true
11	false
12	true
13	false
14	false
15	false
16	true
17	false
18	true
19	false
20	false
21	false
22	false
23	true
24	true
25	false
26	false
27	false
28	false
29	false
30	false
31	false
32	true
33	true
34	true
35	false
36	false
37	false
38	true
39	false
40	true
41	true
42	true
43	true
44	true
45	false
46	false
47	true
48	true
49	true
50	false
51	false
52	true
53	false
54	true
55	true
56	true
57	false
58	false
59	false
60	false
61	false
62	true
63	true
64	true
65	false
66	false
67	false
68	true
69	true
70	false
71	false
72	false
73	false
74	true
75	true
76	true
77	false
78	false
79	false
80	true
401	false
402	false
403	true
404	false
405	false
406	false
407	true
408	true
409	false
410	true
411	true
412	false
413	false
414	true
415	true
416	true
417	true
418	true
419	false
420	false
421	false
422	true
423	true
424	false
425	false
426	true
427	true
428	false
429	false
430	false
431	true
432	false
433	true
434	true
435	true
436	false
437	true
438	false
439	true
440	true
441	false
442	false
443	false
444	false
445	false
446	true
447	true
448	false
449	true
450	true
451	true
452	true
453	false
454	true
455	false
456	true
457	false
458	true
459	true
460	true
461	false
462	false
463	false
464	false
465	false
466	true
467	true
468	false
469	true
470	true
471	false
472	true
473	false
474	false
475	false
476	true
477	false
478	true
479	true
480	false
