1	true
2	true
3	false
4	true
5	false
6	false
7	false
8	true
9	false
10	false
11	true
12	false
13	false
14	false
15	false
16	true
17	true
18	false
19	true
20	true
21	true
22	true
23	false
24	false
25	false
26	false
27	true
28	true
29	false
30	true
31	true
32	false
33	false
34	false
35	true
36	true
37	true
38	false
39	false
40	false
41	false
42	false
43	true
44	false
45	false
46	true
47	false
48	true
49	false
50	true
51	true
52	true
53	true
54	false
55	true
56	true
57	false
58	true
59	true
60	false
61	false
62	true
63	false
64	false
65	true
66	false
67	true
68	true
69	false
70	true
71	true
72	false
73	false
74	false
75	false
76	true
77	false
78	false
79	false
80	true
401	true
402	false
403	false
404	false
405	false
406	true
407	true
408	false
409	false
410	false
411	false
412	true
413	false
414	false
415	false
416	false
417	false
418	true
419	true
420	false
421	false
422	false
423	false
424	false
425	false
426	true
427	true
428	false
429	true
430	true
431	false
432	false
433	false
434	true
435	true
436	false
437	false
438	false
439	true
440	false
441	true
442	true
443	true
444	true
445	true
446	true
447	true
448	false
449	true
450	true
451	false
452	true
453	true
454	false
455	true
456	true
457	false
458	true
459	false
460	false
461	false
462	false
463	false
464	true
465	true
466	true
467	true
468	false
469	true
470	false
471	true
472	true
473	false
474	false
475	true
476	false
477	true
478	true
479	true
480	false
