1	true
2	false
3	true
4	false
5	true
6	true
7	false
8	true
9	true
10	true
11	false
12	false
13	true
14	false
15	false
16	false
17	true
18	true
19	true
20	true
21	true
22	true
23	false
24	false
25	false
26	false
27	false
28	false
29	false
30	false
31	true
32	false
33	false
34	false
35	false
36	true
37	false
38	true
39	false
40	false
41	false
42	true
43	false
44	true
45	false
46	false
47	false
48	true
49	false
50	false
51	false
52	false
53	true
54	true
55	true
56	true
57	true
58	false
59	true
60	true
61	false
62	false
63	false
64	true
65	false
66	false
67	false
68	false
69	false
70	false
71	true
72	true
73	true
74	true
75	true
76	false
77	false
78	false
79	false
80	true
401	true
402	false
403	false
404	false
405	true
406	false
407	true
408	false
409	true
410	true
411	false
412	false
413	false
414	false
415	false
416	false
417	true
418	true
419	true
420	false
421	false
422	false
423	true
424	false
425	true
426	true
427	true
428	false
429	false
430	false
431	false
432	true
433	false
434	false
435	false
436	false
437	true
438	true
439	true
440	true
441	true
442	false
443	true
444	false
445	true
446	false
447	false
448	false
449	false
450	true
451	true
452	true
453	false
454	true
455	true
456	false
457	true
458	false
459	true
460	true
461	false
462	true
463	true
464	true
465	true
466	false
467	false
468	false
469	true
470	false
471	false
472	false
473	true
474	true
475	true
476	true
477	false
478	true
479	false
480	false
