1	false
2	true
3	true
4	false
5	false
6	true
7	false
8	true
9	true
10	false
11	false
12	false
13	false
14	false
15	false
16	false
17	true
18	false
19	true
20	false
21	false
22	false
23	false
24	true
25	false
26	false
27	false
28	true
29	true
30	true
31	false
32	false
33	false
34	true
35	false
36	true
37	true
38	true
39	false
40	true
41	false
42	false
43	false
44	true
45	false
46	false
47	true
48	false
49	true
50	true
51	false
52	true
53	true
54	true
55	false
56	true
57	false
58	true
59	true
60	true
61	true
62	true
63	false
64	false
65	true
66	true
67	true
68	true
69	true
70	false
71	true
72	false
73	true
74	false
75	false
76	true
77	false
78	true
79	true
80	false
401	false
402	false
403	true
404	true
405	true
406	true
407	true
408	false
409	true
410	true
411	false
412	true
413	false
414	true
415	true
416	true
417	true
418	false
419	false
420	true
421	true
422	false
423	true
424	true
425	true
426	false
427	false
428	false
429	false
430	true
431	false
432	true
433	false
434	false
435	false
436	false
437	false
438	true
439	false
440	true
441	true
442	false
443	true
444	false
445	true
446	true
447	false
448	true
449	false
450	false
451	false
452	false
453	true
454	false
455	true
456	false
457	false
458	true
459	false
460	true
461	false
462	true
463	true
464	false
465	true
466	true
467	false
468	true
469	false
470	true
471	true
472	false
473	false
474	false
475	false
476	false
477	true
478	false
479	true
480	true
