1	false
2	true
3	true
4	false
5	true
6	true
7	false
8	true
9	false
10	false
11	true
12	false
13	true
14	true
15	true
16	true
17	true
18	true
19	false
20	false
21	true
22	false
23	true
24	false
25	false
26	false
27	false
28	false
29	true
30	true
31	true
32	true
33	true
34	false
35	true
36	true
37	false
38	false
39	true
40	false
41	false
42	false
43	false
44	false
45	true
46	true
47	false
48	true
49	false
50	true
51	true
52	false
53	true
54	false
55	false
56	false
57	true
58	true
59	true
60	true
61	false
62	true
63	false
64	true
65	false
66	true
67	true
68	true
69	true
70	true
71	false
72	true
73	true
74	false
75	false
76	false
77	true
78	false
79	false
80	true
401	true
402	true
403	true
404	true
405	false
406	false
407	true
408	true
409	false
410	false
411	false
412	false
413	false
414	false
415	false
416	false
417	false
418	true
419	false
420	false
421	true
422	true
423	true
424	false
425	false
426	false
427	true
428	false
429	false
430	false
431	true
432	true
433	true
434	false
435	true
436	true
437	false
438	false
439	true
440	true
441	true
442	true
443	true
444	true
445	true
446	true
447	false
448	true
449	true
450	true
451	true
452	false
453	false
454	false
455	true
456	false
457	false
458	false
459	true
460	true
461	true
462	false
463	false
464	true
465	true
466	false
467	false
468	false
469	false
470	false
471	true
472	true
473	false
474	true
475	true
476	false
477	true
478	false
479	true
480	true
