1	true
2	true
3	true
4	false
5	false
6	false
7	false
8	true
9	true
10	true
11	false
12	false
13	false
14	false
15	true
16	false
17	true
18	true
19	false
20	true
21	true
22	true
23	true
24	false
25	true
26	false
27	false
28	false
29	true
30	false
31	false
32	false
33	false
34	false
35	true
36	true
37	false
38	true
39	false
40	false
41	false
42	false
43	false
44	false
45	true
46	true
47	true
48	true
49	false
50	false
51	true
52	true
53	false
54	true
55	false
56	true
57	false
58	false
59	true
60	false
61	false
62	true
63	false
64	false
65	false
66	true
67	false
68	false
69	false
70	true
71	false
72	false
73	false
74	true
75	true
76	true
77	false
78	false
79	true
80	false
401	true
402	false
403	false
404	false
405	true
406	false
407	true
408	false
409	true
410	true
411	false
412	false
413	false
414	true
415	false
416	true
417	true
418	true
419	true
420	false
421	true
422	true
423	false
424	true
425	false
426	true
427	true
428	true
429	false
430	false
431	true
432	false
433	true
434	true
435	false
436	false
437	true
438	true
439	false
440	false
441	false
442	false
443	false
444	false
445	false
446	true
447	true
448	false
449	false
450	true
451	true
452	true
453	false
454	false
455	true
456	true
457	false
458	true
459	false
460	true
461	false
462	true
463	true
464	false
465	false
466	false
467	true
468	false
469	true
470	true
471	false
472	false
473	false
474	true
475	false
476	true
477	false
478	true
479	true
480	true
