1	false
2	true
3	true
4	true
5	false
6	true
7	true
8	true
9	false
10	true
11	false
12	true
13	false
14	false
15	false
16	false
17	true
18	true
19	true
20	false
21	true
22	true
23	false
24	false
25	false
26	false
27	false
28	false
29	false
30	true
31	true
32	true
33	true
34	true
35	true
36	false
37	false
38	false
39	false
40	false
41	true
42	false
43	true
44	false
45	true
46	true
47	true
48	true
49	true
50	true
51	false
52	true
53	false
54	true
55	true
56	true
57	false
58	false
59	true
60	false
61	false
62	true
63	false
64	true
65	true
66	true
67	true
68	false
69	true
70	true
71	false
72	false
73	false
74	true
75	false
76	false
77	false
78	false
79	false
80	false
401	true
402	true
403	true
404	true
405	true
406	false
407	false
408	false
409	true
410	true
411	false
412	true
413	true
414	true
415	false
416	true
417	false
418	false
419	true
420	true
421	false
422	false
423	true
424	true
425	true
426	false
427	true
428	true
429	false
430	true
431	false
432	true
433	true
434	true
435	true
436	true
437	true
438	true
439	true
440	false
441	false
442	true
443	true
444	true
445	false
446	false
447	true
448	false
449	true
450	true
451	false
452	true
453	false
454	true
455	true
456	false
457	false
458	true
459	true
460	false
461	false
462	true
463	true
464	false
465	false
466	true
467	true
468	true
469	false
470	false
471	true
472	true
473	true
474	false
475	true
476	true
477	true
478	false
479	false
480	false
