1	true
2	true
3	true
4	false
5	false
6	true
7	false
8	false
9	false
10	true
11	false
12	false
13	true
14	false
15	false
16	true
17	false
18	false
19	false
20	false
21	false
22	true
23	false
24	false
25	false
26	false
27	false
28	true
29	false
30	true
31	true
32	true
33	false
34	false
35	true
36	false
37	true
38	true
39	true
40	false
41	true
42	true
43	false
44	false
45	false
46	false
47	true
48	false
49	true
50	false
51	false
52	true
53	true
54	true
55	false
56	false
57	true
58	false
59	true
60	true
61	false
62	true
63	false
64	false
65	false
66	false
67	true
68	true
69	true
70	false
71	true
72	false
73	true
74	false
75	true
76	false
77	true
78	false
79	false
80	true
401	true
402	true
403	true
404	false
405	false
406	true
407	true
408	true
409	false
410	true
411	false
412	false
413	true
414	true
415	false
416	true
417	true
418	true
419	false
420	true
421	false
422	false
423	false
424	true
425	false
426	false
427	true
428	true
429	false
430	true
431	false
432	false
433	true
434	false
435	false
436	true
437	false
438	false
439	true
440	true
441	false
442	false
443	false
444	false
445	true
446	true
447	true
448	true
449	true
450	false
451	true
452	true
453	true
454	true
455	false
456	true
457	false
458	false
459	false
460	true
461	false
462	false
463	false
464	true
465	false
466	false
467	false
468	true
469	false
470	false
471	true
472	false
473	false
474	false
475	false
476	false
477	false
478	false
479	true
480	false
