1	true
2	false
3	true
4	true
5	true
6	false
7	true
8	true
9	false
10	true
11	true
12	true
13	true
14	true
15	true
16	true
17	false
18	true
19	false
20	false
21	false
22	true
23	true
24	false
25	false
26	false
27	true
28	false
29	true
30	true
31	true
32	false
33	true
34	false
35	false
36	true
37	false
38	false
39	false
40	true
41	true
42	false
43	true
44	false
45	false
46	false
47	false
48	false
49	false
50	true
51	true
52	false
53	true
54	false
55	true
56	true
57	false
58	true
59	false
60	true
61	false
62	true
63	false
64	true
65	false
66	true
67	false
68	true
69	true
70	true
71	true
72	true
73	true
74	false
75	true
76	true
77	true
78	false
79	false
80	false
401	true
402	false
403	false
404	true
405	true
406	false
407	false
408	false
409	true
410	false
411	true
412	true
413	true
414	true
415	true
416	false
417	true
418	true
419	false
420	true
421	false
422	true
423	true
424	false
425	true
426	false
427	false
428	false
429	true
430	true
431	false
432	true
433	false
434	true
435	false
436	false
437	false
438	false
439	false
440	true
441	true
442	false
443	true
444	true
445	true
446	false
447	false
448	false
449	false
450	true
451	true
452	true
453	false
454	true
455	true
456	false
457	true
458	false
459	true
460	true
461	false
462	false
463	true
464	true
465	true
466	false
467	false
468	false
469	false
470	false
471	true
472	true
473	true
474	false
475	false
476	false
477	false
478	false
479	false
480	true
