1	false
2	true
3	true
4	false
5	false
6	false
7	false
8	true
9	false
10	true
11	false
12	true
13	true
14	false
15	false
16	true
17	false
18	true
19	true
20	true
21	false
22	true
23	true
24	false
25	true
26	true
27	true
28	false
29	false
30	true
31	false
32	false
33	true
34	false
35	true
36	true
37	true
38	true
39	true
40	false
41	true
42	true
43	false
44	false
45	false
46	true
47	true
48	false
49	false
50	true
51	true
52	false
53	false
54	true
55	false
56	true
57	true
58	false
59	true
60	false
61	true
62	true
63	false
64	false
65	false
66	false
67	false
68	true
69	false
70	true
71	false
72	true
73	false
74	false
75	true
76	true
77	true
78	false
79	false
80	true
401	true
402	false
403	false
404	true
405	true
406	false
407	true
408	true
409	true
410	true
411	false
412	false
413	true
414	false
415	false
416	true
417	false
418	true
419	false
420	false
421	false
422	true
423	false
424	true
425	false
426	false
427	true
428	true
429	false
430	true
431	false
432	false
433	true
434	false
435	false
436	true
437	true
438	false
439	true
440	false
441	true
442	true
443	true
444	false
445	true
446	true
447	false
448	false
449	true
450	true
451	true
452	false
453	true
454	true
455	true
456	false
457	false
458	false
459	false
460	true
461	true
462	true
463	true
464	true
465	true
466	false
467	false
468	false
469	false
470	false
471	false
472	false
473	false
474	true
475	true
476	false
477	true
478	true
479	true
480	true
