1	true
2	false
3	false
4	false
5	false
6	false
7	false
8	true
9	false
10	false
11	true
12	false
13	true
14	false
15	true
16	false
17	true
18	false
19	true
20	false
21	true
22	false
23	false
24	false
25	false
26	false
27	false
28	true
29	true
30	true
31	false
32	true
33	false
34	true
35	true
36	false
37	false
38	false
39	true
40	true
41	false
42	true
43	false
44	true
45	true
46	false
47	false
48	false
49	true
50	false
51	false
52	true
53	false
54	false
55	true
56	true
57	true
58	true
59	true
60	false
61	true
62	false
63	false
64	true
65	false
66	false
67	false
68	true
69	true
70	true
71	true
72	true
73	false
74	true
75	false
76	true
77	false
78	true
79	false
80	false
401	false
402	true
403	true
404	false
405	false
406	true
407	true
408	false
409	true
410	false
411	true
412	true
413	true
414	true
415	true
416	false
417	false
418	true
419	false
420	false
421	true
422	false
423	false
424	false
425	false
426	true
427	false
428	false
429	false
430	true
431	true
432	false
433	true
434	false
435	false
436	true
437	true
438	false
439	false
440	false
441	true
442	true
443	true
444	true
445	true
446	false
447	true
448	false
449	false
450	false
451	true
452	true
453	false
454	true
455	false
456	true
457	true
458	true
459	false
460	true
461	true
462	false
463	false
464	true
465	false
466	true
467	false
468	false
469	true
470	true
471	true
472	true
473	true
474	true
475	true
476	false
477	true
478	true
479	true
480	false
