1	true
2	false
3	true
4	true
5	true
6	true
7	true
8	true
9	true
10	false
11	true
12	true
13	false
14	true
15	true
16	false
17	false
18	true
19	true
20	false
21	true
22	false
23	false
24	false
25	true
26	true
27	false
28	false
29	true
30	true
31	true
32	false
33	false
34	false
35	true
36	false
37	false
38	true
39	true
40	false
41	false
42	false
43	true
44	true
45	true
46	false
47	true
48	false
49	true
50	false
51	true
52	true
53	false
54	true
55	false
56	false
57	false
58	false
59	false
60	false
61	true
62	false
63	true
64	false
65	false
66	true
67	true
68	false
69	false
70	false
71	false
72	true
73	false
74	true
75	true
76	true
77	true
78	true
79	true
80	false
401	false
402	false
403	true
404	true
405	false
406	true
407	false
408	true
409	false
410	false
411	false
412	false
413	true
414	true
415	false
416	false
417	true
418	true
419	true
420	true
421	false
422	true
423	false
424	false
425	true
426	true
427	true
428	false
429	true
430	false
431	true
432	true
433	false
434	false
435	true
436	true
437	false
438	true
439	true
440	true
441	true
442	false
443	false
444	false
445	false
446	false
447	false
448	false
449	false
450	true
451	true
452	true
453	true
454	true
455	true
456	false
457	true
458	true
459	true
460	false
461	false
462	true
463	true
464	false
465	false
466	true
467	false
468	true
469	true
470	true
471	true
472	false
473	false
474	true
475	false
476	true
477	true
478	true
479	true
480	false
