1	true
2	false
3	true
4	true
5	false
6	false
7	false
8	true
9	false
10	false
11	false
12	true
13	false
14	true
15	true
16	false
17	false
18	false
19	false
20	false
21	true
22	true
23	false
24	true
25	false
26	true
27	false
28	false
29	false
30	true
31	true
32	false
33	true
34	false
35	false
36	false
37	true
38	false
39	false
40	true
41	false
42	true
43	true
44	false
45	true
46	false
47	true
48	false
49	false
50	true
51	true
52	false
53	true
54	true
55	true
56	true
57	false
58	false
59	true
60	true
61	false
62	true
63	true
64	true
65	false
66	false
67	true
68	false
69	false
70	true
71	false
72	true
73	true
74	false
75	false
76	false
77	false
78	true
79	false
80	false
401	true
402	true
403	false
404	false
405	false
406	true
407	false
408	false
409	false
410	true
411	false
412	false
413	false
414	true
415	true
416	true
417	true
418	true
419	false
420	true
421	true
422	true
423	true
424	false
425	true
426	false
427	false
428	true
429	false
430	false
431	true
432	true
433	false
434	false
435	false
436	false
437	false
438	true
439	false
440	true
441	false
442	false
443	true
444	true
445	true
446	true
447	true
448	false
449	false
450	true
451	true
452	false
453	false
454	false
455	false
456	false
457	true
458	true
459	false
460	false
461	false
462	false
463	false
464	true
465	false
466	true
467	false
468	false
469	false
470	true
471	false
472	false
473	false
474	false
475	false
476	false
477	false
478	true
479	true
480	true
