1	true
2	true
3	false
4	true
5	false
6	false
7	false
8	true
9	true
10	false
11	false
12	false
13	false
14	true
15	false
16	true
17	false
18	false
19	true
20	false
21	false
22	false
23	true
24	true
25	false
26	true
27	false
28	true
29	false
30	false
31	false
32	true
33	false
34	true
35	false
36	true
37	true
38	true
39	false
40	false
41	false
42	true
43	false
44	false
45	false
46	true
47	false
48	true
49	true
50	true
51	true
52	true
53	true
54	true
55	true
56	true
57	true
58	true
59	false
60	true
61	true
62	true
63	false
64	true
65	false
66	false
67	true
68	false
69	false
70	false
71	false
72	false
73	true
74	false
75	true
76	false
77	false
78	false
79	false
80	true
401	true
402	false
403	true
404	true
405	false
406	true
407	true
408	false
409	false
410	false
411	false
412	false
413	true
414	false
415	true
416	true
417	false
418	false
419	true
420	true
421	true
422	false
423	false
424	true
425	false
426	true
427	false
428	true
429	true
430	true
431	false
432	true
433	true
434	false
435	true
436	true
437	false
438	false
439	true
440	true
441	false
442	false
443	true
444	true
445	false
446	false
447	true
448	true
449	true
450	true
451	false
452	true
453	false
454	false
455	true
456	false
457	true
458	true
459	true
460	false
461	true
462	true
463	false
464	false
465	false
466	false
467	true
468	false
469	true
470	false
471	true
472	true
473	false
474	false
475	false
476	false
477	false
478	false
479	false
480	true
