1	false
2	false
3	true
4	true
5	true
6	true
7	true
8	true
9	true
10	true
11	true
12	true
13	true
14	false
15	true
16	false
17	false
18	true
19	true
20	true
21	false
22	true
23	false
24	false
25	false
26	false
27	true
28	false
29	false
30	true
31	true
32	true
33	false
34	true
35	true
36	false
37	true
38	true
39	true
40	true
41	false
42	false
43	true
44	false
45	true
46	true
47	false
48	false
49	true
50	true
51	false
52	false
53	false
54	false
55	true
56	false
57	true
58	false
59	true
60	false
61	false
62	false
63	true
64	true
65	true
66	false
67	true
68	false
69	true
70	false
71	false
72	false
73	true
74	true
75	true
76	false
77	false
78	true
79	false
80	false
401	true
402	false
403	false
404	false
405	true
406	true
407	false
408	true
409	false
410	false
411	true
412	false
413	true
414	true
415	false
416	true
417	true
418	true
419	true
420	true
421	false
422	false
423	false
424	true
425	true
426	true
427	true
428	false
429	true
430	false
431	false
432	true
433	true
434	false
435	true
436	false
437	true
438	false
439	false
440	true
441	true
442	false
443	false
444	true
445	true
446	true
447	false
448	true
449	true
450	true
451	false
452	true
453	false
454	false
455	true
456	false
457	true
458	true
459	true
460	true
461	false
462	true
463	true
464	false
465	false
466	true
467	false
468	false
469	true
470	true
471	false
472	true
473	false
474	true
475	true
476	true
477	true
478	true
479	false
480	true
