1	false
2	true
3	true
4	true
5	false
6	true
7	true
8	false
9	false
10	false
11	false
12	false
13	true
14	true
15	true
16	false
17	false
18	true
19	false
20	true
21	true
22	false
23	true
24	false
25	false
26	true
27	false
28	true
29	true
30	false
31	true
32	false
33	false
34	false
35	true
36	false
37	false
38	true
39	true
40	false
41	true
42	false
43	true
44	true
45	true
46	true
47	true
48	true
49	false
50	true
51	false
52	false
53	false
54	true
55	true
56	false
57	false
58	false
59	false
60	true
61	true
62	false
63	false
64	false
65	true
66	true
67	false
68	true
69	true
70	true
71	false
72	false
73	false
74	false
75	true
76	true
77	true
78	true
79	true
80	false
401	true
402	true
403	false
404	false
405	false
406	true
407	false
408	false
409	true
410	true
411	true
412	false
413	false
414	false
415	true
416	false
417	true
418	false
419	true
420	true
421	true
422	true
423	false
424	false
425	true
426	true
427	false
428	false
429	false
430	false
431	true
432	true
433	false
434	true
435	false
436	true
437	false
438	true
439	false
440	false
441	false
442	false
443	false
444	true
445	true
446	false
447	false
448	false
449	true
450	true
451	false
452	false
453	true
454	false
455	false
456	false
457	true
458	false
459	true
460	false
461	false
462	false
463	true
464	true
465	true
466	true
467	false
468	true
469	false
470	false
471	true
472	false
473	false
474	false
475	false
476	true
477	false
478	false
479	true
480	false
