1	true
2	true
3	true
4	true
5	true
6	true
7	false
8	false
9	true
10	false
11	true
12	false
13	true
14	true
15	true
16	false
17	true
18	false
19	true
20	true
21	true
22	true
23	true
24	true
25	true
26	false
27	true
28	false
29	true
30	true
31	true
32	true
33	true
34	false
35	true
36	false
37	false
38	true
39	false
40	false
41	true
42	false
43	false
44	true
45	true
46	true
47	false
48	false
49	true
50	true
51	true
52	true
53	true
54	false
55	true
56	false
57	true
58	false
59	true
60	true
61	false
62	true
63	false
64	false
65	true
66	false
67	true
68	true
69	true
70	false
71	false
72	false
73	true
74	true
75	false
76	true
77	true
78	false
79	true
80	true
401	true
402	false
403	true
404	false
405	true
406	true
407	true
408	false
409	false
410	false
411	true
412	false
413	true
414	true
415	true
416	true
417	false
418	true
419	false
420	true
421	true
422	false
423	true
424	true
425	false
426	true
427	false
428	true
429	true
430	false
431	false
432	true
433	false
434	false
435	true
436	true
437	false
438	false
439	true
440	false
441	false
442	true
443	true
444	true
445	true
446	true
447	false
448	true
449	false
450	true
451	false
452	false
453	true
454	false
455	true
456	false
457	true
458	false
459	true
460	false
461	true
462	true
463	true
464	false
465	false
466	true
467	true
468	false
469	false
470	true
471	true
472	false
473	true
474	true
475	false
476	false
477	false
478	true
479	false
480	false
