1	false
2	false
3	false
4	true
5	false
6	false
7	true
8	false
9	true
10	false
11	true
12	true
13	false
14	false
15	false
16	false
17	false
18	false
19	true
20	true
21	false
22	false
23	false
24	false
25	false
26	false
27	true
28	true
29	false
30	false
31	true
32	true
33	true
34	false
35	false
36	true
37	false
38	true
39	false
40	false
41	false
42	false
43	false
44	true
45	true
46	false
47	true
48	false
49	true
50	false
51	false
52	false
53	false
54	false
55	true
56	false
57	true
58	false
59	true
60	false
61	true
62	true
63	false
64	false
65	true
66	false
67	false
68	false
69	true
70	false
71	false
72	false
73	false
74	true
75	false
76	true
77	true
78	false
79	false
80	false
401	true
402	false
403	true
404	false
405	true
406	false
407	true
408	true
409	true
410	false
411	false
412	true
413	true
414	false
415	false
416	false
417	true
418	false
419	false
420	false
421	false
422	true
423	true
424	false
425	false
426	false
427	false
428	true
429	true
430	true
431	true
432	false
433	true
434	false
435	false
436	true
437	false
438	true
439	true
440	true
441	false
442	false
443	false
444	true
445	false
446	false
447	true
448	false
449	false
450	false
451	false
452	false
453	true
454	true
455	true
456	false
457	false
458	true
459	true
460	true
461	true
462	true
463	true
464	false
465	true
466	true
467	false
468	true
469	false
470	false
471	false
472	true
473	false
474	true
475	false
476	false
477	true
478	false
479	true
480	true
