1	true
2	false
3	false
4	false
5	false
6	false
7	true
8	true
9	true
10	true
11	true
12	true
13	true
14	true
15	true
16	true
17	true
18	false
19	false
20	true
21	false
22	true
23	false
24	true
25	true
26	true
27	false
28	true
29	true
30	false
31	false
32	true
33	true
34	false
35	true
36	false
37	false
38	false
39	true
40	false
41	false
42	false
43	false
44	true
45	false
46	true
47	false
48	false
49	false
50	true
51	false
52	false
53	true
54	true
55	false
56	false
57	true
58	true
59	false
60	true
61	true
62	true
63	false
64	true
65	true
66	false
67	true
68	false
69	false
70	true
71	true
72	false
73	false
74	false
75	true
76	false
77	true
78	true
79	false
80	false
401	true
402	true
403	false
404	false
405	true
406	true
407	false
408	false
409	false
410	true
411	true
412	true
413	false
414	true
415	true
416	false
417	false
418	true
419	true
420	true
421	false
422	false
423	true
424	true
425	false
426	true
427	true
428	false
429	true
430	false
431	false
432	false
433	true
434	false
435	true
436	false
437	true
438	false
439	true
440	false
441	true
442	false
443	true
444	true
445	false
446	false
447	true
448	true
449	false
450	false
451	false
452	false
453	true
454	false
455	true
456	true
457	false
458	true
459	true
460	false
461	false
462	false
463	true
464	false
465	true
466	false
467	true
468	false
469	true
470	true
471	false
472	true
473	false
474	true
475	false
476	false
477	false
478	false
479	false
480	true
