1	true
2	false
3	true
4	false
5	true
6	true
7	true
8	false
9	true
10	false
11	false
12	true
13	false
14	false
15	false
16	false
17	true
18	false
19	false
20	true
21	true
22	false
23	true
24	true
25	true
26	false
27	false
28	false
29	true
30	false
31	false
32	false
33	true
34	false
35	true
36	true
37	true
38	true
39	true
40	false
41	false
42	true
43	true
44	false
45	true
46	true
47	true
48	false
49	false
50	false
51	false
52	false
53	false
54	false
55	false
56	true
57	true
58	true
59	true
60	true
61	true
62	false
63	false
64	false
65	false
66	false
67	true
68	true
69	true
70	false
71	false
72	false
73	false
74	false
75	true
76	false
77	true
78	false
79	false
80	false
401	true
402	false
403	false
404	false
405	false
406	false
407	true
408	true
409	false
410	false
411	true
412	true
413	false
414	false
415	false
416	false
417	true
418	false
419	false
420	false
421	true
422	true
423	true
424	false
425	true
426	true
427	false
428	false
429	false
430	true
431	false
432	false
433	false
434	false
435	true
436	true
437	true
438	false
439	true
440	true
441	true
442	true
443	false
444	false
445	false
446	true
447	true
448	true
449	true
450	true
451	true
452	true
453	false
454	true
455	true
456	false
457	false
458	false
459	true
460	true
461	false
462	true
463	false
464	false
465	true
466	false
467	false
468	true
469	false
470	false
471	true
472	false
473	true
474	false
475	true
476	true
477	false
478	false
479	false
480	false
