1	true
2	true
3	true
4	true
5	true
6	true
7	true
8	false
9	true
10	false
11	false
12	false
13	false
14	true
15	true
16	true
17	false
18	false
19	false
20	true
21	false
22	false
23	true
24	true
25	false
26	false
27	true
28	false
29	false
30	false
31	true
32	true
33	false
34	true
35	false
36	true
37	true
38	false
39	true
40	false
41	true
42	true
43	false
44	false
45	false
46	false
47	false
48	false
49	true
50	true
51	true
52	true
53	false
54	true
55	false
56	true
57	false
58	false
59	true
60	true
61	false
62	true
63	true
64	true
65	false
66	false
67	true
68	true
69	false
70	false
71	false
72	false
73	true
74	false
75	true
76	false
77	false
78	true
79	true
80	true
401	false
402	false
403	false
404	false
405	false
406	false
407	true
408	false
409	false
410	true
411	false
412	true
413	false
414	true
415	false
416	true
417	true
418	true
419	true
420	false
421	false
422	true
423	false
424	true
425	true
426	true
427	false
428	true
429	true
430	false
431	false
432	true
433	true
434	true
435	false
436	false
437	true
438	false
439	false
440	false
441	false
442	true
443	false
444	false
445	false
446	false
447	false
448	false
449	true
450	true
451	true
452	false
453	false
454	false
455	true
456	true
457	true
458	false
459	false
460	false
461	true
462	false
463	false
464	false
465	true
466	false
467	false
468	false
469	true
470	false
471	true
472	false
473	false
474	true
475	false
476	false
477	true
478	true
479	true
480	true
