1	false
2	false
3	false
4	false
5	false
6	true
7	false
8	true
9	true
10	false
11	false
12	false
13	true
14	false
15	true
16	true
17	true
18	true
19	false
20	true
21	false
22	true
23	false
24	true
25	true
26	false
27	false
28	false
29	true
30	true
31	false
32	false
33	true
34	true
35	false
36	false
37	true
38	false
39	true
40	true
41	false
42	true
43	true
44	true
45	false
46	true
47	true
48	false
49	false
50	false
51	false
52	true
53	false
54	true
55	false
56	false
57	false
58	false
59	true
60	false
61	false
62	true
63	false
64	false
65	false
66	true
67	true
68	false
69	false
70	true
71	true
72	false
73	false
74	true
75	false
76	false
77	false
78	false
79	true
80	true
401	false
402	true
403	false
404	false
405	true
406	true
407	false
408	false
409	false
410	true
411	true
412	false
413	false
414	true
415	true
416	false
417	true
418	false
419	true
420	true
421	true
422	true
423	true
424	true
425	true
426	true
427	true
428	true
429	true
430	true
431	true
432	true
433	true
434	true
435	true
436	false
437	true
438	true
439	true
440	true
441	true
442	false
443	true
444	true
445	false
446	false
447	false
448	false
449	true
450	false
451	false
452	false
453	true
454	false
455	true
456	true
457	true
458	false
459	false
460	true
461	false
462	true
463	false
464	false
465	true
466	true
467	true
468	true
469	true
470	false
471	true
472	true
473	false
474	true
475	false
476	false
477	true
478	true
479	true
480	false
