1	true
2	false
3	true
4	true
5	true
6	true
7	false
8	false
9	false
10	false
11	true
12	true
13	true
14	true
15	false
16	false
17	false
18	false
19	false
20	true
21	true
22	false
23	false
24	false
25	true
26	false
27	false
28	false
29	false
30	true
31	true
32	false
33	true
34	true
35	true
36	true
37	true
38	true
39	true
40	false
41	true
42	false
43	false
44	false
45	false
46	true
47	true
48	false
49	true
50	true
51	true
52	false
53	true
54	false
55	true
56	true
57	false
58	false
59	false
60	false
61	true
62	false
63	false
64	true
65	true
66	false
67	false
68	true
69	true
70	true
71	false
72	true
73	true
74	true
75	false
76	false
77	true
78	true
79	false
80	true
401	true
402	true
403	false
404	false
405	false
406	true
407	false
408	true
409	false
410	true
411	false
412	true
413	false
414	true
415	true
416	false
417	true
418	true
419	true
420	false
421	true
422	false
423	false
424	false
425	true
426	true
427	false
428	false
429	true
430	true
431	false
432	false
433	false
434	false
435	true
436	true
437	false
438	false
439	true
440	false
441	false
442	false
443	false
444	false
445	false
446	false
447	true
448	true
449	false
450	true
451	true
452	false
453	false
454	false
455	false
456	true
457	false
458	false
459	true
460	true
461	true
462	false
463	false
464	false
465	false
466	false
467	true
468	false
469	false
470	false
471	true
472	true
473	false
474	true
475	false
476	false
477	false
478	true
479	true
480	false
