1	false
2	true
3	false
4	true
5	false
6	true
7	true
8	false
9	false
10	false
11	true
12	false
13	true
14	false
15	true
16	true
17	false
18	true
19	true
20	false
21	true
22	true
23	false
24	true
25	true
26	false
27	false
28	false
29	false
30	false
31	false
32	false
33	false
34	true
35	false
36	false
37	false
38	true
39	false
40	false
41	false
42	true
43	false
44	true
45	true
46	true
47	true
48	true
49	true
50	true
51	false
52	true
53	false
54	false
55	false
56	false
57	true
58	true
59	true
60	false
61	false
62	true
63	false
64	false
65	true
66	false
67	false
68	false
69	true
70	false
71	true
72	true
73	true
74	true
75	true
76	true
77	false
78	false
79	true
80	false
401	true
402	false
403	true
404	true
405	true
406	false
407	false
408	false
409	true
410	true
411	true
412	false
413	true
414	true
415	false
416	true
417	false
418	false
419	true
420	true
421	false
422	true
423	false
424	true
425	true
426	true
427	true
428	false
429	false
430	false
431	false
432	true
433	true
434	false
435	false
436	true
437	false
438	true
439	true
440	false
441	false
442	true
443	true
444	true
445	true
446	true
447	false
448	false
449	false
450	true
451	false
452	true
453	false
454	true
455	true
456	true
457	true
458	true
459	true
460	false
461	false
462	false
463	false
464	false
465	true
466	false
467	false
468	true
469	false
470	false
471	false
472	false
473	true
474	true
475	false
476	true
477	false
478	true
479	true
480	true
