1	false
2	false
3	true
4	false
5	false
6	true
7	false
8	true
9	false
10	true
11	false
12	true
13	false
14	false
15	false
16	false
17	true
18	true
19	true
20	true
21	false
22	false
23	false
24	false
25	false
26	false
27	true
28	true
29	true
30	false
31	true
32	false
33	true
34	false
35	true
36	true
37	false
38	true
39	true
40	true
41	true
42	true
43	true
44	false
45	true
46	true
47	true
48	true
49	true
50	true
51	true
52	true
53	false
54	true
55	false
56	true
57	true
58	true
59	false
60	false
61	false
62	true
63	true
64	false
65	true
66	true
67	true
68	true
69	true
70	true
71	true
72	false
73	true
74	false
75	false
76	true
77	true
78	false
79	true
80	true
401	false
402	true
403	false
404	true
405	true
406	true
407	false
408	false
409	false
410	false
411	true
412	false
413	false
414	false
415	true
416	true
417	true
418	true
419	true
420	false
421	true
422	false
423	true
424	true
425	true
426	false
427	false
428	false
429	false
430	true
431	true
432	false
433	true
434	false
435	true
436	true
437	true
438	true
439	false
440	false
441	false
442	true
443	false
444	true
445	false
446	false
447	false
448	true
449	false
450	false
451	true
452	true
453	false
454	true
455	false
456	true
457	false
458	true
459	false
460	true
461	true
462	true
463	false
464	false
465	false
466	false
467	true
468	false
469	true
470	false
471	true
472	true
473	true
474	false
475	true
476	false
477	true
478	false
479	false
480	false
