1	true
2	true
3	false
4	false
5	false
6	false
7	true
8	true
9	true
10	true
11	false
12	true
13	false
14	true
15	false
16	false
17	false
18	false
19	true
20	false
21	true
22	true
23	false
24	true
25	true
26	false
27	false
28	true
29	true
30	true
31	true
32	true
33	false
34	true
35	false
36	true
37	false
38	true
39	false
40	false
41	true
42	true
43	true
44	false
45	true
46	false
47	false
48	true
49	false
50	true
51	false
52	true
53	false
54	false
55	false
56	true
57	true
58	true
59	true
60	false
61	true
62	true
63	true
64	true
65	true
66	false
67	true
68	false
69	false
70	false
71	false
72	false
73	true
74	false
75	true
76	false
77	false
78	false
79	false
80	true
401	true
402	false
403	false
404	true
405	false
406	true
407	false
408	false
409	false
410	false
411	false
412	true
413	true
414	true
415	false
416	true
417	true
418	true
419	true
420	false
421	true
422	false
423	true
424	true
425	true
426	true
427	false
428	false
429	true
430	true
431	true
432	true
433	true
434	false
435	false
436	true
437	true
438	false
439	true
440	false
441	true
442	true
443	true
444	true
445	true
446	false
447	false
448	true
449	false
450	true
451	true
452	false
453	true
454	true
455	false
456	false
457	false
458	true
459	true
460	false
461	true
462	false
463	true
464	true
465	false
466	false
467	false
468	true
469	false
470	false
471	true
472	false
473	false
474	true
475	false
476	true
477	true
478	true
479	false
480	false
