1	false
2	true
3	true
4	true
5	true
6	true
7	true
8	true
9	false
10	false
11	true
12	true
13	true
14	true
15	true
16	true
17	false
18	false
19	false
20	true
21	true
22	true
23	false
24	true
25	false
26	true
27	true
28	true
29	false
30	false
31	false
32	true
33	true
34	true
35	false
36	false
37	true
38	true
39	false
40	true
41	true
42	true
43	false
44	false
45	false
46	false
47	false
48	true
49	true
50	false
51	false
52	false
53	true
54	true
55	true
56	false
57	true
58	true
59	false
60	false
61	true
62	false
63	false
64	false
65	false
66	false
67	false
68	false
69	true
70	true
71	false
72	true
73	false
74	true
75	true
76	true
77	true
78	false
79	true
80	false
401	true
402	false
403	true
404	false
405	false
406	true
407	true
408	false
409	false
410	true
411	false
412	false
413	false
414	false
415	true
416	true
417	false
418	false
419	false
420	true
421	true
422	false
423	true
424	false
425	true
426	true
427	true
428	true
429	false
430	false
431	false
432	false
433	true
434	true
435	false
436	true
437	true
438	true
439	false
440	true
441	true
442	false
443	true
444	false
445	false
446	true
447	false
448	true
449	true
450	true
451	true
452	true
453	false
454	false
455	false
456	true
457	false
458	true
459	false
460	true
461	false
462	true
463	true
464	true
465	true
466	true
467	true
468	false
469	true
470	false
471	false
472	true
473	false
474	false
475	false
476	true
477	true
478	true
479	false
480	true
