1	true
2	true
3	false
4	false
5	true
6	false
7	true
8	false
9	false
10	true
11	true
12	false
13	false
14	true
15	false
16	true
17	true
18	true
19	false
20	false
21	true
22	true
23	true
24	true
25	true
26	true
27	false
28	false
29	false
30	true
31	true
32	false
33	false
34	true
35	false
36	true
37	false
38	false
39	false
40	false
41	true
42	true
43	true
44	false
45	true
46	true
47	true
48	false
49	false
50	true
51	false
52	false
53	false
54	false
55	false
56	false
57	false
58	false
59	false
60	true
61	true
62	false
63	true
64	true
65	true
66	false
67	false
68	true
69	false
70	false
71	false
72	true
73	false
74	false
75	true
76	true
77	false
78	true
79	true
80	false
401	true
402	false
403	true
404	false
405	false
406	true
407	false
408	false
409	false
410	true
411	true
412	false
413	true
414	true
415	false
416	false
417	true
418	true
419	false
420	false
421	false
422	true
423	false
424	true
425	false
426	false
427	true
428	false
429	true
430	false
431	true
432	false
433	false
434	true
435	true
436	false
437	false
438	true
439	true
440	false
441	false
442	false
443	false
444	true
445	false
446	true
447	false
448	true
449	true
450	false
451	false
452	false
453	true
454	true
455	true
456	true
457	true
458	false
459	false
460	false
461	false
462	true
463	true
464	false
465	true
466	false
467	false
468	true
469	false
470	false
471	true
472	false
473	true
474	false
475	true
476	true
477	false
478	false
479	true
480	true
