1	true
2	false
3	false
4	true
5	true
6	true
7	false
8	false
9	true
10	false
11	true
12	true
13	true
14	false
15	false
16	true
17	true
18	false
19	false
20	false
21	false
22	false
23	false
24	false
25	false
26	true
27	false
28	true
29	true
30	true
31	false
32	true
33	false
34	false
35	false
36	false
37	false
38	false
39	false
40	false
41	false
42	true
43	false
44	true
45	false
46	true
47	false
48	false
49	false
50	true
51	false
52	false
53	false
54	false
55	false
56	true
57	true
58	true
59	true
60	true
61	false
62	true
63	true
64	false
65	true
66	false
67	true
68	false
69	false
70	false
71	true
72	true
73	false
74	false
75	false
76	false
77	false
78	true
79	true
80	true
401	true
402	false
403	true
404	true
405	true
406	true
407	false
408	true
409	true
410	false
411	true
412	false
413	true
414	true
415	true
416	false
417	false
418	true
419	false
420	false
421	true
422	false
423	true
424	false
425	true
426	false
427	false
428	false
429	true
430	true
431	false
432	false
433	true
434	false
435	false
436	true
437	true
438	true
439	true
440	false
441	true
442	true
443	false
444	true
445	false
446	true
447	false
448	true
449	true
450	true
451	false
452	false
453	false
454	true
455	true
456	true
457	false
458	true
459	true
460	false
461	false
462	true
463	true
464	false
465	true
466	false
467	true
468	false
469	true
470	true
471	false
472	true
473	false
474	true
475	false
476	true
477	true
478	true
479	false
480	true
