1	true
2	false
3	true
4	true
5	false
6	false
7	false
8	true
9	false
10	true
11	true
12	true
13	false
14	false
15	false
16	true
17	false
18	false
19	false
20	true
21	false
22	false
23	false
24	false
25	false
26	false
27	true
28	false
29	false
30	true
31	true
32	false
33	false
34	false
35	true
36	false
37	false
38	false
39	true
40	false
41	false
42	true
43	false
44	true
45	false
46	true
47	false
48	true
49	false
50	true
51	false
52	true
53	false
54	false
55	false
56	false
57	false
58	false
59	true
60	true
61	false
62	false
63	true
64	true
65	true
66	true
67	true
68	false
69	true
70	false
71	true
72	true
73	true
74	true
75	false
76	false
77	false
78	false
79	true
80	true
401	true
402	true
403	true
404	true
405	false
406	true
407	true
408	false
409	false
410	false
411	true
412	true
413	false
414	true
415	true
416	true
417	true
418	true
419	false
420	false
421	false
422	false
423	true
424	true
425	false
426	true
427	false
428	true
429	true
430	false
431	true
432	false
433	true
434	false
435	false
436	false
437	false
438	true
439	false
440	false
441	false
442	false
443	false
444	false
445	true
446	true
447	true
448	false
449	true
450	true
451	true
452	false
453	false
454	true
455	true
456	false
457	false
458	true
459	true
460	true
461	true
462	false
463	true
464	true
465	true
466	false
467	false
468	false
469	false
470	false
471	true
472	false
473	false
474	false
475	false
476	true
477	false
478	true
479	false
480	false
