1	true
2	false
3	true
4	true
5	true
6	true
7	true
8	false
9	true
10	false
11	true
12	false
13	false
14	false
15	true
16	false
17	true
18	true
19	true
20	false
21	false
22	false
23	true
24	false
25	false
26	true
27	true
28	true
29	true
30	true
31	true
32	false
33	false
34	false
35	true
36	false
37	false
38	true
39	false
40	true
41	false
42	false
43	false
44	true
45	true
46	true
47	false
48	false
49	false
50	false
51	false
52	false
53	true
54	false
55	true
56	true
57	true
58	false
59	false
60	true
61	false
62	false
63	true
64	false
65	true
66	true
67	false
68	true
69	false
70	false
71	false
72	true
73	false
74	false
75	true
76	true
77	true
78	false
79	true
80	false
401	true
402	false
403	true
404	false
405	true
406	true
407	false
408	false
409	true
410	true
411	false
412	true
413	true
414	false
415	false
416	false
417	true
418	true
419	true
420	false
421	true
422	false
423	true
424	true
425	true
426	false
427	true
428	false
429	true
430	false
431	false
432	true
433	false
434	true
435	true
436	false
437	true
438	false
439	true
440	true
441	true
442	true
443	false
444	true
445	true
446	false
447	false
448	true
449	true
450	false
451	false
452	false
453	true
454	false
455	false
456	true
457	true
458	false
459	true
460	true
461	true
462	false
463	false
464	true
465	false
466	false
467	true
468	true
469	false
470	true
471	false
472	true
473	true
474	false
475	true
476	true
477	false
478	false
479	true
480	false
