1	false
2	false
3	true
4	false
5	true
6	true
7	true
8	false
9	false
10	false
11	true
12	false
13	false
14	false
15	false
16	false
17	false
18	true
19	false
20	false
21	true
22	false
23	true
24	true
25	true
26	true
27	true
28	true
29	true
30	false
31	true
32	false
33	true
34	false
35	true
36	false
37	true
38	false
39	false
40	true
41	true
42	true
43	true
44	true
45	false
46	false
47	true
48	false
49	true
50	false
51	false
52	false
53	false
54	false
55	false
56	true
57	false
58	false
59	false
60	true
61	false
62	false
63	true
64	false
65	true
66	false
67	true
68	false
69	false
70	true
71	true
72	false
73	true
74	true
75	true
76	true
77	true
78	false
79	true
80	true
401	false
402	true
403	true
404	false
405	false
406	false
407	false
408	true
409	false
410	true
411	true
412	false
413	true
414	true
415	false
416	false
417	true
418	true
419	true
420	true
421	true
422	true
423	false
424	false
425	false
426	true
427	false
428	true
429	false
430	false
431	false
432	false
433	true
434	true
435	true
436	false
437	true
438	true
439	false
440	true
441	false
442	true
443	true
444	false
445	false
446	false
447	true
448	false
449	true
450	true
451	false
452	false
453	false
454	true
455	true
456	true
457	false
458	true
459	false
460	false
461	false
462	true
463	false
464	true
465	false
466	false
467	false
468	true
469	true
470	true
471	true
472	false
473	true
474	true
475	true
476	true
477	true
478	false
479	true
480	false
