1	true
2	true
3	false
4	true
5	true
6	false
7	false
8	true
9	false
10	true
11	false
12	true
13	false
14	false
15	true
16	true
17	false
18	true
19	false
20	false
21	true
22	false
23	true
24	false
25	false
26	false
27	false
28	true
29	true
30	true
31	true
32	true
33	false
34	false
35	true
36	false
37	true
38	false
39	true
40	false
41	true
42	true
43	true
44	true
45	true
46	false
47	false
48	false
49	false
50	true
51	false
52	false
53	false
54	false
55	true
56	true
57	false
58	true
59	true
60	false
61	false
62	true
63	false
64	true
65	true
66	false
67	false
68	true
69	true
70	true
71	true
72	true
73	false
74	true
75	true
76	false
77	false
78	false
79	false
80	true
401	true
402	false
403	true
404	true
405	false
406	false
407	true
408	false
409	true
410	false
411	false
412	false
413	true
414	true
415	true
416	false
417	true
418	false
419	false
420	true
421	false
422	true
423	false
424	true
425	true
426	true
427	false
428	false
429	true
430	true
431	true
432	true
433	true
434	true
435	true
436	false
437	true
438	false
439	true
440	true
441	false
442	false
443	false
444	false
445	true
446	false
447	false
448	true
449	true
450	true
451	false
452	true
453	true
454	false
455	true
456	false
457	true
458	true
459	true
460	false
461	false
462	false
463	true
464	true
465	true
466	true
467	false
468	false
469	false
470	true
471	true
472	true
473	true
474	false
475	true
476	false
477	false
478	false
479	true
480	true
