1	true
2	true
3	true
4	true
5	false
6	true
7	true
8	false
9	false
10	true
11	true
12	false
13	false
14	true
15	false
16	false
17	false
18	false
19	false
20	false
21	false
22	true
23	true
24	false
25	true
26	true
27	false
28	true
29	false
30	true
31	false
32	false
33	false
34	false
35	false
36	true
37	false
38	false
39	false
40	true
41	true
42	false
43	true
44	false
45	true
46	false
47	true
48	false
49	true
50	true
51	false
52	true
53	true
54	true
55	true
56	true
57	true
58	true
59	false
60	false
61	false
62	false
63	true
64	false
65	true
66	false
67	true
68	false
69	true
70	true
71	true
72	false
73	true
74	false
75	true
76	false
77	true
78	true
79	true
80	false
401	true
402	false
403	true
404	true
405	false
406	true
407	true
408	true
409	false
410	true
411	true
412	false
413	false
414	false
415	true
416	false
417	true
418	true
419	false
420	true
421	true
422	false
423	true
424	true
425	true
426	true
427	false
428	false
429	false
430	true
431	true
432	true
433	false
434	true
435	true
436	true
437	true
438	false
439	false
440	true
441	false
442	true
443	true
444	false
445	false
446	false
447	true
448	false
449	false
450	true
451	true
452	false
453	true
454	true
455	false
456	true
457	false
458	false
459	true
460	true
461	true
462	true
463	true
464	true
465	false
466	true
467	true
468	true
469	true
470	false
471	true
472	true
473	true
474	false
475	true
476	false
477	false
478	false
479	true
480	true
