1	true
2	false
3	true
4	true
5	false
6	false
7	true
8	false
9	true
10	false
11	true
12	false
13	true
14	true
15	true
16	false
17	false
18	false
19	true
20	true
21	false
22	true
23	true
24	false
25	true
26	false
27	true
28	true
29	true
30	true
31	true
32	true
33	false
34	false
35	false
36	false
37	false
38	true
39	false
40	true
41	true
42	true
43	true
44	false
45	false
46	false
47	true
48	false
49	false
50	true
51	true
52	false
53	true
54	true
55	true
56	false
57	true
58	false
59	true
60	false
61	false
62	false
63	false
64	true
65	false
66	false
67	true
68	false
69	true
70	false
71	false
72	true
73	false
74	true
75	false
76	false
77	true
78	true
79	true
80	false
401	true
402	true
403	false
404	true
405	true
406	true
407	false
408	true
409	false
410	true
411	true
412	false
413	false
414	true
415	true
416	false
417	true
418	true
419	true
420	false
421	true
422	false
423	true
424	true
425	true
426	false
427	true
428	true
429	false
430	true
431	false
432	true
433	false
434	false
435	true
436	false
437	true
438	false
439	false
440	false
441	false
442	false
443	false
444	false
445	true
446	true
447	false
448	false
449	false
450	true
451	true
452	true
453	false
454	false
455	true
456	false
457	true
458	false
459	true
460	true
461	false
462	true
463	true
464	true
465	false
466	true
467	false
468	true
469	true
470	true
471	true
472	false
473	true
474	false
475	false
476	true
477	true
478	false
479	false
480	false
