1	false
2	false
3	true
4	true
5	false
6	true
7	false
8	false
9	true
10	false
11	true
12	true
13	true
14	true
15	true
16	false
17	true
18	false
19	false
20	false
21	true
22	false
23	false
24	false
25	false
26	false
27	false
28	false
29	true
30	false
31	false
32	true
33	false
34	false
35	false
36	true
37	false
38	true
39	true
40	false
41	false
42	false
43	false
44	true
45	true
46	true
47	false
48	true
49	false
50	true
51	true
52	false
53	false
54	false
55	false
56	false
57	true
58	true
59	false
60	false
61	true
62	true
63	true
64	true
65	true
66	true
67	false
68	true
69	true
70	true
71	true
72	true
73	true
74	true
75	true
76	true
77	true
78	true
79	false
80	false
401	true
402	true
403	false
404	true
405	true
406	true
407	true
408	false
409	false
410	true
411	true
412	false
413	true
414	true
415	false
416	true
417	true
418	false
419	true
420	true
421	false
422	true
423	false
424	false
425	false
426	true
427	true
428	true
429	false
430	false
431	false
432	false
433	false
434	true
435	false
436	true
437	true
438	true
439	false
440	false
441	true
442	true
443	true
444	false
445	true
446	true
447	false
448	true
449	true
450	false
451	false
452	true
453	false
454	true
455	false
456	true
457	true
458	true
459	true
460	true
461	false
462	true
463	true
464	true
465	true
466	true
467	false
468	true
469	false
470	false
471	true
472	false
473	false
474	true
475	true
476	true
477	false
478	false
479	true
480	true
