1	false
2	true
3	true
4	true
5	false
6	false
7	true
8	true
9	true
10	true
11	false
12	false
13	false
14	false
15	false
16	true
17	false
18	false
19	true
20	false
21	false
22	true
23	false
24	false
25	false
26	false
27	true
28	true
29	true
30	false
31	true
32	true
33	false
34	true
35	false
36	false
37	false
38	true
39	true
40	true
41	true
42	true
43	false
44	false
45	true
46	true
47	true
48	false
49	true
50	false
51	false
52	true
53	false
54	false
55	true
56	false
57	false
58	false
59	false
60	false
61	true
62	false
63	false
64	false
65	false
66	true
67	true
68	false
69	true
70	true
71	true
72	false
73	true
74	false
75	false
76	true
77	false
78	true
79	false
80	true
401	true
402	false
403	false
404	true
405	true
406	false
407	false
408	true
409	true
410	true
411	false
412	false
413	false
414	false
415	false
416	false
417	false
418	true
419	false
420	true
421	false
422	false
423	false
424	true
425	true
426	false
427	true
428	false
429	true
430	false
431	false
432	true
433	false
434	true
435	true
436	true
437	false
438	true
439	true
440	false
441	true
442	false
443	true
444	false
445	false
446	true
447	false
448	false
449	false
450	false
451	true
452	true
453	false
454	false
455	true
456	false
457	true
458	true
459	false
460	true
461	true
462	false
463	false
464	false
465	false
466	true
467	true
468	true
469	true
470	true
471	true
472	false
473	false
474	false
475	false
476	true
477	false
478	true
479	true
480	true
