1	true
2	false
3	false
4	true
5	false
6	true
7	true
8	false
9	true
10	false
11	false
12	false
13	true
14	true
15	true
16	true
17	false
18	true
19	false
20	true
21	true
22	false
23	true
24	true
25	true
26	false
27	true
28	false
29	true
30	false
31	true
32	false
33	false
34	false
35	false
36	true
37	false
38	false
39	false
40	false
41	true
42	false
43	true
44	true
45	true
46	false
47	false
48	false
49	true
50	false
51	true
52	false
53	false
54	true
55	true
56	true
57	true
58	true
59	false
60	true
61	false
62	true
63	false
64	true
65	false
66	true
67	false
68	false
69	false
70	true
71	true
72	true
73	true
74	true
75	true
76	true
77	true
78	false
79	true
80	false
401	true
402	true
403	false
404	false
405	false
406	true
407	true
408	false
409	false
410	true
411	true
412	false
413	false
414	false
415	true
416	false
417	true
418	true
419	true
420	true
421	false
422	true
423	true
424	true
425	false
426	false
427	true
428	true
429	false
430	true
431	true
432	false
433	true
434	true
435	true
436	true
437	false
438	true
439	false
440	false
441	true
442	false
443	true
444	true
445	true
446	false
447	true
448	false
449	true
450	true
451	false
452	true
453	true
454	true
455	true
456	true
457	true
458	false
459	true
460	false
461	false
462	true
463	false
464	false
465	false
466	true
467	false
468	false
469	true
470	true
471	true
472	true
473	true
474	false
475	false
476	false
477	false
478	true
479	true
480	true
