1	true
2	false
3	false
4	true
5	false
6	false
7	false
8	false
9	false
10	false
11	true
12	true
13	true
14	true
15	true
16	false
17	false
18	true
19	false
20	true
21	true
22	true
23	false
24	false
25	false
26	false
27	false
28	false
29	false
30	false
31	false
32	false
33	false
34	false
35	false
36	true
37	false
38	false
39	false
40	false
41	false
42	true
43	false
44	true
45	false
46	true
47	false
48	true
49	true
50	true
51	false
52	false
53	false
54	true
55	true
56	true
57	false
58	false
59	true
60	false
61	false
62	false
63	true
64	true
65	false
66	true
67	false
68	false
69	true
70	false
71	true
72	true
73	true
74	false
75	false
76	true
77	true
78	false
79	true
80	true
401	true
402	false
403	true
404	false
405	false
406	true
407	true
408	true
409	true
410	false
411	true
412	false
413	true
414	true
415	true
416	false
417	false
418	false
419	false
420	true
421	true
422	false
423	false
424	true
425	true
426	true
427	true
428	true
429	true
430	true
431	true
432	true
433	true
434	true
435	true
436	false
437	true
438	false
439	false
440	false
441	true
442	true
443	false
444	true
445	true
446	false
447	false
448	true
449	false
450	true
451	true
452	true
453	false
454	true
455	false
456	true
457	false
458	false
459	true
460	false
461	false
462	true
463	false
464	true
465	false
466	true
467	false
468	true
469	false
470	true
471	false
472	true
473	true
474	true
475	true
476	true
477	false
478	false
479	true
480	true
