1	false
2	true
3	false
4	false
5	false
6	false
7	true
8	false
9	true
10	true
11	false
12	false
13	true
14	false
15	false
16	false
17	false
18	true
19	true
20	true
21	true
22	true
23	false
24	true
25	true
26	false
27	false
28	true
29	false
30	false
31	false
32	false
33	false
34	false
35	false
36	false
37	false
38	true
39	false
40	true
41	true
42	true
43	true
44	true
45	false
46	false
47	true
48	true
49	false
50	false
51	true
52	false
53	true
54	false
55	true
56	false
57	false
58	false
59	false
60	false
61	false
62	false
63	false
64	true
65	false
66	false
67	true
68	false
69	false
70	false
71	false
72	true
73	false
74	false
75	true
76	false
77	false
78	true
79	false
80	false
401	true
402	true
403	true
404	false
405	true
406	false
407	true
408	false
409	true
410	true
411	false
412	false
413	false
414	true
415	true
416	false
417	false
418	true
419	true
420	false
421	false
422	true
423	false
424	true
425	true
426	false
427	true
428	true
429	false
430	false
431	true
432	true
433	true
434	false
435	true
436	false
437	false
438	true
439	true
440	true
441	false
442	false
443	false
444	false
445	false
446	true
447	true
448	false
449	false
450	false
451	false
452	false
453	false
454	true
455	false
456	true
457	true
458	true
459	true
460	false
461	true
462	true
463	false
464	false
465	false
466	true
467	false
468	false
469	false
470	true
471	true
472	false
473	false
474	true
475	false
476	true
477	false
478	false
479	false
480	true
