1	true
2	false
3	true
4	false
5	true
6	true
7	false
8	true
9	false
10	true
11	false
12	true
13	false
14	true
15	true
16	false
17	true
18	false
19	true
20	true
21	true
22	false
23	true
24	true
25	false
26	false
27	false
28	false
29	false
30	false
31	true
32	true
33	false
34	true
35	true
36	true
37	false
38	false
39	true
40	false
41	false
42	false
43	true
44	false
45	true
46	false
47	false
48	false
49	true
50	false
51	true
52	true
53	false
54	true
55	true
56	false
57	true
58	false
59	true
60	true
61	false
62	false
63	false
64	false
65	false
66	true
67	true
68	false
69	false
70	true
71	true
72	false
73	true
74	false
75	false
76	true
77	true
78	false
79	false
80	false
401	false
402	false
403	true
404	false
405	true
406	true
407	true
408	true
409	false
410	false
411	false
412	true
413	false
414	false
415	false
416	true
417	true
418	true
419	true
420	true
421	false
422	false
423	true
424	true
425	false
426	true
427	false
428	true
429	true
430	true
431	true
432	true
433	true
434	true
435	false
436	true
437	false
438	false
439	false
440	false
441	true
442	true
443	false
444	true
445	true
446	false
447	true
448	false
449	true
450	true
451	true
452	true
453	true
454	false
455	false
456	false
457	false
458	false
459	false
460	true
461	true
462	true
463	true
464	true
465	true
466	false
467	true
468	false
469	true
470	true
471	false
472	false
473	true
474	true
475	false
476	false
477	true
478	false
479	true
480	false
