1	true
2	false
3	false
4	true
5	true
6	false
7	false
8	false
9	false
10	true
11	true
12	true
13	false
14	true
15	false
16	false
17	true
18	true
19	true
20	true
21	false
22	false
23	false
24	true
25	true
26	true
27	false
28	true
29	false
30	false
31	true
32	false
33	false
34	true
35	true
36	true
37	true
38	false
39	false
40	false
41	true
42	true
43	false
44	false
45	false
46	false
47	true
48	false
49	true
50	true
51	false
52	false
53	true
54	false
55	true
56	true
57	false
58	true
59	false
60	false
61	false
62	false
63	false
64	false
65	true
66	false
67	true
68	true
69	true
70	false
71	true
72	true
73	false
74	false
75	true
76	false
77	true
78	true
79	false
80	false
401	false
402	false
403	true
404	true
405	false
406	true
407	false
408	true
409	true
410	true
411	true
412	false
413	false
414	true
415	true
416	true
417	true
418	true
419	true
420	true
421	true
422	true
423	false
424	true
425	false
426	false
427	false
428	false
429	false
430	false
431	true
432	false
433	true
434	true
435	false
436	true
437	false
438	true
439	false
440	false
441	true
442	true
443	true
444	true
445	true
446	true
447	true
448	true
449	false
450	false
451	true
452	true
453	true
454	true
455	false
456	false
457	true
458	false
459	false
460	false
461	true
462	false
463	true
464	true
465	true
466	false
467	false
468	true
469	false
470	false
471	false
472	true
473	false
474	false
475	false
476	true
477	true
478	false
479	true
480	true
