1	false
2	false
3	true
4	false
5	true
6	false
7	false
8	false
9	true
10	false
11	true
12	true
13	true
14	false
15	true
16	true
17	false
18	false
19	false
20	true
21	true
22	true
23	true
24	false
25	true
26	true
27	false
28	true
29	false
30	false
31	true
32	true
33	true
34	true
35	true
36	true
37	true
38	false
39	true
40	true
41	true
42	false
43	false
44	true
45	true
46	false
47	true
48	false
49	false
50	true
51	true
52	true
53	true
54	true
55	true
56	false
57	true
58	false
59	false
60	false
61	true
62	false
63	true
64	false
65	false
66	true
67	true
68	false
69	false
70	false
71	false
72	true
73	true
74	true
75	true
76	true
77	true
78	true
79	true
80	true
401	false
402	true
403	true
404	true
405	true
406	true
407	true
408	true
409	true
410	true
411	true
412	false
413	false
414	false
415	false
416	false
417	true
418	false
419	false
420	true
421	true
422	false
423	false
424	true
425	false
426	false
427	false
428	false
429	true
430	false
431	true
432	false
433	false
434	true
435	false
436	true
437	true
438	false
439	false
440	true
441	false
442	false
443	false
444	false
445	false
446	true
447	true
448	true
449	false
450	true
451	false
452	true
453	true
454	true
455	true
456	false
457	false
458	true
459	true
460	true
461	false
462	false
463	true
464	true
465	true
466	false
467	true
468	false
469	false
470	true
471	true
472	true
473	true
474	true
475	true
476	false
477	false
478	false
479	false
480	false
