1	false
2	false
3	false
4	true
5	true
6	true
7	true
8	true
9	false
10	false
11	true
12	false
13	true
14	true
15	false
16	false
17	true
18	true
19	true
20	false
21	true
22	true
23	false
24	true
25	true
26	true
27	false
28	true
29	true
30	true
31	true
32	true
33	true
34	false
35	true
36	true
37	true
38	false
39	true
40	true
41	true
42	false
43	true
44	true
45	false
46	true
47	false
48	true
49	false
50	true
51	true
52	true
53	false
54	true
55	false
56	false
57	false
58	true
59	true
60	false
61	true
62	true
63	true
64	true
65	true
66	true
67	true
68	false
69	false
70	true
71	false
72	false
73	true
74	false
75	true
76	true
77	true
78	true
79	false
80	true
401	false
402	true
403	true
404	false
405	true
406	true
407	false
408	false
409	true
410	true
411	true
412	false
413	false
414	true
415	true
416	true
417	false
418	true
419	false
420	true
421	false
422	false
423	true
424	false
425	true
426	false
427	false
428	false
429	true
430	true
431	true
432	true
433	false
434	false
435	true
436	false
437	true
438	false
439	false
440	false
441	false
442	false
443	false
444	false
445	false
446	true
447	true
448	true
449	true
450	true
451	true
452	true
453	true
454	false
455	true
456	false
457	true
458	false
459	false
460	true
461	false
462	true
463	false
464	true
465	false
466	false
467	false
468	true
469	false
470	true
471	true
472	false
473	false
474	false
475	false
476	false
477	true
478	false
479	true
480	false
