1	true
2	false
3	true
4	true
5	false
6	true
7	true
8	true
9	true
10	false
11	true
12	true
13	true
14	true
15	true
16	false
17	false
18	true
19	false
20	false
21	true
22	false
23	false
24	true
25	true
26	true
27	false
28	false
29	false
30	true
31	true
32	true
33	true
34	true
35	false
36	true
37	true
38	true
39	false
40	true
41	true
42	false
43	true
44	true
45	false
46	true
47	false
48	true
49	true
50	true
51	false
52	false
53	false
54	false
55	true
56	false
57	true
58	true
59	true
60	false
61	false
62	true
63	true
64	false
65	false
66	false
67	false
68	false
69	true
70	false
71	true
72	false
73	false
74	true
75	true
76	true
77	false
78	true
79	true
80	false
401	false
402	true
403	true
404	false
405	false
406	false
407	false
408	false
409	false
410	false
411	false
412	true
413	true
414	true
415	false
416	true
417	false
418	false
419	false
420	false
421	false
422	true
423	true
424	true
425	false
426	false
427	true
428	true
429	true
430	true
431	false
432	true
433	true
434	true
435	false
436	true
437	false
438	true
439	false
440	false
441	false
442	true
443	false
444	true
445	false
446	false
447	true
448	false
449	true
450	true
451	false
452	true
453	false
454	false
455	false
456	true
457	false
458	false
459	true
460	true
461	true
462	true
463	true
464	true
465	true
466	true
467	false
468	false
469	false
470	true
471	false
472	false
473	true
474	false
475	false
476	true
477	false
478	true
479	false
480	false
