1	true
2	true
3	true
4	false
5	true
6	false
7	false
8	true
9	true
10	false
11	true
12	false
13	false
14	false
15	true
16	true
17	true
18	false
19	true
20	false
21	true
22	false
23	false
24	true
25	true
26	true
27	true
28	false
29	true
30	true
31	false
32	true
33	true
34	false
35	false
36	true
37	true
38	true
39	false
40	false
41	true
42	true
43	true
44	false
45	false
46	false
47	true
48	false
49	true
50	true
51	true
52	true
53	false
54	true
55	false
56	true
57	true
58	false
59	true
60	false
61	false
62	true
63	true
64	true
65	false
66	true
67	false
68	true
69	false
70	true
71	false
72	true
73	false
74	false
75	true
76	true
77	true
78	true
79	false
80	false
401	false
402	false
403	true
404	false
405	true
406	false
407	false
408	false
409	true
410	true
411	true
412	false
413	false
414	false
415	true
416	true
417	true
418	false
419	true
420	true
421	false
422	false
423	true
424	false
425	false
426	false
427	false
428	false
429	true
430	true
431	false
432	false
433	false
434	false
435	false
436	true
437	false
438	true
439	true
440	false
441	true
442	false
443	false
444	true
445	false
446	false
447	false
448	true
449	true
450	false
451	true
452	false
453	false
454	false
455	true
456	false
457	false
458	true
459	false
460	true
461	true
462	true
463	false
464	false
465	false
466	false
467	false
468	false
469	true
470	false
471	true
472	false
473	true
474	true
475	true
476	true
477	false
478	true
479	false
480	false
