1	true
2	true
3	false
4	true
5	false
6	true
7	false
8	true
9	false
10	false
11	true
12	true
13	false
14	true
15	false
16	false
17	false
18	false
19	true
20	true
21	false
22	false
23	true
24	false
25	false
26	true
27	false
28	true
29	false
30	true
31	true
32	true
33	true
34	true
35	false
36	true
37	true
38	false
39	false
40	false
41	true
42	false
43	false
44	true
45	true
46	true
47	true
48	true
49	false
50	true
51	true
52	false
53	true
54	true
55	true
56	false
57	false
58	true
59	true
60	false
61	true
62	false
63	false
64	true
65	false
66	true
67	true
68	true
69	false
70	true
71	true
72	false
73	false
74	false
75	true
76	false
77	true
78	false
79	false
80	false
401	false
402	true
403	false
404	true
405	false
406	true
407	false
408	true
409	true
410	false
411	true
412	true
413	true
414	true
415	false
416	false
417	false
418	false
419	true
420	true
421	true
422	true
423	false
424	false
425	true
426	true
427	true
428	true
429	true
430	false
431	true
432	false
433	true
434	true
435	false
436	true
437	true
438	true
439	false
440	false
441	true
442	false
443	true
444	true
445	false
446	true
447	false
448	true
449	true
450	true
451	false
452	false
453	false
454	true
455	false
456	false
457	true
458	true
459	false
460	false
461	true
462	true
463	false
464	true
465	true
466	true
467	false
468	true
469	false
470	false
471	false
472	false
473	true
474	true
475	true
476	true
477	false
478	false
479	true
480	true
