1	true
2	false
3	true
4	false
5	false
6	true
7	true
8	false
9	false
10	true
11	false
12	false
13	false
14	false
15	true
16	true
17	false
18	true
19	true
20	true
21	true
22	false
23	false
24	true
25	false
26	false
27	true
28	false
29	false
30	true
31	false
32	true
33	true
34	true
35	false
36	true
37	false
38	true
39	true
40	false
41	false
42	true
43	true
44	true
45	true
46	false
47	false
48	true
49	true
50	true
51	false
52	true
53	false
54	true
55	false
56	false
57	false
58	false
59	false
60	true
61	false
62	false
63	true
64	false
65	false
66	true
67	false
68	true
69	true
70	true
71	true
72	false
73	true
74	false
75	true
76	false
77	false
78	false
79	true
80	false
401	false
402	true
403	false
404	true
405	false
406	false
407	false
408	true
409	true
410	true
411	true
412	true
413	true
414	false
415	true
416	true
417	true
418	false
419	false
420	false
421	false
422	false
423	true
424	true
425	true
426	false
427	true
428	true
429	false
430	true
431	false
432	false
433	false
434	false
435	false
436	true
437	true
438	true
439	false
440	false
441	true
442	false
443	false
444	true
445	false
446	true
447	true
448	false
449	true
450	false
451	true
452	false
453	true
454	false
455	true
456	true
457	true
458	true
459	false
460	false
461	true
462	true
463	true
464	false
465	false
466	true
467	true
468	false
469	true
470	true
471	false
472	true
473	false
474	false
475	false
476	true
477	true
478	false
479	false
480	true
