1	false
2	false
3	false
4	false
5	false
6	false
7	false
8	true
9	true
10	false
11	false
12	false
13	false
14	false
15	true
16	true
17	true
18	false
19	false
20	true
21	true
22	true
23	true
24	false
25	true
26	true
27	false
28	true
29	true
30	true
31	true
32	true
33	true
34	true
35	true
36	true
37	true
38	false
39	true
40	true
41	true
42	false
43	true
44	true
45	false
46	false
47	false
48	false
49	false
50	false
51	true
52	true
53	false
54	true
55	true
56	false
57	false
58	false
59	true
60	true
61	false
62	false
63	true
64	false
65	false
66	true
67	false
68	true
69	false
70	true
71	true
72	true
73	true
74	false
75	false
76	true
77	false
78	false
79	true
80	false
401	false
402	true
403	false
404	true
405	false
406	true
407	false
408	true
409	true
410	true
411	true
412	true
413	false
414	false
415	false
416	false
417	false
418	false
419	false
420	false
421	true
422	false
423	false
424	false
425	true
426	false
427	false
428	false
429	true
430	true
431	true
432	true
433	false
434	false
435	false
436	true
437	true
438	true
439	false
440	false
441	false
442	true
443	false
444	true
445	false
446	true
447	true
448	true
449	true
450	true
451	false
452	false
453	true
454	true
455	false
456	true
457	false
458	true
459	true
460	true
461	true
462	false
463	false
464	false
465	true
466	false
467	false
468	true
469	false
470	true
471	true
472	true
473	false
474	false
475	false
476	true
477	true
478	true
479	true
480	true
