1	true
2	false
3	false
4	true
5	true
6	true
7	false
8	true
9	true
10	false
11	true
12	true
13	true
14	false
15	false
16	false
17	false
18	false
19	false
20	true
21	true
22	true
23	true
24	false
25	false
26	false
27	false
28	false
29	true
30	false
31	false
32	true
33	false
34	false
35	false
36	false
37	false
38	true
39	false
40	true
41	true
42	false
43	false
44	false
45	true
46	true
47	false
48	true
49	false
50	false
51	true
52	false
53	false
54	true
55	true
56	false
57	false
58	false
59	false
60	true
61	true
62	true
63	false
64	false
65	true
66	false
67	false
68	true
69	false
70	false
71	false
72	true
73	false
74	false
75	false
76	true
77	false
78	false
79	true
80	false
401	true
402	true
403	true
404	true
405	true
406	false
407	false
408	true
409	true
410	false
411	true
412	true
413	true
414	false
415	true
416	false
417	false
418	true
419	true
420	true
421	true
422	true
423	false
424	true
425	false
426	true
427	false
428	false
429	false
430	true
431	true
432	false
433	true
434	false
435	true
436	true
437	true
438	true
439	true
440	true
441	true
442	false
443	true
444	false
445	false
446	true
447	true
448	false
449	false
450	false
451	false
452	false
453	true
454	true
455	false
456	false
457	false
458	false
459	true
460	false
461	false
462	false
463	false
464	false
465	true
466	true
467	false
468	true
469	false
470	true
471	false
472	true
473	false
474	true
475	true
476	false
477	true
478	false
479	false
480	false
