1	true
2	true
3	true
4	true
5	true
6	false
7	true
8	true
9	false
10	false
11	true
12	true
13	false
14	false
15	false
16	true
17	false
18	false
19	false
20	true
21	true
22	true
23	true
24	true
25	true
26	false
27	true
28	false
29	false
30	false
31	false
32	true
33	false
34	false
35	true
36	true
37	true
38	false
39	true
40	true
41	true
42	true
43	false
44	true
45	false
46	false
47	true
48	false
49	false
50	true
51	false
52	true
53	false
54	false
55	false
56	false
57	true
58	true
59	true
60	false
61	false
62	false
63	false
64	false
65	true
66	false
67	true
68	false
69	false
70	false
71	true
72	true
73	true
74	true
75	false
76	true
77	false
78	false
79	true
80	false
401	true
402	false
403	false
404	false
405	false
406	false
407	true
408	true
409	false
410	true
411	true
412	true
413	true
414	false
415	false
416	true
417	false
418	false
419	false
420	false
421	false
422	true
423	false
424	false
425	false
426	true
427	false
428	false
429	true
430	true
431	true
432	true
433	true
434	false
435	false
436	false
437	true
438	true
439	true
440	true
441	true
442	true
443	false
444	true
445	true
446	false
447	false
448	false
449	true
450	false
451	true
452	false
453	false
454	false
455	false
456	true
457	false
458	true
459	true
460	true
461	true
462	false
463	true
464	true
465	false
466	true
467	false
468	true
469	false
470	false
471	true
472	false
473	false
474	true
475	false
476	false
477	true
478	false
479	false
480	false
