1	true
2	true
3	true
4	true
5	true
6	false
7	true
8	true
9	false
10	true
11	false
12	false
13	false
14	false
15	false
16	true
17	false
18	false
19	true
20	true
21	false
22	true
23	false
24	false
25	false
26	true
27	false
28	false
29	false
30	true
31	true
32	false
33	true
34	false
35	false
36	false
37	false
38	false
39	true
40	false
41	true
42	true
43	true
44	true
45	false
46	false
47	true
48	false
49	true
50	true
51	false
52	true
53	true
54	false
55	false
56	true
57	true
58	false
59	false
60	true
61	false
62	false
63	false
64	false
65	false
66	false
67	false
68	true
69	true
70	true
71	false
72	true
73	true
74	false
75	false
76	true
77	true
78	false
79	true
80	false
401	true
402	false
403	true
404	true
405	true
406	false
407	false
408	true
409	true
410	false
411	true
412	false
413	true
414	true
415	true
416	true
417	true
418	false
419	true
420	true
421	true
422	true
423	false
424	false
425	true
426	true
427	true
428	false
429	true
430	true
431	false
432	false
433	false
434	false
435	false
436	false
437	false
438	true
439	false
440	false
441	true
442	false
443	false
444	true
445	true
446	false
447	false
448	false
449	true
450	false
451	false
452	false
453	true
454	true
455	false
456	true
457	false
458	true
459	false
460	true
461	false
462	true
463	true
464	false
465	false
466	true
467	true
468	true
469	true
470	false
471	true
472	false
473	false
474	false
475	true
476	true
477	true
478	true
479	true
480	true
