1	true
2	false
3	false
4	true
5	false
6	false
7	false
8	true
9	false
10	true
11	true
12	true
13	false
14	true
15	true
16	false
17	true
18	true
19	false
20	false
21	false
22	true
23	false
24	false
25	false
26	false
27	false
28	false
29	true
30	false
31	false
32	false
33	true
34	true
35	true
36	true
37	false
38	true
39	false
40	true
41	false
42	true
43	false
44	true
45	false
46	true
47	false
48	false
49	true
50	false
51	false
52	false
53	true
54	false
55	true
56	false
57	true
58	true
59	true
60	true
61	true
62	false
63	false
64	true
65	true
66	true
67	false
68	true
69	false
70	false
71	false
72	false
73	false
74	true
75	true
76	true
77	true
78	false
79	true
80	true
401	true
402	false
403	false
404	false
405	true
406	true
407	true
408	true
409	true
410	true
411	false
412	false
413	true
414	true
415	false
416	false
417	true
418	true
419	true
420	true
421	false
422	false
423	true
424	false
425	true
426	true
427	false
428	false
429	true
430	true
431	false
432	false
433	false
434	true
435	true
436	true
437	true
438	true
439	true
440	false
441	false
442	false
443	false
444	true
445	true
446	false
447	false
448	false
449	true
450	false
451	true
452	true
453	true
454	false
455	true
456	true
457	true
458	false
459	false
460	true
461	true
462	false
463	false
464	true
465	false
466	false
467	true
468	false
469	false
470	true
471	true
472	true
473	false
474	true
475	false
476	false
477	false
478	true
479	false
480	true
