1	false
2	true
3	false
4	false
5	false
6	true
7	false
8	true
9	false
10	false
11	true
12	false
13	true
14	false
15	false
16	true
17	true
18	true
19	true
20	false
21	true
22	true
23	false
24	false
25	false
26	false
27	true
28	false
29	false
30	false
31	true
32	false
33	false
34	false
35	false
36	true
37	true
38	true
39	false
40	false
41	true
42	false
43	true
44	false
45	true
46	true
47	true
48	false
49	true
50	true
51	true
52	false
53	true
54	false
55	true
56	false
57	false
58	false
59	false
60	false
61	false
62	false
63	false
64	false
65	false
66	true
67	false
68	true
69	false
70	false
71	true
72	false
73	true
74	false
75	false
76	true
77	false
78	false
79	false
80	false
401	false
402	true
403	false
404	false
405	false
406	false
407	false
408	false
409	false
410	true
411	false
412	true
413	true
414	false
415	false
416	true
417	false
418	true
419	false
420	true
421	false
422	true
423	false
424	false
425	false
426	false
427	false
428	false
429	false
430	false
431	false
432	true
433	true
434	false
435	true
436	false
437	false
438	false
439	false
440	true
441	false
442	false
443	true
444	false
445	true
446	false
447	true
448	true
449	true
450	true
451	false
452	true
453	true
454	false
455	false
456	false
457	false
458	true
459	false
460	false
461	true
462	true
463	false
464	true
465	false
466	false
467	false
468	false
469	false
470	false
471	true
472	false
473	true
474	true
475	true
476	true
477	false
478	true
479	false
480	false
