1	false
2	false
3	false
4	true
5	true
6	true
7	true
8	false
9	false
10	true
11	true
12	false
13	true
14	true
15	true
16	true
17	true
18	true
19	false
20	false
21	false
22	true
23	true
24	false
25	false
26	true
27	false
28	false
29	true
30	false
31	false
32	true
33	true
34	false
35	false
36	false
37	false
38	false
39	false
40	false
41	false
42	true
43	false
44	true
45	false
46	true
47	false
48	false
49	false
50	true
51	true
52	true
53	false
54	false
55	false
56	true
57	false
58	true
59	true
60	false
61	true
62	true
63	false
64	false
65	false
66	true
67	false
68	false
69	false
70	false
71	false
72	false
73	true
74	true
75	false
76	true
77	false
78	true
79	false
80	true
401	true
402	true
403	false
404	true
405	false
406	false
407	true
408	true
409	true
410	true
411	false
412	false
413	false
414	true
415	false
416	false
417	false
418	true
419	false
420	true
421	false
422	true
423	true
424	false
425	true
426	false
427	false
428	false
429	true
430	false
431	false
432	false
433	false
434	false
435	false
436	true
437	false
438	false
439	true
440	true
441	true
442	false
443	true
444	true
445	false
446	true
447	true
448	false
449	true
450	true
451	true
452	false
453	true
454	true
455	true
456	true
457	false
458	true
459	false
460	true
461	true
462	true
463	false
464	true
465	false
466	true
467	false
468	true
469	false
470	false
471	true
472	false
473	true
474	false
475	true
476	true
477	true
478	true
479	false
480	true
