1	true
2	false
3	false
4	true
5	false
6	true
7	true
8	false
9	false
10	false
11	false
12	false
13	false
14	true
15	false
16	true
17	true
18	false
19	true
20	true
21	true
22	false
23	false
24	true
25	true
26	false
27	true
28	false
29	true
30	false
31	true
32	false
33	true
34	false
35	true
36	false
37	true
38	true
39	true
40	false
41	true
42	false
43	false
44	true
45	true
46	false
47	false
48	false
49	false
50	true
51	true
52	true
53	false
54	false
55	false
56	true
57	false
58	false
59	true
60	true
61	true
62	true
63	true
64	true
65	true
66	false
67	false
68	true
69	true
70	true
71	true
72	true
73	true
74	false
75	true
76	false
77	false
78	true
79	true
80	false
401	false
402	true
403	false
404	false
405	false
406	true
407	false
408	false
409	true
410	false
411	false
412	true
413	false
414	true
415	false
416	false
417	false
418	false
419	true
420	false
421	false
422	false
423	false
424	false
425	true
426	false
427	true
428	true
429	false
430	true
431	true
432	true
433	true
434	true
435	true
436	true
437	false
438	false
439	false
440	false
441	true
442	true
443	false
444	true
445	false
446	false
447	false
448	false
449	false
450	true
451	false
452	true
453	false
454	true
455	true
456	false
457	false
458	false
459	true
460	true
461	false
462	true
463	true
464	false
465	false
466	false
467	true
468	true
469	false
470	false
471	true
472	false
473	true
474	true
475	false
476	true
477	false
478	false
479	true
480	false
