1	false
2	true
3	false
4	false
5	false
6	false
7	true
8	true
9	false
10	false
11	true
12	true
13	false
14	false
15	true
16	true
17	false
18	false
19	true
20	true
21	false
22	false
23	true
24	true
25	true
26	false
27	true
28	false
29	false
30	true
31	false
32	true
33	true
34	true
35	true
36	true
37	true
38	true
39	false
40	true
41	false
42	false
43	true
44	true
45	true
46	true
47	true
48	false
49	false
50	true
51	false
52	false
53	true
54	true
55	false
56	false
57	false
58	false
59	false
60	true
61	true
62	false
63	true
64	true
65	true
66	true
67	true
68	true
69	true
70	false
71	true
72	false
73	false
74	true
75	false
76	true
77	false
78	false
79	true
80	true
401	true
402	false
403	false
404	true
405	false
406	false
407	true
408	false
409	true
410	true
411	false
412	true
413	true
414	false
415	true
416	true
417	true
418	true
419	false
420	false
421	true
422	false
423	true
424	false
425	true
426	true
427	true
428	false
429	true
430	true
431	false
432	true
433	false
434	false
435	false
436	false
437	false
438	true
439	false
440	false
441	true
442	true
443	false
444	true
445	false
446	false
447	true
448	true
449	true
450	false
451	true
452	false
453	true
454	true
455	false
456	true
457	false
458	false
459	true
460	true
461	false
462	false
463	false
464	true
465	true
466	true
467	true
468	false
469	false
470	true
471	false
472	false
473	true
474	false
475	true
476	false
477	false
478	true
479	true
480	true
