1	true
2	false
3	false
4	false
5	false
6	false
7	true
8	true
9	true
10	false
11	false
12	true
13	true
14	false
15	false
16	false
17	true
18	false
19	false
20	true
21	false
22	false
23	false
24	true
25	false
26	false
27	false
28	true
29	false
30	true
31	true
32	true
33	true
34	true
35	false
36	false
37	true
38	true
39	true
40	true
41	true
42	false
43	true
44	false
45	true
46	false
47	true
48	false
49	false
50	false
51	true
52	true
53	true
54	true
55	false
56	false
57	false
58	false
59	false
60	true
61	true
62	false
63	true
64	false
65	true
66	false
67	true
68	true
69	true
70	true
71	true
72	true
73	false
74	true
75	false
76	true
77	true
78	false
79	false
80	true
401	false
402	false
403	true
404	true
405	false
406	false
407	true
408	false
409	false
410	false
411	true
412	false
413	true
414	false
415	false
416	true
417	false
418	true
419	false
420	false
421	false
422	true
423	false
424	false
425	true
426	true
427	true
428	true
429	true
430	true
431	false
432	true
433	false
434	false
435	true
436	true
437	false
438	true
439	true
440	true
441	true
442	true
443	false
444	true
445	false
446	false
447	true
448	true
449	true
450	false
451	true
452	true
453	false
454	true
455	false
456	false
457	true
458	false
459	true
460	true
461	false
462	false
463	false
464	true
465	false
466	false
467	true
468	false
469	true
470	false
471	false
472	false
473	false
474	false
475	false
476	false
477	true
478	false
479	false
480	false
