1	false
2	true
3	false
4	false
5	true
6	true
7	false
8	true
9	true
10	false
11	false
12	false
13	true
14	true
15	false
16	true
17	true
18	false
19	false
20	true
21	true
22	false
23	false
24	true
25	false
26	true
27	false
28	false
29	false
30	true
31	true
32	false
33	false
34	false
35	true
36	false
37	false
38	false
39	false
40	true
41	true
42	false
43	false
44	false
45	false
46	true
47	false
48	false
49	false
50	false
51	true
52	true
53	true
54	true
55	false
56	false
57	false
58	true
59	false
60	true
61	true
62	true
63	true
64	true
65	false
66	true
67	false
68	false
69	true
70	false
71	true
72	true
73	false
74	false
75	false
76	true
77	false
78	true
79	true
80	false
401	true
402	true
403	false
404	false
405	false
406	true
407	false
408	true
409	false
410	false
411	false
412	false
413	false
414	false
415	false
416	true
417	false
418	true
419	false
420	false
421	false
422	false
423	false
424	true
425	false
426	false
427	true
428	true
429	false
430	false
431	true
432	true
433	true
434	true
435	true
436	false
437	true
438	false
439	true
440	false
441	true
442	true
443	true
444	false
445	false
446	true
447	false
448	true
449	true
450	false
451	false
452	true
453	true
454	true
455	true
456	true
457	false
458	true
459	true
460	true
461	true
462	true
463	false
464	false
465	false
466	true
467	true
468	true
469	true
470	true
471	false
472	false
473	false
474	true
475	true
476	false
477	false
478	true
479	false
480	false
