1	true
2	false
3	false
4	false
5	false
6	true
7	false
8	true
9	true
10	true
11	true
12	false
13	true
14	false
15	true
16	true
17	false
18	false
19	true
20	false
21	true
22	false
23	false
24	false
25	true
26	true
27	false
28	false
29	true
30	false
31	false
32	false
33	false
34	false
35	false
36	true
37	true
38	true
39	true
40	false
41	false
42	false
43	false
44	false
45	false
46	true
47	false
48	true
49	true
50	true
51	false
52	true
53	false
54	false
55	false
56	false
57	true
58	true
59	false
60	false
61	true
62	true
63	true
64	true
65	true
66	true
67	true
68	true
69	false
70	false
71	false
72	true
73	false
74	false
75	false
76	false
77	true
78	false
79	false
80	false
401	false
402	true
403	true
404	true
405	true
406	false
407	true
408	true
409	true
410	true
411	true
412	true
413	true
414	false
415	true
416	true
417	false
418	false
419	false
420	false
421	false
422	false
423	false
424	false
425	false
426	false
427	true
428	false
429	true
430	false
431	true
432	false
433	false
434	false
435	true
436	true
437	false
438	false
439	true
440	true
441	false
442	false
443	true
444	false
445	true
446	false
447	true
448	false
449	true
450	false
451	false
452	true
453	false
454	false
455	false
456	true
457	false
458	true
459	false
460	false
461	true
462	true
463	false
464	false
465	true
466	true
467	false
468	true
469	true
470	true
471	false
472	false
473	false
474	true
475	true
476	true
477	true
478	true
479	true
480	false
