1	true
2	false
3	true
4	false
5	true
6	false
7	false
8	true
9	false
10	true
11	true
12	true
13	true
14	false
15	true
16	true
17	false
18	false
19	true
20	true
21	true
22	false
23	false
24	true
25	false
26	false
27	false
28	false
29	true
30	true
31	true
32	false
33	true
34	false
35	false
36	false
37	true
38	true
39	true
40	true
41	true
42	true
43	false
44	false
45	false
46	false
47	true
48	true
49	true
50	true
51	false
52	false
53	true
54	false
55	false
56	true
57	false
58	false
59	true
60	false
61	false
62	false
63	false
64	true
65	false
66	false
67	true
68	false
69	false
70	false
71	false
72	true
73	false
74	false
75	true
76	true
77	false
78	false
79	true
80	false
401	true
402	false
403	false
404	true
405	true
406	true
407	true
408	true
409	true
410	false
411	false
412	true
413	true
414	true
415	false
416	false
417	true
418	false
419	false
420	false
421	true
422	true
423	false
424	true
425	true
426	false
427	true
428	false
429	true
430	false
431	true
432	false
433	true
434	false
435	true
436	true
437	false
438	true
439	false
440	true
441	false
442	false
443	true
444	true
445	true
446	true
447	false
448	true
449	true
450	true
451	true
452	true
453	true
454	true
455	true
456	true
457	false
458	false
459	false
460	false
461	true
462	true
463	true
464	true
465	false
466	true
467	false
468	true
469	true
470	false
471	true
472	true
473	true
474	true
475	true
476	true
477	false
478	true
479	true
480	true
