1	false
2	false
3	false
4	false
5	false
6	true
7	false
8	false
9	false
10	false
11	false
12	false
13	true
14	true
15	true
16	false
17	true
18	false
19	true
20	true
21	false
22	true
23	true
24	true
25	false
26	false
27	false
28	false
29	false
30	true
31	true
32	false
33	true
34	true
35	false
36	true
37	true
38	false
39	true
40	true
41	false
42	true
43	true
44	true
45	false
46	false
47	true
48	true
49	true
50	false
51	false
52	false
53	true
54	false
55	false
56	true
57	true
58	true
59	false
60	false
61	true
62	false
63	true
64	true
65	true
66	false
67	true
68	true
69	false
70	true
71	false
72	false
73	false
74	false
75	false
76	false
77	true
78	false
79	false
80	false
401	true
402	false
403	true
404	true
405	false
406	true
407	false
408	false
409	true
410	false
411	true
412	true
413	false
414	true
415	true
416	true
417	true
418	false
419	true
420	false
421	false
422	true
423	true
424	true
425	false
426	true
427	true
428	false
429	true
430	true
431	false
432	true
433	true
434	false
435	false
436	true
437	true
438	false
439	true
440	false
441	false
442	false
443	true
444	false
445	true
446	false
447	true
448	false
449	false
450	true
451	false
452	true
453	true
454	true
455	true
456	false
457	true
458	true
459	true
460	false
461	false
462	false
463	false
464	true
465	true
466	true
467	false
468	false
469	false
470	true
471	false
472	false
473	true
474	false
475	false
476	true
477	false
478	true
479	true
480	true
