1	true
2	false
3	true
4	false
5	false
6	true
7	false
8	true
9	true
10	true
11	false
12	true
13	true
14	false
15	false
16	false
17	true
18	false
19	true
20	true
21	false
22	false
23	true
24	false
25	false
26	true
27	true
28	false
29	false
30	false
31	true
32	true
33	false
34	true
35	true
36	true
37	true
38	true
39	true
40	true
41	false
42	true
43	false
44	true
45	false
46	true
47	false
48	true
49	false
50	true
51	true
52	true
53	true
54	true
55	true
56	true
57	true
58	false
59	false
60	true
61	true
62	false
63	false
64	false
65	true
66	true
67	true
68	true
69	true
70	true
71	true
72	false
73	false
74	true
75	false
76	true
77	false
78	false
79	false
80	false
401	true
402	false
403	false
404	false
405	false
406	true
407	false
408	false
409	true
410	false
411	true
412	false
413	true
414	false
415	true
416	true
417	true
418	true
419	true
420	false
421	true
422	true
423	false
424	false
425	true
426	false
427	true
428	true
429	false
430	true
431	true
432	false
433	true
434	true
435	false
436	true
437	true
438	false
439	false
440	false
441	false
442	true
443	true
444	false
445	false
446	true
447	false
448	false
449	false
450	true
451	false
452	false
453	true
454	true
455	true
456	false
457	false
458	false
459	true
460	true
461	false
462	false
463	false
464	true
465	true
466	false
467	true
468	true
469	false
470	true
471	true
472	false
473	false
474	false
475	false
476	false
477	true
478	false
479	true
480	true
