1	true
2	false
3	false
4	false
5	true
6	false
7	true
8	false
9	true
10	false
11	true
12	true
13	true
14	true
15	false
16	false
17	false
18	true
19	true
20	true
21	false
22	false
23	false
24	true
25	true
26	true
27	false
28	false
29	false
30	true
31	false
32	true
33	true
34	true
35	true
36	true
37	false
38	false
39	false
40	false
41	false
42	false
43	false
44	true
45	true
46	true
47	false
48	false
49	false
50	false
51	false
52	true
53	false
54	true
55	false
56	true
57	true
58	true
59	false
60	false
61	false
62	false
63	false
64	false
65	false
66	true
67	true
68	false
69	true
70	true
71	false
72	true
73	true
74	false
75	false
76	false
77	false
78	true
79	false
80	true
401	false
402	false
403	false
404	false
405	true
406	true
407	true
408	false
409	true
410	true
411	false
412	false
413	true
414	false
415	true
416	false
417	false
418	true
419	false
420	true
421	true
422	true
423	false
424	true
425	false
426	false
427	true
428	true
429	false
430	true
431	false
432	false
433	true
434	false
435	false
436	false
437	false
438	true
439	true
440	false
441	true
442	true
443	false
444	true
445	false
446	true
447	true
448	true
449	false
450	true
451	true
452	false
453	true
454	false
455	false
456	true
457	false
458	false
459	true
460	false
461	true
462	true
463	true
464	false
465	false
466	true
467	false
468	true
469	true
470	true
471	false
472	true
473	true
474	true
475	false
476	true
477	true
478	true
479	true
480	false
