1	true
2	false
3	true
4	false
5	true
6	true
7	true
8	true
9	false
10	false
11	false
12	true
13	true
14	true
15	false
16	false
17	false
18	false
19	false
20	true
21	false
22	false
23	false
24	false
25	true
26	false
27	true
28	false
29	true
30	false
31	false
32	false
33	true
34	true
35	true
36	false
37	false
38	false
39	false
40	false
41	false
42	false
43	false
44	true
45	true
46	true
47	true
48	true
49	false
50	true
51	true
52	false
53	false
54	true
55	false
56	true
57	false
58	false
59	false
60	false
61	false
62	true
63	false
64	true
65	true
66	true
67	false
68	true
69	false
70	true
71	false
72	false
73	false
74	true
75	false
76	true
77	false
78	false
79	true
80	false
401	false
402	true
403	false
404	true
405	false
406	false
407	true
408	false
409	true
410	true
411	true
412	false
413	false
414	true
415	true
416	false
417	false
418	true
419	true
420	true
421	true
422	false
423	false
424	true
425	false
426	false
427	false
428	true
429	false
430	false
431	false
432	false
433	false
434	false
435	true
436	true
437	false
438	false
439	false
440	true
441	false
442	false
443	true
444	true
445	false
446	false
447	false
448	false
449	true
450	true
451	false
452	false
453	true
454	false
455	true
456	true
457	false
458	true
459	false
460	false
461	false
462	false
463	true
464	true
465	true
466	false
467	true
468	false
469	false
470	false
471	true
472	false
473	true
474	true
475	false
476	true
477	false
478	false
479	false
480	false
