1	false
2	false
3	false
4	false
5	true
6	true
7	true
8	false
9	true
10	false
11	false
12	true
13	true
14	false
15	true
16	false
17	true
18	false
19	true
20	false
21	true
22	true
23	true
24	false
25	false
26	true
27	true
28	false
29	false
30	true
31	false
32	false
33	true
34	false
35	true
36	true
37	true
38	true
39	false
40	true
41	false
42	false
43	false
44	false
45	true
46	false
47	true
48	false
49	false
50	false
51	true
52	false
53	true
54	true
55	false
56	false
57	false
58	true
59	true
60	false
61	false
62	false
63	false
64	false
65	true
66	false
67	true
68	true
69	true
70	false
71	false
72	true
73	false
74	false
75	false
76	true
77	true
78	true
79	true
80	false
401	true
402	false
403	true
404	false
405	false
406	false
407	false
408	false
409	true
410	false
411	true
412	true
413	true
414	true
415	true
416	true
417	true
418	true
419	false
420	false
421	false
422	false
423	true
424	false
425	false
426	true
427	true
428	false
429	false
430	true
431	false
432	true
433	false
434	true
435	true
436	true
437	true
438	true
439	false
440	false
441	true
442	false
443	true
444	false
445	true
446	false
447	true
448	false
449	false
450	false
451	true
452	false
453	false
454	true
455	true
456	false
457	true
458	false
459	true
460	true
461	false
462	true
463	false
464	false
465	false
466	true
467	false
468	false
469	false
470	true
471	true
472	false
473	false
474	false
475	true
476	false
477	true
478	false
479	true
480	true
