1	false
2	true
3	false
4	true
5	false
6	false
7	false
8	false
9	true
10	false
11	false
12	false
13	false
14	false
15	false
16	true
17	true
18	false
19	true
20	true
21	false
22	false
23	false
24	false
25	true
26	false
27	false
28	false
29	true
30	false
31	false
32	true
33	false
34	false
35	false
36	false
37	false
38	false
39	false
40	false
41	false
42	false
43	true
44	false
45	true
46	true
47	false
48	false
49	true
50	false
51	true
52	false
53	false
54	false
55	true
56	true
57	true
58	true
59	true
60	false
61	true
62	false
63	true
64	true
65	true
66	false
67	true
68	false
69	false
70	true
71	false
72	false
73	false
74	true
75	false
76	false
77	true
78	false
79	true
80	false
81	true
82	true
83	true
84	true
85	true
86	false
87	false
88	true
89	false
90	true
91	true
92	true
93	false
394	false
395	true
396	true
397	true
398	false
399	false
400	true
401	true
402	false
403	false
404	false
405	false
406	false
407	false
408	true
409	false
410	false
411	true
412	false
413	false
414	false
415	true
416	false
417	false
418	true
419	false
420	true
421	true
422	false
423	false
424	true
425	false
426	false
427	true
428	false
429	true
430	true
431	false
432	true
433	true
434	true
435	false
436	false
437	false
438	false
439	true
440	true
441	false
442	false
443	false
444	false
445	true
446	false
447	false
448	false
449	false
450	false
451	true
452	false
453	true
454	true
455	false
456	true
457	true
458	false
459	true
460	true
461	false
462	false
463	false
464	true
465	false
466	false
467	true
468	true
469	true
470	false
471	true
472	true
473	true
474	false
475	true
476	false
477	false
778	false
779	true
780	false
781	false
782	true
783	true
784	true
785	true
786	false
787	false
788	true
789	false
790	false
791	true
792	false
793	false
794	false
795	true
796	true
797	true
798	true
799	true
800	false
801	false
802	false
803	false
804	false
805	false
806	false
807	true
808	true
809	false
810	false
811	true
812	false
813	false
814	false
815	true
816	false
817	true
818	true
819	false
820	true
821	true
822	false
823	false
824	false
825	false
826	false
827	false
828	false
829	false
830	false
831	true
832	false
833	false
834	true
835	false
836	true
837	true
838	false
839	false
840	false
841	true
842	true
843	true
844	true
845	true
846	false
847	true
848	true
849	true
850	false
851	false
852	true
853	false
854	true
855	false
856	false
857	false
858	true
859	false
860	false
861	false
862	true
863	true
864	true
865	true
866	true
867	true
868	false
869	true
870	false
871	true
872	false
873	true
874	false
875	true
876	false
877	false
878	false
879	true
880	true
881	true
882	true
883	false
884	false
885	false
886	true
887	true
888	true
