1	false
2	true
3	false
4	false
5	false
6	false
7	true
8	false
9	true
10	true
11	true
12	true
13	true
14	false
15	true
16	true
17	true
18	false
19	true
20	true
21	false
22	true
23	true
24	false
25	false
26	true
27	false
28	false
29	false
30	true
31	true
32	true
33	true
34	true
35	false
36	true
37	false
38	true
39	false
40	true
41	false
42	false
43	false
44	true
45	false
46	false
47	true
48	true
49	true
50	false
51	true
52	true
53	false
54	false
55	true
56	false
57	true
58	false
59	false
60	false
61	true
62	true
63	true
64	true
65	true
66	false
67	false
68	false
69	false
70	true
71	true
72	false
73	true
74	true
75	false
76	true
77	true
78	true
79	true
80	false
81	true
82	true
83	false
84	true
85	false
86	true
87	false
88	true
89	true
90	true
91	true
92	false
93	true
394	false
395	false
396	false
397	false
398	true
399	true
400	false
401	false
402	false
403	false
404	true
405	false
406	false
407	false
408	true
409	true
410	false
411	false
412	false
413	false
414	true
415	true
416	false
417	true
418	false
419	true
420	true
421	true
422	true
423	true
424	true
425	true
426	true
427	true
428	true
429	true
430	true
431	true
432	false
433	true
434	false
435	true
436	false
437	false
438	true
439	false
440	true
441	true
442	false
443	true
444	true
445	true
446	true
447	false
448	false
449	false
450	true
451	true
452	true
453	true
454	true
455	true
456	true
457	false
458	true
459	true
460	true
461	true
462	false
463	false
464	true
465	true
466	true
467	false
468	true
469	false
470	true
471	true
472	false
473	false
474	false
475	false
476	true
477	true
778	true
779	false
780	true
781	true
782	true
783	true
784	false
785	true
786	false
787	false
788	false
789	false
790	false
791	true
792	true
793	true
794	false
795	true
796	false
797	false
798	true
799	false
800	false
801	false
802	false
803	false
804	false
805	true
806	true
807	false
808	true
809	false
810	true
811	true
812	false
813	false
814	false
815	true
816	false
817	false
818	false
819	false
820	false
821	false
822	false
823	false
824	true
825	false
826	false
827	true
828	true
829	false
830	false
831	false
832	false
833	true
834	false
835	false
836	false
837	false
838	false
839	false
840	false
841	true
842	false
843	false
844	false
845	false
846	false
847	false
848	true
849	true
850	true
851	true
852	false
853	false
854	true
855	true
856	true
857	false
858	true
859	false
860	true
861	false
862	true
863	true
864	true
865	false
866	true
867	true
868	true
869	true
870	true
871	false
872	true
873	false
874	false
875	true
876	true
877	true
878	false
879	true
880	true
881	true
882	true
883	false
884	true
885	true
886	true
887	false
888	true
