1	true
2	true
3	true
4	false
5	true
6	false
7	false
8	true
9	true
10	true
11	true
12	false
13	false
14	false
15	false
16	true
17	false
18	false
19	true
20	true
21	true
22	true
23	false
24	false
25	false
26	true
27	false
28	true
29	false
30	false
31	true
32	true
33	true
34	false
35	true
36	true
37	false
38	true
39	true
40	true
41	false
42	false
43	true
44	false
45	true
46	false
47	true
48	false
49	false
50	false
51	true
52	false
53	true
54	true
55	true
56	true
57	false
58	false
59	true
60	false
61	false
62	false
63	false
64	false
65	true
66	true
67	true
68	true
69	false
70	true
71	false
72	false
73	false
74	false
75	false
76	false
77	true
78	false
79	false
80	true
81	true
82	true
83	false
84	true
85	false
86	true
87	false
88	true
89	false
90	false
91	true
92	false
93	true
394	true
395	true
396	true
397	false
398	false
399	true
400	false
401	true
402	true
403	true
404	true
405	false
406	false
407	true
408	true
409	true
410	true
411	true
412	false
413	true
414	true
415	false
416	false
417	false
418	true
419	true
420	false
421	true
422	true
423	true
424	true
425	false
426	false
427	false
428	true
429	true
430	true
431	true
432	false
433	true
434	false
435	true
436	false
437	false
438	true
439	false
440	true
441	false
442	false
443	true
444	false
445	false
446	true
447	true
448	false
449	true
450	false
451	false
452	false
453	false
454	false
455	false
456	true
457	true
458	true
459	true
460	true
461	false
462	false
463	false
464	false
465	true
466	false
467	false
468	false
469	false
470	false
471	false
472	false
473	false
474	false
475	false
476	true
477	false
778	false
779	true
780	true
781	true
782	false
783	true
784	true
785	true
786	true
787	false
788	false
789	false
790	false
791	true
792	true
793	false
794	false
795	true
796	false
797	true
798	true
799	false
800	true
801	true
802	true
803	false
804	true
805	true
806	true
807	true
808	false
809	false
810	false
811	false
812	false
813	false
814	true
815	false
816	false
817	false
818	false
819	false
820	true
821	true
822	true
823	true
824	false
825	false
826	true
827	false
828	true
829	false
830	false
831	true
832	false
833	false
834	true
835	true
836	true
837	true
838	false
839	true
840	false
841	true
842	false
843	false
844	false
845	true
846	true
847	false
848	false
849	false
850	false
851	false
852	false
853	true
854	true
855	false
856	true
857	false
858	false
859	true
860	true
861	false
862	false
863	false
864	false
865	true
866	true
867	false
868	true
869	true
870	false
871	true
872	false
873	true
874	true
875	false
876	false
877	true
878	false
879	false
880	true
881	false
882	false
883	true
884	true
885	false
886	false
887	false
888	true
