1	true
2	false
3	true
4	true
5	false
6	true
7	true
8	false
9	true
10	true
11	true
12	true
13	true
14	false
15	true
16	false
17	false
18	false
19	true
20	false
21	true
22	false
23	true
24	false
25	true
26	true
27	false
28	true
29	true
30	true
31	true
32	true
33	true
34	false
35	true
36	false
37	false
38	false
39	true
40	true
41	false
42	true
43	true
44	false
45	true
46	false
47	false
48	true
49	true
50	true
51	false
52	false
53	false
54	true
55	true
56	true
57	true
58	false
59	false
60	false
61	true
62	true
63	true
64	false
65	false
66	false
67	true
68	false
69	true
70	true
71	true
72	true
73	false
74	true
75	true
76	false
77	true
78	true
79	true
80	false
81	true
82	true
83	false
84	false
85	true
86	true
87	false
88	false
89	false
90	true
91	true
92	false
93	true
394	true
395	true
396	false
397	false
398	true
399	false
400	true
401	false
402	true
403	true
404	false
405	true
406	true
407	false
408	false
409	true
410	true
411	false
412	true
413	true
414	true
415	true
416	true
417	false
418	true
419	false
420	false
421	true
422	false
423	false
424	true
425	false
426	false
427	true
428	false
429	false
430	false
431	false
432	true
433	true
434	true
435	false
436	false
437	true
438	true
439	false
440	false
441	true
442	false
443	false
444	false
445	true
446	false
447	true
448	false
449	false
450	false
451	false
452	true
453	true
454	false
455	false
456	true
457	false
458	false
459	true
460	false
461	true
462	true
463	false
464	true
465	false
466	false
467	false
468	true
469	false
470	true
471	false
472	false
473	false
474	true
475	false
476	true
477	false
778	false
779	false
780	true
781	false
782	false
783	false
784	false
785	false
786	true
787	true
788	true
789	true
790	true
791	false
792	false
793	true
794	false
795	true
796	true
797	true
798	false
799	true
800	true
801	false
802	true
803	false
804	true
805	false
806	true
807	false
808	false
809	true
810	false
811	false
812	false
813	false
814	false
815	false
816	true
817	true
818	true
819	false
820	true
821	false
822	true
823	false
824	true
825	true
826	false
827	true
828	true
829	true
830	true
831	true
832	false
833	true
834	false
835	false
836	false
837	true
838	false
839	false
840	true
841	false
842	false
843	true
844	false
845	false
846	false
847	true
848	false
849	true
850	false
851	true
852	false
853	false
854	false
855	true
856	false
857	false
858	false
859	false
860	true
861	false
862	true
863	true
864	true
865	true
866	false
867	false
868	false
869	true
870	true
871	false
872	true
873	false
874	false
875	false
876	false
877	false
878	true
879	true
880	true
881	true
882	false
883	false
884	true
885	true
886	false
887	true
888	false
