1	false
2	false
3	true
4	true
5	true
6	false
7	true
8	false
9	false
10	false
11	true
12	true
13	false
14	true
15	true
16	true
17	true
18	true
19	false
20	false
21	false
22	true
23	true
24	true
25	false
26	false
27	true
28	false
29	true
30	false
31	false
32	true
33	false
34	false
35	true
36	false
37	false
38	false
39	true
40	true
41	false
42	true
43	true
44	true
45	false
46	true
47	true
48	false
49	true
50	false
51	false
52	false
53	false
54	true
55	true
56	false
57	true
58	false
59	false
60	false
61	false
62	false
63	true
64	false
65	true
66	false
67	false
68	false
69	true
70	true
71	true
72	true
73	true
74	false
75	true
76	true
77	true
78	true
79	false
80	true
81	false
82	true
83	false
84	false
85	true
86	false
87	false
88	true
89	true
90	true
91	true
92	false
93	false
394	true
395	false
396	false
397	true
398	false
399	false
400	true
401	true
402	true
403	false
404	false
405	true
406	false
407	false
408	true
409	false
410	true
411	false
412	true
413	false
414	false
415	false
416	true
417	true
418	false
419	true
420	false
421	true
422	false
423	false
424	true
425	false
426	true
427	true
428	true
429	true
430	false
431	false
432	true
433	false
434	true
435	true
436	true
437	true
438	false
439	true
440	true
441	false
442	true
443	false
444	false
445	false
446	false
447	false
448	true
449	true
450	false
451	true
452	false
453	false
454	false
455	true
456	true
457	true
458	false
459	false
460	false
461	true
462	true
463	false
464	true
465	false
466	true
467	false
468	true
469	false
470	true
471	true
472	false
473	true
474	true
475	true
476	false
477	false
778	false
779	true
780	false
781	false
782	true
783	false
784	false
785	false
786	false
787	false
788	false
789	true
790	false
791	true
792	true
793	false
794	true
795	true
796	false
797	true
798	false
799	false
800	true
801	true
802	false
803	true
804	true
805	false
806	true
807	false
808	true
809	true
810	true
811	false
812	false
813	false
814	true
815	true
816	false
817	false
818	true
819	true
820	true
821	false
822	false
823	true
824	true
825	true
826	true
827	false
828	false
829	false
830	true
831	true
832	true
833	false
834	false
835	true
836	true
837	true
838	false
839	false
840	true
841	true
842	true
843	true
844	false
845	true
846	true
847	true
848	false
849	false
850	false
851	false
852	false
853	true
854	false
855	false
856	true
857	false
858	true
859	true
860	true
861	false
862	true
863	false
864	true
865	true
866	false
867	true
868	false
869	false
870	true
871	true
872	true
873	false
874	false
875	true
876	false
877	false
878	true
879	true
880	false
881	true
882	false
883	false
884	true
885	false
886	true
887	true
888	false
