1	false
2	true
3	true
4	true
5	true
6	true
7	true
8	true
9	false
10	false
11	true
12	true
13	false
14	false
15	true
16	false
17	false
18	false
19	false
20	true
21	false
22	false
23	false
24	true
25	false
26	false
27	false
28	false
29	false
30	true
31	false
32	false
33	false
34	true
35	false
36	false
37	false
38	false
39	true
40	true
41	true
42	false
43	true
44	false
45	false
46	true
47	true
48	true
49	true
50	false
51	false
52	false
53	false
54	true
55	false
56	true
57	true
58	false
59	true
60	false
61	true
62	false
63	true
64	true
65	true
66	true
67	true
68	true
69	false
70	false
71	true
72	true
73	false
74	false
75	true
76	true
77	false
78	true
79	true
80	false
81	false
82	false
83	false
84	true
85	true
86	true
87	true
88	true
89	true
90	false
91	false
92	true
93	true
394	false
395	false
396	true
397	true
398	true
399	false
400	false
401	false
402	true
403	false
404	false
405	true
406	true
407	true
408	false
409	true
410	true
411	false
412	true
413	true
414	false
415	false
416	false
417	true
418	false
419	false
420	false
421	true
422	false
423	true
424	true
425	false
426	false
427	false
428	true
429	false
430	true
431	false
432	true
433	true
434	false
435	false
436	false
437	true
438	true
439	true
440	true
441	false
442	false
443	false
444	true
445	true
446	false
447	false
448	false
449	true
450	false
451	false
452	true
453	false
454	false
455	false
456	true
457	false
458	false
459	false
460	true
461	true
462	true
463	false
464	true
465	false
466	true
467	true
468	false
469	false
470	true
471	false
472	false
473	true
474	true
475	true
476	false
477	false
778	true
779	false
780	false
781	false
782	true
783	true
784	false
785	false
786	false
787	false
788	false
789	true
790	true
791	false
792	true
793	false
794	false
795	false
796	true
797	false
798	false
799	true
800	false
801	false
802	true
803	false
804	false
805	false
806	false
807	true
808	false
809	false
810	false
811	true
812	false
813	true
814	false
815	false
816	true
817	false
818	false
819	false
820	false
821	false
822	false
823	false
824	false
825	true
826	false
827	true
828	false
829	true
830	true
831	true
832	true
833	false
834	false
835	true
836	true
837	true
838	false
839	false
840	false
841	false
842	true
843	true
844	true
845	false
846	true
847	true
848	true
849	false
850	false
851	true
852	false
853	true
854	false
855	true
856	true
857	true
858	false
859	true
860	false
861	false
862	false
863	false
864	false
865	true
866	true
867	false
868	true
869	false
870	false
871	false
872	true
873	false
874	true
875	false
876	false
877	true
878	true
879	false
880	true
881	false
882	true
883	true
884	true
885	true
886	true
887	false
888	true
