1	true
2	false
3	true
4	true
5	false
6	true
7	true
8	false
9	true
10	true
11	false
12	true
13	true
14	false
15	false
16	false
17	false
18	false
19	false
20	true
21	false
22	false
23	false
24	true
25	false
26	true
27	false
28	true
29	false
30	true
31	true
32	true
33	false
34	false
35	true
36	true
37	true
38	true
39	false
40	true
41	true
42	true
43	false
44	false
45	true
46	true
47	false
48	false
49	false
50	true
51	false
52	false
53	false
54	false
55	false
56	false
57	false
58	false
59	true
60	true
61	false
62	false
63	false
64	false
65	false
66	true
67	true
68	true
69	true
70	true
71	true
72	true
73	true
74	true
75	true
76	false
77	true
78	true
79	false
80	false
81	false
82	true
83	false
84	true
85	false
86	true
87	true
88	false
89	true
90	false
91	false
92	true
93	true
394	true
395	false
396	false
397	true
398	false
399	true
400	true
401	true
402	false
403	false
404	false
405	false
406	false
407	true
408	true
409	false
410	false
411	false
412	true
413	false
414	true
415	false
416	true
417	false
418	true
419	true
420	false
421	true
422	false
423	false
424	true
425	false
426	true
427	true
428	true
429	true
430	false
431	false
432	true
433	true
434	true
435	false
436	false
437	false
438	true
439	true
440	false
441	false
442	true
443	true
444	true
445	true
446	true
447	false
448	false
449	true
450	true
451	false
452	true
453	true
454	true
455	false
456	true
457	false
458	false
459	false
460	true
461	false
462	true
463	false
464	false
465	true
466	true
467	true
468	false
469	true
470	true
471	false
472	false
473	false
474	false
475	true
476	false
477	true
778	false
779	true
780	false
781	true
782	true
783	true
784	false
785	false
786	false
787	false
788	false
789	true
790	false
791	false
792	false
793	false
794	true
795	true
796	true
797	true
798	false
799	true
800	false
801	true
802	true
803	true
804	false
805	true
806	false
807	true
808	false
809	false
810	true
811	false
812	false
813	false
814	false
815	true
816	true
817	true
818	false
819	false
820	false
821	false
822	false
823	false
824	true
825	true
826	true
827	false
828	false
829	false
830	true
831	true
832	true
833	false
834	false
835	false
836	false
837	true
838	true
839	true
840	false
841	true
842	false
843	true
844	false
845	true
846	false
847	false
848	false
849	false
850	true
851	false
852	true
853	true
854	true
855	true
856	false
857	true
858	false
859	true
860	false
861	true
862	true
863	true
864	true
865	false
866	true
867	false
868	false
869	false
870	true
871	false
872	false
873	true
874	true
875	false
876	true
877	false
878	true
879	true
880	false
881	true
882	true
883	false
884	false
885	false
886	false
887	false
888	false
