1	false
2	true
3	false
4	true
5	false
6	true
7	false
8	false
9	true
10	false
11	false
12	true
13	false
14	false
15	false
16	true
17	true
18	true
19	false
20	false
21	true
22	false
23	false
24	false
25	true
26	true
27	true
28	false
29	true
30	true
31	true
32	false
33	false
34	false
35	true
36	false
37	false
38	true
39	false
40	true
41	true
42	true
43	false
44	false
45	false
46	true
47	false
48	false
49	false
50	false
51	false
52	false
53	false
54	false
55	true
56	true
57	false
58	true
59	false
60	false
61	true
62	false
63	true
64	false
65	false
66	true
67	true
68	true
69	false
70	true
71	false
72	true
73	true
74	true
75	true
76	false
77	true
78	true
79	true
80	true
81	true
82	true
83	false
84	false
85	false
86	true
87	false
88	false
89	false
90	true
91	true
92	false
93	false
394	true
395	false
396	true
397	true
398	false
399	false
400	true
401	true
402	true
403	false
404	false
405	false
406	false
407	true
408	true
409	true
410	false
411	false
412	false
413	true
414	true
415	true
416	true
417	false
418	true
419	false
420	false
421	false
422	false
423	false
424	true
425	false
426	false
427	false
428	true
429	true
430	false
431	true
432	false
433	true
434	false
435	false
436	false
437	false
438	false
439	true
440	true
441	true
442	false
443	false
444	false
445	false
446	true
447	false
448	false
449	false
450	false
451	true
452	false
453	false
454	true
455	true
456	true
457	true
458	false
459	true
460	true
461	false
462	false
463	false
464	false
465	false
466	false
467	false
468	true
469	true
470	true
471	true
472	false
473	false
474	false
475	true
476	true
477	true
778	false
779	true
780	true
781	false
782	false
783	false
784	false
785	false
786	true
787	false
788	false
789	true
790	false
791	true
792	true
793	false
794	false
795	false
796	true
797	false
798	true
799	true
800	true
801	false
802	false
803	true
804	false
805	true
806	false
807	true
808	true
809	false
810	false
811	true
812	true
813	false
814	false
815	false
816	true
817	false
818	false
819	true
820	true
821	false
822	true
823	false
824	false
825	false
826	true
827	false
828	true
829	false
830	true
831	true
832	true
833	true
834	false
835	true
836	false
837	true
838	false
839	false
840	true
841	true
842	true
843	true
844	false
845	true
846	true
847	false
848	false
849	false
850	false
851	true
852	false
853	true
854	false
855	true
856	true
857	false
858	true
859	false
860	false
861	true
862	true
863	true
864	false
865	true
866	true
867	false
868	false
869	true
870	true
871	true
872	true
873	true
874	false
875	false
876	false
877	true
878	false
879	true
880	false
881	true
882	false
883	true
884	true
885	false
886	true
887	false
888	true
