1	true
2	false
3	false
4	false
5	false
6	false
7	true
8	false
9	true
10	true
11	false
12	true
13	true
14	false
15	true
16	false
17	true
18	false
19	false
20	false
21	false
22	false
23	true
24	false
25	true
26	true
27	true
28	true
29	true
30	true
31	false
32	true
33	true
34	false
35	true
36	true
37	true
38	true
39	true
40	false
41	true
42	false
43	true
44	false
45	false
46	true
47	true
48	true
49	true
50	false
51	false
52	true
53	false
54	true
55	true
56	true
57	true
58	true
59	false
60	false
61	false
62	true
63	false
64	false
65	false
66	false
67	true
68	false
69	false
70	true
71	false
72	false
73	false
74	false
75	true
76	true
77	false
78	true
79	false
80	false
81	false
82	true
83	false
84	true
85	false
86	false
87	true
88	true
89	false
90	true
91	true
92	true
93	false
394	false
395	false
396	false
397	true
398	false
399	true
400	false
401	false
402	false
403	false
404	false
405	false
406	false
407	true
408	true
409	true
410	false
411	true
412	true
413	true
414	true
415	true
416	false
417	true
418	true
419	true
420	false
421	true
422	true
423	true
424	false
425	false
426	false
427	true
428	false
429	true
430	true
431	true
432	false
433	false
434	true
435	true
436	true
437	true
438	true
439	true
440	false
441	true
442	true
443	false
444	true
445	false
446	true
447	false
448	true
449	true
450	true
451	true
452	true
453	false
454	true
455	true
456	false
457	true
458	true
459	true
460	false
461	false
462	true
463	false
464	true
465	false
466	false
467	false
468	false
469	true
470	false
471	false
472	true
473	true
474	false
475	false
476	true
477	true
778	false
779	false
780	false
781	true
782	true
783	false
784	false
785	false
786	false
787	true
788	true
789	true
790	false
791	true
792	false
793	true
794	false
795	true
796	true
797	true
798	false
799	true
800	true
801	true
802	true
803	false
804	false
805	true
806	true
807	false
808	false
809	true
810	true
811	true
812	false
813	true
814	true
815	false
816	false
817	false
818	true
819	false
820	true
821	false
822	false
823	false
824	false
825	true
826	false
827	false
828	false
829	true
830	false
831	true
832	false
833	true
834	true
835	false
836	true
837	true
838	false
839	true
840	false
841	false
842	false
843	true
844	true
845	false
846	false
847	true
848	false
849	true
850	true
851	false
852	false
853	true
854	true
855	false
856	false
857	false
858	false
859	true
860	true
861	true
862	false
863	true
864	false
865	true
866	false
867	true
868	true
869	true
870	false
871	true
872	false
873	false
874	true
875	true
876	false
877	false
878	true
879	true
880	false
881	true
882	true
883	false
884	false
885	false
886	false
887	false
888	false
