1	true
2	false
3	true
4	false
5	false
6	false
7	false
8	true
9	false
10	false
11	false
12	false
13	false
14	false
15	false
16	false
17	true
18	true
19	true
20	false
21	false
22	false
23	true
24	true
25	false
26	true
27	false
28	false
29	true
30	true
31	false
32	false
33	true
34	false
35	true
36	false
37	false
38	true
39	true
40	true
41	false
42	false
43	true
44	false
45	false
46	false
47	true
48	false
49	false
50	false
51	false
52	true
53	true
54	false
55	false
56	false
57	false
58	true
59	false
60	false
61	false
62	true
63	true
64	true
65	false
66	false
67	false
68	false
69	true
70	true
71	false
72	false
73	true
74	true
75	true
76	false
77	true
78	true
79	false
80	false
81	true
82	true
83	true
84	true
85	false
86	false
87	false
88	true
89	true
90	false
91	true
92	true
93	false
394	true
395	true
396	false
397	true
398	false
399	false
400	false
401	false
402	true
403	true
404	false
405	false
406	false
407	true
408	true
409	true
410	false
411	false
412	true
413	false
414	false
415	false
416	true
417	true
418	false
419	false
420	true
421	false
422	true
423	false
424	true
425	true
426	false
427	true
428	true
429	false
430	true
431	true
432	false
433	false
434	true
435	true
436	false
437	true
438	false
439	false
440	false
441	true
442	true
443	false
444	false
445	true
446	true
447	false
448	false
449	true
450	true
451	true
452	false
453	false
454	false
455	true
456	false
457	true
458	false
459	true
460	false
461	true
462	false
463	false
464	true
465	false
466	true
467	true
468	true
469	false
470	true
471	false
472	true
473	true
474	false
475	false
476	true
477	false
778	false
779	false
780	false
781	true
782	true
783	false
784	false
785	false
786	true
787	false
788	false
789	true
790	true
791	true
792	true
793	true
794	false
795	true
796	true
797	false
798	false
799	true
800	true
801	true
802	false
803	false
804	false
805	false
806	true
807	true
808	true
809	true
810	false
811	false
812	true
813	false
814	false
815	false
816	false
817	false
818	false
819	false
820	false
821	false
822	true
823	false
824	true
825	false
826	false
827	true
828	true
829	true
830	true
831	false
832	true
833	true
834	true
835	true
836	true
837	true
838	true
839	true
840	true
841	true
842	true
843	false
844	false
845	true
846	true
847	false
848	true
849	true
850	true
851	false
852	true
853	true
854	false
855	true
856	true
857	false
858	false
859	true
860	true
861	false
862	false
863	false
864	false
865	false
866	true
867	false
868	true
869	false
870	false
871	false
872	false
873	true
874	false
875	false
876	false
877	true
878	true
879	true
880	false
881	true
882	true
883	false
884	false
885	false
886	false
887	false
888	true
