1	true
2	true
3	false
4	false
5	true
6	false
7	true
8	true
9	false
10	false
11	false
12	false
13	true
14	false
15	false
16	false
17	false
18	true
19	false
20	false
21	false
22	true
23	true
24	true
25	false
26	false
27	false
28	true
29	false
30	false
31	true
32	false
33	false
34	true
35	true
36	true
37	false
38	false
39	true
40	true
41	false
42	true
43	true
44	true
45	true
46	false
47	true
48	false
49	false
50	false
51	true
52	false
53	true
54	false
55	true
56	false
57	false
58	true
59	false
60	true
61	false
62	false
63	false
64	true
65	true
66	false
67	true
68	true
69	false
70	false
71	true
72	true
73	false
74	false
75	true
76	false
77	false
78	false
79	false
80	false
81	true
82	true
83	true
84	true
85	false
86	true
87	false
88	false
89	false
90	true
91	true
92	true
93	true
394	true
395	false
396	false
397	true
398	false
399	false
400	true
401	false
402	false
403	false
404	false
405	false
406	true
407	true
408	true
409	false
410	false
411	false
412	false
413	true
414	true
415	true
416	false
417	false
418	true
419	true
420	true
421	false
422	true
423	true
424	true
425	false
426	false
427	false
428	true
429	true
430	true
431	true
432	false
433	true
434	false
435	true
436	false
437	false
438	true
439	false
440	true
441	false
442	false
443	true
444	true
445	false
446	false
447	false
448	true
449	false
450	true
451	true
452	false
453	true
454	true
455	false
456	true
457	false
458	true
459	true
460	false
461	true
462	false
463	false
464	false
465	false
466	true
467	true
468	false
469	false
470	false
471	true
472	true
473	true
474	true
475	false
476	true
477	false
778	true
779	false
780	true
781	true
782	false
783	true
784	false
785	true
786	false
787	true
788	false
789	false
790	false
791	false
792	true
793	true
794	false
795	false
796	false
797	false
798	false
799	false
800	true
801	true
802	true
803	true
804	false
805	true
806	true
807	false
808	false
809	true
810	true
811	true
812	false
813	false
814	false
815	true
816	false
817	false
818	false
819	false
820	false
821	false
822	true
823	false
824	false
825	true
826	true
827	false
828	true
829	false
830	true
831	true
832	false
833	true
834	false
835	false
836	true
837	false
838	true
839	false
840	true
841	false
842	true
843	true
844	true
845	true
846	true
847	true
848	false
849	true
850	true
851	true
852	true
853	true
854	true
855	false
856	true
857	false
858	false
859	true
860	false
861	true
862	false
863	false
864	false
865	false
866	false
867	true
868	false
869	false
870	true
871	true
872	false
873	true
874	false
875	false
876	false
877	false
878	true
879	false
880	true
881	false
882	false
883	false
884	true
885	false
886	true
887	false
888	false
