1	false
2	false
3	true
4	false
5	false
6	true
7	true
8	false
9	true
10	false
11	true
12	true
13	true
14	true
15	false
16	false
17	false
18	false
19	true
20	false
21	true
22	false
23	true
24	true
25	true
26	false
27	true
28	false
29	false
30	false
31	false
32	false
33	true
34	true
35	false
36	false
37	false
38	true
39	true
40	false
41	false
42	true
43	true
44	true
45	false
46	true
47	true
48	true
49	true
50	true
51	false
52	true
53	true
54	false
55	false
56	true
57	true
58	false
59	true
60	false
61	false
62	false
63	true
64	true
65	true
66	false
67	false
68	false
69	false
70	true
71	false
72	true
73	false
74	true
75	true
76	true
77	true
78	false
79	true
80	false
81	true
82	true
83	true
84	false
85	false
86	false
87	false
88	true
89	true
90	true
91	true
92	false
93	true
394	true
395	false
396	true
397	true
398	true
399	false
400	true
401	true
402	false
403	false
404	true
405	true
406	false
407	true
408	true
409	true
410	false
411	true
412	true
413	false
414	false
415	false
416	false
417	false
418	false
419	false
420	false
421	false
422	true
423	true
424	false
425	false
426	false
427	false
428	false
429	true
430	false
431	false
432	true
433	false
434	false
435	false
436	true
437	false
438	true
439	false
440	false
441	true
442	false
443	true
444	true
445	true
446	false
447	true
448	true
449	true
450	true
451	false
452	false
453	true
454	false
455	false
456	true
457	true
458	false
459	false
460	false
461	false
462	false
463	true
464	true
465	true
466	false
467	false
468	false
469	true
470	true
471	false
472	true
473	false
474	false
475	true
476	true
477	false
778	true
779	false
780	false
781	false
782	true
783	false
784	false
785	true
786	true
787	false
788	true
789	true
790	true
791	false
792	true
793	false
794	true
795	true
796	true
797	false
798	false
799	false
800	true
801	false
802	false
803	true
804	true
805	true
806	true
807	false
808	false
809	false
810	true
811	false
812	false
813	true
814	false
815	true
816	true
817	false
818	true
819	true
820	false
821	false
822	false
823	false
824	true
825	false
826	false
827	true
828	true
829	true
830	false
831	true
832	false
833	true
834	true
835	true
836	true
837	false
838	false
839	false
840	true
841	false
842	true
843	true
844	false
845	true
846	true
847	true
848	true
849	true
850	false
851	false
852	false
853	false
854	false
855	false
856	true
857	true
858	true
859	true
860	true
861	false
862	true
863	false
864	true
865	false
866	false
867	true
868	true
869	true
870	false
871	false
872	true
873	false
874	true
875	true
876	false
877	false
878	false
879	true
880	false
881	false
882	true
883	false
884	false
885	true
886	true
887	false
888	true
