1	false
2	true
3	false
4	false
5	true
6	false
7	false
8	true
9	false
10	false
11	false
12	false
13	false
14	true
15	true
16	false
17	true
18	false
19	true
20	false
21	true
22	true
23	false
24	true
25	true
26	true
27	true
28	true
29	true
30	true
31	false
32	false
33	false
34	false
35	false
36	true
37	false
38	false
39	false
40	true
41	false
42	false
43	false
44	true
45	true
46	false
47	true
48	true
49	false
50	false
51	true
52	true
53	true
54	true
55	false
56	false
57	false
58	false
59	true
60	true
61	false
62	false
63	true
64	false
65	false
66	false
67	false
68	true
69	true
70	false
71	false
72	false
73	false
74	false
75	true
76	true
77	false
78	true
79	true
80	true
81	false
82	true
83	false
84	true
85	false
86	true
87	true
88	true
89	true
90	false
91	true
92	true
93	false
394	true
395	false
396	false
397	false
398	true
399	true
400	true
401	false
402	true
403	false
404	true
405	true
406	false
407	true
408	true
409	true
410	false
411	false
412	false
413	false
414	true
415	false
416	false
417	true
418	true
419	false
420	false
421	false
422	false
423	false
424	true
425	true
426	false
427	false
428	false
429	false
430	true
431	true
432	true
433	false
434	true
435	false
436	true
437	false
438	false
439	false
440	true
441	false
442	true
443	true
444	true
445	true
446	false
447	true
448	false
449	true
450	true
451	false
452	false
453	true
454	false
455	false
456	false
457	false
458	true
459	true
460	false
461	true
462	false
463	true
464	false
465	false
466	false
467	true
468	true
469	false
470	false
471	false
472	false
473	false
474	false
475	true
476	true
477	false
778	true
779	true
780	false
781	true
782	false
783	false
784	true
785	true
786	true
787	false
788	true
789	true
790	true
791	false
792	false
793	false
794	true
795	true
796	true
797	false
798	true
799	true
800	true
801	true
802	false
803	true
804	false
805	false
806	true
807	true
808	true
809	true
810	false
811	false
812	false
813	true
814	false
815	false
816	true
817	true
818	false
819	false
820	true
821	true
822	true
823	true
824	false
825	false
826	false
827	true
828	false
829	false
830	true
831	true
832	true
833	false
834	true
835	false
836	false
837	false
838	true
839	true
840	false
841	false
842	true
843	true
844	true
845	true
846	true
847	false
848	true
849	true
850	false
851	true
852	false
853	true
854	true
855	true
856	true
857	false
858	false
859	false
860	false
861	false
862	true
863	false
864	false
865	false
866	false
867	false
868	false
869	false
870	false
871	true
872	true
873	false
874	false
875	true
876	true
877	false
878	false
879	true
880	true
881	true
882	true
883	true
884	false
885	false
886	false
887	true
888	true
