1	false
2	true
3	false
4	false
5	false
6	false
7	true
8	false
9	false
10	true
11	true
12	false
13	true
14	true
15	false
16	true
17	false
18	true
19	true
20	false
21	false
22	true
23	false
24	false
25	false
26	true
27	false
28	false
29	true
30	false
31	false
32	true
33	false
34	true
35	false
36	true
37	true
38	true
39	false
40	true
41	false
42	false
43	false
44	false
45	true
46	true
47	false
48	false
49	true
50	true
51	true
52	true
53	true
54	true
55	true
56	true
57	false
58	true
59	true
60	false
61	false
62	true
63	false
64	false
65	true
66	true
67	true
68	true
69	true
70	true
71	false
72	false
73	false
74	true
75	false
76	false
77	false
78	false
79	true
80	true
81	true
82	false
83	true
84	false
85	true
86	false
87	true
88	false
89	false
90	true
91	true
92	true
93	false
394	true
395	false
396	true
397	true
398	false
399	false
400	false
401	false
402	false
403	true
404	true
405	false
406	false
407	true
408	true
409	false
410	false
411	true
412	true
413	true
414	true
415	true
416	true
417	false
418	true
419	false
420	false
421	true
422	true
423	true
424	true
425	true
426	false
427	false
428	false
429	true
430	true
431	true
432	true
433	false
434	false
435	true
436	false
437	false
438	false
439	true
440	false
441	true
442	true
443	false
444	false
445	true
446	true
447	false
448	true
449	false
450	false
451	false
452	false
453	true
454	true
455	true
456	false
457	false
458	false
459	true
460	false
461	true
462	false
463	false
464	true
465	true
466	true
467	false
468	false
469	false
470	false
471	true
472	true
473	true
474	false
475	false
476	true
477	true
778	false
779	true
780	true
781	true
782	false
783	false
784	false
785	false
786	false
787	true
788	true
789	true
790	true
791	true
792	false
793	false
794	true
795	true
796	true
797	true
798	true
799	false
800	false
801	true
802	false
803	false
804	true
805	true
806	false
807	true
808	false
809	false
810	true
811	true
812	false
813	false
814	true
815	true
816	false
817	true
818	false
819	true
820	true
821	false
822	false
823	false
824	true
825	true
826	false
827	false
828	true
829	false
830	false
831	false
832	false
833	true
834	true
835	false
836	false
837	false
838	true
839	false
840	false
841	true
842	true
843	true
844	true
845	false
846	true
847	false
848	true
849	false
850	true
851	true
852	false
853	true
854	false
855	false
856	true
857	true
858	false
859	false
860	true
861	false
862	false
863	false
864	true
865	true
866	false
867	true
868	true
869	false
870	false
871	true
872	true
873	false
874	false
875	true
876	true
877	false
878	true
879	false
880	false
881	true
882	true
883	true
884	true
885	false
886	false
887	true
888	true
