1	false
2	false
3	true
4	false
5	true
6	true
7	false
8	true
9	false
10	true
11	true
12	false
13	false
14	false
15	false
16	false
17	true
18	true
19	true
20	true
21	true
22	false
23	false
24	true
25	true
26	false
27	false
28	true
29	true
30	false
31	false
32	true
33	false
34	true
35	false
36	true
37	false
38	false
39	true
40	false
41	true
42	false
43	true
44	false
45	false
46	false
47	false
48	false
49	false
50	false
51	false
52	true
53	false
54	true
55	false
56	true
57	true
58	true
59	true
60	false
61	true
62	false
63	true
64	false
65	true
66	true
67	true
68	true
69	true
70	true
71	true
72	false
73	true
74	false
75	false
76	true
77	true
78	true
79	true
80	true
81	false
82	false
83	true
84	false
85	false
86	true
87	true
88	false
89	true
90	false
91	false
92	false
93	false
394	false
395	true
396	true
397	false
398	false
399	true
400	true
401	false
402	false
403	true
404	true
405	true
406	false
407	false
408	true
409	false
410	true
411	true
412	false
413	true
414	true
415	false
416	true
417	false
418	false
419	true
420	true
421	false
422	true
423	true
424	true
425	true
426	true
427	true
428	false
429	true
430	false
431	false
432	false
433	false
434	false
435	true
436	false
437	true
438	false
439	true
440	true
441	false
442	true
443	true
444	true
445	true
446	true
447	false
448	false
449	true
450	true
451	false
452	false
453	false
454	false
455	true
456	false
457	true
458	true
459	false
460	true
461	true
462	false
463	false
464	true
465	true
466	true
467	false
468	true
469	true
470	true
471	true
472	true
473	false
474	true
475	true
476	false
477	false
778	false
779	true
780	false
781	true
782	true
783	false
784	true
785	false
786	true
787	false
788	true
789	true
790	false
791	false
792	true
793	false
794	false
795	false
796	true
797	false
798	true
799	false
800	true
801	true
802	true
803	true
804	true
805	true
806	false
807	false
808	false
809	true
810	true
811	false
812	false
813	true
814	false
815	false
816	true
817	true
818	false
819	false
820	true
821	false
822	true
823	false
824	false
825	false
826	true
827	false
828	true
829	false
830	true
831	false
832	true
833	true
834	false
835	true
836	true
837	true
838	false
839	true
840	false
841	false
842	false
843	true
844	true
845	false
846	false
847	true
848	false
849	true
850	true
851	true
852	false
853	false
854	true
855	true
856	true
857	false
858	false
859	true
860	true
861	false
862	false
863	true
864	false
865	false
866	true
867	false
868	true
869	false
870	true
871	true
872	false
873	false
874	false
875	true
876	true
877	true
878	true
879	true
880	true
881	false
882	true
883	false
884	false
885	false
886	true
887	true
888	true
