1	false
2	true
3	true
4	true
5	true
6	false
7	false
8	true
9	false
10	false
11	false
12	true
13	true
14	false
15	true
16	true
17	false
18	true
19	true
20	false
21	true
22	false
23	false
24	false
25	true
26	false
27	false
28	true
29	false
30	true
31	true
32	true
33	true
34	false
35	true
36	true
37	false
38	false
39	false
40	false
41	false
42	false
43	false
44	true
45	true
46	false
47	false
48	true
49	false
50	false
51	false
52	false
53	true
54	false
55	false
56	true
57	false
58	true
59	false
60	true
61	true
62	true
63	true
64	true
65	true
66	true
67	false
68	false
69	true
70	true
71	true
72	true
73	false
74	true
75	false
76	false
77	true
78	false
79	false
80	true
81	false
82	false
83	true
84	false
85	true
86	false
87	false
88	true
89	false
90	false
91	true
92	false
93	false
394	true
395	false
396	true
397	false
398	true
399	true
400	true
401	true
402	true
403	false
404	false
405	true
406	false
407	true
408	true
409	true
410	false
411	false
412	true
413	false
414	false
415	true
416	true
417	false
418	true
419	false
420	true
421	true
422	true
423	false
424	true
425	false
426	false
427	false
428	true
429	true
430	false
431	false
432	true
433	true
434	true
435	false
436	true
437	false
438	false
439	true
440	false
441	false
442	false
443	true
444	false
445	true
446	true
447	false
448	true
449	false
450	false
451	false
452	true
453	true
454	true
455	true
456	true
457	false
458	true
459	true
460	false
461	false
462	false
463	false
464	false
465	false
466	false
467	false
468	false
469	false
470	false
471	true
472	true
473	true
474	true
475	true
476	false
477	true
778	false
779	true
780	true
781	false
782	false
783	true
784	true
785	true
786	false
787	true
788	true
789	false
790	false
791	false
792	false
793	false
794	false
795	false
796	false
797	true
798	true
799	false
800	false
801	true
802	true
803	true
804	true
805	true
806	true
807	true
808	false
809	true
810	true
811	false
812	false
813	true
814	true
815	true
816	true
817	false
818	false
819	false
820	true
821	true
822	false
823	true
824	false
825	true
826	true
827	true
828	false
829	false
830	true
831	true
832	true
833	false
834	false
835	false
836	true
837	true
838	true
839	false
840	false
841	false
842	true
843	true
844	false
845	true
846	true
847	false
848	false
849	false
850	false
851	false
852	true
853	true
854	false
855	false
856	true
857	true
858	false
859	false
860	true
861	false
862	true
863	true
864	true
865	false
866	false
867	false
868	false
869	false
870	true
871	true
872	false
873	false
874	false
875	true
876	true
877	true
878	false
879	false
880	true
881	false
882	false
883	false
884	true
885	false
886	false
887	false
888	false
