1	false
2	false
3	false
4	true
5	false
6	false
7	false
8	true
9	true
10	true
11	false
12	true
13	true
14	true
15	true
16	true
17	true
18	false
19	true
20	false
21	false
22	false
23	false
24	false
25	true
26	true
27	true
28	false
29	true
30	true
31	false
32	false
33	true
34	true
35	false
36	false
37	false
38	false
39	false
40	false
41	false
42	true
43	false
44	false
45	true
46	true
47	false
48	false
49	true
50	false
51	false
52	true
53	false
54	true
55	false
56	false
57	false
58	true
59	true
60	false
61	false
62	false
63	true
64	true
65	true
66	true
67	true
68	true
69	true
70	true
71	false
72	true
73	true
74	true
75	true
76	false
77	true
78	false
79	true
80	false
81	false
82	true
83	true
84	false
85	false
86	true
87	true
88	true
89	true
90	true
91	false
92	false
93	false
394	true
395	false
396	false
397	true
398	true
399	true
400	true
401	true
402	false
403	false
404	false
405	false
406	true
407	true
408	true
409	false
410	true
411	true
412	true
413	true
414	false
415	true
416	true
417	true
418	false
419	true
420	true
421	true
422	true
423	true
424	false
425	true
426	false
427	true
428	false
429	false
430	true
431	false
432	true
433	false
434	true
435	false
436	true
437	false
438	false
439	false
440	true
441	true
442	true
443	false
444	false
445	false
446	true
447	false
448	true
449	true
450	false
451	true
452	false
453	true
454	true
455	false
456	false
457	false
458	false
459	false
460	true
461	true
462	false
463	true
464	false
465	false
466	false
467	true
468	false
469	true
470	false
471	true
472	true
473	true
474	false
475	false
476	true
477	true
778	false
779	true
780	true
781	true
782	false
783	false
784	false
785	false
786	true
787	true
788	false
789	false
790	true
791	true
792	false
793	true
794	false
795	false
796	false
797	true
798	true
799	true
800	true
801	true
802	true
803	true
804	true
805	false
806	false
807	true
808	true
809	false
810	false
811	true
812	true
813	true
814	true
815	false
816	true
817	false
818	false
819	false
820	true
821	false
822	false
823	false
824	true
825	true
826	false
827	true
828	false
829	true
830	true
831	true
832	false
833	true
834	true
835	false
836	false
837	false
838	true
839	false
840	false
841	false
842	true
843	true
844	false
845	false
846	false
847	true
848	true
849	true
850	false
851	true
852	false
853	true
854	true
855	true
856	true
857	false
858	true
859	true
860	true
861	true
862	false
863	false
864	true
865	false
866	false
867	false
868	true
869	true
870	false
871	true
872	false
873	false
874	true
875	true
876	false
877	false
878	false
879	true
880	false
881	true
882	true
883	false
884	true
885	true
886	false
887	true
888	true
