1	false
2	false
3	false
4	true
5	false
6	false
7	false
8	true
9	true
10	false
11	false
12	false
13	true
14	false
15	true
16	false
17	false
18	false
19	false
20	true
21	true
22	false
23	true
24	true
25	true
26	false
27	false
28	false
29	true
30	true
31	false
32	false
33	false
34	true
35	true
36	true
37	false
38	true
39	false
40	false
41	true
42	true
43	false
44	true
45	false
46	true
47	true
48	true
49	false
50	true
51	false
52	false
53	false
54	true
55	true
56	false
57	false
58	true
59	true
60	true
61	false
62	false
63	true
64	false
65	true
66	true
67	false
68	false
69	false
70	false
71	false
72	true
73	true
74	true
75	false
76	true
77	true
78	false
79	true
80	false
81	false
82	false
83	true
84	false
85	true
86	false
87	true
88	true
89	true
90	true
91	false
92	true
93	false
394	false
395	true
396	false
397	true
398	true
399	false
400	true
401	false
402	false
403	false
404	false
405	true
406	true
407	true
408	true
409	false
410	true
411	false
412	true
413	true
414	false
415	false
416	true
417	false
418	false
419	false
420	false
421	false
422	false
423	true
424	true
425	true
426	true
427	true
428	true
429	false
430	true
431	true
432	true
433	false
434	true
435	false
436	true
437	false
438	true
439	false
440	true
441	true
442	false
443	true
444	false
445	true
446	true
447	false
448	false
449	false
450	true
451	true
452	false
453	true
454	true
455	true
456	false
457	true
458	false
459	true
460	false
461	true
462	false
463	false
464	true
465	true
466	true
467	false
468	true
469	false
470	false
471	false
472	true
473	true
474	true
475	true
476	false
477	true
778	false
779	false
780	false
781	false
782	false
783	true
784	true
785	true
786	true
787	true
788	false
789	false
790	false
791	false
792	true
793	false
794	false
795	false
796	true
797	false
798	true
799	false
800	false
801	false
802	false
803	false
804	true
805	false
806	true
807	true
808	true
809	false
810	false
811	true
812	true
813	false
814	true
815	false
816	true
817	false
818	false
819	true
820	false
821	false
822	true
823	true
824	false
825	false
826	true
827	false
828	true
829	true
830	true
831	false
832	true
833	true
834	false
835	true
836	true
837	true
838	true
839	false
840	false
841	false
842	false
843	true
844	true
845	true
846	true
847	false
848	true
849	true
850	true
851	false
852	true
853	true
854	false
855	true
856	false
857	false
858	true
859	true
860	false
861	true
862	true
863	false
864	false
865	true
866	false
867	true
868	true
869	true
870	false
871	false
872	true
873	false
874	false
875	true
876	true
877	true
878	true
879	true
880	false
881	true
882	true
883	false
884	true
885	false
886	false
887	false
888	false
