1	false
2	true
3	true
4	true
5	false
6	true
7	true
8	true
9	true
10	false
11	false
12	true
13	true
14	false
15	true
16	true
17	true
18	false
19	true
20	true
21	true
22	true
23	false
24	true
25	true
26	true
27	true
28	true
29	true
30	true
31	false
32	true
33	true
34	false
35	true
36	false
37	true
38	true
39	true
40	false
41	true
42	false
43	false
44	false
45	true
46	false
47	true
48	false
49	false
50	true
51	false
52	false
53	false
54	true
55	false
56	true
57	false
58	false
59	false
60	true
61	true
62	false
63	false
64	false
65	true
66	false
67	true
68	false
69	true
70	false
71	false
72	false
73	true
74	false
75	false
76	true
77	false
78	true
79	true
80	false
81	true
82	false
83	true
84	false
85	true
86	true
87	true
88	false
89	true
90	false
91	false
92	true
93	true
394	true
395	true
396	true
397	true
398	true
399	true
400	true
401	false
402	true
403	false
404	false
405	false
406	true
407	true
408	false
409	true
410	true
411	true
412	true
413	true
414	true
415	true
416	false
417	false
418	false
419	true
420	true
421	true
422	true
423	false
424	true
425	true
426	false
427	true
428	false
429	false
430	false
431	false
432	true
433	true
434	true
435	true
436	false
437	true
438	false
439	true
440	true
441	false
442	true
443	false
444	true
445	false
446	true
447	false
448	false
449	false
450	true
451	false
452	true
453	true
454	false
455	true
456	false
457	true
458	false
459	false
460	false
461	false
462	true
463	true
464	true
465	true
466	false
467	true
468	true
469	true
470	false
471	true
472	false
473	false
474	false
475	true
476	true
477	false
778	true
779	true
780	true
781	false
782	true
783	false
784	false
785	false
786	false
787	false
788	true
789	false
790	false
791	false
792	true
793	true
794	true
795	true
796	true
797	false
798	false
799	true
800	true
801	false
802	true
803	false
804	false
805	true
806	true
807	true
808	true
809	false
810	false
811	true
812	true
813	false
814	true
815	true
816	true
817	true
818	false
819	false
820	true
821	true
822	true
823	true
824	true
825	true
826	false
827	true
828	true
829	false
830	true
831	true
832	false
833	false
834	true
835	true
836	true
837	false
838	false
839	true
840	true
841	true
842	false
843	false
844	false
845	false
846	false
847	true
848	true
849	true
850	false
851	true
852	false
853	true
854	false
855	false
856	true
857	false
858	false
859	true
860	true
861	false
862	false
863	false
864	false
865	false
866	false
867	true
868	true
869	true
870	false
871	false
872	true
873	true
874	true
875	false
876	true
877	false
878	false
879	true
880	false
881	true
882	false
883	true
884	false
885	true
886	false
887	true
888	true
