1	false
2	true
3	false
4	false
5	false
6	false
7	true
8	true
9	true
10	true
11	true
12	false
13	false
14	true
15	true
16	true
17	true
18	false
19	false
20	false
21	true
22	false
23	false
24	false
25	true
26	false
27	true
28	true
29	false
30	false
31	false
32	false
33	false
34	true
35	true
36	true
37	false
38	true
39	false
40	false
41	false
42	false
43	true
44	false
45	true
46	true
47	false
48	true
49	false
50	true
51	true
52	false
53	false
54	true
55	false
56	false
57	false
58	true
59	false
60	true
61	true
62	true
63	false
64	false
65	true
66	false
67	true
68	true
69	true
70	true
71	true
72	false
73	true
74	true
75	false
76	false
77	false
78	true
79	false
80	true
81	false
82	true
83	false
84	false
85	true
86	true
87	false
88	true
89	true
90	true
91	true
92	false
93	true
394	true
395	false
396	false
397	true
398	false
399	true
400	true
401	true
402	false
403	false
404	false
405	false
406	true
407	true
408	false
409	true
410	true
411	true
412	true
413	true
414	true
415	true
416	false
417	false
418	true
419	false
420	false
421	true
422	false
423	true
424	true
425	true
426	true
427	false
428	false
429	false
430	true
431	true
432	false
433	false
434	false
435	true
436	true
437	true
438	true
439	true
440	true
441	false
442	true
443	false
444	false
445	false
446	true
447	true
448	true
449	false
450	false
451	false
452	false
453	true
454	false
455	true
456	true
457	true
458	false
459	false
460	true
461	false
462	false
463	false
464	true
465	false
466	true
467	true
468	true
469	false
470	true
471	false
472	false
473	false
474	false
475	true
476	false
477	true
778	false
779	true
780	false
781	false
782	true
783	true
784	true
785	true
786	false
787	true
788	false
789	false
790	true
791	true
792	true
793	true
794	true
795	true
796	false
797	true
798	true
799	true
800	false
801	true
802	true
803	true
804	true
805	true
806	false
807	true
808	false
809	false
810	false
811	true
812	true
813	true
814	true
815	true
816	false
817	true
818	true
819	false
820	false
821	false
822	true
823	false
824	true
825	true
826	false
827	false
828	true
829	false
830	true
831	true
832	true
833	true
834	true
835	false
836	true
837	false
838	false
839	false
840	true
841	true
842	true
843	false
844	false
845	false
846	true
847	true
848	false
849	false
850	true
851	true
852	false
853	false
854	false
855	false
856	false
857	false
858	false
859	true
860	false
861	true
862	false
863	false
864	true
865	false
866	true
867	true
868	true
869	true
870	true
871	true
872	false
873	true
874	true
875	true
876	true
877	false
878	true
879	false
880	false
881	false
882	false
883	false
884	true
885	false
886	false
887	false
888	true
