1	false
2	false
3	true
4	false
5	true
6	false
7	false
8	false
9	false
10	false
11	false
12	false
13	true
14	false
15	false
16	true
17	false
18	true
19	true
20	true
21	false
22	true
23	true
24	false
25	false
26	true
27	true
28	true
29	false
30	false
31	true
32	false
33	true
34	false
35	false
36	false
37	true
38	false
39	false
40	false
41	true
42	false
43	false
44	false
45	true
46	false
47	true
48	true
49	false
50	true
51	false
52	false
53	true
54	true
55	false
56	false
57	true
58	true
59	true
60	false
61	true
62	true
63	false
64	true
65	true
66	true
67	true
68	true
69	true
70	true
71	false
72	false
73	true
74	true
75	false
76	true
77	false
78	false
79	false
80	false
81	false
82	false
83	true
84	true
85	true
86	false
87	false
88	false
89	false
90	true
91	false
92	true
93	true
394	false
395	true
396	true
397	false
398	false
399	true
400	true
401	false
402	false
403	true
404	true
405	false
406	true
407	false
408	false
409	false
410	true
411	false
412	false
413	true
414	true
415	true
416	true
417	true
418	false
419	true
420	true
421	true
422	true
423	false
424	false
425	true
426	true
427	true
428	false
429	false
430	true
431	false
432	false
433	true
434	false
435	false
436	true
437	false
438	false
439	false
440	false
441	false
442	true
443	false
444	true
445	false
446	true
447	true
448	false
449	true
450	false
451	true
452	false
453	false
454	true
455	true
456	false
457	true
458	false
459	false
460	false
461	false
462	true
463	false
464	true
465	true
466	true
467	false
468	true
469	false
470	true
471	false
472	true
473	true
474	false
475	false
476	true
477	false
778	false
779	true
780	false
781	true
782	false
783	true
784	false
785	false
786	true
787	false
788	false
789	false
790	true
791	true
792	true
793	false
794	true
795	false
796	false
797	true
798	true
799	false
800	false
801	false
802	false
803	false
804	true
805	true
806	true
807	false
808	true
809	false
810	false
811	false
812	false
813	true
814	false
815	true
816	true
817	false
818	false
819	false
820	true
821	false
822	true
823	false
824	false
825	false
826	true
827	false
828	false
829	false
830	false
831	false
832	true
833	false
834	true
835	false
836	true
837	true
838	false
839	false
840	false
841	false
842	true
843	true
844	false
845	false
846	false
847	false
848	true
849	false
850	true
851	false
852	true
853	false
854	true
855	false
856	true
857	true
858	false
859	false
860	false
861	true
862	false
863	false
864	false
865	true
866	false
867	false
868	true
869	true
870	false
871	true
872	true
873	false
874	false
875	true
876	false
877	true
878	false
879	true
880	false
881	true
882	true
883	true
884	false
885	false
886	true
887	true
888	true
