1	true
2	false
3	false
4	false
5	false
6	false
7	true
8	true
9	true
10	false
11	true
12	true
13	false
14	false
15	true
16	true
17	true
18	true
19	false
20	true
21	true
22	false
23	false
24	true
25	true
26	true
27	true
28	true
29	false
30	false
31	true
32	false
33	true
34	true
35	false
36	false
37	false
38	true
39	false
40	false
41	false
42	false
43	true
44	true
45	false
46	true
47	true
48	true
49	true
50	false
51	false
52	true
53	true
54	false
55	false
56	false
57	false
58	false
59	false
60	true
61	true
62	false
63	true
64	true
65	false
66	false
67	true
68	true
69	false
70	true
71	false
72	false
73	true
74	false
75	false
76	true
77	true
78	false
79	true
80	true
81	false
82	false
83	false
84	false
85	false
86	false
87	true
88	true
89	false
90	true
91	false
92	true
93	false
394	true
395	false
396	true
397	false
398	false
399	false
400	false
401	true
402	true
403	true
404	true
405	true
406	true
407	false
408	false
409	true
410	true
411	true
412	false
413	true
414	true
415	false
416	true
417	false
418	false
419	true
420	false
421	false
422	true
423	true
424	false
425	true
426	false
427	true
428	false
429	false
430	true
431	true
432	true
433	false
434	false
435	true
436	false
437	false
438	false
439	true
440	false
441	false
442	true
443	true
444	true
445	false
446	true
447	true
448	true
449	true
450	true
451	false
452	false
453	true
454	true
455	true
456	false
457	true
458	true
459	false
460	false
461	false
462	false
463	false
464	false
465	false
466	false
467	true
468	true
469	true
470	false
471	true
472	true
473	false
474	false
475	false
476	false
477	false
778	true
779	true
780	false
781	true
782	true
783	false
784	true
785	true
786	false
787	true
788	false
789	true
790	false
791	false
792	false
793	false
794	false
795	false
796	false
797	false
798	false
799	false
800	true
801	false
802	true
803	false
804	false
805	false
806	true
807	true
808	false
809	true
810	true
811	false
812	true
813	true
814	true
815	true
816	true
817	true
818	true
819	false
820	false
821	false
822	false
823	false
824	false
825	true
826	false
827	true
828	true
829	true
830	true
831	false
832	false
833	true
834	true
835	true
836	true
837	true
838	true
839	true
840	false
841	false
842	true
843	true
844	true
845	false
846	false
847	false
848	false
849	true
850	true
851	true
852	false
853	false
854	true
855	false
856	false
857	true
858	false
859	false
860	true
861	true
862	false
863	true
864	true
865	false
866	false
867	false
868	false
869	false
870	true
871	false
872	false
873	true
874	false
875	true
876	true
877	false
878	false
879	true
880	true
881	false
882	false
883	true
884	false
885	true
886	true
887	true
888	false
