1	true
2	false
3	true
4	false
5	false
6	false
7	false
8	true
9	true
10	true
11	false
12	true
13	false
14	true
15	false
16	true
17	true
18	true
19	false
20	false
21	true
22	false
23	false
24	false
25	false
26	false
27	true
28	false
29	true
30	true
31	true
32	true
33	false
34	false
35	false
36	false
37	false
38	false
39	false
40	true
41	true
42	false
43	false
44	false
45	false
46	false
47	false
48	false
49	false
50	false
51	false
52	true
53	false
54	true
55	false
56	true
57	false
58	false
59	false
60	true
61	true
62	false
63	true
64	false
65	true
66	true
67	true
68	false
69	false
70	true
71	false
72	true
73	false
74	false
75	false
76	false
77	true
78	false
79	true
80	true
81	true
82	false
83	false
84	false
85	true
86	true
87	true
88	true
89	true
90	true
91	true
92	false
93	false
394	true
395	false
396	true
397	true
398	true
399	true
400	true
401	true
402	false
403	true
404	true
405	false
406	false
407	true
408	false
409	false
410	false
411	false
412	false
413	false
414	false
415	false
416	false
417	false
418	false
419	false
420	false
421	false
422	true
423	true
424	false
425	true
426	false
427	true
428	false
429	false
430	true
431	false
432	true
433	false
434	true
435	false
436	true
437	false
438	false
439	false
440	false
441	true
442	true
443	true
444	true
445	true
446	true
447	true
448	true
449	false
450	true
451	true
452	false
453	false
454	false
455	false
456	false
457	false
458	true
459	true
460	false
461	false
462	true
463	false
464	false
465	false
466	true
467	false
468	true
469	false
470	false
471	true
472	true
473	true
474	false
475	false
476	false
477	true
778	true
779	false
780	false
781	true
782	true
783	false
784	false
785	true
786	true
787	true
788	true
789	false
790	true
791	true
792	true
793	false
794	true
795	false
796	true
797	false
798	true
799	false
800	false
801	true
802	false
803	false
804	true
805	false
806	true
807	false
808	false
809	false
810	false
811	true
812	true
813	false
814	true
815	true
816	true
817	false
818	true
819	true
820	true
821	false
822	true
823	true
824	false
825	false
826	true
827	true
828	true
829	true
830	true
831	false
832	true
833	false
834	false
835	false
836	true
837	false
838	true
839	false
840	false
841	true
842	true
843	true
844	true
845	false
846	true
847	false
848	true
849	true
850	false
851	false
852	true
853	true
854	true
855	true
856	true
857	false
858	true
859	true
860	true
861	true
862	true
863	true
864	false
865	false
866	true
867	false
868	false
869	true
870	true
871	true
872	false
873	true
874	false
875	true
876	false
877	true
878	false
879	false
880	true
881	false
882	true
883	false
884	true
885	false
886	false
887	true
888	true
