1	true
2	true
3	true
4	true
5	false
6	true
7	false
8	true
9	false
10	false
11	true
12	false
13	false
14	false
15	false
16	false
17	true
18	false
19	true
20	true
21	true
22	false
23	true
24	true
25	false
26	true
27	true
28	false
29	false
30	true
31	false
32	true
33	false
34	true
35	true
36	false
37	true
38	false
39	true
40	true
41	true
42	false
43	true
44	true
45	false
46	true
47	true
48	false
49	false
50	true
51	true
52	true
53	false
54	false
55	false
56	true
57	false
58	false
59	true
60	true
61	false
62	true
63	true
64	true
65	true
66	true
67	true
68	false
69	true
70	true
71	false
72	false
73	true
74	true
75	true
76	false
77	false
78	true
79	false
80	true
81	false
82	true
83	false
84	false
85	true
86	false
87	false
88	false
89	false
90	true
91	false
92	false
93	true
394	true
395	true
396	false
397	false
398	true
399	true
400	false
401	true
402	true
403	false
404	false
405	true
406	true
407	true
408	false
409	true
410	false
411	false
412	true
413	false
414	false
415	true
416	false
417	false
418	true
419	false
420	false
421	true
422	false
423	true
424	false
425	true
426	false
427	true
428	false
429	false
430	true
431	true
432	true
433	true
434	false
435	false
436	true
437	true
438	false
439	true
440	true
441	true
442	true
443	false
444	false
445	true
446	true
447	true
448	false
449	false
450	true
451	true
452	true
453	false
454	false
455	true
456	true
457	false
458	true
459	false
460	true
461	true
462	true
463	true
464	true
465	true
466	false
467	false
468	true
469	true
470	false
471	false
472	false
473	false
474	true
475	false
476	true
477	true
778	false
779	false
780	false
781	true
782	false
783	false
784	true
785	false
786	false
787	false
788	false
789	false
790	true
791	true
792	false
793	false
794	false
795	true
796	false
797	false
798	true
799	true
800	false
801	false
802	true
803	false
804	true
805	false
806	true
807	true
808	true
809	true
810	true
811	false
812	false
813	false
814	false
815	false
816	false
817	false
818	false
819	false
820	false
821	true
822	false
823	true
824	false
825	false
826	true
827	false
828	false
829	false
830	false
831	false
832	true
833	true
834	true
835	true
836	false
837	true
838	true
839	false
840	false
841	true
842	false
843	true
844	true
845	false
846	false
847	true
848	true
849	true
850	false
851	true
852	true
853	true
854	true
855	false
856	true
857	true
858	true
859	false
860	false
861	false
862	true
863	false
864	true
865	false
866	true
867	true
868	false
869	false
870	false
871	true
872	true
873	true
874	false
875	true
876	false
877	true
878	true
879	true
880	false
881	false
882	true
883	false
884	true
885	false
886	false
887	false
888	false
