1	true
2	false
3	false
4	true
5	false
6	false
7	true
8	false
9	true
10	false
11	true
12	false
13	false
14	false
15	true
16	false
17	false
18	false
19	false
20	false
21	false
22	false
23	false
24	false
25	true
26	false
27	false
28	false
29	true
30	true
31	false
32	true
33	true
34	true
35	false
36	true
37	false
38	false
39	true
40	true
41	false
42	false
43	true
44	false
45	true
46	false
47	false
48	true
49	true
50	false
51	false
52	true
53	false
54	false
55	false
56	true
57	false
58	true
59	false
60	false
61	true
62	false
63	true
64	false
65	true
66	false
67	true
68	false
69	false
70	true
71	false
72	true
73	false
74	true
75	true
76	true
77	false
78	false
79	true
80	true
81	true
82	true
83	true
84	false
85	false
86	false
87	true
88	true
89	false
90	true
91	true
92	true
93	true
394	true
395	true
396	true
397	false
398	true
399	true
400	true
401	false
402	false
403	true
404	false
405	false
406	false
407	true
408	true
409	false
410	false
411	true
412	false
413	true
414	true
415	true
416	true
417	false
418	true
419	false
420	false
421	false
422	true
423	true
424	true
425	true
426	false
427	false
428	false
429	false
430	false
431	false
432	false
433	false
434	true
435	false
436	false
437	true
438	true
439	false
440	false
441	false
442	true
443	true
444	false
445	true
446	true
447	false
448	false
449	true
450	true
451	false
452	false
453	false
454	false
455	true
456	false
457	true
458	true
459	false
460	false
461	true
462	true
463	false
464	false
465	true
466	true
467	true
468	false
469	false
470	true
471	true
472	false
473	false
474	false
475	true
476	true
477	true
778	false
779	true
780	false
781	true
782	false
783	false
784	true
785	true
786	true
787	false
788	true
789	true
790	false
791	true
792	false
793	false
794	true
795	false
796	true
797	true
798	true
799	false
800	false
801	false
802	false
803	true
804	true
805	false
806	true
807	true
808	true
809	true
810	true
811	true
812	false
813	false
814	false
815	true
816	false
817	true
818	false
819	true
820	false
821	true
822	false
823	true
824	true
825	true
826	true
827	false
828	false
829	false
830	true
831	true
832	true
833	true
834	false
835	false
836	true
837	true
838	true
839	false
840	true
841	true
842	true
843	false
844	false
845	false
846	true
847	false
848	true
849	false
850	false
851	true
852	true
853	true
854	false
855	false
856	false
857	false
858	false
859	false
860	true
861	false
862	true
863	false
864	true
865	true
866	true
867	false
868	true
869	true
870	true
871	true
872	false
873	true
874	true
875	false
876	true
877	true
878	true
879	false
880	true
881	false
882	true
883	true
884	false
885	true
886	true
887	false
888	false
