1	false
2	true
3	true
4	false
5	true
6	false
7	true
8	false
9	true
10	false
11	true
12	true
13	true
14	false
15	false
16	true
17	false
18	false
19	false
20	false
21	true
22	false
23	true
24	true
25	false
26	true
27	true
28	true
29	false
30	true
31	true
32	false
33	true
34	true
35	true
36	false
37	false
38	true
39	false
40	false
41	true
42	true
43	true
44	true
45	false
46	true
47	false
48	true
49	false
50	false
51	false
52	false
53	true
54	true
55	false
56	true
57	true
58	true
59	true
60	false
61	false
62	true
63	false
64	true
65	false
66	false
67	true
68	true
69	false
70	false
71	false
72	false
73	true
74	true
75	false
76	true
77	false
78	false
79	false
80	false
81	false
82	true
83	false
84	false
85	false
86	true
87	false
88	true
89	true
90	false
91	true
92	false
93	false
394	true
395	true
396	true
397	true
398	true
399	false
400	true
401	false
402	false
403	true
404	false
405	true
406	true
407	false
408	true
409	true
410	true
411	true
412	false
413	true
414	true
415	true
416	false
417	false
418	true
419	false
420	true
421	false
422	false
423	true
424	true
425	false
426	true
427	true
428	true
429	false
430	false
431	true
432	true
433	false
434	false
435	false
436	false
437	false
438	false
439	false
440	true
441	false
442	true
443	true
444	false
445	false
446	true
447	false
448	true
449	false
450	true
451	true
452	true
453	true
454	true
455	false
456	false
457	true
458	true
459	true
460	true
461	false
462	false
463	false
464	false
465	false
466	true
467	true
468	false
469	true
470	true
471	false
472	false
473	true
474	false
475	false
476	false
477	true
778	false
779	false
780	true
781	true
782	true
783	false
784	true
785	true
786	false
787	true
788	true
789	true
790	false
791	true
792	true
793	false
794	false
795	false
796	true
797	false
798	false
799	false
800	false
801	true
802	false
803	true
804	true
805	false
806	true
807	true
808	true
809	true
810	false
811	false
812	false
813	false
814	true
815	true
816	true
817	true
818	false
819	false
820	false
821	true
822	false
823	true
824	false
825	true
826	false
827	true
828	true
829	false
830	true
831	false
832	false
833	false
834	false
835	false
836	true
837	false
838	false
839	true
840	true
841	false
842	true
843	false
844	false
845	false
846	false
847	true
848	true
849	true
850	false
851	false
852	true
853	true
854	true
855	true
856	true
857	false
858	true
859	false
860	true
861	false
862	true
863	true
864	true
865	true
866	true
867	true
868	false
869	false
870	true
871	false
872	true
873	true
874	false
875	false
876	false
877	false
878	true
879	true
880	true
881	false
882	false
883	true
884	true
885	true
886	true
887	false
888	false
