1	false
2	false
3	true
4	false
5	false
6	true
7	true
8	true
9	true
10	true
11	false
12	true
13	false
14	true
15	false
16	false
17	false
18	false
19	false
20	true
21	false
22	false
23	true
24	true
25	false
26	true
27	true
28	true
29	false
30	true
31	true
32	true
33	false
34	false
35	false
36	false
37	true
38	false
39	false
40	false
41	false
42	true
43	true
44	false
45	false
46	true
47	false
48	true
49	true
50	false
51	false
52	false
53	false
54	true
55	true
56	false
57	false
58	true
59	false
60	false
61	true
62	true
63	false
64	false
65	true
66	true
67	false
68	false
69	false
70	true
71	true
72	true
73	false
74	false
75	true
76	true
77	true
78	false
79	true
80	true
81	false
82	true
83	false
84	true
85	false
86	true
87	true
88	true
89	false
90	true
91	false
92	false
93	false
394	true
395	true
396	false
397	true
398	true
399	false
400	true
401	true
402	true
403	true
404	false
405	false
406	true
407	true
408	true
409	true
410	true
411	false
412	false
413	true
414	false
415	false
416	true
417	true
418	true
419	true
420	false
421	false
422	false
423	true
424	false
425	false
426	false
427	true
428	false
429	false
430	true
431	true
432	true
433	true
434	false
435	true
436	false
437	true
438	true
439	false
440	true
441	false
442	true
443	false
444	false
445	false
446	false
447	true
448	false
449	true
450	false
451	true
452	false
453	false
454	false
455	false
456	false
457	false
458	true
459	false
460	false
461	true
462	false
463	true
464	true
465	false
466	true
467	true
468	true
469	false
470	false
471	false
472	true
473	true
474	true
475	true
476	true
477	false
778	false
779	false
780	false
781	false
782	true
783	false
784	true
785	false
786	true
787	false
788	false
789	false
790	false
791	false
792	true
793	true
794	true
795	false
796	false
797	false
798	false
799	false
800	false
801	true
802	true
803	true
804	true
805	true
806	false
807	false
808	false
809	true
810	false
811	true
812	true
813	true
814	false
815	true
816	false
817	true
818	true
819	true
820	false
821	true
822	false
823	false
824	false
825	false
826	true
827	true
828	true
829	true
830	true
831	true
832	false
833	false
834	true
835	false
836	false
837	true
838	false
839	false
840	true
841	true
842	false
843	false
844	true
845	false
846	true
847	true
848	false
849	true
850	false
851	true
852	false
853	true
854	true
855	true
856	false
857	true
858	true
859	true
860	false
861	true
862	true
863	false
864	false
865	true
866	true
867	false
868	true
869	true
870	true
871	true
872	true
873	true
874	false
875	false
876	true
877	true
878	false
879	false
880	false
881	false
882	false
883	false
884	false
885	false
886	false
887	false
888	true
