1	false
2	true
3	true
4	false
5	true
6	true
7	true
8	false
9	false
10	true
11	false
12	true
13	false
14	false
15	true
16	false
17	false
18	true
19	true
20	true
21	true
22	true
23	true
24	true
25	false
26	false
27	false
28	true
29	true
30	true
31	true
32	false
33	true
34	true
35	true
36	false
37	false
38	false
39	false
40	false
41	true
42	true
43	true
44	false
45	false
46	false
47	true
48	false
49	true
50	false
51	true
52	true
53	true
54	true
55	false
56	true
57	false
58	true
59	true
60	true
61	true
62	true
63	false
64	true
65	true
66	true
67	true
68	false
69	false
70	true
71	true
72	true
73	false
74	true
75	false
76	false
77	true
78	true
79	false
80	true
81	true
82	false
83	true
84	false
85	false
86	false
87	true
88	false
89	true
90	false
91	true
92	false
93	false
394	true
395	false
396	false
397	true
398	false
399	true
400	false
401	false
402	false
403	false
404	true
405	true
406	false
407	true
408	false
409	false
410	false
411	false
412	false
413	true
414	false
415	false
416	false
417	true
418	true
419	true
420	true
421	false
422	true
423	true
424	false
425	false
426	true
427	false
428	false
429	false
430	false
431	true
432	false
433	false
434	false
435	true
436	false
437	false
438	true
439	false
440	false
441	false
442	false
443	true
444	false
445	true
446	false
447	false
448	true
449	false
450	true
451	true
452	true
453	true
454	true
455	false
456	true
457	false
458	false
459	true
460	true
461	false
462	false
463	false
464	true
465	false
466	false
467	true
468	true
469	true
470	false
471	true
472	true
473	false
474	false
475	false
476	false
477	true
778	false
779	false
780	true
781	false
782	false
783	false
784	false
785	true
786	false
787	true
788	false
789	false
790	true
791	true
792	false
793	true
794	false
795	false
796	false
797	true
798	true
799	false
800	false
801	true
802	true
803	true
804	false
805	true
806	false
807	false
808	true
809	true
810	true
811	true
812	false
813	true
814	false
815	true
816	true
817	true
818	false
819	true
820	true
821	true
822	true
823	false
824	false
825	true
826	true
827	false
828	false
829	false
830	true
831	true
832	false
833	true
834	false
835	true
836	false
837	false
838	false
839	false
840	false
841	true
842	false
843	false
844	true
845	false
846	true
847	true
848	false
849	false
850	false
851	false
852	true
853	true
854	true
855	true
856	false
857	true
858	true
859	true
860	true
861	true
862	true
863	true
864	true
865	false
866	false
867	false
868	true
869	false
870	true
871	true
872	true
873	false
874	false
875	true
876	false
877	true
878	true
879	true
880	false
881	true
882	true
883	true
884	true
885	true
886	false
887	true
888	false
