1	false
2	true
3	false
4	false
5	false
6	true
7	true
8	false
9	true
10	false
11	true
12	true
13	false
14	false
15	true
16	true
17	false
18	false
19	true
20	false
21	false
22	false
23	true
24	true
25	false
26	false
27	false
28	false
29	false
30	false
31	false
32	false
33	true
34	false
35	true
36	false
37	false
38	false
39	false
40	true
41	true
42	true
43	true
44	false
45	false
46	false
47	true
48	true
49	false
50	false
51	false
52	false
53	true
54	true
55	false
56	true
57	true
58	true
59	true
60	false
61	true
62	true
63	true
64	true
65	false
66	true
67	false
68	true
69	true
70	true
71	false
72	false
73	true
74	false
75	false
76	true
77	true
78	false
79	false
80	false
81	false
82	false
83	true
84	true
85	false
86	false
87	true
88	false
89	false
90	true
91	true
92	false
93	true
394	true
395	false
396	false
397	true
398	true
399	false
400	true
401	true
402	false
403	true
404	false
405	true
406	false
407	true
408	false
409	true
410	true
411	false
412	true
413	false
414	false
415	false
416	true
417	true
418	true
419	true
420	false
421	false
422	true
423	true
424	true
425	false
426	true
427	false
428	false
429	true
430	false
431	true
432	false
433	true
434	true
435	false
436	true
437	false
438	false
439	false
440	false
441	false
442	true
443	true
444	false
445	true
446	true
447	true
448	true
449	true
450	true
451	true
452	true
453	true
454	true
455	true
456	true
457	false
458	true
459	true
460	true
461	false
462	false
463	false
464	true
465	false
466	true
467	false
468	false
469	false
470	true
471	true
472	true
473	false
474	false
475	true
476	true
477	true
778	true
779	true
780	true
781	true
782	false
783	false
784	false
785	false
786	true
787	false
788	true
789	false
790	true
791	false
792	false
793	false
794	false
795	false
796	true
797	false
798	true
799	false
800	true
801	false
802	true
803	true
804	false
805	false
806	true
807	true
808	false
809	true
810	true
811	false
812	true
813	false
814	false
815	true
816	true
817	true
818	false
819	false
820	false
821	false
822	true
823	true
824	false
825	true
826	false
827	true
828	true
829	true
830	false
831	false
832	true
833	true
834	false
835	false
836	false
837	false
838	true
839	false
840	false
841	true
842	true
843	false
844	false
845	false
846	true
847	false
848	true
849	true
850	false
851	true
852	true
853	false
854	false
855	false
856	true
857	true
858	true
859	false
860	false
861	true
862	true
863	true
864	true
865	true
866	true
867	false
868	true
869	true
870	false
871	false
872	false
873	false
874	true
875	true
876	true
877	false
878	false
879	false
880	false
881	false
882	false
883	true
884	false
885	false
886	false
887	false
888	false
