1	false
2	false
3	false
4	true
5	false
6	true
7	false
8	true
9	true
10	true
11	false
12	false
13	true
14	false
15	true
16	false
17	true
18	false
19	false
20	false
21	true
22	true
23	true
24	true
25	false
26	false
27	true
28	false
29	true
30	false
31	true
32	false
33	true
34	true
35	true
36	false
37	true
38	false
39	false
40	true
41	true
42	false
43	false
44	true
45	false
46	false
47	true
48	false
49	true
50	true
51	true
52	false
53	true
54	true
55	false
56	true
57	false
58	true
59	false
60	true
61	true
62	true
63	false
64	false
65	true
66	true
67	false
68	false
69	true
70	false
71	false
72	false
73	false
74	true
75	false
76	false
77	true
78	false
79	false
80	true
81	true
82	false
83	false
84	false
85	false
86	false
87	true
88	true
89	false
90	true
91	false
92	false
93	false
394	false
395	false
396	true
397	false
398	false
399	true
400	false
401	false
402	true
403	true
404	true
405	false
406	false
407	true
408	true
409	true
410	true
411	false
412	false
413	false
414	false
415	true
416	true
417	false
418	false
419	false
420	true
421	true
422	false
423	true
424	true
425	false
426	true
427	true
428	false
429	true
430	false
431	false
432	false
433	true
434	true
435	true
436	true
437	true
438	false
439	false
440	false
441	true
442	false
443	true
444	false
445	false
446	false
447	false
448	false
449	true
450	false
451	false
452	false
453	false
454	false
455	false
456	true
457	false
458	true
459	true
460	false
461	false
462	false
463	true
464	true
465	false
466	false
467	true
468	false
469	true
470	true
471	true
472	true
473	true
474	false
475	true
476	false
477	true
778	true
779	false
780	false
781	true
782	false
783	true
784	true
785	false
786	true
787	true
788	true
789	false
790	true
791	false
792	true
793	false
794	true
795	false
796	true
797	false
798	false
799	false
800	false
801	false
802	true
803	true
804	false
805	false
806	false
807	false
808	true
809	true
810	true
811	true
812	true
813	false
814	true
815	false
816	false
817	false
818	true
819	true
820	false
821	true
822	false
823	true
824	true
825	true
826	false
827	true
828	false
829	true
830	true
831	false
832	false
833	false
834	true
835	false
836	false
837	true
838	true
839	false
840	true
841	false
842	false
843	false
844	false
845	false
846	true
847	false
848	false
849	false
850	false
851	false
852	false
853	false
854	false
855	false
856	true
857	true
858	true
859	false
860	true
861	true
862	false
863	true
864	true
865	true
866	false
867	false
868	true
869	false
870	true
871	false
872	true
873	true
874	false
875	false
876	false
877	false
878	false
879	false
880	true
881	true
882	true
883	false
884	false
885	false
886	false
887	true
888	true
