1	true
2	false
3	false
4	false
5	true
6	true
7	false
8	true
9	true
10	true
11	true
12	false
13	true
14	true
15	true
16	false
17	true
18	true
19	false
20	false
21	false
22	false
23	true
24	true
25	true
26	false
27	true
28	true
29	false
30	false
31	true
32	true
33	false
34	true
35	true
36	true
37	true
38	false
39	true
40	true
41	true
42	false
43	false
44	true
45	true
46	false
47	true
48	true
49	false
50	true
51	false
52	true
53	true
54	false
55	true
56	true
57	true
58	false
59	false
60	false
61	true
62	false
63	true
64	true
65	false
66	true
67	false
68	false
69	false
70	false
71	true
72	false
73	false
74	true
75	true
76	false
77	true
78	true
79	true
80	true
81	false
82	false
83	false
84	true
85	true
86	false
87	true
88	false
89	false
90	true
91	true
92	false
93	true
394	false
395	true
396	true
397	true
398	true
399	true
400	true
401	false
402	false
403	false
404	false
405	false
406	true
407	false
408	true
409	true
410	true
411	false
412	true
413	true
414	false
415	true
416	false
417	false
418	true
419	false
420	false
421	true
422	true
423	true
424	false
425	true
426	true
427	false
428	true
429	false
430	true
431	false
432	false
433	true
434	true
435	true
436	true
437	false
438	true
439	false
440	false
441	false
442	true
443	false
444	false
445	true
446	true
447	false
448	false
449	true
450	true
451	false
452	true
453	true
454	false
455	true
456	true
457	true
458	true
459	true
460	false
461	false
462	false
463	true
464	true
465	false
466	false
467	true
468	false
469	true
470	false
471	false
472	true
473	false
474	false
475	false
476	false
477	true
778	true
779	false
780	false
781	false
782	false
783	true
784	true
785	true
786	true
787	false
788	true
789	false
790	false
791	true
792	true
793	true
794	true
795	false
796	true
797	false
798	false
799	false
800	true
801	true
802	true
803	false
804	false
805	false
806	false
807	false
808	true
809	true
810	true
811	false
812	true
813	true
814	false
815	false
816	false
817	false
818	true
819	false
820	true
821	true
822	false
823	false
824	false
825	false
826	true
827	false
828	true
829	false
830	true
831	true
832	false
833	true
834	true
835	true
836	true
837	false
838	true
839	true
840	true
841	false
842	true
843	true
844	false
845	false
846	true
847	false
848	true
849	false
850	false
851	true
852	false
853	true
854	true
855	false
856	false
857	false
858	true
859	true
860	false
861	false
862	false
863	false
864	true
865	true
866	true
867	false
868	false
869	true
870	true
871	true
872	true
873	true
874	false
875	false
876	true
877	false
878	true
879	false
880	true
881	true
882	true
883	false
884	false
885	false
886	true
887	false
888	true
