1	false
2	true
3	true
4	true
5	true
6	false
7	true
8	true
9	true
10	false
11	true
12	false
13	false
14	false
15	false
16	false
17	false
18	true
19	true
20	false
21	false
22	true
23	false
24	false
25	false
26	true
27	false
28	true
29	true
30	false
31	true
32	false
33	false
34	true
35	false
36	true
37	false
38	true
39	false
40	true
41	true
42	true
43	false
44	false
45	true
46	false
47	false
48	true
49	true
50	true
51	true
52	true
53	false
54	true
55	true
56	true
57	true
58	true
59	true
60	false
61	false
62	false
63	true
64	false
65	true
66	true
67	true
68	false
69	false
70	false
71	true
72	false
73	false
74	false
75	false
76	true
77	false
78	false
79	true
80	true
81	true
82	false
83	true
84	true
85	false
86	false
87	false
88	false
89	true
90	true
91	true
92	false
93	false
394	false
395	false
396	false
397	false
398	true
399	true
400	true
401	true
402	false
403	false
404	true
405	false
406	false
407	true
408	true
409	true
410	true
411	true
412	true
413	true
414	true
415	false
416	false
417	false
418	true
419	true
420	true
421	true
422	false
423	true
424	true
425	true
426	false
427	false
428	false
429	false
430	false
431	true
432	false
433	false
434	true
435	false
436	true
437	true
438	true
439	true
440	false
441	true
442	false
443	false
444	false
445	true
446	true
447	false
448	false
449	true
450	false
451	true
452	false
453	false
454	false
455	false
456	true
457	true
458	false
459	false
460	false
461	true
462	true
463	false
464	true
465	true
466	true
467	true
468	false
469	false
470	false
471	true
472	true
473	false
474	true
475	true
476	true
477	true
778	false
779	true
780	true
781	true
782	true
783	false
784	true
785	true
786	true
787	true
788	true
789	false
790	true
791	false
792	false
793	true
794	false
795	true
796	true
797	true
798	true
799	true
800	false
801	true
802	true
803	true
804	true
805	false
806	false
807	false
808	false
809	false
810	false
811	false
812	true
813	false
814	true
815	false
816	false
817	false
818	true
819	false
820	false
821	false
822	false
823	false
824	true
825	true
826	true
827	true
828	false
829	true
830	true
831	true
832	false
833	false
834	true
835	false
836	false
837	true
838	false
839	false
840	false
841	true
842	false
843	false
844	true
845	true
846	false
847	true
848	true
849	false
850	true
851	false
852	true
853	false
854	true
855	true
856	false
857	false
858	false
859	false
860	false
861	true
862	true
863	false
864	false
865	true
866	false
867	false
868	true
869	true
870	false
871	false
872	true
873	false
874	false
875	true
876	false
877	true
878	false
879	false
880	true
881	true
882	false
883	false
884	true
885	true
886	false
887	true
888	true
