1	true
2	false
3	true
4	true
5	true
6	false
7	true
8	true
9	false
10	false
11	true
12	true
13	true
14	true
15	false
16	false
17	false
18	true
19	true
20	true
21	true
22	false
23	true
24	false
25	true
26	false
27	false
28	true
29	true
30	true
31	true
32	false
33	true
34	false
35	false
36	false
37	true
38	false
39	false
40	false
41	false
42	true
43	false
44	true
45	true
46	false
47	true
48	false
49	true
50	true
51	false
52	true
53	false
54	false
55	true
56	false
57	true
58	false
59	false
60	false
61	false
62	false
63	true
64	false
65	true
66	true
67	true
68	false
69	true
70	true
71	false
72	true
73	true
74	false
75	true
76	false
77	true
78	true
79	false
80	false
81	false
82	true
83	true
84	true
85	false
86	true
87	true
88	false
89	true
90	false
91	true
92	false
93	true
394	false
395	true
396	false
397	true
398	true
399	false
400	false
401	false
402	false
403	false
404	false
405	false
406	true
407	true
408	true
409	true
410	false
411	true
412	true
413	false
414	true
415	false
416	false
417	true
418	false
419	true
420	false
421	false
422	false
423	true
424	false
425	false
426	false
427	false
428	false
429	true
430	false
431	true
432	false
433	false
434	true
435	true
436	false
437	false
438	false
439	true
440	false
441	false
442	true
443	false
444	true
445	true
446	false
447	false
448	true
449	true
450	true
451	false
452	false
453	true
454	true
455	false
456	false
457	true
458	false
459	false
460	false
461	false
462	false
463	true
464	false
465	false
466	false
467	false
468	false
469	false
470	false
471	false
472	false
473	false
474	true
475	false
476	false
477	true
778	true
779	true
780	false
781	true
782	true
783	true
784	false
785	false
786	false
787	true
788	true
789	false
790	true
791	false
792	false
793	true
794	true
795	true
796	false
797	false
798	false
799	true
800	true
801	true
802	false
803	false
804	true
805	true
806	false
807	false
808	false
809	false
810	true
811	false
812	true
813	false
814	false
815	false
816	true
817	false
818	true
819	false
820	false
821	true
822	true
823	false
824	true
825	true
826	true
827	true
828	false
829	true
830	false
831	true
832	true
833	true
834	false
835	true
836	true
837	true
838	true
839	false
840	false
841	true
842	false
843	false
844	false
845	false
846	false
847	true
848	false
849	true
850	false
851	true
852	false
853	false
854	true
855	true
856	false
857	false
858	true
859	true
860	true
861	false
862	true
863	false
864	false
865	false
866	false
867	false
868	false
869	false
870	false
871	false
872	false
873	true
874	true
875	false
876	true
877	true
878	true
879	true
880	false
881	false
882	true
883	true
884	true
885	false
886	true
887	false
888	false
