1	true
2	false
3	false
4	false
5	false
6	true
7	false
8	false
9	true
10	true
11	true
12	true
13	true
14	false
15	false
16	false
17	true
18	false
19	true
20	true
21	true
22	false
23	true
24	false
25	true
26	true
27	true
28	false
29	true
30	true
31	true
32	true
33	false
34	false
35	false
36	true
37	true
38	true
39	true
40	true
41	false
42	false
43	false
44	true
45	false
46	true
47	false
48	false
49	true
50	true
51	true
52	false
53	true
54	false
55	true
56	false
57	false
58	true
59	false
60	false
61	true
62	true
63	true
64	false
65	true
66	true
67	true
68	false
69	true
70	false
71	false
72	false
73	false
74	false
75	true
76	true
77	false
78	false
79	false
80	false
81	true
82	false
83	true
84	false
85	true
86	false
87	false
88	false
89	false
90	true
91	false
92	false
93	true
394	true
395	true
396	false
397	false
398	true
399	false
400	true
401	false
402	true
403	true
404	true
405	false
406	true
407	false
408	false
409	false
410	false
411	false
412	false
413	false
414	false
415	true
416	false
417	false
418	false
419	false
420	false
421	false
422	true
423	true
424	true
425	true
426	false
427	false
428	true
429	false
430	true
431	false
432	true
433	true
434	true
435	false
436	true
437	false
438	true
439	true
440	true
441	false
442	true
443	true
444	false
445	true
446	false
447	true
448	false
449	false
450	true
451	true
452	false
453	true
454	false
455	true
456	true
457	false
458	true
459	true
460	false
461	true
462	false
463	false
464	true
465	true
466	false
467	false
468	true
469	false
470	false
471	false
472	false
473	true
474	false
475	true
476	true
477	false
778	true
779	true
780	true
781	false
782	false
783	true
784	true
785	false
786	true
787	true
788	false
789	false
790	true
791	false
792	true
793	false
794	true
795	true
796	true
797	true
798	false
799	false
800	false
801	true
802	false
803	false
804	true
805	true
806	true
807	false
808	false
809	false
810	true
811	false
812	true
813	false
814	true
815	false
816	true
817	false
818	false
819	false
820	false
821	true
822	true
823	false
824	false
825	false
826	true
827	false
828	true
829	true
830	false
831	true
832	true
833	true
834	true
835	false
836	false
837	true
838	true
839	false
840	false
841	false
842	true
843	true
844	false
845	false
846	false
847	false
848	true
849	false
850	true
851	false
852	true
853	true
854	true
855	true
856	true
857	true
858	false
859	false
860	false
861	false
862	true
863	true
864	true
865	true
866	false
867	false
868	false
869	false
870	false
871	true
872	false
873	false
874	true
875	true
876	true
877	true
878	true
879	false
880	true
881	true
882	true
883	true
884	false
885	false
886	false
887	true
888	false
