1	true
2	false
3	false
4	true
5	true
6	false
7	true
8	false
9	true
10	true
11	false
12	false
13	true
14	true
15	true
16	true
17	false
18	false
19	true
20	false
21	true
22	true
23	false
24	true
25	true
26	false
27	true
28	true
29	true
30	false
31	true
32	false
33	true
34	true
35	true
36	false
37	false
38	false
39	false
40	true
41	true
42	true
43	true
44	true
45	false
46	false
47	true
48	false
49	true
50	false
51	false
52	true
53	true
54	true
55	true
56	false
57	false
58	true
59	true
60	true
61	false
62	false
63	false
64	true
65	false
66	false
67	true
68	true
69	false
70	true
71	true
72	true
73	false
74	true
75	true
76	false
77	false
78	false
79	false
80	false
81	false
82	true
83	true
84	true
85	true
86	true
87	false
88	false
89	true
90	true
91	true
92	true
93	true
394	true
395	true
396	false
397	false
398	false
399	true
400	true
401	true
402	false
403	false
404	true
405	false
406	true
407	true
408	false
409	false
410	false
411	true
412	false
413	false
414	true
415	false
416	false
417	true
418	true
419	true
420	true
421	false
422	true
423	true
424	true
425	true
426	true
427	true
428	false
429	true
430	true
431	false
432	true
433	true
434	false
435	true
436	true
437	false
438	true
439	true
440	false
441	true
442	true
443	false
444	true
445	true
446	true
447	false
448	true
449	true
450	true
451	true
452	true
453	true
454	true
455	false
456	false
457	false
458	true
459	true
460	false
461	true
462	false
463	false
464	true
465	false
466	true
467	false
468	false
469	true
470	false
471	true
472	false
473	false
474	false
475	false
476	false
477	true
778	true
779	false
780	false
781	false
782	true
783	false
784	false
785	false
786	false
787	true
788	true
789	false
790	false
791	true
792	true
793	false
794	true
795	false
796	true
797	true
798	true
799	false
800	false
801	false
802	true
803	true
804	true
805	true
806	true
807	true
808	false
809	false
810	false
811	false
812	true
813	false
814	false
815	false
816	true
817	false
818	false
819	true
820	true
821	true
822	false
823	true
824	true
825	true
826	false
827	true
828	true
829	false
830	true
831	false
832	true
833	false
834	false
835	true
836	true
837	false
838	true
839	true
840	true
841	true
842	false
843	true
844	false
845	false
846	true
847	false
848	true
849	true
850	true
851	false
852	true
853	false
854	true
855	false
856	true
857	true
858	false
859	true
860	true
861	false
862	false
863	true
864	false
865	false
866	true
867	true
868	true
869	false
870	false
871	false
872	false
873	false
874	true
875	true
876	false
877	false
878	true
879	false
880	false
881	false
882	true
883	false
884	false
885	false
886	false
887	true
888	true
