1	false
2	false
3	true
4	true
5	true
6	false
7	true
8	false
9	true
10	true
11	true
12	true
13	false
14	false
15	true
16	true
17	false
18	false
19	false
20	true
21	false
22	true
23	false
24	false
25	false
26	false
27	true
28	false
29	false
30	false
31	true
32	false
33	false
34	true
35	false
36	false
37	false
38	false
39	false
40	true
41	false
42	false
43	true
44	false
45	false
46	true
47	true
48	true
49	false
50	true
51	true
52	true
53	false
54	false
55	false
56	false
57	false
58	true
59	false
60	true
61	false
62	false
63	true
64	true
65	false
66	true
67	false
68	false
69	false
70	false
71	false
72	true
73	false
74	false
75	true
76	true
77	false
78	true
79	false
80	false
81	false
82	true
83	true
84	true
85	true
86	true
87	false
88	true
89	true
90	true
91	true
92	true
93	true
394	true
395	false
396	true
397	true
398	true
399	false
400	false
401	false
402	true
403	true
404	false
405	true
406	true
407	false
408	true
409	true
410	false
411	false
412	false
413	true
414	true
415	false
416	true
417	false
418	false
419	false
420	true
421	false
422	true
423	true
424	false
425	false
426	false
427	false
428	false
429	true
430	true
431	true
432	true
433	true
434	false
435	true
436	true
437	true
438	false
439	false
440	true
441	true
442	true
443	true
444	false
445	false
446	false
447	true
448	false
449	false
450	false
451	false
452	false
453	false
454	true
455	false
456	true
457	false
458	false
459	true
460	true
461	false
462	false
463	false
464	false
465	false
466	false
467	true
468	false
469	false
470	false
471	false
472	true
473	true
474	true
475	false
476	true
477	true
778	true
779	false
780	true
781	false
782	true
783	false
784	false
785	false
786	false
787	true
788	true
789	false
790	false
791	false
792	true
793	true
794	false
795	true
796	true
797	true
798	true
799	false
800	false
801	false
802	false
803	true
804	true
805	false
806	true
807	true
808	false
809	true
810	false
811	false
812	true
813	true
814	true
815	false
816	true
817	true
818	false
819	false
820	true
821	false
822	true
823	false
824	false
825	true
826	false
827	true
828	false
829	true
830	false
831	true
832	true
833	false
834	true
835	true
836	true
837	true
838	true
839	true
840	true
841	false
842	true
843	true
844	true
845	false
846	false
847	true
848	true
849	true
850	false
851	false
852	false
853	true
854	false
855	true
856	false
857	true
858	false
859	true
860	false
861	false
862	true
863	false
864	true
865	true
866	true
867	false
868	true
869	false
870	true
871	false
872	false
873	true
874	true
875	true
876	true
877	false
878	false
879	false
880	false
881	true
882	false
883	false
884	false
885	true
886	true
887	true
888	true
