1	true
2	true
3	true
4	false
5	true
6	true
7	false
8	false
9	false
10	true
11	true
12	true
13	true
14	false
15	false
16	true
17	false
18	false
19	false
20	false
21	false
22	true
23	true
24	false
25	false
26	false
27	true
28	false
29	true
30	false
31	false
32	false
33	false
34	true
35	true
36	true
37	true
38	false
39	true
40	true
41	true
42	true
43	true
44	true
45	true
46	true
47	false
48	false
49	true
50	true
51	true
52	true
53	false
54	false
55	false
56	false
57	false
58	false
59	true
60	true
61	true
62	false
63	false
64	false
65	true
66	true
67	false
68	false
69	false
70	false
71	true
72	false
73	true
74	true
75	true
76	false
77	true
78	false
79	false
80	true
81	true
82	true
83	false
84	false
85	false
86	false
87	true
88	true
89	true
90	true
91	true
92	false
93	false
394	false
395	true
396	true
397	false
398	true
399	false
400	true
401	false
402	false
403	true
404	true
405	false
406	true
407	false
408	false
409	true
410	false
411	false
412	true
413	false
414	false
415	true
416	true
417	true
418	true
419	false
420	false
421	false
422	false
423	false
424	false
425	false
426	true
427	true
428	true
429	true
430	true
431	false
432	false
433	true
434	false
435	false
436	false
437	true
438	true
439	true
440	false
441	true
442	true
443	true
444	true
445	true
446	true
447	false
448	false
449	true
450	true
451	true
452	true
453	true
454	true
455	true
456	false
457	true
458	false
459	false
460	true
461	false
462	true
463	true
464	false
465	true
466	true
467	false
468	false
469	false
470	false
471	true
472	true
473	true
474	true
475	false
476	true
477	false
778	true
779	false
780	true
781	true
782	true
783	false
784	false
785	false
786	false
787	true
788	true
789	true
790	true
791	true
792	false
793	true
794	false
795	false
796	false
797	true
798	false
799	false
800	false
801	true
802	false
803	true
804	true
805	true
806	true
807	true
808	false
809	true
810	false
811	false
812	false
813	true
814	true
815	true
816	true
817	false
818	true
819	false
820	false
821	true
822	true
823	false
824	false
825	false
826	true
827	true
828	true
829	false
830	true
831	false
832	false
833	false
834	false
835	true
836	true
837	false
838	false
839	true
840	false
841	true
842	false
843	true
844	true
845	true
846	true
847	false
848	true
849	false
850	false
851	false
852	true
853	false
854	false
855	false
856	false
857	false
858	false
859	true
860	false
861	true
862	false
863	true
864	false
865	true
866	false
867	false
868	true
869	false
870	true
871	true
872	false
873	true
874	true
875	true
876	true
877	true
878	false
879	false
880	false
881	true
882	false
883	false
884	true
885	true
886	false
887	false
888	true
