1	false
2	true
3	true
4	true
5	true
6	true
7	true
8	false
9	true
10	true
11	true
12	true
13	false
14	false
15	true
16	true
17	true
18	true
19	false
20	false
21	true
22	true
23	true
24	true
25	false
26	true
27	true
28	false
29	true
30	false
31	true
32	false
33	true
34	false
35	false
36	true
37	true
38	true
39	false
40	true
41	true
42	true
43	false
44	true
45	true
46	true
47	false
48	false
49	true
50	true
51	false
52	false
53	true
54	false
55	true
56	false
57	false
58	false
59	true
60	true
61	true
62	false
63	false
64	false
65	true
66	false
67	true
68	false
69	true
70	true
71	true
72	true
73	false
74	true
75	false
76	false
77	true
78	true
79	false
80	true
81	true
82	false
83	true
84	true
85	true
86	false
87	false
88	false
89	false
90	false
91	false
92	true
93	false
394	false
395	true
396	true
397	false
398	true
399	true
400	false
401	false
402	true
403	false
404	true
405	false
406	true
407	true
408	true
409	false
410	true
411	false
412	true
413	true
414	false
415	false
416	true
417	true
418	true
419	true
420	false
421	false
422	false
423	false
424	true
425	false
426	false
427	true
428	false
429	true
430	false
431	true
432	true
433	false
434	false
435	false
436	false
437	true
438	false
439	true
440	false
441	false
442	false
443	false
444	true
445	true
446	true
447	true
448	true
449	true
450	true
451	true
452	false
453	true
454	true
455	true
456	true
457	false
458	false
459	true
460	true
461	false
462	false
463	false
464	true
465	true
466	false
467	false
468	false
469	true
470	true
471	false
472	false
473	false
474	false
475	false
476	true
477	false
778	false
779	false
780	false
781	false
782	false
783	true
784	true
785	false
786	false
787	false
788	true
789	true
790	true
791	true
792	true
793	false
794	true
795	true
796	false
797	false
798	false
799	true
800	true
801	true
802	true
803	false
804	true
805	true
806	true
807	true
808	false
809	false
810	true
811	true
812	false
813	false
814	true
815	true
816	true
817	false
818	true
819	true
820	true
821	false
822	false
823	false
824	true
825	true
826	false
827	true
828	false
829	true
830	false
831	false
832	false
833	true
834	true
835	false
836	false
837	true
838	false
839	true
840	false
841	false
842	true
843	true
844	true
845	false
846	false
847	true
848	false
849	false
850	true
851	true
852	true
853	true
854	false
855	false
856	false
857	false
858	false
859	false
860	false
861	false
862	false
863	true
864	true
865	true
866	true
867	true
868	false
869	true
870	false
871	false
872	true
873	true
874	false
875	false
876	false
877	true
878	true
879	false
880	true
881	false
882	true
883	true
884	true
885	false
886	false
887	false
888	false
