1	true
2	true
3	true
4	false
5	true
6	true
7	true
8	false
9	true
10	false
11	true
12	false
13	false
14	true
15	false
16	true
17	false
18	false
19	false
20	true
21	true
22	false
23	true
24	true
25	false
26	false
27	true
28	false
29	false
30	true
31	true
32	false
33	false
34	false
35	true
36	true
37	true
38	true
39	false
40	true
41	false
42	true
43	false
44	false
45	false
46	true
47	true
48	true
49	true
50	false
51	false
52	true
53	true
54	true
55	true
56	false
57	true
58	false
59	true
60	false
61	false
62	true
63	true
64	false
65	false
66	false
67	false
68	false
69	false
70	false
71	true
72	true
73	true
74	false
75	true
76	true
77	false
78	false
79	true
80	false
81	false
82	false
83	true
84	false
85	true
86	false
87	true
88	true
89	false
90	true
91	true
92	true
93	true
394	true
395	true
396	true
397	false
398	false
399	true
400	true
401	true
402	false
403	false
404	true
405	true
406	true
407	false
408	false
409	false
410	true
411	true
412	true
413	true
414	true
415	false
416	false
417	false
418	true
419	true
420	false
421	false
422	true
423	true
424	true
425	false
426	true
427	true
428	true
429	false
430	true
431	true
432	false
433	false
434	true
435	true
436	false
437	false
438	true
439	false
440	false
441	true
442	true
443	false
444	false
445	false
446	false
447	false
448	true
449	true
450	true
451	false
452	false
453	true
454	false
455	false
456	false
457	false
458	false
459	false
460	true
461	false
462	true
463	false
464	false
465	true
466	false
467	false
468	false
469	true
470	true
471	false
472	false
473	false
474	false
475	false
476	true
477	false
778	true
779	false
780	true
781	true
782	true
783	true
784	true
785	false
786	true
787	false
788	true
789	true
790	false
791	true
792	false
793	true
794	true
795	true
796	false
797	true
798	true
799	true
800	true
801	false
802	false
803	false
804	false
805	false
806	true
807	true
808	false
809	true
810	false
811	true
812	false
813	false
814	true
815	true
816	true
817	false
818	true
819	false
820	false
821	true
822	false
823	true
824	false
825	false
826	true
827	false
828	true
829	false
830	false
831	true
832	false
833	false
834	true
835	true
836	false
837	false
838	true
839	true
840	true
841	true
842	false
843	false
844	false
845	true
846	false
847	false
848	false
849	false
850	true
851	false
852	true
853	false
854	false
855	true
856	true
857	true
858	false
859	false
860	false
861	false
862	false
863	true
864	false
865	false
866	true
867	false
868	false
869	true
870	false
871	true
872	false
873	true
874	true
875	false
876	false
877	false
878	true
879	false
880	true
881	false
882	false
883	false
884	false
885	false
886	true
887	false
888	false
