1	false
2	false
3	false
4	false
5	false
6	false
7	true
8	false
9	false
10	true
11	true
12	false
13	false
14	false
15	false
16	false
17	false
18	false
19	false
20	false
21	true
22	false
23	true
24	false
25	false
26	true
27	true
28	true
29	true
30	true
31	true
32	true
33	true
34	true
35	false
36	false
37	true
38	true
39	true
40	false
41	true
42	true
43	false
44	false
45	false
46	false
47	true
48	true
49	true
50	false
51	false
52	false
53	false
54	false
55	false
56	true
57	true
58	true
59	false
60	false
61	false
62	true
63	true
64	true
65	false
66	true
67	true
68	true
69	false
70	true
71	false
72	false
73	false
74	false
75	false
76	false
77	true
78	false
79	true
80	true
81	false
82	false
83	false
84	true
85	true
86	true
87	false
88	false
89	true
90	true
91	true
92	false
93	false
394	false
395	true
396	true
397	true
398	true
399	true
400	true
401	true
402	true
403	false
404	true
405	false
406	false
407	false
408	true
409	true
410	false
411	false
412	true
413	false
414	true
415	false
416	true
417	false
418	false
419	true
420	true
421	false
422	false
423	true
424	true
425	false
426	false
427	false
428	false
429	false
430	false
431	true
432	false
433	true
434	true
435	false
436	true
437	true
438	false
439	true
440	true
441	false
442	false
443	false
444	true
445	true
446	false
447	false
448	false
449	true
450	true
451	false
452	false
453	false
454	true
455	false
456	false
457	false
458	true
459	true
460	false
461	true
462	false
463	true
464	true
465	true
466	false
467	false
468	false
469	true
470	false
471	false
472	false
473	false
474	true
475	false
476	true
477	false
778	false
779	true
780	true
781	false
782	true
783	false
784	true
785	false
786	true
787	false
788	true
789	true
790	false
791	true
792	false
793	true
794	true
795	false
796	true
797	false
798	false
799	false
800	false
801	false
802	false
803	false
804	false
805	false
806	false
807	true
808	true
809	true
810	false
811	true
812	false
813	false
814	false
815	false
816	false
817	false
818	true
819	true
820	true
821	false
822	false
823	true
824	false
825	true
826	true
827	false
828	true
829	false
830	false
831	false
832	false
833	false
834	false
835	true
836	true
837	false
838	true
839	false
840	false
841	false
842	false
843	true
844	false
845	true
846	false
847	true
848	false
849	false
850	true
851	false
852	false
853	false
854	true
855	false
856	false
857	true
858	false
859	false
860	true
861	true
862	false
863	false
864	false
865	true
866	true
867	false
868	true
869	true
870	true
871	false
872	false
873	false
874	false
875	true
876	true
877	false
878	false
879	true
880	false
881	true
882	false
883	false
884	true
885	false
886	true
887	true
888	false
