1	true
2	true
3	true
4	true
5	false
6	false
7	false
8	false
9	false
10	true
11	false
12	true
13	false
14	true
15	false
16	false
17	false
18	false
19	false
20	false
21	true
22	false
23	true
24	true
25	false
26	true
27	true
28	false
29	false
30	true
31	true
32	true
33	false
34	false
35	true
36	true
37	false
38	true
39	true
40	false
41	true
42	true
43	true
44	true
45	true
46	true
47	true
48	false
49	true
50	false
51	true
52	false
53	true
54	false
55	false
56	true
57	false
58	false
59	true
60	false
61	false
62	false
63	true
64	true
65	true
66	true
67	true
68	false
69	true
70	true
71	false
72	false
73	false
74	false
75	true
76	true
77	false
78	false
79	true
80	true
81	true
82	false
83	false
84	false
85	false
86	false
87	false
88	true
89	false
90	false
91	false
92	true
93	false
394	true
395	true
396	true
397	true
398	true
399	false
400	true
401	false
402	true
403	false
404	true
405	false
406	false
407	true
408	true
409	false
410	false
411	true
412	true
413	false
414	false
415	false
416	true
417	true
418	true
419	true
420	false
421	false
422	false
423	true
424	false
425	false
426	true
427	false
428	true
429	false
430	false
431	true
432	true
433	false
434	true
435	false
436	true
437	false
438	false
439	false
440	true
441	false
442	true
443	true
444	true
445	false
446	true
447	false
448	true
449	true
450	true
451	false
452	false
453	false
454	false
455	true
456	false
457	true
458	false
459	true
460	true
461	true
462	true
463	false
464	false
465	false
466	false
467	false
468	true
469	true
470	true
471	false
472	true
473	false
474	true
475	false
476	true
477	true
778	false
779	false
780	false
781	true
782	true
783	true
784	false
785	true
786	false
787	true
788	true
789	false
790	false
791	false
792	true
793	false
794	false
795	false
796	true
797	false
798	true
799	true
800	false
801	false
802	false
803	true
804	true
805	true
806	false
807	true
808	false
809	false
810	true
811	false
812	true
813	true
814	true
815	true
816	false
817	true
818	false
819	true
820	false
821	true
822	true
823	true
824	true
825	false
826	false
827	true
828	true
829	true
830	false
831	true
832	true
833	true
834	false
835	false
836	false
837	true
838	false
839	true
840	false
841	false
842	true
843	true
844	false
845	true
846	true
847	true
848	false
849	false
850	true
851	false
852	true
853	true
854	true
855	false
856	true
857	true
858	false
859	false
860	true
861	true
862	false
863	true
864	true
865	false
866	false
867	true
868	false
869	false
870	true
871	false
872	false
873	true
874	false
875	false
876	true
877	true
878	false
879	true
880	true
881	true
882	true
883	false
884	false
885	true
886	false
887	false
888	false
