1	false
2	true
3	false
4	false
5	true
6	true
7	false
8	false
9	true
10	true
11	false
12	true
13	true
14	false
15	true
16	true
17	true
18	false
19	true
20	true
21	true
22	true
23	false
24	true
25	false
26	true
27	true
28	false
29	false
30	true
31	false
32	false
33	false
34	true
35	true
36	false
37	false
38	true
39	true
40	true
41	false
42	false
43	false
44	true
45	true
46	true
47	false
48	false
49	true
50	false
51	true
52	true
53	true
54	false
55	true
56	true
57	true
58	false
59	true
60	false
61	false
62	true
63	true
64	false
65	true
66	false
67	false
68	true
69	true
70	true
71	true
72	true
73	false
74	false
75	false
76	true
77	true
78	false
79	false
80	false
81	true
82	true
83	true
84	true
85	false
86	true
87	true
88	true
89	true
90	false
91	true
92	true
93	false
394	true
395	false
396	false
397	true
398	true
399	true
400	false
401	false
402	true
403	true
404	false
405	true
406	true
407	true
408	true
409	true
410	false
411	false
412	true
413	true
414	false
415	true
416	true
417	true
418	true
419	true
420	false
421	true
422	true
423	true
424	false
425	true
426	false
427	false
428	true
429	false
430	true
431	false
432	true
433	false
434	true
435	true
436	false
437	true
438	true
439	false
440	false
441	false
442	true
443	false
444	false
445	false
446	true
447	false
448	true
449	true
450	false
451	true
452	true
453	false
454	false
455	false
456	false
457	true
458	false
459	false
460	true
461	false
462	false
463	false
464	true
465	true
466	false
467	false
468	false
469	false
470	true
471	false
472	false
473	false
474	false
475	true
476	false
477	true
778	false
779	false
780	false
781	true
782	false
783	true
784	false
785	true
786	false
787	true
788	true
789	false
790	true
791	false
792	false
793	true
794	true
795	true
796	false
797	true
798	true
799	true
800	true
801	false
802	true
803	true
804	true
805	false
806	true
807	true
808	true
809	false
810	false
811	false
812	false
813	false
814	true
815	true
816	false
817	true
818	false
819	true
820	true
821	false
822	true
823	true
824	true
825	true
826	true
827	false
828	false
829	false
830	false
831	true
832	false
833	true
834	true
835	true
836	true
837	true
838	false
839	true
840	true
841	true
842	false
843	false
844	true
845	false
846	true
847	true
848	true
849	true
850	false
851	true
852	false
853	false
854	false
855	true
856	true
857	false
858	false
859	false
860	false
861	true
862	false
863	false
864	false
865	false
866	true
867	false
868	false
869	true
870	false
871	true
872	false
873	false
874	true
875	true
876	false
877	false
878	true
879	true
880	false
881	false
882	false
883	false
884	true
885	true
886	false
887	true
888	true
