1	false
2	false
3	true
4	false
5	false
6	true
7	false
8	false
9	false
10	true
11	false
12	true
13	true
14	false
15	false
16	false
17	true
18	false
19	false
20	false
21	true
22	true
23	false
24	false
25	true
26	false
27	true
28	true
29	true
30	false
31	false
32	true
33	false
34	false
35	false
36	true
37	false
38	false
39	true
40	true
41	false
42	false
43	false
44	true
45	true
46	true
47	false
48	false
49	false
50	false
51	false
52	true
53	true
54	true
55	false
56	false
57	false
58	true
59	false
60	true
61	true
62	true
63	false
64	false
65	false
66	false
67	false
68	true
69	false
70	true
71	true
72	false
73	true
74	false
75	false
76	true
77	true
78	false
79	true
80	true
81	true
82	true
83	true
84	false
85	false
86	true
87	true
88	true
89	false
90	true
91	true
92	true
93	true
394	false
395	true
396	false
397	true
398	false
399	false
400	true
401	false
402	true
403	true
404	false
405	true
406	false
407	true
408	false
409	true
410	true
411	true
412	true
413	false
414	true
415	false
416	true
417	true
418	false
419	true
420	true
421	false
422	false
423	true
424	false
425	false
426	true
427	false
428	false
429	false
430	false
431	false
432	true
433	true
434	false
435	false
436	false
437	true
438	true
439	false
440	true
441	true
442	false
443	true
444	false
445	false
446	true
447	true
448	true
449	false
450	true
451	true
452	true
453	false
454	false
455	true
456	false
457	true
458	false
459	false
460	true
461	true
462	true
463	false
464	false
465	false
466	true
467	false
468	false
469	true
470	false
471	true
472	false
473	false
474	false
475	true
476	false
477	false
778	false
779	false
780	true
781	false
782	false
783	false
784	false
785	false
786	true
787	false
788	false
789	true
790	true
791	false
792	false
793	false
794	true
795	false
796	true
797	false
798	false
799	false
800	true
801	false
802	true
803	true
804	true
805	false
806	false
807	false
808	false
809	true
810	false
811	true
812	false
813	true
814	false
815	false
816	false
817	true
818	true
819	false
820	false
821	false
822	false
823	true
824	true
825	false
826	true
827	true
828	false
829	true
830	true
831	false
832	true
833	false
834	true
835	false
836	true
837	true
838	false
839	false
840	true
841	true
842	false
843	false
844	false
845	false
846	false
847	false
848	true
849	true
850	false
851	false
852	false
853	true
854	true
855	false
856	false
857	false
858	true
859	false
860	true
861	true
862	true
863	false
864	true
865	false
866	true
867	false
868	true
869	false
870	false
871	true
872	true
873	true
874	true
875	true
876	false
877	true
878	false
879	false
880	true
881	false
882	false
883	true
884	false
885	true
886	false
887	true
888	true
