1	false
2	true
3	true
4	false
5	false
6	true
7	false
8	true
9	true
10	false
11	true
12	true
13	false
14	false
15	true
16	true
17	false
18	true
19	true
20	false
21	true
22	true
23	false
24	false
25	false
26	true
27	false
28	true
29	true
30	true
31	false
32	false
33	true
34	false
35	true
36	true
37	true
38	false
39	false
40	false
41	false
42	false
43	false
44	false
45	true
46	true
47	false
48	true
49	true
50	false
51	false
52	true
53	true
54	false
55	false
56	false
57	true
58	false
59	true
60	true
61	false
62	true
63	false
64	true
65	true
66	true
67	true
68	false
69	false
70	true
71	true
72	true
73	true
74	true
75	false
76	true
77	true
78	false
79	true
80	true
81	false
82	false
83	false
84	false
85	false
86	false
87	false
88	true
89	false
90	true
91	false
92	true
93	false
394	false
395	true
396	true
397	false
398	true
399	false
400	false
401	false
402	false
403	false
404	false
405	false
406	false
407	true
408	true
409	false
410	true
411	true
412	false
413	false
414	true
415	true
416	false
417	false
418	true
419	false
420	true
421	false
422	false
423	true
424	true
425	false
426	true
427	false
428	true
429	false
430	true
431	false
432	false
433	false
434	false
435	false
436	true
437	false
438	false
439	true
440	true
441	true
442	true
443	false
444	true
445	false
446	false
447	false
448	false
449	false
450	true
451	false
452	true
453	false
454	true
455	false
456	false
457	true
458	false
459	true
460	false
461	false
462	true
463	true
464	true
465	true
466	false
467	false
468	true
469	true
470	true
471	true
472	false
473	false
474	true
475	false
476	false
477	false
778	true
779	true
780	true
781	false
782	false
783	false
784	false
785	false
786	true
787	false
788	true
789	false
790	false
791	false
792	true
793	true
794	true
795	false
796	false
797	false
798	false
799	false
800	false
801	true
802	false
803	false
804	true
805	false
806	false
807	false
808	true
809	false
810	true
811	true
812	true
813	false
814	true
815	false
816	false
817	false
818	false
819	true
820	true
821	true
822	true
823	true
824	false
825	true
826	true
827	false
828	false
829	false
830	true
831	false
832	false
833	false
834	true
835	true
836	true
837	false
838	true
839	false
840	false
841	false
842	false
843	true
844	false
845	false
846	true
847	true
848	true
849	true
850	true
851	true
852	true
853	true
854	true
855	true
856	false
857	true
858	true
859	true
860	true
861	false
862	true
863	false
864	false
865	false
866	false
867	false
868	true
869	false
870	true
871	true
872	true
873	true
874	false
875	false
876	true
877	false
878	true
879	false
880	false
881	true
882	true
883	false
884	false
885	false
886	false
887	false
888	true
