1	false
2	true
3	false
4	true
5	false
6	true
7	false
8	false
9	true
10	false
11	true
12	true
13	true
14	false
15	false
16	false
17	false
18	false
19	true
20	false
21	true
22	false
23	true
24	true
25	false
26	true
27	true
28	false
29	false
30	true
31	true
32	false
33	true
34	false
35	true
36	false
37	true
38	true
39	false
40	true
41	true
42	false
43	true
44	true
45	true
46	false
47	false
48	true
49	false
50	false
51	false
52	true
53	false
54	true
55	true
56	false
57	false
58	true
59	false
60	true
61	false
62	true
63	true
64	false
65	false
66	false
67	false
68	false
69	true
70	false
71	true
72	false
73	false
74	false
75	false
76	false
77	false
78	true
79	false
80	true
81	true
82	false
83	false
84	true
85	false
86	true
87	true
88	true
89	false
90	true
91	false
92	true
93	true
394	false
395	false
396	false
397	true
398	true
399	false
400	true
401	true
402	false
403	true
404	false
405	true
406	false
407	true
408	true
409	false
410	false
411	false
412	true
413	true
414	true
415	false
416	true
417	true
418	false
419	false
420	true
421	false
422	false
423	false
424	false
425	false
426	false
427	false
428	false
429	false
430	false
431	true
432	true
433	false
434	false
435	true
436	false
437	false
438	true
439	false
440	false
441	true
442	false
443	false
444	false
445	false
446	false
447	true
448	true
449	false
450	true
451	true
452	true
453	true
454	true
455	true
456	true
457	true
458	true
459	true
460	true
461	false
462	false
463	false
464	true
465	true
466	false
467	true
468	false
469	false
470	false
471	false
472	true
473	true
474	false
475	false
476	false
477	false
778	false
779	true
780	false
781	true
782	false
783	false
784	false
785	true
786	false
787	false
788	false
789	false
790	false
791	false
792	false
793	true
794	false
795	true
796	true
797	false
798	false
799	true
800	false
801	true
802	true
803	true
804	true
805	true
806	false
807	true
808	true
809	true
810	false
811	false
812	true
813	false
814	false
815	false
816	true
817	false
818	false
819	true
820	false
821	true
822	false
823	false
824	true
825	true
826	false
827	false
828	false
829	true
830	false
831	true
832	false
833	true
834	false
835	true
836	true
837	true
838	false
839	false
840	false
841	false
842	true
843	false
844	false
845	false
846	false
847	false
848	false
849	true
850	false
851	false
852	false
853	true
854	true
855	true
856	true
857	false
858	false
859	false
860	false
861	false
862	true
863	false
864	true
865	true
866	true
867	false
868	false
869	true
870	true
871	true
872	true
873	true
874	true
875	true
876	true
877	false
878	true
879	true
880	true
881	false
882	false
883	true
884	false
885	true
886	false
887	true
888	false
