1	false
2	true
3	false
4	true
5	false
6	false
7	true
8	true
9	false
10	true
11	false
12	false
13	true
14	false
15	false
16	true
17	true
18	false
19	false
20	false
21	true
22	true
23	true
24	true
25	false
26	false
27	false
28	false
29	false
30	false
31	false
32	true
33	false
34	false
35	false
36	true
37	true
38	true
39	false
40	true
41	true
42	false
43	true
44	false
45	true
46	true
47	true
48	false
49	true
50	false
51	false
52	false
53	true
54	false
55	false
56	true
57	false
58	false
59	true
60	false
61	true
62	false
63	false
64	true
65	true
66	true
67	false
68	true
69	false
70	true
71	true
72	false
73	false
74	false
75	false
76	false
77	true
78	false
79	true
80	true
81	true
82	false
83	false
84	false
85	true
86	true
87	false
88	true
89	true
90	true
91	false
92	true
93	true
394	true
395	true
396	false
397	true
398	false
399	true
400	false
401	false
402	true
403	false
404	true
405	true
406	false
407	false
408	false
409	false
410	false
411	false
412	true
413	true
414	false
415	true
416	false
417	false
418	true
419	true
420	false
421	true
422	false
423	true
424	true
425	false
426	true
427	true
428	false
429	true
430	false
431	false
432	true
433	false
434	false
435	false
436	true
437	false
438	true
439	false
440	true
441	true
442	true
443	true
444	true
445	true
446	false
447	true
448	true
449	true
450	false
451	false
452	false
453	false
454	true
455	false
456	false
457	false
458	true
459	true
460	false
461	true
462	false
463	false
464	false
465	true
466	false
467	true
468	false
469	false
470	false
471	false
472	false
473	true
474	true
475	true
476	true
477	false
778	true
779	false
780	true
781	true
782	true
783	false
784	false
785	false
786	false
787	true
788	true
789	false
790	false
791	true
792	true
793	true
794	false
795	true
796	true
797	true
798	false
799	true
800	true
801	true
802	true
803	true
804	true
805	false
806	false
807	true
808	false
809	true
810	true
811	false
812	false
813	true
814	false
815	true
816	false
817	true
818	true
819	true
820	false
821	false
822	false
823	false
824	false
825	false
826	false
827	false
828	true
829	false
830	true
831	false
832	true
833	true
834	false
835	true
836	false
837	true
838	false
839	true
840	true
841	true
842	false
843	true
844	false
845	false
846	true
847	true
848	false
849	true
850	false
851	true
852	false
853	false
854	false
855	true
856	true
857	false
858	true
859	false
860	true
861	false
862	true
863	false
864	true
865	true
866	false
867	false
868	true
869	true
870	false
871	true
872	true
873	false
874	true
875	true
876	true
877	false
878	true
879	false
880	true
881	false
882	true
883	false
884	false
885	true
886	false
887	false
888	true
