1	true
2	true
3	false
4	true
5	true
6	false
7	true
8	true
9	true
10	false
11	true
12	false
13	true
14	false
15	true
16	true
17	false
18	false
19	false
20	false
21	true
22	false
23	false
24	true
25	false
26	true
27	true
28	false
29	false
30	true
31	false
32	true
33	false
34	false
35	true
36	false
37	false
38	false
39	true
40	false
41	true
42	true
43	true
44	true
45	true
46	false
47	false
48	false
49	true
50	true
51	true
52	true
53	false
54	true
55	true
56	true
57	true
58	false
59	true
60	true
61	false
62	false
63	true
64	false
65	false
66	false
67	false
68	true
69	true
70	true
71	false
72	true
73	false
74	false
75	true
76	true
77	true
78	true
79	false
80	false
81	false
82	true
83	false
84	true
85	false
86	false
87	false
88	true
89	false
90	true
91	false
92	true
93	true
394	true
395	true
396	true
397	true
398	false
399	true
400	true
401	false
402	true
403	true
404	false
405	true
406	true
407	true
408	true
409	true
410	true
411	false
412	false
413	true
414	false
415	true
416	false
417	true
418	false
419	true
420	true
421	true
422	true
423	false
424	false
425	false
426	true
427	true
428	false
429	false
430	true
431	false
432	true
433	false
434	false
435	true
436	false
437	false
438	false
439	false
440	false
441	true
442	false
443	true
444	true
445	true
446	false
447	true
448	false
449	true
450	false
451	false
452	false
453	false
454	false
455	false
456	true
457	true
458	false
459	true
460	true
461	true
462	true
463	true
464	false
465	false
466	true
467	true
468	false
469	true
470	false
471	false
472	true
473	true
474	true
475	true
476	true
477	false
778	true
779	true
780	true
781	false
782	true
783	true
784	false
785	false
786	true
787	true
788	false
789	false
790	true
791	true
792	false
793	false
794	true
795	false
796	false
797	false
798	true
799	true
800	true
801	false
802	false
803	false
804	true
805	true
806	false
807	false
808	false
809	true
810	true
811	false
812	false
813	true
814	true
815	true
816	true
817	true
818	false
819	true
820	false
821	true
822	false
823	false
824	true
825	false
826	false
827	true
828	false
829	true
830	false
831	false
832	false
833	true
834	false
835	true
836	false
837	false
838	false
839	false
840	true
841	false
842	false
843	false
844	false
845	true
846	true
847	true
848	false
849	false
850	false
851	false
852	true
853	false
854	true
855	true
856	false
857	true
858	false
859	false
860	false
861	false
862	false
863	false
864	false
865	false
866	true
867	false
868	true
869	true
870	false
871	true
872	false
873	false
874	false
875	true
876	true
877	true
878	false
879	true
880	true
881	false
882	false
883	true
884	true
885	true
886	true
887	false
888	false
