1	true
2	false
3	false
4	false
5	false
6	true
7	false
8	false
9	false
10	false
11	false
12	true
13	false
14	false
15	true
16	true
17	true
18	false
19	false
20	false
21	true
22	true
23	false
24	true
25	true
26	false
27	true
28	false
29	true
30	false
31	false
32	true
33	true
34	false
35	true
36	false
37	true
38	false
39	false
40	true
41	true
42	false
43	true
44	true
45	false
46	true
47	false
48	false
49	true
50	false
51	true
52	true
53	true
54	false
55	false
56	true
57	false
58	true
59	false
60	true
61	true
62	true
63	true
64	true
65	true
66	true
67	false
68	true
69	false
70	false
71	false
72	true
73	false
74	false
75	false
76	true
77	false
78	true
79	true
80	false
81	true
82	true
83	false
84	false
85	true
86	false
87	false
88	false
89	false
90	true
91	false
92	true
93	false
394	true
395	false
396	false
397	true
398	true
399	false
400	false
401	false
402	false
403	false
404	true
405	true
406	false
407	false
408	true
409	true
410	false
411	true
412	true
413	false
414	true
415	true
416	false
417	true
418	true
419	false
420	false
421	true
422	false
423	false
424	false
425	false
426	false
427	true
428	false
429	false
430	false
431	false
432	true
433	true
434	true
435	false
436	false
437	true
438	false
439	false
440	false
441	false
442	false
443	false
444	false
445	true
446	true
447	true
448	false
449	true
450	true
451	true
452	false
453	true
454	true
455	false
456	true
457	false
458	true
459	true
460	false
461	false
462	true
463	false
464	false
465	true
466	false
467	false
468	true
469	true
470	true
471	false
472	false
473	false
474	false
475	true
476	false
477	false
778	false
779	true
780	false
781	true
782	true
783	false
784	false
785	true
786	false
787	true
788	true
789	false
790	true
791	true
792	true
793	true
794	true
795	false
796	true
797	false
798	true
799	true
800	true
801	true
802	false
803	false
804	true
805	true
806	false
807	false
808	true
809	false
810	false
811	true
812	false
813	true
814	false
815	true
816	true
817	true
818	true
819	false
820	false
821	true
822	true
823	true
824	true
825	false
826	true
827	true
828	true
829	true
830	true
831	true
832	false
833	false
834	false
835	false
836	false
837	false
838	false
839	false
840	true
841	true
842	true
843	false
844	false
845	true
846	false
847	false
848	true
849	false
850	true
851	false
852	false
853	true
854	true
855	false
856	true
857	true
858	true
859	false
860	false
861	true
862	true
863	false
864	true
865	true
866	true
867	true
868	false
869	false
870	true
871	false
872	false
873	false
874	false
875	false
876	false
877	true
878	true
879	true
880	true
881	true
882	false
883	false
884	false
885	false
886	false
887	true
888	true
