1	false
2	false
3	false
4	false
5	false
6	true
7	true
8	true
9	true
10	true
11	true
12	true
13	true
14	false
15	false
16	false
17	false
18	true
19	false
20	true
21	true
22	false
23	true
24	true
25	true
26	false
27	false
28	false
29	true
30	false
31	false
32	false
33	false
34	true
35	true
36	true
37	false
38	true
39	true
40	true
41	false
42	true
43	true
44	true
45	true
46	true
47	true
48	true
49	false
50	true
51	true
52	false
53	true
54	true
55	false
56	true
57	true
58	true
59	false
60	false
61	true
62	true
63	true
64	false
65	true
66	true
67	true
68	true
69	true
70	false
71	false
72	true
73	true
74	true
75	false
76	true
77	true
78	false
79	false
80	false
81	false
82	false
83	true
84	false
85	true
86	false
87	true
88	true
89	true
90	true
91	false
92	true
93	true
394	true
395	true
396	false
397	true
398	false
399	false
400	false
401	false
402	false
403	true
404	false
405	false
406	false
407	true
408	true
409	false
410	true
411	true
412	true
413	true
414	true
415	false
416	true
417	false
418	false
419	false
420	true
421	true
422	false
423	false
424	false
425	false
426	true
427	true
428	true
429	true
430	false
431	false
432	false
433	true
434	false
435	true
436	true
437	false
438	true
439	true
440	false
441	true
442	false
443	false
444	true
445	true
446	true
447	true
448	true
449	false
450	true
451	true
452	true
453	false
454	false
455	true
456	false
457	true
458	false
459	false
460	true
461	false
462	false
463	true
464	false
465	false
466	false
467	true
468	false
469	false
470	false
471	true
472	false
473	false
474	true
475	false
476	true
477	true
778	true
779	false
780	true
781	false
782	true
783	true
784	false
785	true
786	true
787	true
788	false
789	false
790	true
791	false
792	false
793	true
794	true
795	true
796	true
797	false
798	true
799	true
800	true
801	true
802	true
803	true
804	false
805	false
806	true
807	false
808	true
809	true
810	true
811	true
812	true
813	false
814	true
815	true
816	false
817	true
818	false
819	true
820	false
821	true
822	true
823	true
824	false
825	false
826	true
827	true
828	false
829	true
830	false
831	true
832	true
833	true
834	true
835	false
836	true
837	false
838	true
839	false
840	false
841	true
842	false
843	false
844	false
845	true
846	true
847	false
848	true
849	true
850	true
851	true
852	true
853	true
854	false
855	true
856	false
857	true
858	true
859	true
860	true
861	true
862	true
863	false
864	false
865	true
866	true
867	false
868	true
869	true
870	true
871	true
872	true
873	false
874	true
875	false
876	true
877	false
878	true
879	false
880	false
881	false
882	false
883	false
884	false
885	false
886	true
887	true
888	true
