1	true
2	true
3	false
4	false
5	false
6	false
7	false
8	false
9	false
10	false
11	false
12	false
13	false
14	false
15	true
16	false
17	false
18	true
19	true
20	false
21	false
22	true
23	true
24	false
25	true
26	false
27	false
28	false
29	true
30	false
31	false
32	true
33	true
34	false
35	true
36	false
37	false
38	true
39	false
40	false
41	true
42	false
43	true
44	false
45	false
46	false
47	false
48	true
49	true
50	false
51	false
52	false
53	true
54	true
55	true
56	false
57	false
58	false
59	true
60	false
61	true
62	true
63	true
64	false
65	true
66	true
67	false
68	false
69	false
70	true
71	true
72	false
73	true
74	false
75	false
76	false
77	true
78	true
79	false
80	true
81	true
82	true
83	true
84	false
85	false
86	true
87	false
88	false
89	false
90	false
91	false
92	true
93	false
394	false
395	true
396	false
397	false
398	true
399	false
400	false
401	false
402	false
403	true
404	true
405	true
406	true
407	true
408	false
409	false
410	true
411	false
412	false
413	false
414	false
415	false
416	true
417	false
418	false
419	false
420	true
421	true
422	true
423	true
424	false
425	true
426	false
427	true
428	false
429	true
430	false
431	true
432	true
433	true
434	true
435	false
436	false
437	false
438	true
439	true
440	false
441	false
442	false
443	false
444	false
445	true
446	true
447	true
448	false
449	true
450	false
451	true
452	false
453	true
454	false
455	false
456	true
457	true
458	true
459	false
460	false
461	true
462	true
463	true
464	true
465	true
466	true
467	false
468	false
469	false
470	false
471	false
472	true
473	false
474	false
475	true
476	true
477	false
778	true
779	false
780	false
781	true
782	false
783	false
784	true
785	false
786	true
787	false
788	false
789	true
790	true
791	true
792	false
793	true
794	true
795	false
796	false
797	false
798	true
799	true
800	false
801	true
802	false
803	false
804	false
805	false
806	true
807	true
808	true
809	false
810	false
811	false
812	false
813	true
814	true
815	false
816	false
817	true
818	true
819	true
820	true
821	true
822	false
823	false
824	true
825	true
826	false
827	false
828	false
829	false
830	true
831	false
832	false
833	true
834	true
835	true
836	true
837	false
838	true
839	false
840	true
841	true
842	true
843	false
844	true
845	true
846	true
847	true
848	false
849	true
850	false
851	true
852	true
853	false
854	true
855	true
856	false
857	true
858	true
859	true
860	false
861	false
862	false
863	true
864	true
865	false
866	false
867	false
868	true
869	true
870	false
871	false
872	false
873	true
874	false
875	true
876	false
877	true
878	false
879	true
880	false
881	true
882	true
883	true
884	true
885	false
886	false
887	false
888	true
