1	false
2	false
3	true
4	true
5	true
6	false
7	false
8	true
9	false
10	true
11	true
12	false
13	true
14	true
15	true
16	true
17	true
18	false
19	false
20	false
21	false
22	true
23	false
24	false
25	false
26	false
27	false
28	true
29	true
30	false
31	false
32	false
33	false
34	true
35	true
36	true
37	false
38	true
39	false
40	false
41	true
42	true
43	false
44	true
45	true
46	true
47	true
48	true
49	true
50	false
51	false
52	false
53	false
54	false
55	false
56	false
57	false
58	false
59	false
60	true
61	false
62	true
63	false
64	true
65	true
66	true
67	false
68	false
69	false
70	true
71	true
72	true
73	false
74	true
75	false
76	false
77	true
78	true
79	true
80	false
81	true
82	false
83	true
84	true
85	false
86	true
87	true
88	false
89	false
90	true
91	true
92	false
93	true
394	true
395	true
396	false
397	true
398	true
399	true
400	true
401	false
402	false
403	false
404	false
405	true
406	true
407	false
408	false
409	true
410	false
411	false
412	true
413	true
414	false
415	true
416	true
417	true
418	true
419	false
420	true
421	false
422	false
423	false
424	true
425	false
426	true
427	false
428	true
429	false
430	true
431	true
432	false
433	false
434	true
435	true
436	true
437	false
438	false
439	true
440	false
441	true
442	true
443	true
444	false
445	false
446	true
447	true
448	true
449	false
450	false
451	false
452	false
453	false
454	true
455	false
456	false
457	false
458	false
459	true
460	true
461	true
462	true
463	true
464	true
465	true
466	false
467	false
468	false
469	false
470	false
471	false
472	true
473	false
474	true
475	true
476	true
477	true
778	true
779	true
780	true
781	true
782	false
783	false
784	false
785	true
786	false
787	true
788	true
789	false
790	true
791	true
792	true
793	true
794	false
795	true
796	false
797	true
798	false
799	false
800	true
801	false
802	true
803	true
804	false
805	false
806	true
807	true
808	false
809	true
810	false
811	false
812	true
813	false
814	false
815	false
816	true
817	false
818	true
819	true
820	false
821	false
822	false
823	false
824	false
825	false
826	false
827	true
828	false
829	false
830	false
831	true
832	true
833	false
834	true
835	false
836	true
837	true
838	true
839	false
840	true
841	true
842	false
843	false
844	false
845	true
846	true
847	true
848	false
849	true
850	true
851	false
852	false
853	false
854	false
855	false
856	false
857	true
858	false
859	false
860	true
861	false
862	false
863	false
864	false
865	true
866	true
867	false
868	false
869	false
870	true
871	true
872	true
873	false
874	false
875	true
876	false
877	true
878	true
879	true
880	false
881	true
882	true
883	false
884	false
885	false
886	true
887	true
888	false
