1	true
2	false
3	true
4	true
5	false
6	true
7	true
8	false
9	true
10	false
11	true
12	true
13	false
14	true
15	true
16	false
17	false
18	true
19	true
20	false
21	true
22	false
23	true
24	true
25	true
26	false
27	false
28	true
29	false
30	true
31	true
32	true
33	false
34	false
35	false
36	true
37	false
38	true
39	false
40	false
41	true
42	true
43	true
44	true
45	false
46	true
47	false
48	true
49	true
50	true
51	false
52	false
53	false
54	true
55	false
56	false
57	false
58	true
59	false
60	true
61	true
62	false
63	true
64	true
65	false
66	false
67	false
68	true
69	true
70	false
71	false
72	true
73	false
74	false
75	false
76	false
77	false
78	false
79	false
80	false
81	true
82	true
83	true
84	false
85	false
86	true
87	true
88	false
89	false
90	true
91	true
92	true
93	true
394	true
395	true
396	true
397	true
398	true
399	false
400	false
401	false
402	false
403	true
404	true
405	true
406	false
407	true
408	true
409	false
410	true
411	false
412	true
413	true
414	false
415	true
416	false
417	false
418	true
419	true
420	false
421	false
422	true
423	true
424	true
425	true
426	false
427	false
428	true
429	false
430	true
431	true
432	true
433	false
434	false
435	false
436	true
437	false
438	true
439	true
440	true
441	false
442	false
443	true
444	true
445	false
446	true
447	true
448	true
449	true
450	false
451	false
452	false
453	false
454	false
455	false
456	true
457	false
458	false
459	true
460	true
461	false
462	false
463	true
464	true
465	false
466	true
467	false
468	true
469	false
470	true
471	false
472	false
473	false
474	true
475	false
476	true
477	false
778	true
779	false
780	true
781	true
782	true
783	true
784	false
785	false
786	false
787	true
788	true
789	true
790	false
791	true
792	false
793	false
794	true
795	true
796	false
797	false
798	true
799	true
800	false
801	false
802	true
803	false
804	false
805	false
806	true
807	true
808	true
809	false
810	false
811	false
812	true
813	true
814	true
815	false
816	false
817	false
818	false
819	true
820	true
821	true
822	true
823	false
824	true
825	true
826	true
827	true
828	true
829	true
830	false
831	false
832	false
833	true
834	true
835	false
836	true
837	false
838	true
839	true
840	true
841	false
842	false
843	true
844	false
845	false
846	true
847	false
848	true
849	true
850	true
851	false
852	false
853	true
854	true
855	false
856	false
857	false
858	false
859	true
860	false
861	true
862	false
863	true
864	true
865	false
866	true
867	true
868	true
869	true
870	false
871	true
872	true
873	false
874	true
875	false
876	true
877	false
878	false
879	true
880	false
881	true
882	true
883	true
884	true
885	false
886	false
887	true
888	false
