1	false
2	false
3	true
4	true
5	true
6	false
7	false
8	true
9	true
10	false
11	true
12	true
13	true
14	true
15	false
16	true
17	false
18	false
19	true
20	true
21	false
22	true
23	false
24	true
25	true
26	false
27	false
28	true
29	false
30	true
31	true
32	false
33	true
34	true
35	false
36	false
37	false
38	true
39	true
40	true
41	true
42	false
43	true
44	true
45	false
46	true
47	true
48	true
49	true
50	true
51	false
52	true
53	true
54	true
55	false
56	true
57	true
58	true
59	true
60	false
61	false
62	true
63	false
64	false
65	false
66	true
67	false
68	true
69	false
70	false
71	true
72	false
73	false
74	false
75	false
76	false
77	false
78	false
79	true
80	false
81	true
82	false
83	false
84	true
85	true
86	true
87	true
88	true
89	false
90	true
91	false
92	false
93	false
394	false
395	false
396	true
397	false
398	false
399	true
400	true
401	true
402	true
403	false
404	true
405	false
406	false
407	false
408	true
409	true
410	false
411	false
412	true
413	true
414	false
415	false
416	false
417	true
418	false
419	false
420	true
421	true
422	true
423	false
424	false
425	false
426	false
427	true
428	false
429	false
430	false
431	false
432	true
433	true
434	false
435	false
436	false
437	false
438	false
439	false
440	false
441	false
442	true
443	true
444	true
445	true
446	true
447	false
448	false
449	true
450	false
451	true
452	false
453	false
454	true
455	false
456	true
457	false
458	true
459	true
460	false
461	true
462	true
463	true
464	false
465	true
466	false
467	false
468	false
469	true
470	true
471	false
472	false
473	true
474	true
475	false
476	true
477	true
778	false
779	false
780	true
781	true
782	true
783	true
784	false
785	false
786	true
787	false
788	false
789	true
790	true
791	false
792	true
793	false
794	true
795	false
796	false
797	true
798	false
799	false
800	true
801	true
802	false
803	true
804	false
805	false
806	false
807	true
808	true
809	true
810	false
811	false
812	false
813	true
814	true
815	false
816	false
817	true
818	true
819	false
820	true
821	false
822	true
823	true
824	false
825	false
826	false
827	false
828	false
829	false
830	true
831	true
832	false
833	false
834	false
835	false
836	true
837	true
838	false
839	false
840	true
841	true
842	false
843	false
844	false
845	false
846	false
847	false
848	true
849	false
850	true
851	false
852	true
853	false
854	true
855	true
856	false
857	true
858	false
859	false
860	true
861	true
862	true
863	true
864	true
865	true
866	false
867	false
868	false
869	true
870	true
871	true
872	true
873	true
874	false
875	false
876	true
877	false
878	true
879	true
880	false
881	true
882	true
883	false
884	false
885	false
886	false
887	true
888	false
