1	true
2	false
3	false
4	false
5	false
6	false
7	true
8	false
9	false
10	true
11	false
12	false
13	true
14	false
15	false
16	true
17	false
18	false
19	true
20	false
21	true
22	false
23	true
24	false
25	false
26	false
27	true
28	true
29	true
30	true
31	true
32	false
33	true
34	false
35	false
36	true
37	false
38	false
39	false
40	true
41	true
42	true
43	true
44	false
45	true
46	true
47	true
48	false
49	false
50	false
51	false
52	false
53	false
54	false
55	false
56	false
57	true
58	false
59	false
60	false
61	false
62	false
63	false
64	false
65	true
66	true
67	false
68	false
69	false
70	true
71	true
72	true
73	true
74	true
75	false
76	true
77	false
78	false
79	false
80	true
81	false
82	true
83	true
84	false
85	true
86	true
87	true
88	true
89	false
90	false
91	true
92	true
93	true
394	true
395	false
396	false
397	true
398	false
399	false
400	true
401	true
402	false
403	false
404	false
405	false
406	true
407	false
408	false
409	true
410	true
411	false
412	false
413	false
414	true
415	true
416	false
417	false
418	false
419	true
420	true
421	true
422	true
423	false
424	true
425	true
426	false
427	true
428	false
429	true
430	false
431	true
432	false
433	true
434	true
435	true
436	true
437	true
438	true
439	true
440	true
441	false
442	false
443	true
444	true
445	false
446	true
447	false
448	false
449	true
450	true
451	false
452	true
453	true
454	false
455	false
456	true
457	false
458	false
459	false
460	true
461	false
462	false
463	false
464	true
465	true
466	false
467	true
468	true
469	true
470	false
471	false
472	false
473	false
474	false
475	false
476	true
477	true
778	false
779	false
780	false
781	true
782	true
783	true
784	true
785	true
786	false
787	true
788	false
789	true
790	false
791	false
792	false
793	false
794	false
795	true
796	true
797	false
798	true
799	true
800	false
801	false
802	true
803	false
804	true
805	false
806	true
807	true
808	false
809	false
810	true
811	false
812	true
813	false
814	false
815	false
816	false
817	false
818	true
819	true
820	false
821	false
822	false
823	true
824	true
825	true
826	true
827	false
828	true
829	true
830	false
831	false
832	false
833	false
834	false
835	false
836	false
837	true
838	true
839	true
840	true
841	false
842	true
843	false
844	false
845	true
846	true
847	false
848	false
849	false
850	false
851	false
852	true
853	false
854	true
855	false
856	true
857	true
858	true
859	true
860	false
861	false
862	false
863	true
864	true
865	false
866	true
867	false
868	true
869	true
870	false
871	false
872	true
873	true
874	true
875	false
876	true
877	false
878	false
879	true
880	true
881	false
882	true
883	true
884	false
885	false
886	false
887	true
888	false
