1	false
2	true
3	false
4	false
5	false
6	true
7	true
8	false
9	true
10	true
11	false
12	false
13	true
14	false
15	true
16	false
17	false
18	false
19	true
20	false
21	false
22	false
23	false
24	true
25	false
26	true
27	true
28	false
29	false
30	true
31	false
32	false
33	false
34	false
35	false
36	false
37	false
38	true
39	false
40	true
41	false
42	true
43	true
44	true
45	false
46	false
47	true
48	true
49	true
50	false
51	false
52	false
53	false
54	false
55	false
56	true
57	true
58	false
59	true
60	true
61	true
62	false
63	false
64	true
65	true
66	true
67	false
68	false
69	false
70	true
71	false
72	false
73	false
74	false
75	false
76	false
77	true
78	false
79	true
80	false
81	false
82	true
83	true
84	true
85	true
86	false
87	false
88	true
89	false
90	false
91	false
92	true
93	false
394	true
395	true
396	true
397	false
398	true
399	false
400	true
401	true
402	false
403	true
404	true
405	true
406	true
407	true
408	false
409	false
410	true
411	true
412	false
413	false
414	true
415	true
416	true
417	false
418	false
419	false
420	false
421	true
422	false
423	false
424	false
425	false
426	false
427	true
428	true
429	false
430	true
431	false
432	true
433	false
434	false
435	true
436	true
437	false
438	true
439	true
440	false
441	false
442	true
443	true
444	true
445	false
446	true
447	false
448	true
449	false
450	false
451	true
452	true
453	false
454	false
455	false
456	false
457	false
458	false
459	false
460	false
461	true
462	false
463	true
464	true
465	false
466	false
467	false
468	false
469	true
470	true
471	true
472	true
473	true
474	false
475	true
476	true
477	false
778	false
779	false
780	true
781	false
782	false
783	true
784	true
785	false
786	true
787	false
788	false
789	true
790	false
791	true
792	false
793	true
794	true
795	true
796	true
797	true
798	true
799	true
800	false
801	true
802	true
803	true
804	true
805	false
806	false
807	true
808	false
809	false
810	true
811	true
812	true
813	true
814	false
815	false
816	false
817	true
818	true
819	true
820	false
821	true
822	true
823	true
824	false
825	true
826	false
827	false
828	true
829	false
830	true
831	true
832	false
833	false
834	false
835	true
836	true
837	false
838	false
839	true
840	false
841	true
842	false
843	false
844	false
845	true
846	false
847	false
848	true
849	true
850	false
851	false
852	false
853	false
854	true
855	true
856	false
857	true
858	false
859	true
860	false
861	true
862	false
863	false
864	true
865	false
866	true
867	true
868	true
869	false
870	false
871	false
872	false
873	false
874	true
875	false
876	false
877	true
878	false
879	true
880	false
881	true
882	false
883	true
884	true
885	true
886	false
887	true
888	false
