1	true
2	false
3	true
4	false
5	true
6	false
7	true
8	true
9	false
10	false
11	true
12	true
13	false
14	true
15	true
16	false
17	false
18	true
19	false
20	true
21	false
22	true
23	false
24	true
25	false
26	false
27	false
28	true
29	true
30	true
31	false
32	false
33	false
34	false
35	true
36	true
37	true
38	true
39	true
40	true
41	false
42	false
43	true
44	true
45	false
46	true
47	true
48	true
49	false
50	true
51	false
52	true
53	false
54	true
55	true
56	true
57	false
58	false
59	true
60	true
61	false
62	false
63	true
64	false
65	true
66	false
67	true
68	true
69	false
70	false
71	false
72	true
73	true
74	false
75	true
76	true
77	true
78	true
79	true
80	false
81	true
82	true
83	false
84	false
85	false
86	true
87	false
88	false
89	true
90	true
91	false
92	false
93	false
394	true
395	false
396	true
397	true
398	true
399	true
400	false
401	true
402	false
403	true
404	false
405	false
406	false
407	false
408	true
409	false
410	false
411	false
412	true
413	false
414	false
415	false
416	false
417	true
418	false
419	false
420	true
421	true
422	false
423	false
424	false
425	true
426	true
427	false
428	true
429	false
430	true
431	false
432	false
433	false
434	true
435	false
436	false
437	false
438	false
439	true
440	true
441	true
442	true
443	true
444	true
445	false
446	true
447	true
448	true
449	true
450	false
451	false
452	true
453	false
454	true
455	false
456	true
457	false
458	true
459	false
460	true
461	true
462	true
463	false
464	true
465	false
466	false
467	false
468	true
469	true
470	true
471	false
472	true
473	false
474	true
475	true
476	false
477	false
778	false
779	false
780	false
781	false
782	true
783	false
784	false
785	false
786	false
787	false
788	false
789	true
790	false
791	false
792	false
793	true
794	false
795	false
796	true
797	true
798	false
799	true
800	true
801	false
802	false
803	false
804	true
805	true
806	true
807	true
808	true
809	false
810	false
811	false
812	false
813	true
814	true
815	false
816	false
817	false
818	false
819	false
820	true
821	true
822	false
823	true
824	true
825	false
826	true
827	false
828	false
829	true
830	true
831	true
832	true
833	false
834	false
835	false
836	true
837	false
838	true
839	true
840	true
841	false
842	true
843	false
844	false
845	true
846	true
847	true
848	false
849	false
850	false
851	true
852	true
853	false
854	false
855	false
856	false
857	false
858	true
859	false
860	true
861	true
862	false
863	true
864	true
865	true
866	true
867	false
868	false
869	true
870	false
871	false
872	false
873	false
874	true
875	true
876	true
877	false
878	false
879	false
880	false
881	true
882	true
883	false
884	true
885	true
886	true
887	false
888	false
