1	false
2	false
3	false
4	false
5	false
6	true
7	false
8	false
9	false
10	true
11	true
12	false
13	false
14	false
15	true
16	false
17	true
18	true
19	false
20	true
21	false
22	true
23	false
24	true
25	true
26	true
27	false
28	false
29	false
30	true
31	true
32	true
33	true
34	true
35	false
36	true
37	true
38	true
39	false
40	true
41	true
42	true
43	true
44	true
45	false
46	true
47	false
48	true
49	true
50	false
51	true
52	true
53	false
54	false
55	true
56	false
57	true
58	false
59	true
60	false
61	false
62	true
63	false
64	true
65	false
66	false
67	true
68	true
69	true
70	false
71	false
72	false
73	false
74	true
75	true
76	true
77	true
78	false
79	true
80	false
81	true
82	true
83	false
84	true
85	false
86	false
87	false
88	true
89	true
90	true
91	true
92	true
93	true
394	false
395	false
396	false
397	true
398	true
399	false
400	false
401	false
402	false
403	false
404	true
405	true
406	true
407	false
408	false
409	false
410	false
411	false
412	true
413	true
414	true
415	true
416	false
417	true
418	false
419	true
420	false
421	true
422	true
423	false
424	false
425	false
426	true
427	true
428	true
429	false
430	false
431	false
432	false
433	true
434	false
435	false
436	true
437	true
438	false
439	true
440	true
441	false
442	true
443	false
444	false
445	true
446	false
447	true
448	true
449	true
450	false
451	true
452	false
453	true
454	true
455	true
456	true
457	false
458	false
459	true
460	false
461	true
462	true
463	true
464	true
465	true
466	false
467	false
468	false
469	false
470	true
471	true
472	false
473	false
474	true
475	true
476	false
477	true
778	true
779	true
780	true
781	true
782	false
783	true
784	false
785	true
786	false
787	false
788	false
789	false
790	true
791	true
792	false
793	false
794	true
795	true
796	true
797	false
798	false
799	true
800	true
801	true
802	true
803	true
804	true
805	true
806	true
807	true
808	false
809	false
810	true
811	true
812	true
813	true
814	false
815	false
816	false
817	false
818	true
819	true
820	false
821	false
822	true
823	false
824	true
825	true
826	false
827	true
828	false
829	true
830	true
831	false
832	false
833	false
834	false
835	false
836	false
837	false
838	true
839	true
840	false
841	false
842	true
843	false
844	true
845	true
846	true
847	true
848	false
849	true
850	true
851	false
852	false
853	true
854	true
855	true
856	true
857	false
858	true
859	true
860	false
861	true
862	false
863	false
864	false
865	true
866	true
867	false
868	true
869	true
870	false
871	false
872	false
873	false
874	false
875	false
876	false
877	false
878	true
879	true
880	true
881	true
882	true
883	false
884	false
885	false
886	false
887	false
888	true
