1	true
2	true
3	false
4	true
5	true
6	false
7	false
8	true
9	true
10	true
11	true
12	true
13	false
14	true
15	false
16	false
17	false
18	true
19	false
20	true
21	false
22	true
23	true
24	true
25	true
26	false
27	true
28	true
29	true
30	true
31	true
32	false
33	true
34	false
35	false
36	false
37	false
38	false
39	true
40	false
41	true
42	false
43	false
44	true
45	false
46	false
47	true
48	false
49	false
50	false
51	true
52	false
53	false
54	true
55	false
56	false
57	false
58	false
59	false
60	true
61	true
62	false
63	false
64	true
65	true
66	true
67	false
68	false
69	true
70	false
71	true
72	true
73	true
74	true
75	true
76	true
77	true
78	false
79	false
80	false
81	false
82	true
83	true
84	false
85	false
86	false
87	true
88	false
89	false
90	false
91	true
92	true
93	true
394	false
395	false
396	false
397	true
398	true
399	true
400	true
401	true
402	false
403	true
404	false
405	false
406	false
407	false
408	false
409	true
410	true
411	true
412	false
413	true
414	false
415	false
416	false
417	false
418	true
419	false
420	true
421	false
422	true
423	false
424	false
425	true
426	true
427	false
428	false
429	false
430	false
431	false
432	false
433	false
434	true
435	true
436	false
437	true
438	false
439	true
440	false
441	true
442	true
443	true
444	false
445	false
446	true
447	true
448	false
449	false
450	false
451	true
452	true
453	false
454	false
455	false
456	false
457	false
458	false
459	false
460	true
461	false
462	false
463	false
464	true
465	false
466	false
467	true
468	false
469	false
470	false
471	false
472	false
473	false
474	true
475	true
476	false
477	true
778	true
779	true
780	false
781	true
782	true
783	true
784	false
785	false
786	true
787	false
788	true
789	false
790	false
791	false
792	true
793	false
794	true
795	true
796	false
797	true
798	true
799	true
800	false
801	false
802	false
803	true
804	false
805	true
806	true
807	false
808	false
809	true
810	true
811	false
812	true
813	true
814	false
815	true
816	false
817	false
818	true
819	false
820	false
821	true
822	true
823	false
824	false
825	true
826	false
827	false
828	true
829	true
830	true
831	false
832	true
833	false
834	false
835	true
836	true
837	true
838	false
839	false
840	false
841	false
842	true
843	false
844	true
845	false
846	false
847	false
848	false
849	false
850	false
851	true
852	false
853	true
854	false
855	false
856	false
857	false
858	false
859	true
860	false
861	true
862	false
863	true
864	true
865	true
866	true
867	true
868	true
869	false
870	false
871	false
872	false
873	true
874	false
875	false
876	false
877	false
878	true
879	false
880	false
881	true
882	false
883	false
884	false
885	true
886	false
887	true
888	true
