1	false
2	false
3	false
4	false
5	false
6	true
7	true
8	false
9	false
10	false
11	true
12	true
13	true
14	false
15	true
16	false
17	false
18	false
19	true
20	true
21	false
22	true
23	false
24	false
25	true
26	true
27	true
28	true
29	false
30	false
31	false
32	true
33	true
34	true
35	false
36	false
37	false
38	true
39	true
40	true
41	false
42	true
43	true
44	true
45	false
46	false
47	false
48	false
49	true
50	true
51	false
52	true
53	false
54	true
55	false
56	false
57	true
58	false
59	false
60	true
61	true
62	true
63	true
64	true
65	true
66	true
67	true
68	false
69	false
70	true
71	false
72	true
73	true
74	false
75	true
76	true
77	true
78	false
79	false
80	false
81	false
82	false
83	true
84	false
85	true
86	false
87	true
88	true
89	true
90	true
91	true
92	false
93	true
394	false
395	false
396	true
397	false
398	true
399	false
400	true
401	false
402	false
403	true
404	true
405	true
406	false
407	false
408	true
409	false
410	true
411	false
412	true
413	true
414	true
415	true
416	false
417	false
418	false
419	true
420	true
421	false
422	true
423	false
424	true
425	true
426	false
427	false
428	true
429	true
430	false
431	true
432	true
433	true
434	true
435	true
436	true
437	false
438	false
439	true
440	false
441	false
442	true
443	true
444	false
445	false
446	true
447	false
448	true
449	true
450	false
451	true
452	false
453	false
454	false
455	false
456	true
457	true
458	false
459	true
460	false
461	true
462	false
463	true
464	true
465	false
466	true
467	false
468	false
469	false
470	false
471	false
472	false
473	true
474	false
475	true
476	false
477	true
778	true
779	true
780	true
781	false
782	true
783	true
784	false
785	true
786	true
787	true
788	false
789	true
790	true
791	true
792	true
793	false
794	true
795	false
796	false
797	false
798	true
799	true
800	true
801	false
802	false
803	true
804	true
805	false
806	false
807	false
808	true
809	true
810	true
811	false
812	true
813	true
814	false
815	true
816	true
817	true
818	false
819	false
820	false
821	true
822	false
823	false
824	true
825	true
826	false
827	true
828	true
829	true
830	true
831	true
832	true
833	false
834	true
835	true
836	false
837	false
838	false
839	true
840	false
841	true
842	false
843	false
844	false
845	true
846	true
847	true
848	false
849	true
850	true
851	true
852	true
853	true
854	true
855	false
856	false
857	false
858	true
859	true
860	true
861	true
862	true
863	true
864	true
865	true
866	false
867	false
868	false
869	true
870	false
871	false
872	false
873	true
874	true
875	true
876	true
877	false
878	true
879	true
880	true
881	true
882	true
883	true
884	false
885	true
886	true
887	false
888	false
