1	true
2	true
3	true
4	true
5	false
6	true
7	false
8	true
9	false
10	false
11	true
12	false
13	false
14	true
15	false
16	true
17	false
18	true
19	false
20	true
21	false
22	false
23	true
24	true
25	true
26	false
27	false
28	false
29	false
30	true
31	false
32	true
33	false
34	true
35	false
36	true
37	false
38	false
39	true
40	true
41	false
42	true
43	false
44	true
45	true
46	false
47	true
48	true
49	false
50	false
51	false
52	true
53	true
54	true
55	true
56	false
57	false
58	false
59	false
60	false
61	true
62	true
63	false
64	false
65	true
66	true
67	false
68	false
69	true
70	true
71	false
72	false
73	false
74	false
75	true
76	true
77	true
78	true
79	true
80	false
81	false
82	true
83	false
84	true
85	false
86	true
87	true
88	false
89	false
90	false
91	true
92	false
93	true
394	true
395	false
396	true
397	false
398	false
399	false
400	true
401	false
402	false
403	false
404	false
405	false
406	false
407	false
408	false
409	true
410	true
411	false
412	false
413	false
414	false
415	false
416	false
417	false
418	false
419	true
420	false
421	false
422	true
423	true
424	false
425	false
426	true
427	true
428	false
429	false
430	false
431	false
432	false
433	true
434	true
435	true
436	true
437	false
438	true
439	true
440	false
441	true
442	false
443	false
444	true
445	false
446	false
447	false
448	true
449	false
450	false
451	false
452	false
453	false
454	true
455	true
456	false
457	true
458	true
459	false
460	false
461	false
462	false
463	true
464	false
465	false
466	true
467	true
468	true
469	true
470	true
471	false
472	false
473	true
474	true
475	false
476	true
477	true
778	false
779	true
780	false
781	false
782	false
783	false
784	true
785	true
786	false
787	false
788	true
789	false
790	true
791	false
792	false
793	false
794	true
795	false
796	true
797	false
798	false
799	false
800	true
801	false
802	true
803	false
804	false
805	true
806	false
807	false
808	false
809	false
810	false
811	false
812	true
813	false
814	false
815	false
816	false
817	false
818	false
819	false
820	true
821	true
822	false
823	false
824	true
825	true
826	false
827	false
828	false
829	true
830	false
831	false
832	true
833	true
834	false
835	false
836	true
837	true
838	true
839	false
840	false
841	false
842	false
843	false
844	false
845	false
846	true
847	true
848	false
849	true
850	true
851	true
852	true
853	false
854	true
855	true
856	true
857	true
858	true
859	true
860	false
861	true
862	true
863	false
864	true
865	true
866	false
867	true
868	true
869	false
870	false
871	false
872	false
873	true
874	false
875	true
876	false
877	true
878	true
879	false
880	true
881	true
882	false
883	false
884	false
885	true
886	true
887	false
888	true
