1	true
2	false
3	true
4	true
5	true
6	true
7	false
8	false
9	false
10	true
11	true
12	false
13	false
14	true
15	true
16	false
17	true
18	false
19	true
20	false
21	true
22	true
23	true
24	true
25	false
26	false
27	false
28	false
29	false
30	false
31	false
32	true
33	false
34	false
35	false
36	true
37	false
38	true
39	true
40	true
41	true
42	false
43	false
44	true
45	false
46	false
47	false
48	false
49	true
50	false
51	true
52	false
53	true
54	true
55	false
56	false
57	false
58	true
59	true
60	true
61	false
62	true
63	true
64	false
65	true
66	false
67	false
68	true
69	false
70	false
71	true
72	true
73	true
74	false
75	true
76	true
77	true
78	false
79	false
80	true
81	false
82	true
83	true
84	false
85	false
86	true
87	true
88	true
89	true
90	false
91	true
92	true
93	true
394	false
395	false
396	false
397	false
398	true
399	true
400	true
401	true
402	true
403	false
404	false
405	true
406	false
407	false
408	false
409	true
410	false
411	true
412	false
413	true
414	true
415	false
416	false
417	true
418	false
419	true
420	true
421	true
422	false
423	false
424	true
425	false
426	true
427	true
428	true
429	true
430	true
431	true
432	false
433	true
434	false
435	true
436	false
437	true
438	false
439	true
440	false
441	false
442	true
443	true
444	false
445	false
446	true
447	true
448	false
449	false
450	true
451	true
452	false
453	true
454	false
455	false
456	true
457	false
458	true
459	false
460	false
461	false
462	true
463	false
464	true
465	false
466	false
467	true
468	false
469	true
470	true
471	false
472	false
473	false
474	true
475	true
476	true
477	true
778	true
779	true
780	true
781	false
782	true
783	true
784	true
785	false
786	false
787	false
788	true
789	true
790	true
791	true
792	true
793	true
794	false
795	true
796	false
797	false
798	true
799	true
800	false
801	true
802	false
803	false
804	false
805	false
806	false
807	false
808	true
809	true
810	false
811	true
812	true
813	true
814	true
815	true
816	false
817	true
818	false
819	false
820	true
821	true
822	true
823	true
824	true
825	true
826	false
827	true
828	false
829	true
830	false
831	false
832	true
833	true
834	false
835	true
836	false
837	true
838	true
839	true
840	true
841	true
842	true
843	true
844	true
845	true
846	true
847	false
848	false
849	false
850	false
851	true
852	true
853	true
854	false
855	true
856	false
857	true
858	false
859	false
860	true
861	false
862	true
863	false
864	false
865	false
866	true
867	false
868	false
869	false
870	false
871	false
872	true
873	true
874	false
875	true
876	true
877	false
878	true
879	true
880	false
881	true
882	false
883	false
884	true
885	false
886	true
887	false
888	false
