1	true
2	false
3	false
4	true
5	false
6	true
7	true
8	true
9	true
10	true
11	true
12	false
13	false
14	true
15	true
16	false
17	true
18	true
19	false
20	false
21	false
22	false
23	true
24	false
25	false
26	true
27	false
28	false
29	true
30	false
31	true
32	true
33	false
34	false
35	true
36	true
37	true
38	false
39	false
40	false
41	true
42	false
43	true
44	false
45	true
46	false
47	false
48	true
49	true
50	false
51	false
52	false
53	true
54	true
55	false
56	false
57	true
58	true
59	false
60	false
61	false
62	true
63	false
64	false
65	false
66	true
67	false
68	true
69	true
70	true
71	true
72	true
73	false
74	true
75	false
76	false
77	true
78	true
79	true
80	false
81	true
82	true
83	true
84	true
85	false
86	false
87	true
88	true
89	false
90	false
91	false
92	false
93	false
394	true
395	false
396	true
397	true
398	true
399	false
400	true
401	false
402	true
403	true
404	false
405	true
406	true
407	true
408	false
409	true
410	false
411	true
412	true
413	false
414	false
415	true
416	true
417	false
418	false
419	false
420	false
421	true
422	true
423	true
424	false
425	false
426	false
427	false
428	true
429	true
430	true
431	true
432	true
433	false
434	true
435	true
436	false
437	true
438	false
439	true
440	true
441	false
442	true
443	false
444	true
445	false
446	true
447	false
448	false
449	true
450	true
451	false
452	false
453	true
454	false
455	false
456	false
457	true
458	false
459	true
460	true
461	true
462	true
463	false
464	false
465	true
466	true
467	true
468	false
469	false
470	true
471	true
472	false
473	true
474	false
475	true
476	true
477	true
778	true
779	true
780	true
781	false
782	false
783	false
784	false
785	false
786	false
787	true
788	false
789	false
790	true
791	false
792	true
793	false
794	true
795	true
796	false
797	false
798	false
799	true
800	false
801	true
802	false
803	false
804	true
805	true
806	true
807	true
808	false
809	false
810	false
811	true
812	false
813	false
814	true
815	false
816	false
817	false
818	true
819	false
820	true
821	true
822	false
823	false
824	false
825	false
826	true
827	true
828	false
829	false
830	true
831	false
832	true
833	true
834	false
835	true
836	true
837	true
838	false
839	true
840	false
841	true
842	false
843	false
844	false
845	false
846	false
847	true
848	false
849	true
850	false
851	true
852	false
853	false
854	false
855	true
856	false
857	false
858	false
859	true
860	true
861	false
862	false
863	true
864	false
865	false
866	false
867	false
868	true
869	true
870	true
871	true
872	false
873	true
874	true
875	false
876	false
877	false
878	false
879	false
880	false
881	false
882	true
883	true
884	false
885	false
886	false
887	false
888	false
