1	true
2	false
3	true
4	true
5	true
6	true
7	false
8	false
9	false
10	false
11	false
12	false
13	true
14	true
15	false
16	true
17	false
18	true
19	false
20	true
21	true
22	true
23	false
24	false
25	true
26	false
27	false
28	true
29	true
30	true
31	true
32	false
33	false
34	false
35	false
36	false
37	true
38	true
39	false
40	true
41	true
42	false
43	true
44	false
45	false
46	false
47	true
48	false
49	false
50	false
51	false
52	false
53	false
54	false
55	false
56	false
57	true
58	true
59	true
60	false
61	false
62	true
63	true
64	true
65	false
66	true
67	false
68	false
69	false
70	false
71	true
72	true
73	false
74	false
75	false
76	true
77	false
78	true
79	true
80	true
81	true
82	true
83	true
84	true
85	false
86	true
87	false
88	false
89	true
90	false
91	false
92	false
93	false
394	false
395	true
396	false
397	false
398	true
399	false
400	false
401	false
402	false
403	true
404	true
405	false
406	false
407	true
408	false
409	true
410	true
411	false
412	true
413	true
414	true
415	true
416	false
417	true
418	true
419	false
420	true
421	true
422	false
423	true
424	true
425	false
426	true
427	true
428	false
429	false
430	false
431	true
432	false
433	true
434	true
435	false
436	true
437	false
438	true
439	false
440	false
441	false
442	true
443	false
444	true
445	false
446	false
447	true
448	true
449	false
450	false
451	false
452	true
453	true
454	true
455	false
456	true
457	false
458	true
459	false
460	false
461	true
462	false
463	false
464	true
465	true
466	false
467	false
468	true
469	true
470	false
471	true
472	false
473	false
474	false
475	true
476	false
477	true
778	true
779	true
780	false
781	false
782	false
783	false
784	true
785	false
786	false
787	true
788	true
789	true
790	false
791	true
792	false
793	false
794	true
795	true
796	true
797	true
798	false
799	false
800	true
801	false
802	true
803	false
804	true
805	true
806	true
807	true
808	false
809	false
810	false
811	false
812	false
813	false
814	true
815	false
816	true
817	true
818	true
819	true
820	false
821	true
822	true
823	true
824	false
825	true
826	false
827	false
828	true
829	true
830	true
831	true
832	true
833	false
834	true
835	false
836	false
837	false
838	false
839	true
840	false
841	false
842	false
843	true
844	true
845	true
846	true
847	false
848	false
849	false
850	false
851	true
852	false
853	false
854	false
855	true
856	true
857	false
858	true
859	true
860	true
861	true
862	false
863	false
864	true
865	true
866	true
867	false
868	true
869	true
870	false
871	true
872	false
873	false
874	true
875	true
876	true
877	true
878	true
879	true
880	false
881	true
882	false
883	true
884	false
885	true
886	false
887	false
888	false
