1	false
2	false
3	true
4	true
5	false
6	false
7	false
8	false
9	false
10	false
11	false
12	true
13	false
14	false
15	true
16	true
17	false
18	false
19	true
20	false
21	true
22	false
23	false
24	false
25	false
26	true
27	true
28	true
29	true
30	true
31	false
32	true
33	true
34	false
35	true
36	false
37	true
38	false
39	false
40	true
41	true
42	true
43	true
44	true
45	false
46	true
47	false
48	true
49	true
50	true
51	false
52	true
53	true
54	true
55	false
56	false
57	true
58	false
59	false
60	false
61	false
62	true
63	false
64	true
65	true
66	false
67	false
68	false
69	false
70	true
71	true
72	true
73	true
74	true
75	false
76	false
77	false
78	true
79	true
80	false
81	false
82	false
83	true
84	true
85	true
86	false
87	true
88	false
89	false
90	true
91	true
92	true
93	false
394	true
395	false
396	false
397	false
398	true
399	true
400	true
401	false
402	true
403	false
404	true
405	true
406	true
407	false
408	false
409	false
410	true
411	false
412	true
413	true
414	false
415	false
416	true
417	false
418	false
419	false
420	true
421	true
422	false
423	false
424	true
425	false
426	false
427	true
428	true
429	false
430	false
431	true
432	true
433	true
434	false
435	false
436	true
437	true
438	true
439	false
440	false
441	false
442	true
443	true
444	false
445	true
446	true
447	false
448	false
449	false
450	false
451	false
452	false
453	true
454	true
455	false
456	true
457	true
458	false
459	true
460	false
461	true
462	true
463	true
464	true
465	false
466	false
467	true
468	false
469	true
470	true
471	true
472	true
473	true
474	false
475	true
476	false
477	true
778	true
779	true
780	true
781	false
782	false
783	false
784	true
785	true
786	false
787	false
788	true
789	false
790	true
791	true
792	true
793	true
794	false
795	false
796	false
797	true
798	false
799	true
800	false
801	true
802	false
803	false
804	true
805	true
806	false
807	false
808	true
809	true
810	false
811	false
812	true
813	false
814	false
815	false
816	true
817	false
818	false
819	false
820	true
821	false
822	false
823	true
824	false
825	true
826	false
827	false
828	false
829	false
830	true
831	true
832	false
833	false
834	false
835	false
836	false
837	true
838	true
839	false
840	false
841	true
842	false
843	false
844	false
845	false
846	false
847	false
848	true
849	false
850	false
851	true
852	true
853	false
854	false
855	false
856	false
857	true
858	false
859	false
860	true
861	true
862	true
863	true
864	false
865	true
866	true
867	false
868	true
869	true
870	false
871	true
872	true
873	true
874	true
875	true
876	false
877	true
878	false
879	false
880	true
881	false
882	true
883	true
884	false
885	false
886	false
887	true
888	true
