1	true
2	true
3	false
4	true
5	true
6	true
7	true
8	true
9	false
10	false
11	true
12	false
13	true
14	false
15	true
16	false
17	false
18	false
19	false
20	false
21	false
22	false
23	false
24	true
25	false
26	false
27	true
28	false
29	true
30	false
31	false
32	false
33	false
34	false
35	true
36	false
37	true
38	false
39	false
40	false
41	true
42	true
43	false
44	true
45	false
46	false
47	false
48	true
49	false
50	true
51	false
52	true
53	true
54	true
55	false
56	true
57	false
58	false
59	false
60	true
61	false
62	true
63	false
64	true
65	false
66	false
67	true
68	false
69	false
70	false
71	false
72	true
73	false
74	true
75	false
76	false
77	false
78	false
79	false
80	false
81	false
82	true
83	false
84	true
85	true
86	true
87	true
88	true
89	true
90	false
91	false
92	true
93	false
394	false
395	false
396	true
397	false
398	true
399	true
400	false
401	false
402	true
403	false
404	true
405	false
406	true
407	true
408	true
409	false
410	false
411	true
412	true
413	false
414	false
415	true
416	true
417	false
418	true
419	true
420	false
421	false
422	true
423	false
424	true
425	true
426	false
427	true
428	false
429	false
430	true
431	false
432	false
433	false
434	true
435	true
436	false
437	false
438	true
439	false
440	true
441	true
442	false
443	false
444	true
445	true
446	false
447	true
448	true
449	false
450	false
451	true
452	false
453	false
454	false
455	false
456	false
457	false
458	false
459	true
460	false
461	false
462	false
463	true
464	false
465	false
466	false
467	true
468	true
469	true
470	true
471	false
472	false
473	true
474	false
475	false
476	false
477	true
778	true
779	true
780	true
781	true
782	true
783	false
784	true
785	false
786	false
787	false
788	true
789	true
790	false
791	true
792	true
793	true
794	true
795	false
796	false
797	true
798	true
799	false
800	true
801	false
802	true
803	false
804	false
805	true
806	true
807	true
808	true
809	true
810	true
811	false
812	false
813	false
814	false
815	false
816	true
817	false
818	false
819	true
820	false
821	false
822	true
823	false
824	true
825	true
826	true
827	false
828	false
829	true
830	true
831	false
832	true
833	false
834	false
835	false
836	true
837	false
838	false
839	true
840	true
841	false
842	true
843	true
844	true
845	true
846	true
847	true
848	true
849	true
850	true
851	false
852	true
853	false
854	false
855	true
856	true
857	false
858	true
859	false
860	false
861	false
862	true
863	true
864	false
865	false
866	true
867	false
868	true
869	true
870	true
871	true
872	false
873	true
874	false
875	true
876	true
877	true
878	false
879	false
880	false
881	true
882	true
883	false
884	false
885	true
886	false
887	false
888	true
