1	true
2	false
3	false
4	true
5	true
6	true
7	false
8	false
9	false
10	false
11	true
12	true
13	false
14	true
15	true
16	false
17	false
18	true
19	true
20	false
21	false
22	true
23	false
24	false
25	true
26	true
27	false
28	true
29	false
30	true
31	true
32	false
33	false
34	true
35	true
36	false
37	true
38	false
39	false
40	false
41	false
42	false
43	true
44	false
45	true
46	true
47	false
48	true
49	true
50	false
51	false
52	true
53	false
54	true
55	true
56	false
57	false
58	false
59	true
60	false
61	true
62	false
63	true
64	false
65	true
66	false
67	true
68	false
69	false
70	true
71	true
72	true
73	false
74	false
75	true
76	true
77	false
78	false
79	false
80	true
81	false
82	false
83	true
84	true
85	true
86	true
87	true
88	true
89	false
90	true
91	true
92	false
93	false
394	true
395	true
396	false
397	false
398	true
399	true
400	true
401	true
402	true
403	true
404	true
405	true
406	false
407	false
408	true
409	false
410	false
411	true
412	true
413	false
414	true
415	false
416	false
417	true
418	true
419	false
420	false
421	true
422	true
423	false
424	true
425	true
426	true
427	false
428	true
429	true
430	false
431	false
432	true
433	false
434	true
435	false
436	false
437	false
438	false
439	true
440	true
441	false
442	true
443	false
444	true
445	false
446	false
447	true
448	false
449	true
450	true
451	true
452	false
453	false
454	false
455	false
456	false
457	false
458	false
459	true
460	false
461	false
462	false
463	false
464	true
465	false
466	false
467	false
468	false
469	true
470	true
471	false
472	false
473	false
474	false
475	false
476	true
477	true
778	false
779	true
780	false
781	true
782	false
783	true
784	true
785	true
786	true
787	false
788	false
789	false
790	true
791	true
792	false
793	false
794	false
795	true
796	true
797	true
798	false
799	false
800	false
801	false
802	true
803	true
804	true
805	true
806	false
807	true
808	false
809	true
810	false
811	true
812	true
813	false
814	true
815	true
816	false
817	true
818	false
819	true
820	true
821	true
822	false
823	false
824	false
825	false
826	false
827	true
828	true
829	false
830	true
831	true
832	false
833	true
834	true
835	true
836	true
837	true
838	false
839	true
840	true
841	false
842	true
843	true
844	true
845	false
846	false
847	true
848	true
849	true
850	false
851	true
852	false
853	false
854	false
855	false
856	false
857	false
858	false
859	false
860	true
861	true
862	true
863	true
864	true
865	true
866	true
867	false
868	false
869	true
870	true
871	false
872	true
873	true
874	false
875	false
876	false
877	true
878	true
879	false
880	true
881	false
882	true
883	true
884	false
885	true
886	true
887	true
888	true
