1	true
2	false
3	false
4	false
5	false
6	true
7	true
8	false
9	false
10	true
11	false
12	true
13	false
14	false
15	true
16	true
17	false
18	false
19	true
20	true
21	true
22	false
23	true
24	false
25	true
26	true
27	true
28	true
29	true
30	true
31	true
32	true
33	false
34	true
35	false
36	false
37	true
38	true
39	true
40	false
41	false
42	false
43	true
44	false
45	false
46	true
47	false
48	false
49	true
50	true
51	false
52	false
53	true
54	true
55	true
56	true
57	true
58	true
59	false
60	false
61	true
62	false
63	false
64	true
65	true
66	true
67	true
68	true
69	true
70	true
71	false
72	true
73	true
74	false
75	false
76	false
77	false
78	false
79	false
80	true
81	true
82	true
83	false
84	true
85	true
86	false
87	true
88	false
89	true
90	false
91	true
92	false
93	true
394	false
395	true
396	false
397	true
398	true
399	true
400	true
401	true
402	false
403	false
404	true
405	false
406	false
407	false
408	false
409	false
410	true
411	true
412	true
413	false
414	false
415	true
416	false
417	false
418	false
419	true
420	false
421	true
422	false
423	false
424	false
425	false
426	false
427	false
428	true
429	true
430	true
431	true
432	false
433	true
434	false
435	true
436	true
437	false
438	false
439	true
440	true
441	true
442	false
443	false
444	true
445	false
446	true
447	false
448	true
449	true
450	false
451	false
452	true
453	false
454	false
455	false
456	true
457	false
458	false
459	true
460	true
461	false
462	false
463	false
464	false
465	false
466	true
467	false
468	false
469	true
470	false
471	false
472	true
473	false
474	true
475	true
476	false
477	false
778	true
779	false
780	true
781	false
782	false
783	true
784	false
785	true
786	true
787	true
788	true
789	true
790	true
791	true
792	true
793	false
794	false
795	true
796	false
797	true
798	true
799	true
800	true
801	true
802	true
803	false
804	true
805	true
806	true
807	true
808	true
809	false
810	false
811	true
812	true
813	false
814	true
815	true
816	true
817	true
818	false
819	true
820	false
821	true
822	false
823	true
824	false
825	false
826	true
827	false
828	false
829	true
830	false
831	false
832	true
833	true
834	true
835	false
836	false
837	false
838	true
839	true
840	false
841	false
842	true
843	false
844	true
845	false
846	false
847	false
848	false
849	true
850	true
851	true
852	true
853	true
854	true
855	true
856	false
857	true
858	false
859	true
860	false
861	false
862	true
863	false
864	true
865	false
866	true
867	true
868	false
869	false
870	true
871	false
872	true
873	true
874	false
875	false
876	true
877	false
878	true
879	false
880	true
881	false
882	false
883	false
884	false
885	true
886	true
887	false
888	true
