1	true
2	false
3	false
4	false
5	false
6	false
7	false
8	true
9	false
10	false
11	false
12	false
13	false
14	true
15	false
16	false
17	false
18	true
19	true
20	false
21	true
22	false
23	false
24	false
25	false
26	true
27	true
28	true
29	false
30	false
31	true
32	true
33	false
34	false
35	false
36	true
37	true
38	false
39	false
40	false
41	false
42	false
43	true
44	false
45	false
46	true
47	true
48	true
49	true
50	true
51	true
52	true
53	true
54	true
55	true
56	false
57	false
58	false
59	false
60	true
61	true
62	false
63	false
64	true
65	false
66	false
67	true
68	false
69	true
70	false
71	true
72	false
73	true
74	false
75	true
76	false
77	true
78	false
79	false
80	false
81	true
82	false
83	false
84	false
85	false
86	true
87	true
88	true
89	false
90	true
91	true
92	true
93	true
394	false
395	false
396	true
397	true
398	true
399	false
400	true
401	false
402	true
403	true
404	true
405	true
406	true
407	true
408	true
409	true
410	true
411	true
412	false
413	false
414	true
415	true
416	true
417	false
418	false
419	false
420	false
421	false
422	true
423	true
424	true
425	false
426	false
427	false
428	true
429	false
430	true
431	false
432	true
433	true
434	true
435	true
436	false
437	false
438	true
439	false
440	false
441	false
442	false
443	false
444	false
445	true
446	true
447	true
448	true
449	true
450	false
451	false
452	true
453	true
454	true
455	false
456	false
457	true
458	false
459	true
460	false
461	false
462	true
463	false
464	false
465	true
466	true
467	false
468	false
469	false
470	false
471	false
472	true
473	true
474	false
475	false
476	false
477	false
778	true
779	false
780	true
781	false
782	false
783	false
784	true
785	true
786	true
787	true
788	false
789	true
790	false
791	true
792	false
793	false
794	true
795	true
796	true
797	false
798	false
799	false
800	false
801	true
802	false
803	false
804	false
805	true
806	false
807	false
808	false
809	false
810	true
811	false
812	true
813	false
814	false
815	true
816	true
817	true
818	true
819	true
820	false
821	false
822	false
823	true
824	false
825	false
826	false
827	false
828	false
829	true
830	true
831	false
832	true
833	true
834	false
835	true
836	true
837	false
838	false
839	false
840	true
841	false
842	false
843	true
844	true
845	true
846	false
847	true
848	false
849	false
850	true
851	true
852	false
853	false
854	true
855	false
856	false
857	true
858	true
859	false
860	true
861	true
862	true
863	true
864	false
865	true
866	true
867	false
868	false
869	true
870	true
871	true
872	true
873	true
874	false
875	true
876	true
877	true
878	false
879	false
880	true
881	true
882	false
883	true
884	true
885	false
886	true
887	false
888	false
