1	false
2	false
3	false
4	true
5	true
6	false
7	false
8	true
9	true
10	false
11	false
12	true
13	false
14	false
15	true
16	true
17	true
18	false
19	true
20	true
21	true
22	false
23	true
24	true
25	false
26	false
27	false
28	false
29	true
30	false
31	true
32	false
33	true
34	true
35	true
36	true
37	false
38	true
39	true
40	false
41	false
42	false
43	true
44	true
45	true
46	true
47	true
48	false
49	true
50	true
51	false
52	true
53	false
54	true
55	false
56	true
57	false
58	true
59	true
60	true
61	true
62	false
63	true
64	true
65	false
66	true
67	false
68	false
69	true
70	false
71	false
72	true
73	false
74	true
75	false
76	true
77	true
78	true
79	false
80	true
81	false
82	true
83	true
84	false
85	false
86	true
87	false
88	false
89	false
90	true
91	false
92	true
93	false
394	true
395	true
396	false
397	false
398	true
399	true
400	true
401	false
402	false
403	true
404	true
405	true
406	false
407	false
408	false
409	true
410	false
411	false
412	true
413	true
414	true
415	false
416	true
417	false
418	false
419	false
420	false
421	false
422	true
423	false
424	false
425	false
426	true
427	true
428	false
429	true
430	true
431	false
432	false
433	false
434	false
435	false
436	true
437	false
438	false
439	true
440	true
441	false
442	false
443	true
444	false
445	true
446	false
447	false
448	true
449	true
450	false
451	true
452	false
453	false
454	true
455	true
456	false
457	true
458	false
459	false
460	true
461	true
462	true
463	false
464	false
465	true
466	true
467	true
468	true
469	true
470	false
471	false
472	true
473	true
474	false
475	true
476	true
477	false
778	true
779	true
780	false
781	true
782	true
783	true
784	true
785	true
786	false
787	false
788	true
789	true
790	false
791	true
792	false
793	false
794	true
795	true
796	false
797	false
798	false
799	false
800	false
801	false
802	true
803	true
804	false
805	true
806	true
807	true
808	false
809	false
810	true
811	false
812	true
813	true
814	false
815	true
816	false
817	true
818	true
819	false
820	true
821	false
822	false
823	true
824	true
825	false
826	false
827	false
828	false
829	true
830	true
831	true
832	false
833	true
834	true
835	false
836	false
837	true
838	true
839	true
840	false
841	true
842	true
843	false
844	false
845	false
846	false
847	true
848	false
849	true
850	true
851	true
852	true
853	false
854	false
855	true
856	true
857	false
858	false
859	true
860	true
861	false
862	true
863	false
864	false
865	false
866	false
867	false
868	false
869	false
870	false
871	true
872	false
873	false
874	true
875	true
876	true
877	false
878	false
879	false
880	false
881	false
882	true
883	true
884	true
885	false
886	true
887	false
888	true
