1	false
2	true
3	false
4	true
5	false
6	false
7	false
8	true
9	false
10	false
11	false
12	false
13	true
14	false
15	false
16	false
17	false
18	false
19	false
20	false
21	false
22	false
23	true
24	true
25	false
26	true
27	false
28	false
29	false
30	true
31	true
32	false
33	true
34	true
35	true
36	false
37	false
38	true
39	true
40	false
41	true
42	false
43	false
44	true
45	false
46	false
47	true
48	false
49	true
50	false
51	false
52	true
53	false
54	false
55	false
56	true
57	false
58	true
59	true
60	true
61	true
62	true
63	false
64	true
65	true
66	true
67	true
68	false
69	true
70	true
71	true
72	true
73	false
74	true
75	false
76	false
77	true
78	false
79	true
80	true
81	true
82	false
83	true
84	true
85	false
86	false
87	false
88	false
89	false
90	true
91	false
92	false
93	true
394	false
395	true
396	true
397	false
398	false
399	true
400	false
401	true
402	true
403	false
404	false
405	false
406	true
407	true
408	false
409	true
410	true
411	false
412	false
413	false
414	true
415	false
416	false
417	false
418	true
419	true
420	true
421	true
422	false
423	false
424	true
425	true
426	true
427	true
428	false
429	true
430	false
431	false
432	false
433	false
434	true
435	false
436	true
437	true
438	true
439	false
440	true
441	true
442	true
443	false
444	false
445	false
446	true
447	false
448	false
449	true
450	false
451	true
452	true
453	false
454	false
455	true
456	true
457	true
458	false
459	true
460	true
461	false
462	true
463	true
464	false
465	true
466	true
467	false
468	false
469	true
470	false
471	true
472	true
473	true
474	true
475	true
476	false
477	false
778	true
779	true
780	false
781	true
782	false
783	true
784	false
785	true
786	false
787	true
788	true
789	true
790	false
791	true
792	false
793	true
794	true
795	true
796	false
797	true
798	true
799	true
800	false
801	true
802	true
803	true
804	true
805	false
806	true
807	true
808	true
809	false
810	false
811	false
812	true
813	true
814	false
815	true
816	true
817	true
818	true
819	true
820	false
821	false
822	false
823	true
824	false
825	true
826	false
827	true
828	true
829	false
830	true
831	true
832	false
833	true
834	true
835	false
836	false
837	true
838	false
839	false
840	false
841	true
842	false
843	true
844	true
845	false
846	false
847	true
848	false
849	false
850	true
851	true
852	false
853	false
854	true
855	true
856	false
857	true
858	true
859	false
860	true
861	true
862	true
863	false
864	false
865	false
866	true
867	true
868	false
869	true
870	true
871	false
872	false
873	true
874	false
875	true
876	false
877	false
878	false
879	false
880	false
881	false
882	true
883	false
884	false
885	true
886	false
887	true
888	true
