1	false
2	true
3	false
4	true
5	false
6	true
7	true
8	false
9	false
10	false
11	true
12	true
13	true
14	false
15	false
16	true
17	true
18	false
19	true
20	true
21	false
22	false
23	false
24	true
25	false
26	false
27	false
28	true
29	false
30	false
31	true
32	true
33	false
34	false
35	false
36	false
37	false
38	false
39	true
40	false
41	true
42	false
43	true
44	false
45	false
46	true
47	false
48	true
49	true
50	true
51	true
52	false
53	true
54	false
55	false
56	false
57	true
58	true
59	true
60	true
61	false
62	false
63	false
64	false
65	true
66	true
67	true
68	false
69	false
70	false
71	false
72	false
73	false
74	true
75	false
76	true
77	true
78	true
79	false
80	true
81	true
82	false
83	false
84	false
85	true
86	false
87	true
88	true
89	true
90	false
91	true
92	true
93	false
394	false
395	false
396	true
397	false
398	true
399	false
400	true
401	true
402	true
403	false
404	false
405	true
406	false
407	false
408	true
409	false
410	false
411	true
412	false
413	true
414	false
415	true
416	false
417	true
418	true
419	false
420	true
421	true
422	false
423	true
424	false
425	true
426	true
427	false
428	false
429	false
430	false
431	false
432	false
433	true
434	true
435	false
436	true
437	true
438	false
439	true
440	false
441	true
442	true
443	true
444	true
445	true
446	true
447	true
448	false
449	false
450	false
451	true
452	false
453	false
454	false
455	true
456	true
457	false
458	false
459	false
460	true
461	true
462	true
463	false
464	true
465	false
466	true
467	false
468	false
469	false
470	true
471	false
472	false
473	false
474	true
475	false
476	true
477	true
778	true
779	true
780	true
781	true
782	false
783	false
784	false
785	true
786	true
787	true
788	true
789	true
790	true
791	true
792	false
793	true
794	false
795	false
796	true
797	true
798	false
799	true
800	false
801	false
802	false
803	true
804	false
805	false
806	true
807	false
808	false
809	true
810	false
811	false
812	false
813	false
814	true
815	false
816	true
817	false
818	true
819	true
820	true
821	true
822	false
823	true
824	false
825	true
826	false
827	true
828	false
829	true
830	false
831	true
832	true
833	false
834	true
835	false
836	true
837	false
838	true
839	false
840	false
841	false
842	false
843	false
844	false
845	true
846	true
847	false
848	true
849	true
850	true
851	false
852	false
853	true
854	false
855	true
856	false
857	false
858	true
859	false
860	false
861	true
862	true
863	true
864	true
865	false
866	true
867	false
868	false
869	false
870	false
871	false
872	true
873	false
874	false
875	false
876	true
877	false
878	false
879	true
880	false
881	false
882	false
883	true
884	true
885	false
886	false
887	false
888	false
