1	false
2	true
3	true
4	false
5	false
6	false
7	true
8	true
9	true
10	false
11	false
12	false
13	true
14	false
15	false
16	true
17	true
18	false
19	true
20	false
21	false
22	true
23	true
24	true
25	true
26	true
27	true
28	true
29	true
30	false
31	true
32	false
33	false
34	true
35	true
36	true
37	true
38	false
39	false
40	true
41	true
42	true
43	false
44	false
45	false
46	true
47	false
48	false
49	false
50	false
51	false
52	true
53	false
54	true
55	true
56	true
57	true
58	true
59	true
60	true
61	false
62	false
63	false
64	true
65	true
66	true
67	true
68	true
69	false
70	true
71	false
72	true
73	false
74	true
75	false
76	false
77	true
78	true
79	false
80	true
81	true
82	true
83	false
84	true
85	false
86	true
87	false
88	true
89	false
90	true
91	false
92	true
93	true
394	true
395	false
396	true
397	false
398	false
399	false
400	true
401	true
402	true
403	true
404	false
405	false
406	true
407	false
408	false
409	false
410	true
411	false
412	false
413	false
414	false
415	false
416	true
417	true
418	false
419	true
420	true
421	false
422	false
423	true
424	false
425	true
426	true
427	false
428	false
429	false
430	false
431	true
432	false
433	true
434	false
435	false
436	true
437	true
438	true
439	true
440	false
441	false
442	false
443	false
444	true
445	false
446	false
447	false
448	false
449	true
450	true
451	true
452	true
453	true
454	false
455	false
456	false
457	true
458	false
459	true
460	false
461	true
462	true
463	false
464	true
465	true
466	false
467	true
468	true
469	false
470	false
471	true
472	false
473	false
474	false
475	false
476	true
477	false
778	true
779	true
780	false
781	true
782	true
783	false
784	false
785	false
786	true
787	false
788	true
789	false
790	true
791	true
792	false
793	true
794	false
795	false
796	true
797	false
798	true
799	false
800	false
801	true
802	true
803	false
804	true
805	true
806	true
807	true
808	false
809	false
810	false
811	true
812	false
813	false
814	false
815	true
816	false
817	false
818	false
819	false
820	false
821	false
822	false
823	false
824	true
825	true
826	true
827	false
828	true
829	false
830	true
831	false
832	false
833	false
834	true
835	true
836	true
837	true
838	true
839	true
840	true
841	false
842	false
843	true
844	false
845	true
846	false
847	false
848	false
849	false
850	false
851	true
852	false
853	true
854	false
855	false
856	true
857	true
858	true
859	true
860	false
861	true
862	true
863	false
864	true
865	true
866	false
867	true
868	true
869	true
870	false
871	false
872	true
873	true
874	true
875	true
876	true
877	true
878	false
879	true
880	true
881	true
882	true
883	true
884	true
885	false
886	true
887	false
888	true
