1	false
2	false
3	false
4	true
5	true
6	true
7	false
8	true
9	true
10	true
11	true
12	false
13	true
14	false
15	false
16	false
17	false
18	false
19	true
20	false
21	true
22	true
23	true
24	true
25	false
26	false
27	true
28	false
29	true
30	false
31	false
32	false
33	false
34	false
35	false
36	true
37	true
38	true
39	true
40	false
41	true
42	false
43	false
44	true
45	false
46	true
47	false
48	true
49	false
50	false
51	true
52	true
53	false
54	true
55	true
56	true
57	true
58	true
59	false
60	true
61	false
62	false
63	false
64	false
65	true
66	false
67	true
68	true
69	true
70	false
71	true
72	false
73	true
74	false
75	true
76	false
77	false
78	true
79	false
80	false
81	true
82	false
83	false
84	false
85	true
86	false
87	true
88	true
89	true
90	true
91	false
92	false
93	false
394	false
395	true
396	true
397	false
398	false
399	false
400	false
401	false
402	false
403	false
404	false
405	true
406	true
407	true
408	true
409	true
410	false
411	false
412	true
413	true
414	true
415	true
416	false
417	false
418	false
419	false
420	false
421	false
422	true
423	false
424	true
425	true
426	true
427	false
428	true
429	false
430	true
431	false
432	false
433	false
434	false
435	true
436	false
437	false
438	true
439	true
440	true
441	false
442	false
443	false
444	true
445	true
446	false
447	true
448	false
449	false
450	false
451	false
452	true
453	true
454	true
455	true
456	true
457	true
458	true
459	false
460	false
461	false
462	false
463	false
464	false
465	false
466	true
467	false
468	true
469	false
470	false
471	false
472	false
473	false
474	true
475	true
476	true
477	true
778	true
779	true
780	true
781	false
782	true
783	false
784	false
785	false
786	true
787	false
788	true
789	true
790	true
791	false
792	false
793	true
794	false
795	true
796	true
797	false
798	false
799	true
800	false
801	true
802	false
803	true
804	true
805	false
806	false
807	true
808	true
809	false
810	false
811	true
812	false
813	true
814	true
815	false
816	true
817	false
818	false
819	false
820	false
821	false
822	true
823	false
824	false
825	false
826	false
827	false
828	false
829	true
830	false
831	true
832	true
833	true
834	false
835	false
836	false
837	false
838	false
839	false
840	false
841	true
842	false
843	false
844	false
845	true
846	false
847	false
848	true
849	false
850	false
851	true
852	false
853	true
854	true
855	false
856	false
857	true
858	true
859	true
860	true
861	false
862	true
863	true
864	false
865	true
866	false
867	false
868	false
869	false
870	false
871	false
872	false
873	true
874	true
875	true
876	true
877	true
878	false
879	true
880	false
881	true
882	false
883	true
884	false
885	false
886	true
887	false
888	true
