1	true
2	true
3	true
4	true
5	true
6	false
7	true
8	false
9	true
10	false
11	false
12	false
13	true
14	false
15	false
16	false
17	false
18	true
19	true
20	true
21	true
22	true
23	false
24	true
25	true
26	false
27	false
28	true
29	true
30	false
31	true
32	false
33	true
34	false
35	false
36	false
37	false
38	false
39	false
40	false
41	true
42	true
43	true
44	true
45	false
46	true
47	true
48	false
49	true
50	true
51	false
52	false
53	false
54	false
55	true
56	true
57	true
58	true
59	true
60	false
61	true
62	true
63	true
64	false
65	false
66	true
67	true
68	true
69	true
70	true
71	false
72	false
73	true
74	false
75	false
76	true
77	true
78	true
79	false
80	true
81	false
82	true
83	false
84	false
85	true
86	true
87	false
88	false
89	false
90	true
91	true
92	false
93	false
394	false
395	false
396	false
397	false
398	false
399	false
400	false
401	true
402	false
403	false
404	false
405	true
406	false
407	false
408	true
409	true
410	false
411	false
412	true
413	true
414	true
415	true
416	true
417	false
418	true
419	false
420	true
421	true
422	true
423	true
424	true
425	true
426	true
427	true
428	true
429	false
430	true
431	false
432	false
433	true
434	false
435	false
436	true
437	false
438	true
439	false
440	true
441	false
442	true
443	false
444	false
445	false
446	false
447	true
448	false
449	true
450	false
451	true
452	false
453	true
454	false
455	true
456	false
457	true
458	false
459	true
460	false
461	false
462	false
463	false
464	true
465	true
466	true
467	false
468	true
469	false
470	true
471	true
472	true
473	true
474	false
475	false
476	true
477	true
778	false
779	false
780	false
781	true
782	false
783	true
784	false
785	false
786	false
787	false
788	true
789	false
790	true
791	false
792	true
793	false
794	false
795	true
796	false
797	false
798	true
799	true
800	true
801	true
802	false
803	false
804	false
805	false
806	false
807	false
808	true
809	false
810	false
811	true
812	false
813	true
814	true
815	false
816	true
817	false
818	true
819	false
820	true
821	false
822	false
823	false
824	false
825	false
826	false
827	false
828	false
829	false
830	true
831	true
832	true
833	false
834	false
835	true
836	true
837	false
838	false
839	true
840	false
841	true
842	false
843	false
844	true
845	true
846	true
847	false
848	true
849	false
850	false
851	false
852	true
853	true
854	true
855	true
856	false
857	false
858	true
859	true
860	true
861	true
862	false
863	true
864	false
865	false
866	false
867	true
868	true
869	false
870	true
871	false
872	true
873	true
874	false
875	true
876	true
877	true
878	false
879	false
880	true
881	true
882	true
883	false
884	false
885	true
886	true
887	true
888	true
