1	true
2	false
3	true
4	false
5	true
6	false
7	false
8	true
9	true
10	false
11	false
12	true
13	true
14	true
15	false
16	true
17	false
18	true
19	true
20	true
21	true
22	true
23	false
24	true
25	true
26	false
27	false
28	false
29	false
30	true
31	false
32	false
33	false
34	false
35	false
36	true
37	false
38	true
39	true
40	true
41	true
42	true
43	false
44	true
45	false
46	false
47	false
48	true
49	false
50	false
51	true
52	false
53	false
54	false
55	false
56	true
57	false
58	false
59	false
60	false
61	false
62	false
63	false
64	true
65	false
66	true
67	true
68	true
69	true
70	true
71	false
72	true
73	true
74	false
75	false
76	false
77	false
78	true
79	false
80	true
81	false
82	true
83	false
84	true
85	true
86	false
87	true
88	false
89	true
90	false
91	false
92	false
93	true
394	false
395	false
396	false
397	false
398	true
399	true
400	false
401	false
402	false
403	true
404	false
405	false
406	false
407	true
408	true
409	false
410	false
411	true
412	true
413	false
414	false
415	true
416	false
417	true
418	false
419	false
420	false
421	true
422	true
423	false
424	true
425	false
426	true
427	false
428	true
429	true
430	false
431	true
432	true
433	true
434	false
435	true
436	true
437	false
438	false
439	false
440	false
441	true
442	false
443	true
444	true
445	false
446	true
447	false
448	false
449	true
450	true
451	true
452	false
453	true
454	false
455	true
456	false
457	true
458	false
459	true
460	true
461	true
462	false
463	true
464	true
465	true
466	true
467	true
468	false
469	true
470	true
471	true
472	false
473	true
474	false
475	true
476	true
477	false
778	true
779	false
780	false
781	false
782	true
783	true
784	true
785	false
786	true
787	true
788	false
789	false
790	true
791	true
792	false
793	false
794	false
795	true
796	true
797	false
798	true
799	true
800	true
801	true
802	true
803	false
804	false
805	true
806	false
807	false
808	false
809	false
810	false
811	false
812	false
813	true
814	false
815	true
816	false
817	true
818	true
819	true
820	true
821	true
822	true
823	true
824	false
825	true
826	true
827	false
828	false
829	true
830	true
831	false
832	true
833	true
834	true
835	true
836	false
837	false
838	true
839	false
840	false
841	true
842	false
843	false
844	false
845	true
846	false
847	false
848	true
849	true
850	false
851	true
852	false
853	true
854	false
855	true
856	false
857	false
858	true
859	true
860	true
861	false
862	true
863	true
864	false
865	false
866	true
867	true
868	true
869	false
870	false
871	true
872	true
873	true
874	true
875	true
876	false
877	true
878	true
879	true
880	false
881	false
882	false
883	true
884	false
885	true
886	false
887	false
888	false
