1	false
2	false
3	false
4	true
5	false
6	true
7	true
8	false
9	false
10	true
11	true
12	false
13	false
14	true
15	false
16	true
17	true
18	true
19	false
20	false
21	false
22	false
23	false
24	false
25	true
26	true
27	false
28	false
29	false
30	false
31	false
32	false
33	true
34	true
35	true
36	true
37	false
38	false
39	false
40	true
41	false
42	false
43	false
44	true
45	false
46	false
47	true
48	false
49	true
50	false
51	true
52	false
53	true
54	true
55	true
56	true
57	true
58	false
59	true
60	false
61	true
62	true
63	true
64	true
65	true
66	true
67	false
68	true
69	true
70	true
71	true
72	false
73	false
74	true
75	true
76	true
77	false
78	true
79	false
80	true
81	true
82	false
83	true
84	true
85	true
86	false
87	false
88	true
89	true
90	true
91	true
92	true
93	true
394	false
395	false
396	true
397	false
398	true
399	true
400	true
401	true
402	false
403	true
404	false
405	false
406	false
407	false
408	true
409	true
410	false
411	true
412	true
413	false
414	true
415	false
416	false
417	true
418	false
419	false
420	false
421	false
422	true
423	false
424	true
425	true
426	false
427	false
428	true
429	false
430	true
431	false
432	false
433	true
434	true
435	true
436	true
437	false
438	false
439	true
440	true
441	true
442	false
443	false
444	false
445	false
446	true
447	false
448	false
449	false
450	false
451	false
452	true
453	false
454	true
455	false
456	false
457	false
458	false
459	false
460	false
461	false
462	true
463	false
464	false
465	true
466	false
467	true
468	false
469	true
470	false
471	true
472	true
473	true
474	true
475	true
476	false
477	true
778	false
779	false
780	true
781	true
782	true
783	false
784	true
785	false
786	false
787	false
788	true
789	true
790	true
791	true
792	true
793	true
794	true
795	false
796	false
797	true
798	true
799	true
800	false
801	false
802	false
803	true
804	false
805	false
806	false
807	false
808	false
809	true
810	true
811	false
812	false
813	false
814	false
815	false
816	false
817	true
818	false
819	true
820	false
821	true
822	true
823	true
824	false
825	false
826	true
827	true
828	false
829	false
830	true
831	false
832	false
833	true
834	true
835	false
836	true
837	true
838	true
839	false
840	true
841	false
842	true
843	true
844	true
845	true
846	true
847	false
848	false
849	false
850	false
851	true
852	true
853	false
854	false
855	true
856	true
857	false
858	false
859	true
860	false
861	true
862	true
863	true
864	true
865	false
866	false
867	false
868	true
869	false
870	true
871	true
872	false
873	false
874	false
875	true
876	false
877	true
878	false
879	true
880	false
881	true
882	false
883	true
884	true
885	true
886	true
887	false
888	true
