1	false
2	false
3	false
4	true
5	true
6	true
7	false
8	true
9	false
10	true
11	false
12	true
13	true
14	false
15	true
16	true
17	false
18	false
19	true
20	false
21	true
22	true
23	true
24	true
25	true
26	true
27	true
28	false
29	true
30	false
31	true
32	true
33	false
34	false
35	true
36	true
37	true
38	false
39	false
40	false
41	true
42	false
43	true
44	false
45	true
46	true
47	true
48	false
49	true
50	false
51	false
52	false
53	true
54	false
55	true
56	true
57	false
58	false
59	true
60	false
61	true
62	false
63	true
64	true
65	true
66	true
67	false
68	true
69	false
70	false
71	true
72	false
73	true
74	true
75	false
76	true
77	true
78	false
79	true
80	true
81	false
82	false
83	false
84	true
85	true
86	true
87	false
88	true
89	true
90	true
91	true
92	false
93	true
394	true
395	false
396	false
397	false
398	false
399	false
400	false
401	false
402	true
403	true
404	true
405	false
406	true
407	false
408	true
409	false
410	false
411	true
412	false
413	false
414	true
415	true
416	false
417	true
418	false
419	false
420	true
421	true
422	true
423	false
424	true
425	false
426	true
427	false
428	false
429	true
430	true
431	true
432	false
433	false
434	true
435	false
436	false
437	true
438	true
439	false
440	false
441	true
442	false
443	true
444	true
445	false
446	true
447	true
448	false
449	true
450	true
451	true
452	true
453	false
454	false
455	false
456	false
457	true
458	true
459	true
460	true
461	true
462	false
463	false
464	false
465	false
466	true
467	true
468	false
469	true
470	true
471	true
472	false
473	true
474	false
475	false
476	true
477	true
778	true
779	false
780	true
781	false
782	true
783	false
784	true
785	true
786	true
787	false
788	false
789	false
790	false
791	true
792	false
793	true
794	false
795	false
796	true
797	false
798	false
799	false
800	false
801	true
802	true
803	true
804	true
805	false
806	false
807	false
808	true
809	false
810	true
811	true
812	true
813	true
814	false
815	false
816	false
817	false
818	false
819	false
820	false
821	true
822	false
823	false
824	false
825	false
826	false
827	false
828	false
829	false
830	false
831	false
832	true
833	true
834	true
835	false
836	true
837	false
838	true
839	true
840	false
841	true
842	true
843	true
844	false
845	false
846	true
847	true
848	false
849	false
850	true
851	false
852	true
853	true
854	false
855	true
856	true
857	true
858	true
859	true
860	false
861	true
862	false
863	false
864	false
865	true
866	true
867	true
868	false
869	true
870	false
871	true
872	true
873	false
874	false
875	true
876	true
877	false
878	true
879	false
880	true
881	false
882	false
883	false
884	true
885	true
886	false
887	true
888	false
