1	false
2	false
3	false
4	true
5	true
6	false
7	true
8	true
9	false
10	true
11	false
12	false
13	true
14	false
15	false
16	true
17	true
18	false
19	false
20	false
21	false
22	false
23	false
24	true
25	false
26	false
27	false
28	false
29	true
30	true
31	true
32	true
33	false
34	true
35	true
36	false
37	false
38	true
39	true
40	true
41	true
42	true
43	false
44	false
45	true
46	false
47	true
48	false
49	false
50	true
51	false
52	true
53	true
54	false
55	true
56	false
57	true
58	false
59	false
60	true
61	true
62	true
63	true
64	false
65	true
66	false
67	true
68	true
69	false
70	false
71	false
72	false
73	false
74	true
75	false
76	false
77	false
78	false
79	false
80	false
81	false
82	false
83	true
84	true
85	true
86	false
87	false
88	true
89	true
90	false
91	true
92	false
93	true
394	false
395	false
396	false
397	false
398	true
399	true
400	false
401	true
402	true
403	false
404	true
405	true
406	false
407	true
408	false
409	false
410	true
411	true
412	false
413	false
414	false
415	true
416	false
417	true
418	false
419	false
420	true
421	true
422	true
423	true
424	false
425	true
426	true
427	false
428	false
429	false
430	true
431	false
432	false
433	true
434	false
435	false
436	true
437	false
438	true
439	false
440	false
441	true
442	false
443	true
444	true
445	false
446	false
447	true
448	true
449	true
450	true
451	true
452	false
453	true
454	true
455	true
456	false
457	false
458	true
459	true
460	true
461	true
462	true
463	false
464	false
465	true
466	true
467	true
468	true
469	true
470	true
471	false
472	false
473	false
474	true
475	false
476	false
477	false
778	false
779	false
780	true
781	false
782	false
783	true
784	false
785	false
786	true
787	true
788	true
789	false
790	true
791	true
792	false
793	false
794	false
795	false
796	false
797	false
798	false
799	true
800	true
801	true
802	true
803	true
804	false
805	true
806	false
807	true
808	true
809	false
810	true
811	false
812	true
813	false
814	true
815	true
816	true
817	false
818	false
819	true
820	false
821	true
822	false
823	false
824	true
825	true
826	false
827	false
828	true
829	false
830	true
831	false
832	false
833	true
834	false
835	false
836	false
837	false
838	false
839	true
840	true
841	false
842	false
843	true
844	true
845	true
846	false
847	true
848	true
849	true
850	false
851	true
852	false
853	false
854	false
855	false
856	true
857	false
858	false
859	true
860	true
861	false
862	true
863	true
864	true
865	true
866	true
867	true
868	true
869	false
870	false
871	true
872	true
873	false
874	true
875	false
876	false
877	false
878	false
879	false
880	true
881	true
882	true
883	false
884	false
885	false
886	true
887	false
888	true
