1	true
2	true
3	true
4	true
5	false
6	true
7	false
8	true
9	true
10	true
11	false
12	false
13	true
14	true
15	false
16	false
17	false
18	false
19	true
20	false
21	true
22	true
23	false
24	true
25	false
26	false
27	false
28	false
29	true
30	true
31	false
32	true
33	true
34	false
35	true
36	false
37	true
38	false
39	false
40	true
41	true
42	true
43	true
44	true
45	false
46	true
47	false
48	true
49	true
50	true
51	false
52	true
53	false
54	false
55	true
56	true
57	true
58	false
59	true
60	false
61	false
62	false
63	false
64	true
65	true
66	false
67	true
68	true
69	true
70	false
71	true
72	false
73	true
74	false
75	false
76	false
77	false
78	false
79	true
80	true
81	false
82	false
83	false
84	true
85	false
86	true
87	true
88	false
89	true
90	true
91	true
92	false
93	false
394	false
395	true
396	false
397	false
398	false
399	false
400	false
401	true
402	true
403	true
404	false
405	true
406	false
407	true
408	true
409	false
410	false
411	false
412	false
413	false
414	true
415	true
416	false
417	true
418	true
419	false
420	false
421	false
422	false
423	false
424	true
425	false
426	false
427	true
428	true
429	true
430	true
431	true
432	true
433	true
434	true
435	false
436	true
437	false
438	false
439	true
440	true
441	false
442	false
443	true
444	false
445	false
446	true
447	false
448	true
449	false
450	false
451	false
452	false
453	true
454	false
455	true
456	false
457	false
458	false
459	true
460	true
461	true
462	true
463	false
464	true
465	false
466	true
467	true
468	true
469	true
470	true
471	true
472	false
473	false
474	false
475	false
476	true
477	false
778	true
779	true
780	true
781	true
782	false
783	false
784	false
785	true
786	true
787	true
788	true
789	false
790	false
791	false
792	true
793	false
794	true
795	false
796	false
797	true
798	true
799	false
800	true
801	false
802	true
803	true
804	false
805	false
806	true
807	true
808	false
809	false
810	false
811	true
812	false
813	false
814	true
815	true
816	true
817	false
818	false
819	false
820	true
821	true
822	false
823	false
824	true
825	false
826	false
827	true
828	false
829	false
830	true
831	true
832	true
833	true
834	false
835	true
836	false
837	true
838	true
839	true
840	false
841	true
842	true
843	false
844	true
845	false
846	false
847	false
848	true
849	false
850	true
851	false
852	true
853	false
854	false
855	true
856	true
857	true
858	true
859	false
860	true
861	true
862	false
863	false
864	false
865	false
866	true
867	false
868	false
869	true
870	false
871	false
872	false
873	true
874	false
875	true
876	true
877	true
878	true
879	false
880	false
881	true
882	false
883	true
884	false
885	true
886	false
887	false
888	false
