1	false
2	false
3	false
4	false
5	false
6	true
7	false
8	true
9	true
10	true
11	false
12	true
13	false
14	true
15	true
16	true
17	true
18	false
19	true
20	false
21	false
22	true
23	true
24	true
25	false
26	false
27	false
28	true
29	true
30	true
31	false
32	true
33	true
34	false
35	true
36	true
37	true
38	false
39	false
40	true
41	true
42	true
43	true
44	true
45	false
46	false
47	false
48	false
49	true
50	true
51	true
52	true
53	true
54	false
55	false
56	true
57	false
58	true
59	true
60	true
61	true
62	true
63	true
64	false
65	true
66	false
67	false
68	true
69	false
70	false
71	true
72	false
73	true
74	false
75	false
76	true
77	false
78	true
79	true
80	false
81	true
82	false
83	false
84	false
85	false
86	true
87	true
88	true
89	false
90	true
91	true
92	false
93	false
394	false
395	true
396	false
397	false
398	true
399	false
400	false
401	false
402	false
403	false
404	false
405	true
406	true
407	false
408	false
409	true
410	false
411	false
412	false
413	false
414	false
415	true
416	false
417	false
418	false
419	false
420	true
421	true
422	true
423	false
424	false
425	false
426	false
427	true
428	false
429	false
430	false
431	true
432	false
433	false
434	true
435	false
436	true
437	true
438	false
439	true
440	true
441	false
442	true
443	true
444	false
445	true
446	true
447	false
448	true
449	true
450	false
451	true
452	true
453	true
454	true
455	false
456	false
457	true
458	true
459	true
460	false
461	true
462	false
463	false
464	false
465	true
466	true
467	false
468	true
469	false
470	false
471	true
472	false
473	true
474	true
475	true
476	true
477	false
778	false
779	true
780	false
781	false
782	true
783	false
784	false
785	false
786	true
787	true
788	false
789	false
790	true
791	true
792	false
793	true
794	true
795	true
796	false
797	true
798	true
799	true
800	true
801	true
802	true
803	true
804	false
805	true
806	true
807	true
808	false
809	true
810	false
811	true
812	false
813	true
814	false
815	true
816	true
817	false
818	false
819	false
820	true
821	false
822	false
823	false
824	false
825	false
826	true
827	false
828	true
829	false
830	false
831	true
832	true
833	false
834	true
835	true
836	true
837	false
838	false
839	true
840	false
841	false
842	true
843	false
844	true
845	false
846	false
847	false
848	false
849	false
850	true
851	false
852	false
853	false
854	true
855	false
856	true
857	false
858	false
859	true
860	true
861	false
862	true
863	false
864	false
865	false
866	true
867	false
868	true
869	true
870	true
871	false
872	false
873	true
874	false
875	false
876	true
877	false
878	true
879	true
880	true
881	true
882	false
883	true
884	true
885	true
886	false
887	false
888	true
