1	true
2	false
3	true
4	true
5	false
6	false
7	false
8	true
9	true
10	true
11	true
12	true
13	false
14	true
15	true
16	true
17	false
18	true
19	false
20	true
21	true
22	false
23	true
24	false
25	false
26	false
27	false
28	true
29	false
30	false
31	true
32	false
33	true
34	false
35	false
36	false
37	false
38	true
39	false
40	false
41	false
42	true
43	true
44	false
45	false
46	true
47	true
48	true
49	true
50	true
51	false
52	true
53	false
54	true
55	false
56	true
57	false
58	true
59	true
60	false
61	true
62	true
63	true
64	true
65	false
66	false
67	true
68	true
69	false
70	true
71	true
72	false
73	true
74	false
75	true
76	true
77	true
78	false
79	false
80	true
81	false
82	false
83	false
84	false
85	true
86	true
87	false
88	true
89	true
90	true
91	true
92	false
93	true
394	false
395	true
396	true
397	true
398	false
399	true
400	false
401	false
402	true
403	false
404	true
405	true
406	false
407	true
408	true
409	true
410	true
411	false
412	true
413	true
414	true
415	true
416	false
417	true
418	true
419	false
420	true
421	false
422	false
423	true
424	true
425	false
426	false
427	true
428	true
429	false
430	true
431	true
432	true
433	true
434	false
435	false
436	false
437	false
438	false
439	false
440	false
441	true
442	false
443	true
444	false
445	false
446	false
447	true
448	true
449	false
450	false
451	true
452	false
453	false
454	false
455	true
456	true
457	false
458	false
459	false
460	false
461	true
462	false
463	false
464	false
465	false
466	true
467	false
468	false
469	true
470	false
471	false
472	false
473	true
474	true
475	true
476	true
477	true
778	false
779	true
780	false
781	false
782	false
783	false
784	true
785	true
786	true
787	true
788	false
789	true
790	false
791	true
792	false
793	true
794	true
795	false
796	false
797	false
798	true
799	false
800	true
801	false
802	true
803	true
804	false
805	true
806	true
807	true
808	true
809	true
810	false
811	true
812	true
813	false
814	true
815	true
816	true
817	true
818	false
819	false
820	true
821	true
822	true
823	true
824	false
825	true
826	true
827	true
828	true
829	false
830	false
831	true
832	true
833	true
834	true
835	false
836	false
837	true
838	false
839	true
840	true
841	false
842	true
843	false
844	false
845	true
846	true
847	true
848	true
849	false
850	true
851	false
852	false
853	true
854	false
855	false
856	true
857	true
858	true
859	true
860	true
861	true
862	false
863	false
864	false
865	false
866	true
867	false
868	true
869	true
870	true
871	false
872	false
873	false
874	false
875	false
876	false
877	false
878	true
879	false
880	true
881	false
882	true
883	true
884	false
885	true
886	false
887	true
888	true
