1	false
2	true
3	true
4	false
5	true
6	false
7	false
8	true
9	false
10	false
11	false
12	true
13	true
14	false
15	false
16	false
17	true
18	false
19	false
20	false
21	false
22	true
23	true
24	true
25	true
26	true
27	true
28	true
29	true
30	false
31	false
32	true
33	true
34	true
35	false
36	false
37	false
38	true
39	false
40	false
41	false
42	true
43	true
44	false
45	false
46	true
47	false
48	true
49	false
50	true
51	false
52	false
53	false
54	false
55	false
56	false
57	false
58	true
59	false
60	true
61	false
62	true
63	false
64	false
65	true
66	true
67	false
68	true
69	false
70	true
71	true
72	false
73	false
74	true
75	false
76	true
77	false
78	false
79	true
80	true
81	true
82	false
83	true
84	false
85	false
86	false
87	true
88	true
89	true
90	true
91	true
92	true
93	false
394	true
395	true
396	false
397	true
398	false
399	false
400	false
401	false
402	true
403	true
404	true
405	false
406	false
407	false
408	false
409	true
410	false
411	false
412	false
413	false
414	false
415	false
416	false
417	true
418	true
419	false
420	false
421	true
422	false
423	true
424	false
425	true
426	true
427	false
428	true
429	false
430	true
431	true
432	false
433	false
434	false
435	true
436	false
437	true
438	false
439	false
440	true
441	false
442	true
443	false
444	true
445	false
446	true
447	false
448	false
449	true
450	false
451	true
452	true
453	true
454	false
455	true
456	false
457	true
458	false
459	true
460	false
461	true
462	false
463	true
464	true
465	true
466	true
467	false
468	true
469	true
470	true
471	false
472	true
473	false
474	true
475	true
476	false
477	false
778	false
779	true
780	true
781	false
782	true
783	false
784	true
785	true
786	true
787	false
788	true
789	false
790	true
791	false
792	true
793	false
794	false
795	true
796	true
797	true
798	false
799	false
800	true
801	false
802	false
803	true
804	false
805	true
806	true
807	false
808	true
809	true
810	true
811	false
812	false
813	true
814	false
815	false
816	false
817	false
818	true
819	true
820	false
821	true
822	true
823	true
824	true
825	false
826	true
827	true
828	false
829	true
830	true
831	false
832	true
833	false
834	false
835	true
836	false
837	true
838	false
839	false
840	false
841	true
842	true
843	false
844	false
845	false
846	true
847	true
848	false
849	false
850	false
851	false
852	true
853	false
854	false
855	true
856	false
857	true
858	true
859	true
860	false
861	false
862	false
863	false
864	true
865	false
866	true
867	true
868	true
869	true
870	false
871	true
872	false
873	false
874	false
875	false
876	true
877	false
878	false
879	true
880	true
881	false
882	false
883	true
884	true
885	false
886	true
887	true
888	true
