1	true
2	true
3	true
4	true
5	false
6	false
7	false
8	false
9	false
10	true
11	false
12	true
13	true
14	false
15	true
16	false
17	false
18	true
19	false
20	true
21	false
22	true
23	false
24	true
25	true
26	false
27	true
28	true
29	true
30	false
31	true
32	false
33	false
34	true
35	false
36	false
37	true
38	false
39	true
40	false
41	true
42	false
43	true
44	true
45	true
46	false
47	false
48	false
49	false
50	false
51	false
52	false
53	true
54	false
55	true
56	false
57	true
58	true
59	false
60	true
61	false
62	false
63	false
64	false
65	true
66	true
67	false
68	false
69	true
70	false
71	false
72	false
73	false
74	true
75	true
76	true
77	true
78	true
79	false
80	true
81	true
82	true
83	true
84	false
85	false
86	false
87	true
88	false
89	false
90	false
91	true
92	false
93	false
394	false
395	false
396	true
397	true
398	false
399	false
400	true
401	false
402	false
403	false
404	true
405	true
406	false
407	false
408	true
409	true
410	true
411	false
412	true
413	true
414	true
415	false
416	true
417	true
418	true
419	true
420	true
421	true
422	false
423	true
424	true
425	true
426	true
427	true
428	true
429	false
430	false
431	true
432	true
433	true
434	false
435	true
436	true
437	false
438	false
439	false
440	true
441	true
442	false
443	false
444	false
445	true
446	true
447	false
448	true
449	false
450	true
451	false
452	false
453	false
454	true
455	false
456	false
457	true
458	true
459	false
460	false
461	false
462	true
463	true
464	false
465	true
466	true
467	false
468	false
469	true
470	false
471	true
472	true
473	true
474	true
475	false
476	false
477	false
778	false
779	true
780	false
781	true
782	false
783	false
784	false
785	false
786	false
787	true
788	false
789	false
790	false
791	true
792	true
793	true
794	false
795	false
796	false
797	false
798	false
799	false
800	false
801	false
802	true
803	false
804	true
805	false
806	true
807	false
808	false
809	false
810	false
811	true
812	true
813	true
814	false
815	false
816	false
817	false
818	false
819	true
820	false
821	false
822	false
823	true
824	true
825	true
826	false
827	true
828	true
829	false
830	true
831	true
832	true
833	true
834	true
835	true
836	false
837	true
838	false
839	true
840	false
841	false
842	false
843	false
844	true
845	true
846	true
847	true
848	false
849	true
850	false
851	false
852	true
853	true
854	true
855	true
856	true
857	true
858	true
859	false
860	false
861	true
862	true
863	false
864	false
865	true
866	false
867	false
868	false
869	false
870	true
871	false
872	true
873	false
874	true
875	true
876	true
877	false
878	false
879	true
880	false
881	true
882	true
883	true
884	false
885	false
886	true
887	true
888	false
