1	true
2	true
3	true
4	true
5	true
6	false
7	true
8	true
9	false
10	true
11	false
12	false
13	true
14	true
15	false
16	false
17	false
18	true
19	true
20	false
21	true
22	true
23	true
24	true
25	false
26	true
27	true
28	true
29	false
30	true
31	false
32	false
33	false
34	true
35	true
36	true
37	true
38	false
39	true
40	false
41	false
42	false
43	false
44	false
45	false
46	false
47	false
48	true
49	true
50	false
51	false
52	false
53	false
54	false
55	true
56	false
57	false
58	true
59	false
60	false
61	false
62	false
63	false
64	false
65	false
66	false
67	false
68	false
69	false
70	true
71	true
72	false
73	true
74	true
75	true
76	false
77	false
78	false
79	true
80	false
81	false
82	false
83	false
84	true
85	false
86	false
87	true
88	true
89	true
90	false
91	false
92	false
93	true
394	true
395	false
396	false
397	true
398	true
399	true
400	true
401	false
402	false
403	true
404	false
405	false
406	false
407	false
408	false
409	false
410	true
411	true
412	true
413	false
414	false
415	false
416	false
417	false
418	true
419	true
420	true
421	false
422	true
423	false
424	true
425	true
426	true
427	true
428	true
429	false
430	true
431	true
432	true
433	false
434	true
435	true
436	false
437	true
438	false
439	true
440	false
441	false
442	true
443	false
444	false
445	true
446	false
447	false
448	false
449	false
450	true
451	true
452	true
453	true
454	true
455	true
456	false
457	false
458	true
459	true
460	false
461	true
462	true
463	true
464	false
465	true
466	false
467	true
468	true
469	true
470	false
471	true
472	false
473	true
474	true
475	true
476	true
477	true
778	true
779	true
780	true
781	false
782	false
783	true
784	true
785	true
786	false
787	true
788	false
789	true
790	false
791	false
792	false
793	true
794	true
795	false
796	true
797	false
798	true
799	false
800	true
801	false
802	false
803	true
804	true
805	false
806	false
807	true
808	false
809	false
810	false
811	true
812	false
813	true
814	true
815	false
816	true
817	false
818	true
819	true
820	false
821	true
822	false
823	true
824	false
825	true
826	true
827	false
828	true
829	false
830	false
831	true
832	false
833	false
834	true
835	false
836	true
837	false
838	false
839	false
840	false
841	false
842	false
843	false
844	false
845	true
846	true
847	false
848	false
849	true
850	true
851	true
852	true
853	true
854	true
855	false
856	false
857	false
858	true
859	false
860	true
861	true
862	true
863	false
864	false
865	true
866	true
867	false
868	false
869	true
870	false
871	false
872	true
873	false
874	true
875	true
876	true
877	true
878	true
879	true
880	true
881	false
882	false
883	false
884	false
885	true
886	true
887	false
888	true
