1	true
2	true
3	false
4	true
5	true
6	true
7	false
8	false
9	true
10	true
11	false
12	true
13	false
14	false
15	false
16	true
17	true
18	true
19	false
20	true
21	true
22	false
23	false
24	false
25	false
26	true
27	false
28	false
29	false
30	false
31	true
32	true
33	false
34	false
35	false
36	false
37	false
38	true
39	true
40	false
41	true
42	false
43	true
44	false
45	true
46	true
47	false
48	true
49	true
50	false
51	true
52	true
53	true
54	false
55	true
56	false
57	false
58	true
59	true
60	true
61	false
62	true
63	true
64	false
65	true
66	true
67	true
68	false
69	false
70	false
71	true
72	false
73	true
74	false
75	true
76	true
77	true
78	true
79	false
80	true
81	true
82	true
83	true
84	true
85	true
86	true
87	true
88	true
89	true
90	false
91	false
92	true
93	true
394	true
395	false
396	false
397	true
398	false
399	true
400	false
401	true
402	true
403	true
404	false
405	true
406	true
407	false
408	true
409	true
410	false
411	true
412	false
413	true
414	false
415	false
416	true
417	false
418	false
419	false
420	true
421	true
422	false
423	false
424	true
425	false
426	true
427	true
428	true
429	false
430	true
431	true
432	true
433	true
434	true
435	true
436	false
437	true
438	true
439	true
440	true
441	false
442	true
443	true
444	false
445	false
446	false
447	true
448	true
449	true
450	true
451	false
452	true
453	true
454	true
455	false
456	true
457	false
458	false
459	true
460	true
461	false
462	false
463	true
464	false
465	true
466	false
467	false
468	false
469	true
470	false
471	false
472	true
473	false
474	true
475	false
476	true
477	true
778	true
779	false
780	false
781	true
782	true
783	true
784	true
785	false
786	false
787	false
788	false
789	false
790	false
791	false
792	true
793	true
794	true
795	false
796	true
797	false
798	false
799	true
800	false
801	false
802	true
803	true
804	true
805	true
806	false
807	false
808	true
809	false
810	false
811	true
812	true
813	true
814	true
815	false
816	true
817	false
818	false
819	true
820	false
821	true
822	false
823	true
824	true
825	true
826	true
827	true
828	false
829	true
830	false
831	true
832	true
833	true
834	true
835	false
836	true
837	false
838	true
839	false
840	false
841	false
842	false
843	false
844	false
845	true
846	false
847	false
848	false
849	true
850	false
851	false
852	true
853	true
854	true
855	true
856	false
857	false
858	false
859	true
860	true
861	false
862	false
863	false
864	true
865	true
866	false
867	true
868	true
869	false
870	true
871	true
872	true
873	false
874	false
875	false
876	false
877	true
878	false
879	true
880	true
881	true
882	true
883	true
884	false
885	true
886	true
887	true
888	false
