1	false
2	false
3	true
4	false
5	false
6	true
7	false
8	true
9	false
10	false
11	false
12	false
13	false
14	false
15	true
16	true
17	true
18	false
19	true
20	false
21	false
22	false
23	true
24	false
25	false
26	false
27	false
28	true
29	true
30	true
31	true
32	true
33	false
34	false
35	true
36	true
37	true
38	true
39	false
40	false
41	true
42	true
43	true
44	true
45	true
46	true
47	false
48	true
49	true
50	true
51	true
52	false
53	false
54	true
55	true
56	false
57	false
58	true
59	false
60	true
61	false
62	false
63	false
64	false
65	true
66	false
67	false
68	true
69	true
70	true
71	true
72	true
73	false
74	true
75	false
76	true
77	false
78	false
79	false
80	false
81	true
82	false
83	true
84	false
85	false
86	false
87	false
88	true
89	true
90	false
91	false
92	true
93	true
394	true
395	true
396	true
397	false
398	false
399	false
400	false
401	false
402	true
403	true
404	true
405	false
406	true
407	false
408	false
409	true
410	false
411	true
412	false
413	false
414	false
415	true
416	true
417	true
418	false
419	false
420	true
421	false
422	false
423	true
424	true
425	true
426	false
427	false
428	true
429	false
430	false
431	true
432	true
433	false
434	true
435	false
436	true
437	true
438	true
439	true
440	true
441	true
442	true
443	true
444	true
445	false
446	true
447	false
448	false
449	false
450	false
451	true
452	false
453	false
454	true
455	true
456	true
457	false
458	true
459	true
460	false
461	false
462	false
463	false
464	true
465	false
466	true
467	false
468	false
469	false
470	true
471	false
472	true
473	false
474	false
475	false
476	false
477	true
778	true
779	false
780	true
781	true
782	false
783	false
784	true
785	false
786	true
787	false
788	false
789	false
790	false
791	true
792	false
793	true
794	false
795	true
796	true
797	false
798	true
799	false
800	true
801	true
802	false
803	true
804	false
805	true
806	true
807	true
808	true
809	false
810	true
811	true
812	true
813	true
814	false
815	true
816	true
817	false
818	false
819	true
820	false
821	true
822	false
823	true
824	true
825	false
826	true
827	false
828	true
829	true
830	true
831	false
832	false
833	true
834	true
835	false
836	false
837	true
838	true
839	true
840	true
841	true
842	false
843	true
844	true
845	false
846	true
847	true
848	false
849	false
850	false
851	false
852	false
853	true
854	false
855	true
856	true
857	true
858	false
859	true
860	false
861	false
862	false
863	false
864	false
865	true
866	false
867	false
868	true
869	false
870	true
871	false
872	false
873	false
874	true
875	true
876	false
877	true
878	false
879	false
880	false
881	true
882	true
883	true
884	false
885	false
886	true
887	false
888	false
