1	true
2	false
3	false
4	false
5	true
6	false
7	true
8	false
9	false
10	true
11	true
12	true
13	true
14	false
15	true
16	true
17	false
18	false
19	false
20	false
21	false
22	true
23	false
24	true
25	false
26	false
27	true
28	true
29	true
30	false
31	false
32	true
33	true
34	true
35	true
36	false
37	false
38	false
39	false
40	true
41	true
42	false
43	false
44	false
45	false
46	false
47	true
48	true
49	false
50	false
51	true
52	false
53	false
54	false
55	true
56	false
57	false
58	false
59	true
60	false
61	true
62	true
63	false
64	true
65	true
66	false
67	false
68	true
69	true
70	false
71	true
72	false
73	true
74	false
75	false
76	false
77	true
78	true
79	true
80	true
81	true
82	false
83	false
84	true
85	true
86	true
87	false
88	true
89	true
90	false
91	true
92	true
93	false
394	false
395	true
396	false
397	false
398	false
399	false
400	true
401	true
402	true
403	true
404	true
405	true
406	false
407	false
408	false
409	false
410	false
411	false
412	false
413	true
414	true
415	false
416	false
417	true
418	false
419	false
420	false
421	true
422	true
423	false
424	false
425	true
426	true
427	false
428	false
429	true
430	false
431	false
432	false
433	true
434	false
435	true
436	true
437	true
438	true
439	false
440	true
441	true
442	true
443	true
444	false
445	false
446	true
447	true
448	true
449	true
450	true
451	true
452	true
453	true
454	false
455	true
456	false
457	true
458	true
459	true
460	true
461	true
462	true
463	true
464	false
465	false
466	true
467	false
468	true
469	true
470	true
471	false
472	true
473	false
474	false
475	false
476	false
477	false
778	true
779	true
780	true
781	false
782	true
783	false
784	false
785	true
786	false
787	false
788	true
789	false
790	false
791	true
792	false
793	false
794	true
795	false
796	false
797	true
798	false
799	false
800	true
801	true
802	false
803	true
804	true
805	false
806	false
807	false
808	false
809	true
810	true
811	false
812	true
813	false
814	true
815	false
816	false
817	true
818	true
819	false
820	true
821	true
822	false
823	false
824	true
825	true
826	true
827	true
828	false
829	false
830	true
831	true
832	false
833	false
834	false
835	true
836	true
837	true
838	false
839	false
840	false
841	false
842	true
843	false
844	true
845	true
846	true
847	true
848	true
849	false
850	false
851	false
852	false
853	true
854	true
855	true
856	false
857	false
858	true
859	false
860	true
861	true
862	false
863	true
864	true
865	true
866	false
867	true
868	true
869	false
870	false
871	false
872	true
873	true
874	false
875	false
876	false
877	false
878	true
879	false
880	false
881	false
882	true
883	true
884	false
885	false
886	true
887	true
888	true
