1	true
2	false
3	true
4	true
5	true
6	true
7	true
8	false
9	false
10	false
11	false
12	true
13	true
14	false
15	true
16	true
17	true
18	false
19	true
20	true
21	true
22	true
23	true
24	false
25	false
26	false
27	true
28	false
29	false
30	true
31	true
32	true
33	false
34	true
35	true
36	false
37	true
38	true
39	true
40	false
41	true
42	false
43	true
44	false
45	true
46	true
47	false
48	true
49	true
50	true
51	false
52	true
53	true
54	false
55	false
56	false
57	true
58	true
59	false
60	false
61	false
62	true
63	false
64	true
65	false
66	true
67	false
68	true
69	true
70	true
71	false
72	true
73	true
74	false
75	false
76	false
77	true
78	false
79	false
80	true
81	false
82	true
83	true
84	false
85	false
86	true
87	false
88	false
89	false
90	true
91	true
92	false
93	false
394	true
395	true
396	true
397	true
398	true
399	true
400	false
401	false
402	true
403	false
404	false
405	true
406	false
407	true
408	false
409	false
410	false
411	true
412	true
413	true
414	true
415	true
416	false
417	false
418	false
419	true
420	false
421	false
422	false
423	false
424	false
425	true
426	true
427	false
428	true
429	false
430	true
431	false
432	false
433	false
434	true
435	true
436	true
437	true
438	true
439	false
440	false
441	false
442	true
443	false
444	false
445	true
446	false
447	true
448	false
449	true
450	true
451	false
452	true
453	false
454	true
455	true
456	true
457	true
458	false
459	true
460	false
461	false
462	false
463	true
464	true
465	true
466	false
467	true
468	false
469	false
470	true
471	false
472	false
473	true
474	true
475	false
476	false
477	false
778	false
779	true
780	false
781	false
782	false
783	true
784	false
785	false
786	true
787	true
788	true
789	true
790	false
791	true
792	true
793	false
794	true
795	true
796	true
797	false
798	true
799	false
800	true
801	true
802	true
803	true
804	false
805	true
806	true
807	true
808	false
809	true
810	true
811	false
812	true
813	false
814	true
815	true
816	false
817	true
818	true
819	true
820	false
821	true
822	false
823	false
824	false
825	false
826	true
827	false
828	true
829	false
830	true
831	true
832	true
833	false
834	false
835	true
836	true
837	false
838	true
839	false
840	false
841	false
842	false
843	false
844	false
845	false
846	false
847	true
848	true
849	true
850	true
851	false
852	true
853	true
854	false
855	false
856	true
857	false
858	true
859	false
860	true
861	true
862	false
863	false
864	true
865	false
866	false
867	false
868	true
869	true
870	true
871	false
872	false
873	true
874	true
875	false
876	true
877	false
878	true
879	false
880	false
881	true
882	false
883	true
884	false
885	false
886	false
887	false
888	false
