1	true
2	false
3	true
4	false
5	true
6	false
7	false
8	true
9	false
10	true
11	true
12	false
13	true
14	true
15	true
16	true
17	true
18	false
19	true
20	true
21	false
22	true
23	false
24	true
25	true
26	false
27	true
28	false
29	false
30	false
31	true
32	true
33	true
34	true
35	false
36	false
37	true
38	true
39	false
40	true
41	false
42	true
43	true
44	false
45	false
46	false
47	true
48	false
49	false
50	false
51	false
52	false
53	true
54	false
55	true
56	false
57	false
58	true
59	true
60	true
61	true
62	true
63	false
64	false
65	true
66	false
67	true
68	true
69	false
70	true
71	false
72	true
73	true
74	false
75	true
76	true
77	false
78	true
79	true
80	false
81	false
82	true
83	true
84	true
85	false
86	true
87	true
88	false
89	false
90	false
91	false
92	false
93	false
394	false
395	true
396	false
397	false
398	true
399	false
400	false
401	true
402	false
403	false
404	false
405	true
406	false
407	false
408	false
409	false
410	true
411	true
412	false
413	true
414	false
415	true
416	true
417	false
418	true
419	false
420	false
421	true
422	false
423	false
424	true
425	true
426	true
427	true
428	false
429	true
430	true
431	true
432	true
433	false
434	false
435	false
436	true
437	false
438	false
439	true
440	true
441	true
442	true
443	false
444	false
445	false
446	true
447	false
448	false
449	true
450	false
451	true
452	false
453	false
454	true
455	false
456	false
457	true
458	false
459	false
460	false
461	false
462	false
463	true
464	true
465	true
466	false
467	false
468	false
469	true
470	true
471	true
472	true
473	false
474	true
475	false
476	true
477	true
778	false
779	true
780	false
781	true
782	false
783	false
784	false
785	true
786	true
787	true
788	false
789	true
790	false
791	true
792	true
793	false
794	true
795	false
796	true
797	false
798	true
799	false
800	true
801	false
802	false
803	false
804	false
805	false
806	false
807	false
808	false
809	true
810	true
811	false
812	false
813	false
814	true
815	false
816	false
817	false
818	true
819	false
820	true
821	false
822	false
823	false
824	true
825	false
826	false
827	false
828	false
829	false
830	false
831	true
832	false
833	true
834	true
835	false
836	false
837	false
838	false
839	true
840	true
841	false
842	true
843	true
844	false
845	false
846	false
847	true
848	false
849	false
850	true
851	false
852	true
853	false
854	false
855	true
856	false
857	false
858	true
859	true
860	true
861	true
862	false
863	true
864	false
865	true
866	false
867	false
868	true
869	true
870	true
871	true
872	false
873	true
874	true
875	false
876	false
877	true
878	false
879	false
880	true
881	true
882	false
883	true
884	false
885	false
886	true
887	false
888	true
