1	true
2	true
3	true
4	false
5	false
6	true
7	true
8	true
9	true
10	true
11	false
12	false
13	false
14	false
15	true
16	true
17	true
18	true
19	false
20	true
21	false
22	true
23	false
24	false
25	true
26	false
27	false
28	false
29	true
30	false
31	false
32	false
33	false
34	false
35	false
36	true
37	false
38	false
39	false
40	true
41	true
42	true
43	false
44	true
45	false
46	true
47	true
48	true
49	true
50	false
51	true
52	true
53	false
54	false
55	false
56	false
57	false
58	false
59	false
60	false
61	false
62	true
63	false
64	true
65	true
66	true
67	true
68	true
69	true
70	false
71	true
72	true
73	false
74	false
75	false
76	true
77	true
78	true
79	true
80	false
81	false
82	true
83	false
84	false
85	true
86	true
87	false
88	false
89	true
90	true
91	true
92	true
93	false
394	true
395	false
396	true
397	false
398	true
399	true
400	false
401	false
402	false
403	false
404	false
405	true
406	false
407	true
408	false
409	true
410	false
411	false
412	true
413	false
414	true
415	false
416	false
417	true
418	true
419	true
420	true
421	true
422	true
423	true
424	false
425	true
426	true
427	false
428	true
429	false
430	true
431	true
432	true
433	true
434	true
435	true
436	false
437	true
438	false
439	false
440	true
441	true
442	false
443	true
444	true
445	false
446	true
447	true
448	true
449	false
450	true
451	false
452	true
453	false
454	true
455	true
456	true
457	true
458	true
459	true
460	false
461	false
462	false
463	false
464	false
465	true
466	true
467	true
468	true
469	true
470	true
471	false
472	false
473	true
474	true
475	true
476	true
477	false
778	true
779	false
780	true
781	true
782	true
783	false
784	false
785	true
786	true
787	true
788	false
789	true
790	true
791	true
792	true
793	true
794	false
795	true
796	true
797	true
798	true
799	false
800	false
801	false
802	false
803	true
804	false
805	true
806	false
807	false
808	true
809	true
810	true
811	false
812	false
813	true
814	true
815	false
816	false
817	false
818	true
819	true
820	false
821	false
822	true
823	true
824	true
825	true
826	true
827	false
828	true
829	true
830	false
831	false
832	false
833	true
834	false
835	true
836	true
837	false
838	false
839	false
840	false
841	true
842	true
843	false
844	true
845	false
846	true
847	true
848	false
849	false
850	false
851	false
852	false
853	true
854	true
855	false
856	false
857	true
858	true
859	false
860	false
861	false
862	true
863	false
864	false
865	false
866	false
867	true
868	false
869	false
870	true
871	false
872	false
873	false
874	true
875	false
876	true
877	true
878	true
879	true
880	true
881	true
882	true
883	false
884	false
885	true
886	true
887	true
888	false
