1	true
2	true
3	false
4	false
5	true
6	true
7	false
8	true
9	false
10	true
11	true
12	false
13	false
14	false
15	false
16	true
17	false
18	true
19	false
20	false
21	true
22	true
23	true
24	true
25	false
26	true
27	true
28	false
29	true
30	true
31	false
32	true
33	true
34	true
35	false
36	false
37	false
38	false
39	true
40	false
41	false
42	false
43	false
44	true
45	true
46	true
47	false
48	false
49	true
50	true
51	false
52	false
53	true
54	true
55	true
56	true
57	false
58	false
59	false
60	false
61	false
62	true
63	true
64	false
65	true
66	false
67	true
68	false
69	false
70	false
71	false
72	true
73	true
74	false
75	false
76	false
77	false
78	false
79	true
80	false
81	false
82	false
83	true
84	false
85	false
86	false
87	false
88	false
89	true
90	true
91	true
92	false
93	false
394	false
395	false
396	true
397	false
398	false
399	true
400	true
401	true
402	true
403	true
404	false
405	true
406	false
407	true
408	true
409	true
410	false
411	false
412	false
413	true
414	true
415	true
416	true
417	false
418	false
419	true
420	true
421	false
422	false
423	true
424	true
425	false
426	true
427	true
428	false
429	false
430	false
431	true
432	false
433	false
434	false
435	false
436	true
437	true
438	true
439	false
440	false
441	true
442	false
443	false
444	false
445	false
446	false
447	true
448	true
449	false
450	false
451	false
452	true
453	false
454	false
455	false
456	true
457	false
458	true
459	true
460	true
461	false
462	false
463	false
464	false
465	true
466	true
467	true
468	false
469	false
470	true
471	false
472	false
473	true
474	false
475	false
476	false
477	true
778	true
779	true
780	true
781	true
782	false
783	false
784	false
785	false
786	true
787	true
788	false
789	true
790	true
791	true
792	false
793	true
794	false
795	true
796	false
797	true
798	false
799	false
800	true
801	false
802	true
803	true
804	false
805	false
806	false
807	true
808	false
809	true
810	true
811	true
812	true
813	true
814	false
815	true
816	true
817	false
818	true
819	true
820	false
821	false
822	true
823	false
824	true
825	false
826	true
827	false
828	true
829	false
830	false
831	true
832	false
833	true
834	false
835	true
836	false
837	true
838	false
839	true
840	true
841	false
842	false
843	true
844	false
845	false
846	false
847	true
848	true
849	false
850	true
851	false
852	true
853	false
854	false
855	false
856	true
857	false
858	true
859	false
860	true
861	true
862	false
863	false
864	true
865	true
866	true
867	false
868	true
869	false
870	true
871	true
872	true
873	true
874	false
875	false
876	false
877	false
878	true
879	false
880	true
881	false
882	false
883	false
884	false
885	false
886	false
887	true
888	true
