1	true
2	true
3	true
4	false
5	false
6	true
7	true
8	false
9	false
10	true
11	false
12	true
13	false
14	false
15	true
16	true
17	true
18	true
19	false
20	true
21	false
22	true
23	true
24	true
25	false
26	true
27	false
28	true
29	false
30	false
31	true
32	true
33	false
34	false
35	false
36	false
37	true
38	false
39	false
40	true
41	true
42	false
43	true
44	true
45	true
46	true
47	false
48	true
49	false
50	true
51	false
52	true
53	true
54	false
55	true
56	true
57	true
58	false
59	true
60	false
61	false
62	true
63	true
64	true
65	false
66	true
67	true
68	false
69	false
70	true
71	false
72	true
73	false
74	false
75	true
76	false
77	false
78	false
79	false
80	true
81	true
82	false
83	false
84	true
85	true
86	true
87	true
88	true
89	true
90	true
91	true
92	true
93	false
394	false
395	true
396	false
397	false
398	false
399	true
400	false
401	false
402	false
403	true
404	true
405	false
406	true
407	true
408	true
409	false
410	false
411	true
412	false
413	true
414	false
415	true
416	false
417	false
418	true
419	true
420	false
421	false
422	true
423	true
424	false
425	false
426	true
427	false
428	false
429	true
430	false
431	false
432	false
433	true
434	false
435	false
436	true
437	true
438	true
439	true
440	false
441	true
442	true
443	false
444	true
445	false
446	true
447	true
448	true
449	false
450	true
451	false
452	true
453	false
454	true
455	true
456	false
457	false
458	true
459	false
460	false
461	false
462	false
463	false
464	true
465	false
466	false
467	true
468	true
469	true
470	true
471	false
472	true
473	true
474	false
475	true
476	false
477	true
778	false
779	true
780	true
781	false
782	false
783	false
784	false
785	true
786	false
787	false
788	true
789	false
790	false
791	true
792	true
793	true
794	true
795	false
796	true
797	false
798	false
799	false
800	false
801	false
802	false
803	true
804	false
805	false
806	false
807	true
808	true
809	true
810	false
811	true
812	false
813	false
814	false
815	true
816	true
817	false
818	true
819	true
820	true
821	false
822	true
823	true
824	true
825	false
826	true
827	true
828	true
829	false
830	true
831	true
832	true
833	false
834	true
835	true
836	true
837	false
838	true
839	true
840	false
841	false
842	false
843	false
844	true
845	true
846	true
847	true
848	false
849	false
850	true
851	true
852	true
853	false
854	false
855	true
856	false
857	true
858	true
859	true
860	false
861	true
862	true
863	false
864	true
865	false
866	true
867	true
868	true
869	true
870	true
871	true
872	false
873	false
874	false
875	false
876	false
877	true
878	false
879	true
880	true
881	false
882	false
883	true
884	true
885	false
886	true
887	true
888	true
