1	false
2	true
3	true
4	true
5	true
6	true
7	false
8	false
9	true
10	false
11	false
12	true
13	true
14	true
15	false
16	false
17	true
18	true
19	false
20	false
21	false
22	false
23	false
24	true
25	false
26	true
27	false
28	true
29	false
30	true
31	false
32	true
33	true
34	true
35	true
36	false
37	false
38	true
39	false
40	false
41	true
42	false
43	true
44	true
45	true
46	true
47	true
48	true
49	true
50	false
51	true
52	true
53	false
54	true
55	true
56	false
57	false
58	false
59	true
60	true
61	true
62	false
63	true
64	true
65	false
66	true
67	false
68	false
69	false
70	false
71	false
72	false
73	true
74	false
75	true
76	false
77	false
78	false
79	true
80	true
81	true
82	true
83	false
84	false
85	true
86	false
87	true
88	false
89	true
90	true
91	false
92	false
93	true
394	true
395	false
396	false
397	true
398	false
399	true
400	false
401	false
402	false
403	true
404	true
405	true
406	true
407	true
408	true
409	true
410	true
411	false
412	false
413	true
414	true
415	true
416	false
417	false
418	true
419	false
420	true
421	true
422	false
423	false
424	true
425	true
426	false
427	false
428	false
429	false
430	false
431	true
432	false
433	true
434	false
435	true
436	true
437	false
438	true
439	false
440	false
441	false
442	true
443	false
444	true
445	false
446	true
447	false
448	false
449	false
450	false
451	true
452	true
453	false
454	false
455	false
456	false
457	true
458	false
459	true
460	true
461	false
462	true
463	true
464	true
465	false
466	true
467	true
468	true
469	false
470	true
471	false
472	false
473	false
474	true
475	false
476	true
477	false
778	true
779	true
780	false
781	true
782	true
783	true
784	false
785	true
786	true
787	false
788	false
789	true
790	true
791	true
792	true
793	true
794	false
795	false
796	false
797	true
798	true
799	true
800	true
801	false
802	true
803	false
804	false
805	false
806	true
807	false
808	false
809	false
810	true
811	false
812	true
813	false
814	true
815	false
816	true
817	false
818	true
819	true
820	true
821	false
822	false
823	false
824	false
825	false
826	false
827	true
828	false
829	true
830	true
831	true
832	true
833	true
834	false
835	false
836	true
837	true
838	true
839	true
840	false
841	true
842	false
843	false
844	true
845	false
846	false
847	true
848	false
849	false
850	true
851	true
852	false
853	false
854	true
855	false
856	false
857	true
858	false
859	false
860	true
861	false
862	true
863	false
864	true
865	true
866	true
867	false
868	false
869	false
870	true
871	false
872	false
873	false
874	true
875	true
876	false
877	true
878	false
879	false
880	false
881	true
882	false
883	true
884	true
885	true
886	true
887	false
888	false
