1	false
2	false
3	false
4	true
5	true
6	false
7	true
8	true
9	false
10	false
11	true
12	true
13	true
14	false
15	true
16	true
17	false
18	false
19	true
20	false
21	true
22	false
23	false
24	false
25	false
26	false
27	false
28	false
29	false
30	true
31	true
32	true
33	false
34	true
35	false
36	false
37	true
38	true
39	false
40	false
41	true
42	false
43	false
44	true
45	false
46	true
47	false
48	true
49	true
50	false
51	true
52	false
53	false
54	true
55	true
56	false
57	false
58	true
59	true
60	false
61	true
62	false
63	false
64	false
65	false
66	true
67	false
68	true
69	true
70	true
71	true
72	false
73	true
74	false
75	false
76	true
77	true
78	false
79	true
80	false
81	false
82	false
83	false
84	true
85	false
86	false
87	false
88	false
89	false
90	true
91	false
92	false
93	false
394	false
395	true
396	false
397	false
398	true
399	true
400	true
401	false
402	false
403	false
404	false
405	true
406	true
407	false
408	false
409	false
410	true
411	false
412	true
413	false
414	true
415	false
416	false
417	true
418	false
419	true
420	false
421	true
422	false
423	false
424	false
425	true
426	true
427	false
428	true
429	false
430	true
431	false
432	false
433	true
434	false
435	false
436	true
437	false
438	true
439	false
440	false
441	true
442	false
443	true
444	true
445	false
446	true
447	false
448	true
449	true
450	true
451	true
452	false
453	true
454	true
455	false
456	false
457	true
458	true
459	false
460	true
461	false
462	true
463	false
464	true
465	false
466	false
467	false
468	true
469	true
470	true
471	true
472	true
473	true
474	false
475	true
476	true
477	true
778	false
779	false
780	true
781	false
782	false
783	false
784	true
785	false
786	true
787	true
788	false
789	true
790	true
791	false
792	false
793	true
794	false
795	true
796	false
797	true
798	true
799	false
800	false
801	true
802	false
803	false
804	true
805	true
806	false
807	false
808	true
809	true
810	true
811	false
812	false
813	true
814	false
815	true
816	true
817	false
818	false
819	false
820	false
821	true
822	false
823	true
824	true
825	false
826	false
827	false
828	false
829	false
830	false
831	true
832	true
833	true
834	true
835	false
836	false
837	false
838	true
839	true
840	false
841	false
842	true
843	true
844	false
845	true
846	false
847	true
848	false
849	false
850	false
851	true
852	false
853	true
854	true
855	false
856	true
857	true
858	true
859	false
860	false
861	false
862	false
863	false
864	false
865	false
866	false
867	false
868	false
869	true
870	false
871	false
872	true
873	true
874	true
875	true
876	false
877	false
878	false
879	true
880	true
881	false
882	true
883	true
884	true
885	false
886	true
887	false
888	true
