1	true
2	true
3	false
4	false
5	true
6	false
7	false
8	true
9	false
10	true
11	true
12	true
13	false
14	false
15	false
16	true
17	true
18	false
19	true
20	true
21	true
22	false
23	true
24	true
25	true
26	true
27	false
28	false
29	false
30	false
31	false
32	false
33	true
34	false
35	true
36	true
37	true
38	true
39	false
40	true
41	true
42	true
43	false
44	false
45	false
46	true
47	true
48	false
49	false
50	false
51	false
52	false
53	true
54	true
55	true
56	true
57	true
58	true
59	false
60	true
61	true
62	false
63	false
64	false
65	true
66	true
67	false
68	false
69	false
70	false
71	false
72	true
73	false
74	false
75	false
76	false
77	false
78	true
79	true
80	true
81	false
82	true
83	false
84	false
85	true
86	true
87	false
88	true
89	false
90	true
91	true
92	false
93	false
394	true
395	true
396	true
397	true
398	true
399	false
400	true
401	false
402	false
403	true
404	true
405	true
406	false
407	true
408	false
409	true
410	true
411	false
412	false
413	true
414	false
415	false
416	false
417	false
418	true
419	true
420	true
421	true
422	true
423	true
424	true
425	true
426	true
427	true
428	false
429	false
430	true
431	true
432	false
433	true
434	false
435	true
436	true
437	false
438	false
439	false
440	true
441	true
442	false
443	false
444	false
445	true
446	false
447	false
448	true
449	true
450	false
451	true
452	true
453	true
454	false
455	false
456	true
457	false
458	true
459	true
460	true
461	true
462	true
463	false
464	false
465	false
466	true
467	false
468	false
469	true
470	true
471	true
472	false
473	false
474	false
475	true
476	false
477	true
778	false
779	true
780	false
781	false
782	true
783	false
784	false
785	false
786	true
787	false
788	false
789	false
790	true
791	false
792	false
793	false
794	false
795	false
796	true
797	true
798	false
799	false
800	false
801	false
802	false
803	true
804	false
805	false
806	true
807	true
808	false
809	false
810	false
811	true
812	false
813	false
814	true
815	true
816	true
817	true
818	false
819	true
820	false
821	true
822	false
823	true
824	false
825	false
826	true
827	true
828	true
829	false
830	true
831	false
832	false
833	false
834	false
835	true
836	false
837	false
838	false
839	true
840	false
841	true
842	true
843	true
844	false
845	true
846	true
847	false
848	false
849	true
850	true
851	true
852	true
853	true
854	true
855	false
856	false
857	true
858	true
859	false
860	true
861	false
862	true
863	false
864	false
865	true
866	true
867	false
868	false
869	true
870	true
871	true
872	true
873	true
874	false
875	true
876	false
877	true
878	true
879	false
880	true
881	true
882	true
883	false
884	true
885	true
886	true
887	true
888	true
