1	true
2	true
3	true
4	false
5	true
6	true
7	true
8	true
9	false
10	false
11	true
12	false
13	false
14	false
15	false
16	false
17	false
18	true
19	false
20	true
21	false
22	true
23	false
24	false
25	false
26	true
27	true
28	true
29	true
30	true
31	false
32	false
33	true
34	false
35	true
36	true
37	true
38	false
39	true
40	false
41	false
42	false
43	true
44	true
45	true
46	true
47	false
48	false
49	true
50	false
51	false
52	true
53	false
54	true
55	false
56	true
57	false
58	false
59	true
60	false
61	true
62	true
63	true
64	true
65	true
66	true
67	true
68	false
69	true
70	false
71	true
72	true
73	false
74	true
75	true
76	true
77	true
78	true
79	true
80	false
81	true
82	true
83	false
84	true
85	false
86	false
87	true
88	false
89	true
90	false
91	true
92	false
93	true
394	false
395	true
396	true
397	true
398	true
399	true
400	false
401	true
402	true
403	true
404	false
405	false
406	false
407	false
408	true
409	true
410	false
411	true
412	false
413	false
414	true
415	false
416	false
417	true
418	true
419	false
420	false
421	true
422	true
423	true
424	false
425	true
426	true
427	false
428	true
429	true
430	false
431	false
432	true
433	true
434	true
435	true
436	false
437	false
438	false
439	false
440	true
441	false
442	true
443	true
444	true
445	false
446	true
447	true
448	true
449	true
450	false
451	false
452	true
453	false
454	true
455	true
456	false
457	true
458	true
459	true
460	true
461	true
462	true
463	false
464	false
465	false
466	false
467	false
468	true
469	false
470	true
471	false
472	false
473	true
474	false
475	false
476	true
477	true
778	false
779	false
780	false
781	true
782	true
783	false
784	false
785	true
786	false
787	false
788	false
789	false
790	false
791	false
792	false
793	true
794	true
795	true
796	true
797	false
798	true
799	false
800	false
801	false
802	false
803	true
804	true
805	true
806	false
807	true
808	true
809	true
810	false
811	false
812	true
813	true
814	true
815	true
816	false
817	false
818	true
819	false
820	true
821	false
822	true
823	false
824	false
825	false
826	true
827	true
828	false
829	true
830	false
831	true
832	false
833	true
834	true
835	false
836	false
837	false
838	false
839	true
840	true
841	true
842	false
843	false
844	true
845	true
846	true
847	false
848	false
849	true
850	false
851	false
852	true
853	false
854	false
855	true
856	false
857	true
858	false
859	false
860	false
861	false
862	true
863	false
864	true
865	false
866	false
867	false
868	true
869	false
870	true
871	true
872	true
873	true
874	true
875	false
876	false
877	true
878	true
879	true
880	false
881	true
882	false
883	false
884	false
885	false
886	true
887	false
888	true
