1	false
2	true
3	true
4	false
5	false
6	false
7	true
8	true
9	true
10	true
11	true
12	false
13	false
14	false
15	true
16	false
17	true
18	true
19	true
20	false
21	false
22	true
23	true
24	false
25	true
26	true
27	true
28	true
29	true
30	false
31	false
32	false
33	true
34	true
35	false
36	false
37	true
38	true
39	false
40	false
41	true
42	true
43	false
44	false
45	false
46	false
47	true
48	true
49	false
50	true
51	false
52	false
53	false
54	true
55	false
56	true
57	true
58	true
59	true
60	true
61	true
62	true
63	false
64	false
65	true
66	true
67	true
68	false
69	false
70	false
71	true
72	true
73	false
74	false
75	false
76	true
77	true
78	false
79	true
80	true
81	false
82	false
83	true
84	false
85	true
86	true
87	true
88	false
89	false
90	true
91	false
92	true
93	true
394	false
395	true
396	true
397	true
398	false
399	true
400	true
401	false
402	false
403	false
404	false
405	false
406	false
407	true
408	true
409	false
410	false
411	true
412	false
413	false
414	true
415	false
416	false
417	true
418	false
419	false
420	true
421	false
422	true
423	true
424	false
425	true
426	true
427	true
428	false
429	true
430	false
431	false
432	false
433	false
434	false
435	true
436	true
437	false
438	false
439	false
440	false
441	true
442	true
443	true
444	true
445	false
446	true
447	false
448	true
449	true
450	true
451	false
452	false
453	false
454	true
455	false
456	false
457	false
458	true
459	true
460	true
461	false
462	true
463	false
464	false
465	true
466	false
467	true
468	false
469	false
470	true
471	false
472	true
473	false
474	true
475	false
476	false
477	true
778	false
779	true
780	true
781	false
782	false
783	false
784	true
785	true
786	false
787	false
788	true
789	true
790	false
791	true
792	true
793	false
794	true
795	true
796	true
797	true
798	false
799	true
800	false
801	false
802	true
803	false
804	false
805	false
806	true
807	false
808	true
809	false
810	false
811	true
812	true
813	true
814	true
815	true
816	false
817	false
818	true
819	false
820	true
821	false
822	true
823	false
824	false
825	false
826	false
827	false
828	false
829	true
830	true
831	false
832	true
833	true
834	true
835	false
836	true
837	true
838	false
839	false
840	false
841	false
842	false
843	false
844	true
845	false
846	false
847	true
848	false
849	true
850	true
851	false
852	true
853	false
854	false
855	false
856	false
857	true
858	true
859	false
860	false
861	false
862	false
863	true
864	true
865	false
866	false
867	true
868	false
869	false
870	false
871	false
872	false
873	false
874	false
875	true
876	false
877	true
878	false
879	true
880	true
881	true
882	false
883	false
884	false
885	true
886	false
887	true
888	true
