1	true
2	false
3	true
4	true
5	false
6	false
7	false
8	true
9	false
10	false
11	false
12	true
13	false
14	false
15	false
16	false
17	false
18	true
19	false
20	false
21	true
22	true
23	true
24	true
25	true
26	false
27	false
28	true
29	true
30	false
31	true
32	true
33	true
34	false
35	true
36	true
37	true
38	true
39	false
40	true
41	true
42	false
43	false
44	false
45	true
46	true
47	false
48	false
49	true
50	true
51	false
52	true
53	true
54	true
55	false
56	false
57	false
58	false
59	false
60	false
61	true
62	true
63	true
64	false
65	true
66	true
67	false
68	true
69	false
70	false
71	false
72	false
73	true
74	false
75	false
76	false
77	true
78	true
79	false
80	true
81	false
82	false
83	false
84	true
85	true
86	true
87	true
88	true
89	false
90	true
91	true
92	true
93	true
394	true
395	true
396	true
397	true
398	true
399	false
400	false
401	false
402	false
403	false
404	false
405	true
406	true
407	false
408	true
409	true
410	false
411	true
412	false
413	false
414	false
415	true
416	false
417	false
418	false
419	true
420	false
421	false
422	true
423	false
424	false
425	true
426	false
427	true
428	true
429	true
430	true
431	false
432	true
433	true
434	false
435	false
436	true
437	true
438	true
439	false
440	true
441	true
442	false
443	false
444	true
445	false
446	false
447	true
448	true
449	true
450	false
451	false
452	true
453	true
454	false
455	true
456	true
457	true
458	true
459	true
460	false
461	true
462	false
463	false
464	true
465	true
466	false
467	true
468	true
469	false
470	false
471	false
472	true
473	true
474	true
475	true
476	false
477	false
778	false
779	true
780	false
781	false
782	false
783	false
784	false
785	true
786	true
787	false
788	true
789	false
790	false
791	true
792	true
793	false
794	false
795	false
796	true
797	true
798	true
799	true
800	false
801	false
802	true
803	false
804	false
805	false
806	false
807	false
808	false
809	false
810	true
811	false
812	true
813	false
814	true
815	true
816	false
817	false
818	false
819	true
820	false
821	false
822	false
823	true
824	false
825	false
826	true
827	false
828	true
829	false
830	true
831	true
832	false
833	false
834	true
835	false
836	true
837	false
838	true
839	true
840	true
841	true
842	false
843	false
844	false
845	false
846	false
847	false
848	false
849	true
850	true
851	true
852	false
853	true
854	false
855	false
856	true
857	false
858	true
859	false
860	false
861	true
862	false
863	true
864	true
865	true
866	true
867	true
868	false
869	false
870	false
871	false
872	true
873	false
874	true
875	true
876	false
877	true
878	false
879	true
880	true
881	false
882	false
883	true
884	false
885	false
886	true
887	false
888	false
