1	true
2	true
3	true
4	true
5	false
6	true
7	false
8	true
9	false
10	true
11	false
12	true
13	true
14	false
15	true
16	false
17	true
18	true
19	false
20	true
21	true
22	true
23	true
24	false
25	false
26	false
27	true
28	true
29	false
30	false
31	true
32	true
33	false
34	true
35	true
36	false
37	true
38	false
39	false
40	false
41	false
42	false
43	false
44	true
45	true
46	true
47	true
48	true
49	false
50	true
51	true
52	true
53	false
54	true
55	false
56	true
57	false
58	false
59	true
60	false
61	false
62	true
63	true
64	false
65	false
66	true
67	true
68	false
69	false
70	false
71	false
72	true
73	false
74	false
75	false
76	false
77	false
78	true
79	true
80	false
81	false
82	true
83	true
84	true
85	true
86	false
87	false
88	false
89	true
90	false
91	true
92	true
93	false
394	false
395	false
396	true
397	false
398	true
399	false
400	false
401	true
402	false
403	false
404	true
405	false
406	true
407	true
408	true
409	true
410	false
411	false
412	true
413	true
414	false
415	true
416	true
417	true
418	true
419	false
420	false
421	false
422	true
423	true
424	false
425	false
426	true
427	false
428	true
429	true
430	false
431	false
432	true
433	false
434	false
435	true
436	false
437	false
438	false
439	false
440	false
441	true
442	true
443	false
444	false
445	true
446	true
447	true
448	true
449	false
450	false
451	false
452	false
453	true
454	true
455	true
456	true
457	true
458	true
459	false
460	false
461	true
462	true
463	false
464	true
465	true
466	false
467	true
468	true
469	true
470	false
471	true
472	true
473	false
474	false
475	true
476	true
477	true
778	false
779	false
780	false
781	false
782	false
783	true
784	true
785	false
786	false
787	true
788	false
789	false
790	true
791	true
792	true
793	false
794	true
795	true
796	true
797	true
798	true
799	false
800	true
801	true
802	true
803	false
804	false
805	false
806	false
807	false
808	true
809	false
810	true
811	false
812	false
813	true
814	false
815	true
816	false
817	false
818	true
819	false
820	true
821	false
822	false
823	true
824	false
825	true
826	true
827	true
828	true
829	false
830	true
831	false
832	true
833	false
834	true
835	false
836	true
837	true
838	true
839	false
840	true
841	false
842	false
843	false
844	false
845	false
846	true
847	false
848	true
849	false
850	true
851	false
852	false
853	true
854	true
855	true
856	false
857	true
858	true
859	false
860	true
861	false
862	true
863	true
864	true
865	false
866	false
867	false
868	true
869	false
870	true
871	false
872	true
873	false
874	false
875	false
876	true
877	false
878	true
879	false
880	true
881	false
882	true
883	true
884	true
885	false
886	false
887	true
888	true
