1	true
2	false
3	true
4	true
5	true
6	false
7	true
8	false
9	true
10	false
11	false
12	false
13	true
14	true
15	true
16	true
17	true
18	false
19	true
20	true
21	true
22	false
23	true
24	true
25	true
26	true
27	false
28	true
29	true
30	true
31	false
32	true
33	false
34	false
35	true
36	true
37	true
38	true
39	false
40	true
41	false
42	false
43	true
44	true
45	false
46	false
47	false
48	true
49	false
50	false
51	false
52	false
53	true
54	true
55	true
56	true
57	false
58	true
59	true
60	true
61	false
62	false
63	true
64	true
65	true
66	true
67	false
68	true
69	false
70	false
71	false
72	false
73	false
74	true
75	true
76	true
77	true
78	false
79	true
80	true
81	false
82	false
83	true
84	true
85	true
86	false
87	false
88	false
89	false
90	false
91	false
92	true
93	false
294	true
295	true
296	true
297	false
298	false
299	false
300	false
301	true
302	true
303	false
304	true
305	false
306	false
307	false
308	false
309	false
310	false
311	true
312	false
313	false
314	true
315	false
316	false
317	false
318	true
319	true
320	false
321	true
322	false
323	false
324	true
325	false
326	false
327	false
328	true
329	true
330	false
331	false
332	true
333	true
334	false
335	true
336	true
337	false
338	true
339	true
340	false
341	true
342	true
343	false
344	true
345	true
346	false
347	false
348	false
349	true
350	true
351	true
352	true
353	true
354	true
355	false
356	true
357	true
358	true
359	false
360	false
361	true
362	false
363	true
364	true
365	true
366	false
367	false
368	false
369	false
370	true
371	false
372	true
373	true
374	false
375	false
376	true
377	false
