1	true
2	false
3	false
4	true
5	true
6	false
7	false
8	true
9	false
10	true
11	false
12	false
13	false
14	false
15	true
16	false
17	true
18	true
19	false
20	true
21	true
22	true
23	false
24	true
25	true
26	false
27	false
28	true
29	false
30	true
31	true
32	true
33	true
34	false
35	false
36	true
37	false
38	false
39	true
40	false
41	true
42	true
43	false
44	false
45	false
46	true
47	true
48	true
49	false
50	true
51	false
52	false
53	true
54	true
55	false
56	true
57	true
58	true
59	false
60	true
61	false
62	false
63	true
64	true
65	true
66	true
67	true
68	true
69	false
70	false
71	false
72	true
73	true
74	false
75	true
76	true
77	false
78	false
79	false
80	true
81	true
82	false
83	false
84	true
85	false
86	false
87	true
88	false
89	false
90	true
91	true
92	true
93	true
294	false
295	false
296	true
297	false
298	true
299	true
300	true
301	false
302	false
303	true
304	false
305	true
306	false
307	false
308	true
309	true
310	false
311	false
312	false
313	false
314	true
315	true
316	false
317	true
318	false
319	false
320	true
321	false
322	false
323	false
324	false
325	false
326	false
327	true
328	false
329	false
330	true
331	true
332	false
333	false
334	true
335	true
336	false
337	true
338	true
339	true
340	true
341	true
342	false
343	false
344	true
345	true
346	true
347	false
348	false
349	true
350	false
351	true
352	false
353	true
354	true
355	true
356	false
357	false
358	false
359	false
360	true
361	false
362	true
363	true
364	true
365	false
366	true
367	false
368	true
369	true
370	false
371	true
372	false
373	true
374	false
375	false
376	true
377	true
