1	false
2	true
3	false
4	true
5	false
6	true
7	false
8	false
9	true
10	false
11	false
12	false
13	true
14	false
15	false
16	true
17	true
18	true
19	true
20	true
21	false
22	false
23	false
24	true
25	true
26	false
27	false
28	true
29	true
30	true
31	true
32	false
33	true
34	false
35	false
36	true
37	false
38	false
39	false
40	false
41	true
42	false
43	false
44	true
45	true
46	false
47	false
48	true
49	true
50	false
51	true
52	false
53	true
54	false
55	true
56	true
57	true
58	false
59	true
60	true
61	false
62	true
63	true
64	true
65	false
66	false
67	true
68	true
69	false
70	false
71	true
72	true
73	false
74	true
75	true
76	true
77	true
78	false
79	false
80	false
81	false
82	true
83	false
84	true
85	false
86	false
87	true
88	false
89	false
90	false
91	true
92	false
93	false
294	false
295	true
296	true
297	false
298	false
299	false
300	false
301	false
302	false
303	true
304	true
305	false
306	false
307	true
308	true
309	true
310	false
311	false
312	false
313	false
314	false
315	false
316	false
317	false
318	true
319	false
320	true
321	false
322	true
323	false
324	false
325	true
326	true
327	false
328	false
329	false
330	false
331	false
332	false
333	false
334	true
335	true
336	false
337	true
338	true
339	true
340	true
341	true
342	false
343	false
344	true
345	true
346	false
347	true
348	false
349	true
350	true
351	false
352	false
353	true
354	true
355	true
356	true
357	true
358	true
359	true
360	true
361	false
362	false
363	false
364	false
365	false
366	false
367	false
368	false
369	true
370	true
371	false
372	true
373	true
374	false
375	false
376	true
377	true
