1	false
2	false
3	true
4	true
5	true
6	true
7	true
8	true
9	true
10	false
11	true
12	false
13	false
14	true
15	false
16	true
17	true
18	true
19	false
20	true
21	false
22	true
23	true
24	false
25	true
26	false
27	false
28	false
29	false
30	true
31	false
32	false
33	false
34	true
35	false
36	true
37	false
38	true
39	true
40	false
41	false
42	false
43	true
44	true
45	false
46	false
47	true
48	true
49	false
50	false
51	true
52	true
53	false
54	true
55	true
56	false
57	false
58	false
59	false
60	false
61	true
62	false
63	true
64	false
65	true
66	true
67	true
68	false
69	false
70	true
71	false
72	true
73	false
74	true
75	false
76	false
77	false
78	false
79	false
80	true
81	false
82	true
83	false
84	false
85	true
86	true
87	true
88	true
89	true
90	true
91	false
92	true
93	false
294	true
295	false
296	true
297	false
298	true
299	false
300	true
301	true
302	false
303	true
304	true
305	false
306	true
307	true
308	false
309	false
310	true
311	true
312	true
313	true
314	true
315	false
316	false
317	true
318	false
319	false
320	false
321	false
322	true
323	false
324	false
325	false
326	true
327	true
328	true
329	true
330	false
331	false
332	false
333	true
334	false
335	false
336	false
337	true
338	false
339	true
340	true
341	false
342	false
343	true
344	true
345	true
346	true
347	true
348	false
349	false
350	true
351	true
352	true
353	false
354	false
355	false
356	true
357	false
358	false
359	true
360	false
361	true
362	true
363	false
364	true
365	true
366	true
367	true
368	false
369	true
370	false
371	false
372	false
373	true
374	true
375	false
376	true
377	false
