1	false
2	false
3	false
4	true
5	true
6	true
7	false
8	true
9	true
10	true
11	true
12	true
13	false
14	true
15	false
16	true
17	false
18	true
19	true
20	true
21	true
22	false
23	false
24	true
25	false
26	false
27	true
28	true
29	false
30	false
31	true
32	false
33	true
34	true
35	true
36	false
37	true
38	false
39	true
40	true
41	false
42	false
43	false
44	true
45	true
46	false
47	false
48	false
49	false
50	true
51	false
52	false
53	true
54	false
55	true
56	true
57	true
58	false
59	false
60	false
61	true
62	true
63	true
64	false
65	false
66	true
67	false
68	true
69	false
70	false
71	false
72	false
73	true
74	false
75	false
76	false
77	false
78	true
79	false
80	true
81	true
82	false
83	true
84	true
85	false
86	true
87	false
88	true
89	false
90	false
91	false
92	false
93	true
294	false
295	false
296	true
297	false
298	false
299	false
300	true
301	true
302	true
303	true
304	false
305	false
306	false
307	false
308	false
309	false
310	true
311	true
312	true
313	true
314	true
315	false
316	true
317	true
318	false
319	true
320	false
321	true
322	true
323	true
324	true
325	true
326	true
327	true
328	true
329	true
330	true
331	false
332	true
333	true
334	false
335	true
336	false
337	true
338	false
339	false
340	false
341	true
342	false
343	false
344	false
345	true
346	true
347	true
348	true
349	true
350	true
351	false
352	true
353	false
354	false
355	true
356	false
357	true
358	true
359	false
360	true
361	true
362	true
363	false
364	true
365	false
366	false
367	true
368	false
369	false
370	false
371	false
372	true
373	true
374	true
375	true
376	true
377	true
