1	true
2	true
3	false
4	true
5	false
6	false
7	false
8	true
9	true
10	false
11	true
12	true
13	false
14	true
15	true
16	false
17	false
18	true
19	true
20	true
21	true
22	false
23	false
24	false
25	true
26	false
27	false
28	false
29	false
30	false
31	false
32	false
33	false
34	true
35	false
36	true
37	true
38	true
39	true
40	false
41	false
42	false
43	false
44	true
45	true
46	false
47	true
48	false
49	true
50	true
51	false
52	true
53	false
54	false
55	false
56	false
57	false
58	true
59	true
60	true
61	false
62	true
63	true
64	true
65	false
66	false
67	true
68	false
69	true
70	false
71	true
72	true
73	true
74	false
75	false
76	false
77	true
78	true
79	true
80	true
81	false
82	false
83	false
84	false
85	true
86	true
87	true
88	false
89	true
90	false
91	false
92	true
93	true
294	true
295	true
296	false
297	false
298	true
299	false
300	false
301	true
302	true
303	true
304	true
305	false
306	false
307	false
308	true
309	false
310	false
311	true
312	false
313	false
314	false
315	false
316	true
317	true
318	true
319	false
320	false
321	false
322	true
323	true
324	false
325	false
326	true
327	false
328	false
329	true
330	false
331	false
332	true
333	false
334	false
335	false
336	true
337	true
338	true
339	false
340	true
341	true
342	false
343	false
344	true
345	true
346	false
347	true
348	true
349	true
350	false
351	true
352	false
353	true
354	true
355	true
356	false
357	true
358	false
359	false
360	false
361	true
362	true
363	false
364	true
365	false
366	true
367	true
368	true
369	false
370	true
371	true
372	false
373	false
374	false
375	true
376	true
377	false
