1	true
2	false
3	false
4	true
5	true
6	true
7	true
8	false
9	false
10	true
11	false
12	true
13	true
14	true
15	false
16	true
17	true
18	false
19	true
20	true
21	true
22	false
23	false
24	true
25	false
26	true
27	true
28	true
29	true
30	false
31	false
32	false
33	true
34	false
35	false
36	false
37	false
38	true
39	true
40	false
41	false
42	false
43	false
44	false
45	true
46	false
47	false
48	true
49	true
50	false
51	true
52	true
53	true
54	false
55	false
56	false
57	true
58	true
59	true
60	true
61	false
62	true
63	true
64	false
65	false
66	true
67	true
68	false
69	false
70	false
71	false
72	false
73	true
74	false
75	false
76	false
77	true
78	false
79	false
80	false
81	false
82	true
83	true
84	false
85	false
86	true
87	true
88	true
89	true
90	true
91	false
92	true
93	true
294	true
295	true
296	false
297	true
298	false
299	false
300	false
301	false
302	true
303	false
304	false
305	true
306	true
307	false
308	true
309	false
310	false
311	false
312	false
313	false
314	false
315	true
316	false
317	false
318	true
319	true
320	false
321	false
322	true
323	true
324	true
325	false
326	false
327	false
328	false
329	false
330	false
331	true
332	true
333	true
334	true
335	true
336	false
337	false
338	false
339	true
340	true
341	true
342	true
343	true
344	false
345	true
346	false
347	true
348	false
349	false
350	true
351	true
352	false
353	true
354	true
355	true
356	false
357	false
358	false
359	false
360	false
361	true
362	false
363	true
364	true
365	false
366	false
367	true
368	true
369	false
370	true
371	true
372	true
373	false
374	true
375	true
376	true
377	true
