1	false
2	true
3	true
4	false
5	false
6	true
7	false
8	false
9	false
10	true
11	true
12	false
13	false
14	false
15	false
16	true
17	false
18	false
19	false
20	false
21	false
22	false
23	true
24	false
25	false
26	true
27	false
28	true
29	true
30	false
31	false
32	false
33	true
34	true
35	false
36	true
37	true
38	true
39	false
40	true
41	true
42	false
43	true
44	true
45	true
46	false
47	false
48	false
49	true
50	false
51	true
52	true
53	true
54	true
55	false
56	false
57	false
58	true
59	false
60	true
61	false
62	true
63	false
64	true
65	true
66	true
67	true
68	true
69	false
70	true
71	false
72	true
73	false
74	true
75	false
76	true
77	false
78	false
79	false
80	false
81	false
82	true
83	false
84	true
85	true
86	false
87	false
88	true
89	false
90	true
91	false
92	false
93	true
294	false
295	true
296	true
297	false
298	false
299	true
300	true
301	false
302	false
303	false
304	false
305	false
306	true
307	true
308	true
309	false
310	true
311	true
312	false
313	false
314	true
315	false
316	false
317	true
318	true
319	true
320	false
321	true
322	false
323	false
324	false
325	false
326	true
327	false
328	true
329	false
330	true
331	true
332	true
333	true
334	true
335	false
336	true
337	true
338	true
339	false
340	false
341	false
342	true
343	true
344	false
345	true
346	true
347	false
348	false
349	true
350	true
351	true
352	true
353	true
354	true
355	true
356	true
357	true
358	true
359	false
360	false
361	false
362	false
363	false
364	true
365	false
366	false
367	false
368	false
369	true
370	true
371	true
372	true
373	true
374	true
375	true
376	false
377	false
