1	false
2	true
3	true
4	false
5	false
6	false
7	false
8	true
9	true
10	true
11	false
12	false
13	true
14	false
15	true
16	true
17	true
18	false
19	true
20	false
21	false
22	true
23	true
24	true
25	false
26	false
27	true
28	true
29	true
30	false
31	false
32	false
33	true
34	false
35	true
36	true
37	true
38	true
39	true
40	false
41	false
42	true
43	false
44	true
45	false
46	false
47	true
48	true
49	true
50	true
51	false
52	true
53	true
54	false
55	false
56	true
57	false
58	false
59	false
60	true
61	false
62	true
63	true
64	true
65	true
66	true
67	true
68	false
69	false
70	false
71	true
72	true
73	true
74	false
75	false
76	false
77	false
78	false
79	true
80	true
81	false
82	true
83	true
84	true
85	false
86	true
87	true
88	false
89	false
90	false
91	true
92	false
93	true
294	false
295	false
296	true
297	true
298	true
299	false
300	true
301	true
302	false
303	true
304	false
305	false
306	false
307	false
308	true
309	false
310	false
311	true
312	true
313	false
314	true
315	false
316	false
317	true
318	true
319	true
320	true
321	false
322	false
323	false
324	false
325	false
326	true
327	true
328	false
329	false
330	false
331	true
332	true
333	true
334	false
335	false
336	true
337	true
338	true
339	true
340	true
341	false
342	false
343	true
344	true
345	true
346	true
347	true
348	false
349	true
350	true
351	false
352	false
353	false
354	true
355	true
356	true
357	true
358	true
359	true
360	false
361	true
362	true
363	true
364	true
365	true
366	false
367	false
368	false
369	false
370	false
371	false
372	true
373	false
374	true
375	true
376	false
377	false
