1	false
2	false
3	true
4	true
5	false
6	false
7	true
8	true
9	true
10	false
11	false
12	true
13	false
14	true
15	false
16	false
17	false
18	true
19	false
20	false
21	false
22	false
23	false
24	false
25	false
26	true
27	true
28	true
29	false
30	false
31	false
32	true
33	true
34	true
35	false
36	true
37	false
38	false
39	false
40	false
41	true
42	true
43	true
44	true
45	false
46	true
47	false
48	true
49	false
50	false
51	true
52	true
53	false
54	true
55	false
56	false
57	false
58	true
59	true
60	true
61	true
62	false
63	false
64	true
65	false
66	true
67	false
68	false
69	true
70	true
71	true
72	true
73	false
74	true
75	true
76	false
77	false
78	false
79	false
80	true
81	false
82	true
83	true
84	false
85	true
86	false
87	true
88	false
89	false
90	true
91	true
92	true
93	true
294	true
295	false
296	false
297	true
298	true
299	true
300	true
301	true
302	false
303	false
304	true
305	false
306	false
307	true
308	false
309	false
310	false
311	true
312	true
313	true
314	true
315	true
316	false
317	false
318	true
319	false
320	true
321	true
322	false
323	false
324	true
325	false
326	false
327	false
328	false
329	true
330	false
331	false
332	false
333	true
334	true
335	false
336	false
337	true
338	true
339	true
340	true
341	true
342	true
343	false
344	true
345	false
346	false
347	true
348	false
349	false
350	true
351	false
352	true
353	false
354	false
355	false
356	false
357	true
358	true
359	true
360	true
361	false
362	false
363	false
364	false
365	true
366	true
367	true
368	false
369	false
370	true
371	false
372	true
373	true
374	false
375	true
376	true
377	true
