1	false
2	true
3	false
4	true
5	false
6	true
7	false
8	true
9	false
10	true
11	true
12	false
13	false
14	true
15	false
16	false
17	false
18	false
19	true
20	true
21	true
22	false
23	false
24	true
25	true
26	true
27	true
28	false
29	true
30	true
31	true
32	true
33	true
34	false
35	true
36	true
37	true
38	false
39	false
40	false
41	true
42	true
43	true
44	false
45	false
46	true
47	true
48	true
49	false
50	false
51	false
52	false
53	true
54	false
55	true
56	false
57	true
58	false
59	false
60	false
61	true
62	false
63	false
64	false
65	false
66	false
67	false
68	true
69	true
70	true
71	false
72	false
73	true
74	false
75	true
76	false
77	false
78	true
79	false
80	false
81	false
82	true
83	false
84	true
85	false
86	true
87	false
88	true
89	false
90	false
91	true
92	true
93	true
294	false
295	false
296	false
297	false
298	false
299	false
300	true
301	false
302	true
303	false
304	false
305	true
306	false
307	true
308	true
309	true
310	true
311	true
312	false
313	false
314	true
315	true
316	true
317	false
318	true
319	true
320	false
321	false
322	true
323	false
324	true
325	true
326	false
327	true
328	true
329	true
330	false
331	false
332	false
333	false
334	true
335	true
336	false
337	false
338	true
339	false
340	false
341	false
342	true
343	true
344	false
345	false
346	false
347	false
348	false
349	false
350	false
351	false
352	false
353	true
354	false
355	true
356	true
357	true
358	true
359	false
360	true
361	true
362	false
363	false
364	false
365	true
366	false
367	true
368	false
369	true
370	true
371	true
372	false
373	false
374	true
375	false
376	false
377	false
