1	false
2	true
3	false
4	false
5	false
6	false
7	false
8	false
9	true
10	false
11	true
12	true
13	true
14	true
15	true
16	false
17	false
18	false
19	true
20	false
21	true
22	true
23	false
24	false
25	true
26	false
27	false
28	false
29	true
30	false
31	true
32	true
33	false
34	false
35	true
36	true
37	false
38	false
39	false
40	true
41	false
42	false
43	false
44	false
45	false
46	false
47	true
48	true
49	true
50	false
51	false
52	true
53	true
54	true
55	true
56	true
57	true
58	true
59	true
60	true
61	true
62	true
63	true
64	true
65	true
66	false
67	false
68	false
69	false
70	true
71	true
72	true
73	true
74	true
75	false
76	false
77	true
78	true
79	true
80	false
81	true
82	false
83	false
84	false
85	true
86	false
87	false
88	true
89	false
90	false
91	false
92	true
93	true
294	true
295	false
296	true
297	true
298	true
299	true
300	false
301	false
302	false
303	true
304	false
305	false
306	false
307	false
308	false
309	false
310	false
311	true
312	true
313	false
314	false
315	false
316	false
317	false
318	false
319	true
320	false
321	true
322	false
323	false
324	false
325	false
326	true
327	false
328	true
329	true
330	true
331	false
332	true
333	true
334	false
335	false
336	true
337	true
338	false
339	false
340	false
341	true
342	true
343	false
344	false
345	false
346	false
347	false
348	true
349	false
350	true
351	false
352	false
353	false
354	false
355	false
356	true
357	true
358	true
359	false
360	false
361	true
362	false
363	false
364	false
365	true
366	true
367	true
368	false
369	false
370	true
371	false
372	false
373	false
374	true
375	true
376	true
377	true
