1	true
2	false
3	false
4	true
5	false
6	false
7	false
8	false
9	true
10	false
11	true
12	false
13	true
14	true
15	false
16	true
17	true
18	false
19	false
20	true
21	false
22	true
23	false
24	true
25	false
26	false
27	false
28	false
29	false
30	true
31	false
32	false
33	true
34	false
35	false
36	true
37	true
38	false
39	true
40	false
41	true
42	false
43	false
44	false
45	true
46	false
47	false
48	false
49	false
50	false
51	false
52	true
53	true
54	true
55	false
56	true
57	false
58	false
59	true
60	true
61	true
62	true
63	false
64	true
65	false
66	true
67	false
68	true
69	true
70	true
71	false
72	true
73	true
74	false
75	true
76	true
77	true
78	true
79	true
80	true
81	false
82	true
83	true
84	false
85	true
86	false
87	false
88	false
89	true
90	true
91	true
92	false
93	false
294	true
295	false
296	false
297	false
298	false
299	false
300	false
301	true
302	true
303	true
304	true
305	false
306	true
307	true
308	true
309	false
310	true
311	true
312	true
313	true
314	true
315	true
316	true
317	true
318	true
319	false
320	true
321	true
322	false
323	false
324	true
325	false
326	false
327	true
328	true
329	false
330	true
331	false
332	false
333	true
334	false
335	true
336	true
337	true
338	false
339	false
340	false
341	true
342	true
343	false
344	false
345	true
346	true
347	false
348	false
349	false
350	false
351	false
352	false
353	false
354	true
355	false
356	true
357	true
358	false
359	true
360	false
361	false
362	false
363	false
364	false
365	false
366	false
367	false
368	true
369	false
370	false
371	true
372	true
373	true
374	false
375	true
376	false
377	false
