1	false
2	false
3	true
4	false
5	true
6	false
7	true
8	false
9	false
10	false
11	false
12	false
13	false
14	false
15	false
16	true
17	true
18	true
19	false
20	false
21	false
22	true
23	true
24	false
25	false
26	false
27	false
28	true
29	false
30	false
31	false
32	false
33	false
34	false
35	false
36	false
37	false
38	false
39	true
40	true
41	false
42	true
43	false
44	true
45	true
46	true
47	false
48	false
49	true
50	false
51	true
52	false
53	false
54	false
55	true
56	true
57	false
58	true
59	true
60	true
61	true
62	true
63	true
64	true
65	true
66	true
67	false
68	true
69	false
70	false
71	false
72	true
73	false
74	true
75	false
76	false
77	true
78	true
79	false
80	false
81	true
82	false
83	false
84	false
85	true
86	false
87	false
88	true
89	true
90	true
91	true
92	false
93	false
294	false
295	true
296	true
297	false
298	false
299	true
300	true
301	false
302	false
303	true
304	false
305	true
306	true
307	true
308	true
309	true
310	false
311	false
312	false
313	false
314	false
315	true
316	true
317	false
318	false
319	false
320	false
321	true
322	true
323	true
324	false
325	true
326	true
327	true
328	false
329	true
330	false
331	true
332	false
333	false
334	true
335	true
336	true
337	false
338	false
339	false
340	false
341	false
342	false
343	true
344	true
345	true
346	true
347	true
348	false
349	false
350	false
351	true
352	false
353	true
354	false
355	true
356	false
357	false
358	false
359	false
360	true
361	false
362	true
363	false
364	true
365	true
366	false
367	true
368	false
369	true
370	true
371	false
372	false
373	false
374	true
375	false
376	false
377	true
