1	true
2	true
3	false
4	true
5	true
6	false
7	true
8	false
9	true
10	true
11	true
12	false
13	true
14	true
15	true
16	true
17	true
18	false
19	true
20	true
21	false
22	true
23	true
24	false
25	false
26	false
27	false
28	true
29	true
30	false
31	true
32	false
33	false
34	false
35	true
36	false
37	true
38	false
39	true
40	false
41	false
42	true
43	false
44	false
45	false
46	true
47	false
48	false
49	true
50	true
51	false
52	true
53	true
54	false
55	true
56	true
57	true
58	true
59	false
60	false
61	false
62	true
63	true
64	true
65	false
66	true
67	false
68	true
69	true
70	false
71	true
72	true
73	true
74	false
75	false
76	false
77	true
78	true
79	false
80	true
81	false
82	true
83	false
84	false
85	false
86	true
87	true
88	true
89	true
90	false
91	true
92	false
93	false
294	false
295	false
296	false
297	false
298	false
299	false
300	false
301	false
302	true
303	false
304	true
305	false
306	true
307	true
308	false
309	true
310	false
311	true
312	false
313	false
314	false
315	false
316	false
317	true
318	true
319	false
320	false
321	true
322	true
323	false
324	true
325	false
326	false
327	false
328	true
329	true
330	false
331	false
332	true
333	false
334	true
335	true
336	true
337	true
338	false
339	true
340	false
341	false
342	false
343	true
344	false
345	false
346	true
347	true
348	true
349	true
350	true
351	true
352	false
353	false
354	true
355	true
356	true
357	true
358	false
359	true
360	true
361	false
362	false
363	true
364	false
365	false
366	false
367	false
368	false
369	true
370	false
371	false
372	true
373	false
374	false
375	true
376	false
377	false
