1	true
2	false
3	false
4	true
5	false
6	true
7	false
8	true
9	false
10	false
11	true
12	false
13	false
14	true
15	false
16	false
17	false
18	true
19	false
20	false
21	true
22	false
23	true
24	true
25	false
26	false
27	true
28	false
29	false
30	false
31	true
32	false
33	true
34	false
35	false
36	false
37	false
38	true
39	true
40	false
41	false
42	true
43	false
44	false
45	false
46	true
47	true
48	false
49	false
50	true
51	true
52	false
53	false
54	true
55	false
56	false
57	false
58	false
59	false
60	false
61	false
62	false
63	false
64	false
65	false
66	true
67	true
68	false
69	true
70	false
71	true
72	false
73	true
74	true
75	true
76	true
77	true
78	false
79	true
80	true
81	true
82	false
83	false
84	true
85	false
86	false
87	true
88	true
89	false
90	true
91	false
92	true
93	false
294	false
295	true
296	true
297	false
298	false
299	false
300	true
301	true
302	false
303	false
304	false
305	true
306	false
307	false
308	true
309	true
310	false
311	false
312	true
313	true
314	false
315	true
316	false
317	true
318	false
319	false
320	true
321	false
322	true
323	false
324	true
325	false
326	false
327	true
328	true
329	true
330	false
331	false
332	false
333	false
334	true
335	true
336	false
337	true
338	false
339	false
340	false
341	true
342	true
343	true
344	true
345	true
346	false
347	true
348	false
349	true
350	false
351	false
352	false
353	false
354	true
355	true
356	true
357	false
358	false
359	true
360	false
361	false
362	true
363	false
364	true
365	true
366	false
367	true
368	true
369	false
370	true
371	false
372	false
373	false
374	true
375	false
376	true
377	false
