1	false
2	true
3	true
4	false
5	true
6	true
7	false
8	true
9	true
10	true
11	true
12	false
13	false
14	false
15	true
16	true
17	true
18	true
19	false
20	true
21	false
22	false
23	false
24	false
25	false
26	false
27	false
28	false
29	true
30	false
31	false
32	true
33	false
34	false
35	false
36	true
37	false
38	true
39	true
40	false
41	true
42	false
43	false
44	false
45	true
46	true
47	false
48	true
49	true
50	true
51	false
52	true
53	true
54	true
55	false
56	false
57	false
58	false
59	false
60	true
61	true
62	true
63	false
64	true
65	false
66	false
67	false
68	true
69	false
70	false
71	false
72	true
73	false
74	true
75	false
76	false
77	false
78	false
79	false
80	false
81	true
82	false
83	false
84	false
85	false
86	false
87	false
88	false
89	false
90	false
91	false
92	true
93	true
294	false
295	true
296	true
297	false
298	true
299	false
300	false
301	true
302	true
303	false
304	true
305	true
306	true
307	false
308	true
309	false
310	true
311	true
312	false
313	false
314	false
315	true
316	true
317	false
318	false
319	true
320	false
321	false
322	true
323	true
324	true
325	false
326	true
327	true
328	true
329	false
330	false
331	true
332	true
333	false
334	false
335	false
336	true
337	true
338	false
339	false
340	true
341	false
342	false
343	false
344	false
345	true
346	true
347	true
348	false
349	false
350	false
351	false
352	true
353	true
354	false
355	true
356	true
357	false
358	false
359	true
360	false
361	true
362	false
363	true
364	false
365	false
366	true
367	true
368	false
369	true
370	false
371	true
372	false
373	false
374	false
375	false
376	true
377	true
