1	true
2	false
3	true
4	false
5	true
6	true
7	true
8	true
9	true
10	false
11	true
12	true
13	false
14	true
15	false
16	true
17	true
18	false
19	true
20	false
21	false
22	true
23	false
24	true
25	true
26	false
27	false
28	false
29	false
30	true
31	true
32	true
33	false
34	true
35	false
36	false
37	false
38	false
39	false
40	true
41	true
42	true
43	false
44	true
45	false
46	false
47	true
48	true
49	true
50	true
51	true
52	false
53	true
54	false
55	true
56	true
57	false
58	false
59	true
60	false
61	true
62	false
63	false
64	false
65	false
66	false
67	false
68	true
69	true
70	true
71	true
72	false
73	false
74	true
75	false
76	false
77	false
78	false
79	false
80	true
81	false
82	false
83	false
84	true
85	false
86	false
87	true
88	true
89	true
90	true
91	true
92	false
93	false
294	false
295	false
296	true
297	true
298	true
299	true
300	true
301	true
302	false
303	false
304	true
305	true
306	false
307	false
308	false
309	false
310	true
311	true
312	true
313	false
314	false
315	false
316	false
317	false
318	true
319	false
320	false
321	false
322	true
323	false
324	false
325	true
326	false
327	false
328	false
329	true
330	false
331	true
332	false
333	false
334	false
335	false
336	false
337	false
338	false
339	false
340	true
341	false
342	true
343	false
344	true
345	true
346	true
347	true
348	true
349	false
350	false
351	false
352	false
353	false
354	true
355	true
356	false
357	true
358	true
359	true
360	true
361	false
362	false
363	true
364	false
365	true
366	false
367	true
368	false
369	false
370	false
371	true
372	true
373	true
374	false
375	false
376	false
377	true
