1	true
2	true
3	true
4	true
5	true
6	true
7	false
8	false
9	false
10	false
11	true
12	false
13	false
14	true
15	true
16	true
17	true
18	false
19	true
20	false
21	true
22	false
23	true
24	false
25	false
26	true
27	true
28	false
29	false
30	false
31	true
32	false
33	true
34	true
35	true
36	false
37	true
38	false
39	false
40	false
41	true
42	true
43	true
44	false
45	true
46	false
47	true
48	false
49	false
50	true
51	true
52	false
53	true
54	false
55	false
56	true
57	true
58	true
59	true
60	false
61	false
62	false
63	true
64	false
65	false
66	true
67	true
68	false
69	true
70	true
71	false
72	false
73	true
74	false
75	true
76	false
77	true
78	false
79	true
80	true
81	false
82	true
83	true
84	true
85	true
86	true
87	false
88	true
89	false
90	false
91	true
92	true
93	false
294	true
295	false
296	false
297	true
298	true
299	false
300	true
301	false
302	false
303	true
304	false
305	false
306	true
307	true
308	false
309	false
310	false
311	true
312	true
313	false
314	false
315	true
316	false
317	true
318	false
319	true
320	true
321	true
322	true
323	true
324	true
325	false
326	false
327	false
328	true
329	true
330	false
331	true
332	true
333	false
334	true
335	false
336	true
337	false
338	false
339	true
340	true
341	false
342	true
343	true
344	true
345	true
346	false
347	true
348	true
349	true
350	true
351	false
352	false
353	false
354	true
355	true
356	false
357	true
358	true
359	false
360	true
361	true
362	true
363	false
364	true
365	true
366	false
367	false
368	false
369	false
370	true
371	true
372	false
373	true
374	true
375	true
376	false
377	false
