1	true
2	false
3	true
4	false
5	true
6	true
7	false
8	false
9	false
10	true
11	false
12	true
13	false
14	true
15	true
16	false
17	true
18	false
19	true
20	false
21	false
22	false
23	false
24	true
25	true
26	false
27	true
28	true
29	false
30	true
31	false
32	true
33	false
34	true
35	true
36	false
37	true
38	false
39	true
40	true
41	true
42	true
43	false
44	false
45	true
46	true
47	false
48	false
49	false
50	false
51	false
52	false
53	true
54	false
55	true
56	false
57	true
58	false
59	true
60	false
61	false
62	false
63	false
64	true
65	true
66	true
67	true
68	false
69	false
70	false
71	false
72	false
73	false
74	false
75	true
76	true
77	true
78	false
79	false
80	true
81	true
82	true
83	false
84	false
85	true
86	true
87	true
88	false
89	false
90	true
91	false
92	true
93	true
294	true
295	true
296	true
297	false
298	true
299	true
300	false
301	false
302	false
303	false
304	false
305	false
306	false
307	true
308	true
309	true
310	false
311	true
312	false
313	true
314	true
315	true
316	false
317	false
318	false
319	false
320	false
321	true
322	false
323	true
324	false
325	false
326	false
327	true
328	true
329	true
330	false
331	true
332	false
333	false
334	true
335	false
336	false
337	false
338	false
339	true
340	false
341	true
342	false
343	true
344	true
345	true
346	true
347	true
348	false
349	false
350	false
351	false
352	false
353	true
354	false
355	true
356	true
357	false
358	true
359	false
360	false
361	true
362	true
363	false
364	true
365	true
366	false
367	true
368	true
369	false
370	true
371	false
372	true
373	true
374	true
375	true
376	false
377	true
