1	false
2	false
3	true
4	true
5	false
6	true
7	true
8	false
9	true
10	false
11	true
12	true
13	false
14	false
15	false
16	false
17	false
18	true
19	true
20	false
21	true
22	true
23	false
24	true
25	true
26	true
27	true
28	false
29	true
30	false
31	false
32	true
33	true
34	false
35	false
36	false
37	true
38	false
39	false
40	false
41	false
42	true
43	true
44	false
45	false
46	true
47	true
48	true
49	true
50	true
51	true
52	false
53	true
54	true
55	true
56	true
57	false
58	false
59	false
60	false
61	false
62	true
63	false
64	true
65	false
66	false
67	false
68	true
69	true
70	false
71	true
72	true
73	true
74	false
75	false
76	false
77	false
78	false
79	true
80	true
81	true
82	true
83	false
84	true
85	false
86	true
87	true
88	true
89	true
90	true
91	true
92	false
93	false
294	false
295	false
296	false
297	true
298	true
299	true
300	true
301	false
302	false
303	true
304	false
305	false
306	false
307	false
308	true
309	false
310	true
311	true
312	false
313	false
314	false
315	true
316	true
317	true
318	false
319	true
320	true
321	true
322	false
323	true
324	true
325	true
326	true
327	true
328	false
329	true
330	true
331	true
332	false
333	true
334	false
335	true
336	true
337	true
338	true
339	false
340	false
341	false
342	false
343	true
344	false
345	true
346	true
347	true
348	false
349	true
350	true
351	true
352	false
353	false
354	false
355	false
356	false
357	true
358	true
359	false
360	false
361	false
362	false
363	true
364	false
365	false
366	false
367	true
368	true
369	true
370	false
371	false
372	true
373	true
374	false
375	true
376	false
377	true
