1	true
2	false
3	true
4	true
5	false
6	false
7	false
8	true
9	true
10	true
11	true
12	false
13	false
14	true
15	false
16	true
17	false
18	true
19	true
20	true
21	false
22	false
23	false
24	false
25	false
26	true
27	false
28	true
29	false
30	false
31	true
32	true
33	true
34	false
35	false
36	false
37	false
38	true
39	false
40	true
41	true
42	false
43	true
44	false
45	true
46	false
47	true
48	true
49	false
50	false
51	false
52	true
53	true
54	false
55	true
56	true
57	false
58	false
59	false
60	false
61	false
62	false
63	false
64	true
65	true
66	false
67	false
68	false
69	false
70	true
71	true
72	false
73	true
74	true
75	false
76	true
77	false
78	true
79	true
80	true
81	false
82	true
83	true
84	false
85	false
86	true
87	false
88	true
89	false
90	false
91	false
92	true
93	false
294	true
295	false
296	false
297	true
298	true
299	false
300	true
301	true
302	true
303	false
304	true
305	false
306	false
307	true
308	true
309	true
310	true
311	true
312	true
313	true
314	false
315	false
316	false
317	true
318	false
319	true
320	true
321	false
322	true
323	true
324	false
325	false
326	false
327	false
328	true
329	false
330	false
331	true
332	true
333	false
334	true
335	true
336	true
337	false
338	false
339	true
340	true
341	true
342	false
343	false
344	true
345	false
346	true
347	true
348	false
349	true
350	false
351	false
352	true
353	true
354	false
355	true
356	false
357	true
358	true
359	true
360	false
361	false
362	false
363	true
364	false
365	true
366	true
367	false
368	true
369	false
370	true
371	true
372	false
373	true
374	false
375	false
376	true
377	false
