1	false
2	false
3	false
4	true
5	true
6	false
7	true
8	false
9	false
10	false
11	true
12	false
13	true
14	false
15	false
16	false
17	true
18	false
19	false
20	false
21	false
22	true
23	false
24	true
25	false
26	false
27	false
28	true
29	false
30	true
31	false
32	true
33	true
34	false
35	true
36	true
37	true
38	true
39	false
40	true
41	false
42	false
43	true
44	false
45	true
46	true
47	true
48	false
49	false
50	true
51	false
52	true
53	false
54	true
55	false
56	false
57	false
58	false
59	false
60	true
61	true
62	false
63	true
64	true
65	false
66	false
67	true
68	false
69	true
70	false
71	true
72	false
73	true
74	false
75	false
76	false
77	false
78	true
79	false
80	false
81	true
82	true
83	true
84	false
85	false
86	false
87	false
88	true
89	false
90	false
91	true
92	true
93	true
294	true
295	true
296	false
297	true
298	true
299	false
300	false
301	false
302	true
303	false
304	false
305	false
306	true
307	true
308	true
309	false
310	false
311	false
312	true
313	true
314	false
315	true
316	true
317	true
318	true
319	true
320	true
321	false
322	false
323	false
324	false
325	false
326	false
327	true
328	false
329	true
330	false
331	false
332	false
333	false
334	true
335	false
336	false
337	false
338	false
339	false
340	true
341	false
342	true
343	false
344	false
345	true
346	false
347	false
348	true
349	false
350	false
351	true
352	false
353	false
354	true
355	true
356	true
357	true
358	true
359	true
360	false
361	true
362	true
363	false
364	false
365	false
366	false
367	true
368	true
369	true
370	false
371	false
372	true
373	true
374	false
375	true
376	false
377	false
