1	true
2	false
3	false
4	true
5	false
6	false
7	true
8	false
9	true
10	false
11	true
12	false
13	false
14	true
15	false
16	true
17	false
18	false
19	false
20	false
21	false
22	false
23	false
24	true
25	false
26	true
27	true
28	false
29	false
30	false
31	true
32	true
33	true
34	true
35	false
36	false
37	true
38	false
39	true
40	true
41	true
42	false
43	false
44	false
45	false
46	true
47	false
48	true
49	true
50	false
51	true
52	false
53	false
54	true
55	false
56	true
57	true
58	true
59	false
60	false
61	false
62	true
63	true
64	true
65	true
66	true
67	true
68	true
69	true
70	true
71	false
72	false
73	false
74	false
75	true
76	true
77	false
78	true
79	false
80	true
81	false
82	true
83	true
84	false
85	true
86	true
87	false
88	true
89	false
90	true
91	true
92	true
93	true
294	false
295	false
296	false
297	false
298	true
299	false
300	false
301	false
302	false
303	true
304	true
305	false
306	true
307	true
308	false
309	true
310	true
311	true
312	true
313	true
314	true
315	false
316	true
317	true
318	true
319	true
320	false
321	true
322	true
323	false
324	true
325	true
326	true
327	false
328	false
329	true
330	false
331	false
332	false
333	true
334	true
335	false
336	true
337	true
338	true
339	true
340	true
341	false
342	true
343	false
344	true
345	true
346	false
347	false
348	true
349	false
350	true
351	true
352	false
353	true
354	true
355	true
356	false
357	true
358	false
359	true
360	false
361	false
362	false
363	true
364	false
365	false
366	false
367	false
368	false
369	true
370	true
371	true
372	false
373	true
374	true
375	true
376	false
377	false
