1	true
2	false
3	false
4	true
5	false
6	true
7	true
8	false
9	true
10	false
11	true
12	true
13	true
14	false
15	true
16	false
17	true
18	false
19	true
20	false
21	true
22	true
23	false
24	false
25	true
26	true
27	true
28	false
29	true
30	true
31	true
32	true
33	false
34	true
35	false
36	false
37	false
38	false
39	true
40	true
41	true
42	true
43	false
44	false
45	true
46	true
47	false
48	true
49	false
50	false
51	false
52	true
53	true
54	true
55	true
56	true
57	false
58	false
59	false
60	false
61	false
62	true
63	false
64	false
65	true
66	false
67	false
68	true
69	true
70	true
71	false
72	false
73	true
74	true
75	true
76	true
77	true
78	true
79	true
80	true
81	true
82	false
83	false
84	true
85	false
86	false
87	true
88	true
89	false
90	false
91	true
92	true
93	true
294	true
295	false
296	false
297	false
298	false
299	false
300	true
301	true
302	true
303	false
304	true
305	false
306	true
307	false
308	true
309	true
310	true
311	false
312	false
313	true
314	true
315	true
316	false
317	false
318	false
319	true
320	false
321	false
322	false
323	true
324	false
325	false
326	false
327	true
328	true
329	false
330	true
331	false
332	true
333	false
334	true
335	true
336	false
337	true
338	true
339	false
340	true
341	false
342	false
343	true
344	false
345	true
346	true
347	false
348	true
349	false
350	false
351	true
352	false
353	true
354	false
355	false
356	true
357	false
358	true
359	false
360	true
361	false
362	false
363	false
364	true
365	true
366	false
367	false
368	false
369	false
370	false
371	true
372	true
373	true
374	true
375	true
376	false
377	true
