1	false
2	true
3	false
4	true
5	true
6	true
7	false
8	true
9	false
10	false
11	false
12	true
13	false
14	false
15	true
16	true
17	false
18	false
19	true
20	true
21	true
22	true
23	true
24	false
25	false
26	false
27	false
28	true
29	true
30	true
31	false
32	true
33	false
34	false
35	false
36	false
37	true
38	true
39	true
40	false
41	true
42	false
43	true
44	false
45	false
46	false
47	true
48	false
49	false
50	false
51	false
52	true
53	false
54	true
55	true
56	true
57	true
58	true
59	false
60	false
61	false
62	true
63	false
64	false
65	true
66	false
67	true
68	false
69	true
70	false
71	true
72	false
73	false
74	true
75	false
76	false
77	false
78	false
79	true
80	false
81	false
82	false
83	false
84	false
85	true
86	false
87	false
88	false
89	true
90	false
91	false
92	false
93	false
294	true
295	true
296	false
297	false
298	true
299	false
300	true
301	true
302	true
303	true
304	true
305	false
306	false
307	true
308	false
309	false
310	true
311	true
312	true
313	false
314	false
315	true
316	true
317	false
318	false
319	true
320	false
321	true
322	true
323	false
324	true
325	true
326	true
327	false
328	true
329	false
330	true
331	false
332	true
333	true
334	false
335	false
336	true
337	true
338	false
339	false
340	true
341	true
342	true
343	true
344	true
345	true
346	false
347	true
348	true
349	false
350	false
351	true
352	true
353	true
354	true
355	false
356	true
357	false
358	true
359	false
360	true
361	false
362	false
363	false
364	true
365	true
366	true
367	false
368	true
369	true
370	true
371	true
372	true
373	true
374	true
375	true
376	true
377	false
