1	false
2	true
3	false
4	true
5	false
6	false
7	true
8	true
9	true
10	true
11	true
12	true
13	false
14	false
15	true
16	true
17	false
18	true
19	true
20	false
21	true
22	true
23	true
24	false
25	false
26	false
27	true
28	true
29	false
30	false
31	false
32	true
33	false
34	false
35	false
36	true
37	true
38	true
39	true
40	true
41	false
42	false
43	false
44	true
45	false
46	true
47	false
48	true
49	true
50	true
51	false
52	false
53	false
54	false
55	false
56	true
57	false
58	true
59	false
60	false
61	true
62	true
63	false
64	true
65	true
66	true
67	true
68	false
69	false
70	true
71	true
72	false
73	true
74	false
75	false
76	true
77	true
78	true
79	true
80	true
81	false
82	false
83	false
84	false
85	true
86	true
87	true
88	false
89	true
90	false
91	true
92	false
93	true
294	false
295	false
296	false
297	true
298	true
299	true
300	false
301	true
302	false
303	false
304	false
305	true
306	true
307	false
308	false
309	true
310	false
311	true
312	false
313	false
314	true
315	true
316	false
317	false
318	true
319	true
320	true
321	false
322	false
323	false
324	true
325	true
326	false
327	true
328	false
329	false
330	false
331	true
332	false
333	true
334	false
335	false
336	false
337	false
338	true
339	true
340	false
341	false
342	false
343	false
344	true
345	false
346	false
347	false
348	false
349	false
350	true
351	true
352	false
353	true
354	true
355	false
356	true
357	true
358	true
359	true
360	true
361	true
362	true
363	true
364	false
365	true
366	false
367	false
368	true
369	false
370	true
371	false
372	false
373	true
374	true
375	false
376	true
377	true
