1	false
2	false
3	false
4	true
5	false
6	false
7	true
8	false
9	false
10	false
11	true
12	false
13	true
14	true
15	true
16	false
17	false
18	true
19	false
20	true
21	true
22	true
23	false
24	false
25	true
26	false
27	false
28	false
29	false
30	true
31	true
32	false
33	false
34	false
35	true
36	true
37	false
38	false
39	true
40	true
41	false
42	false
43	true
44	false
45	true
46	false
47	true
48	true
49	false
50	false
51	false
52	false
53	false
54	false
55	true
56	true
57	true
58	false
59	false
60	false
61	false
62	true
63	true
64	true
65	false
66	true
67	true
68	true
69	false
70	false
71	false
72	true
73	false
74	true
75	false
76	false
77	true
78	true
79	true
80	true
81	true
82	false
83	false
84	false
85	false
86	false
87	false
88	false
89	true
90	true
91	true
92	false
93	true
294	true
295	false
296	true
297	false
298	true
299	false
300	true
301	true
302	true
303	false
304	false
305	true
306	false
307	true
308	true
309	true
310	true
311	false
312	false
313	true
314	true
315	true
316	true
317	true
318	true
319	false
320	true
321	true
322	false
323	false
324	false
325	true
326	false
327	false
328	false
329	false
330	false
331	true
332	true
333	false
334	false
335	false
336	true
337	true
338	false
339	true
340	false
341	true
342	false
343	true
344	false
345	true
346	false
347	true
348	true
349	false
350	true
351	true
352	true
353	false
354	true
355	false
356	true
357	true
358	false
359	true
360	false
361	true
362	false
363	true
364	false
365	true
366	false
367	true
368	true
369	true
370	true
371	true
372	false
373	false
374	true
375	true
376	false
377	true
