1	false
2	true
3	true
4	true
5	false
6	true
7	false
8	true
9	true
10	true
11	false
12	false
13	true
14	false
15	true
16	true
17	true
18	true
19	true
20	true
21	true
22	false
23	true
24	false
25	true
26	true
27	false
28	false
29	true
30	true
31	true
32	false
33	false
34	true
35	false
36	false
37	true
38	false
39	true
40	false
41	true
42	true
43	false
44	true
45	false
46	true
47	true
48	true
49	true
50	false
51	false
52	false
53	false
54	false
55	false
56	true
57	false
58	false
59	false
60	true
61	false
62	false
63	true
64	true
65	true
66	true
67	true
68	true
69	false
70	false
71	true
72	true
73	false
74	true
75	true
76	false
77	true
78	false
79	true
80	true
81	false
82	false
83	false
84	false
85	false
86	false
87	false
88	false
89	false
90	false
91	false
92	false
93	false
294	false
295	false
296	false
297	false
298	false
299	true
300	true
301	true
302	true
303	true
304	true
305	false
306	false
307	false
308	true
309	true
310	false
311	true
312	false
313	true
314	true
315	true
316	true
317	true
318	false
319	true
320	false
321	true
322	true
323	false
324	true
325	false
326	false
327	false
328	true
329	true
330	false
331	false
332	true
333	true
334	false
335	false
336	true
337	true
338	false
339	false
340	false
341	true
342	false
343	true
344	true
345	false
346	true
347	true
348	true
349	false
350	false
351	false
352	false
353	true
354	false
355	false
356	false
357	true
358	true
359	false
360	true
361	false
362	false
363	true
364	true
365	false
366	true
367	true
368	false
369	false
370	true
371	false
372	true
373	false
374	true
375	true
376	true
377	false
