1	false
2	false
3	false
4	true
5	false
6	true
7	true
8	true
9	true
10	false
11	true
12	false
13	true
14	false
15	false
16	false
17	false
18	false
19	true
20	true
21	false
22	true
23	false
24	false
25	true
26	false
27	false
28	true
29	true
30	false
31	false
32	false
33	false
34	true
35	true
36	true
37	true
38	false
39	false
40	false
41	true
42	false
43	true
44	true
45	true
46	true
47	true
48	true
49	true
50	false
51	true
52	true
53	true
54	false
55	true
56	true
57	true
58	false
59	true
60	true
61	false
62	true
63	true
64	true
65	true
66	true
67	false
68	true
69	false
70	false
71	true
72	true
73	false
74	true
75	false
76	true
77	true
78	true
79	true
80	false
81	true
82	false
83	false
84	false
85	true
86	true
87	false
88	false
89	true
90	true
91	true
92	true
93	false
294	false
295	true
296	true
297	false
298	false
299	false
300	false
301	true
302	true
303	true
304	false
305	true
306	false
307	true
308	true
309	true
310	true
311	true
312	true
313	false
314	true
315	true
316	false
317	false
318	false
319	false
320	false
321	false
322	false
323	true
324	false
325	true
326	true
327	false
328	false
329	false
330	false
331	false
332	true
333	true
334	true
335	false
336	true
337	false
338	true
339	true
340	false
341	false
342	true
343	false
344	false
345	false
346	true
347	false
348	false
349	false
350	false
351	false
352	true
353	false
354	false
355	false
356	false
357	true
358	true
359	false
360	false
361	false
362	false
363	true
364	false
365	false
366	true
367	false
368	true
369	false
370	true
371	false
372	false
373	true
374	true
375	false
376	false
377	true
