1	true
2	false
3	false
4	false
5	true
6	false
7	false
8	false
9	true
10	true
11	false
12	true
13	false
14	false
15	true
16	true
17	true
18	true
19	false
20	false
21	true
22	true
23	true
24	false
25	false
26	true
27	false
28	true
29	true
30	false
31	false
32	false
33	true
34	true
35	false
36	true
37	true
38	true
39	true
40	true
41	true
42	true
43	true
44	false
45	true
46	true
47	false
48	true
49	false
50	true
51	true
52	true
53	false
54	true
55	false
56	true
57	true
58	true
59	true
60	true
61	true
62	true
63	true
64	true
65	true
66	false
67	true
68	false
69	true
70	false
71	false
72	true
73	true
74	false
75	false
76	true
77	true
78	true
79	true
80	false
81	true
82	true
83	false
84	true
85	false
86	true
87	true
88	false
89	false
90	false
91	false
92	false
93	true
294	true
295	true
296	false
297	true
298	true
299	false
300	false
301	false
302	false
303	true
304	false
305	true
306	false
307	false
308	false
309	false
310	true
311	false
312	true
313	true
314	true
315	true
316	true
317	false
318	true
319	false
320	false
321	false
322	false
323	true
324	false
325	false
326	false
327	true
328	false
329	false
330	true
331	false
332	true
333	true
334	true
335	false
336	true
337	false
338	false
339	false
340	true
341	false
342	true
343	false
344	false
345	true
346	false
347	false
348	true
349	true
350	true
351	true
352	false
353	true
354	true
355	false
356	true
357	true
358	true
359	true
360	false
361	true
362	false
363	false
364	true
365	true
366	false
367	true
368	false
369	false
370	false
371	true
372	false
373	false
374	true
375	true
376	true
377	true
