1	false
2	true
3	true
4	false
5	false
6	false
7	true
8	false
9	true
10	false
11	false
12	false
13	false
14	false
15	true
16	false
17	false
18	true
19	false
20	false
21	false
22	false
23	true
24	false
25	false
26	true
27	true
28	false
29	true
30	false
31	true
32	true
33	false
34	true
35	true
36	true
37	false
38	true
39	true
40	false
41	false
42	false
43	false
44	false
45	true
46	true
47	false
48	true
49	false
50	false
51	false
52	true
53	true
54	true
55	false
56	false
57	true
58	false
59	false
60	true
61	false
62	false
63	false
64	false
65	true
66	true
67	false
68	false
69	false
70	true
71	false
72	true
73	false
74	false
75	true
76	true
77	false
78	true
79	false
80	false
81	false
82	false
83	true
84	false
85	true
86	true
87	false
88	true
89	false
90	true
91	true
92	false
93	false
294	true
295	false
296	false
297	false
298	true
299	true
300	true
301	true
302	true
303	false
304	true
305	false
306	true
307	true
308	true
309	true
310	false
311	false
312	false
313	false
314	false
315	false
316	true
317	true
318	true
319	false
320	false
321	true
322	true
323	true
324	true
325	true
326	true
327	false
328	true
329	false
330	true
331	true
332	false
333	true
334	true
335	false
336	true
337	false
338	true
339	false
340	false
341	true
342	true
343	true
344	true
345	true
346	false
347	false
348	true
349	false
350	true
351	false
352	true
353	true
354	true
355	false
356	false
357	false
358	true
359	true
360	false
361	true
362	true
363	true
364	false
365	true
366	false
367	true
368	true
369	false
370	false
371	true
372	true
373	false
374	true
375	true
376	false
377	false
