1	true
2	false
3	true
4	false
5	true
6	false
7	false
8	true
9	true
10	true
11	false
12	false
13	true
14	true
15	false
16	false
17	false
18	true
19	false
20	true
21	true
22	false
23	false
24	true
25	true
26	true
27	true
28	false
29	false
30	false
31	false
32	false
33	false
34	false
35	false
36	false
37	true
38	false
39	true
40	true
41	false
42	false
43	true
44	true
45	false
46	false
47	true
48	true
49	true
50	true
51	true
52	true
53	false
54	true
55	false
56	false
57	true
58	true
59	true
60	false
61	true
62	false
63	false
64	false
65	false
66	true
67	true
68	true
69	true
70	true
71	true
72	false
73	true
74	false
75	true
76	false
77	true
78	true
79	true
80	false
81	false
82	true
83	true
84	false
85	false
86	false
87	false
88	false
89	false
90	false
91	true
92	false
93	false
294	true
295	true
296	false
297	false
298	true
299	false
300	true
301	false
302	true
303	false
304	false
305	true
306	true
307	false
308	true
309	false
310	false
311	true
312	true
313	false
314	true
315	true
316	true
317	false
318	false
319	false
320	false
321	true
322	false
323	true
324	true
325	false
326	false
327	true
328	false
329	true
330	true
331	false
332	false
333	true
334	false
335	false
336	false
337	false
338	true
339	false
340	true
341	false
342	true
343	false
344	true
345	false
346	false
347	false
348	true
349	true
350	true
351	true
352	true
353	false
354	true
355	true
356	false
357	false
358	true
359	true
360	false
361	true
362	true
363	true
364	false
365	true
366	true
367	false
368	false
369	true
370	true
371	false
372	true
373	true
374	true
375	true
376	true
377	false
