1	false
2	false
3	false
4	false
5	true
6	false
7	false
8	true
9	true
10	false
11	false
12	true
13	false
14	true
15	true
16	false
17	true
18	false
19	true
20	false
21	false
22	true
23	false
24	true
25	true
26	true
27	false
28	true
29	false
30	false
31	false
32	true
33	false
34	false
35	false
36	true
37	false
38	true
39	false
40	true
41	true
42	true
43	true
44	true
45	false
46	false
47	false
48	true
49	false
50	true
51	true
52	false
53	true
54	false
55	false
56	false
57	true
58	false
59	false
60	false
61	false
62	false
63	true
64	true
65	false
66	true
67	true
68	true
69	false
70	true
71	true
72	true
73	false
74	false
75	true
76	true
77	false
78	false
79	false
80	false
81	false
82	true
83	false
84	true
85	true
86	true
87	false
88	true
89	true
90	false
91	true
92	true
93	true
294	false
295	true
296	true
297	false
298	true
299	true
300	false
301	false
302	false
303	true
304	true
305	true
306	false
307	true
308	true
309	true
310	true
311	false
312	false
313	true
314	false
315	false
316	false
317	true
318	false
319	true
320	true
321	true
322	false
323	true
324	false
325	true
326	true
327	false
328	false
329	true
330	true
331	true
332	true
333	true
334	true
335	true
336	true
337	false
338	false
339	true
340	false
341	true
342	true
343	false
344	true
345	true
346	false
347	false
348	false
349	false
350	true
351	true
352	false
353	false
354	true
355	true
356	true
357	true
358	false
359	true
360	false
361	true
362	true
363	false
364	true
365	true
366	false
367	false
368	true
369	false
370	false
371	true
372	true
373	false
374	true
375	true
376	false
377	true
