1	false
2	true
3	false
4	false
5	false
6	true
7	false
8	true
9	true
10	false
11	false
12	false
13	false
14	false
15	false
16	true
17	false
18	true
19	false
20	true
21	false
22	true
23	false
24	true
25	true
26	false
27	false
28	true
29	false
30	true
31	true
32	false
33	false
34	true
35	false
36	true
37	true
38	false
39	true
40	true
41	true
42	false
43	true
44	true
45	false
46	true
47	true
48	true
49	true
50	false
51	true
52	true
53	false
54	false
55	true
56	true
57	false
58	false
59	false
60	true
61	false
62	true
63	true
64	true
65	false
66	false
67	false
68	false
69	false
70	true
71	true
72	false
73	false
74	true
75	false
76	false
77	true
78	true
79	true
80	false
81	true
82	false
83	false
84	true
85	false
86	false
87	true
88	true
89	true
90	true
91	true
92	true
93	false
294	false
295	false
296	false
297	true
298	true
299	false
300	false
301	false
302	true
303	true
304	true
305	true
306	true
307	false
308	true
309	false
310	true
311	true
312	true
313	true
314	false
315	false
316	false
317	true
318	true
319	false
320	true
321	true
322	false
323	true
324	false
325	true
326	true
327	true
328	true
329	true
330	true
331	true
332	false
333	true
334	true
335	false
336	true
337	false
338	true
339	true
340	true
341	false
342	false
343	false
344	true
345	true
346	true
347	true
348	false
349	true
350	false
351	true
352	true
353	true
354	false
355	false
356	false
357	false
358	false
359	false
360	false
361	true
362	false
363	false
364	false
365	true
366	true
367	true
368	true
369	true
370	false
371	true
372	true
373	false
374	false
375	false
376	false
377	true
