1	false
2	false
3	false
4	false
5	true
6	true
7	true
8	true
9	true
10	false
11	false
12	true
13	true
14	false
15	true
16	false
17	true
18	true
19	false
20	false
21	false
22	true
23	true
24	false
25	false
26	false
27	false
28	true
29	true
30	false
31	true
32	true
33	false
34	false
35	false
36	true
37	false
38	true
39	true
40	true
41	false
42	true
43	false
44	false
45	false
46	true
47	false
48	true
49	false
50	true
51	false
52	true
53	false
54	true
55	false
56	false
57	false
58	false
59	true
60	false
61	false
62	true
63	true
64	true
65	false
66	false
67	false
68	false
69	false
70	true
71	true
72	true
73	true
74	false
75	false
76	true
77	true
78	true
79	false
80	false
81	true
82	true
83	true
84	true
85	true
86	true
87	true
88	true
89	false
90	false
91	false
92	false
93	true
294	true
295	false
296	false
297	true
298	false
299	true
300	false
301	true
302	false
303	false
304	true
305	true
306	false
307	false
308	false
309	true
310	true
311	true
312	false
313	false
314	false
315	true
316	false
317	true
318	false
319	false
320	true
321	false
322	true
323	true
324	true
325	false
326	false
327	false
328	false
329	true
330	false
331	true
332	false
333	false
334	false
335	true
336	false
337	false
338	true
339	true
340	true
341	false
342	false
343	false
344	false
345	false
346	false
347	false
348	true
349	false
350	false
351	false
352	false
353	true
354	true
355	true
356	true
357	false
358	true
359	false
360	false
361	false
362	true
363	false
364	false
365	false
366	false
367	true
368	true
369	true
370	false
371	false
372	false
373	false
374	false
375	true
376	true
377	false
