1	false
2	false
3	false
4	false
5	true
6	false
7	true
8	false
9	true
10	false
11	false
12	false
13	true
14	true
15	true
16	true
17	true
18	true
19	false
20	true
21	true
22	false
23	false
24	false
25	false
26	false
27	true
28	true
29	false
30	true
31	true
32	true
33	false
34	true
35	false
36	true
37	false
38	true
39	true
40	true
41	true
42	true
43	false
44	false
45	false
46	true
47	true
48	true
49	true
50	false
51	false
52	false
53	false
54	false
55	false
56	false
57	false
58	false
59	false
60	true
61	true
62	false
63	false
64	false
65	false
66	false
67	true
68	true
69	false
70	false
71	true
72	false
73	true
74	false
75	false
76	true
77	true
78	false
79	true
80	true
81	true
82	true
83	true
84	true
85	false
86	true
87	true
88	true
89	true
90	true
91	false
92	true
93	true
294	true
295	false
296	true
297	false
298	true
299	false
300	true
301	true
302	true
303	true
304	true
305	true
306	false
307	true
308	false
309	false
310	false
311	false
312	false
313	true
314	true
315	true
316	true
317	true
318	false
319	true
320	true
321	false
322	true
323	false
324	false
325	true
326	false
327	false
328	true
329	false
330	true
331	false
332	false
333	false
334	false
335	false
336	true
337	true
338	false
339	false
340	true
341	false
342	false
343	false
344	true
345	true
346	false
347	true
348	true
349	true
350	false
351	true
352	true
353	true
354	false
355	false
356	true
357	true
358	false
359	true
360	false
361	false
362	false
363	false
364	true
365	false
366	true
367	true
368	true
369	true
370	true
371	false
372	false
373	true
374	false
375	false
376	false
377	true
