1	true
2	false
3	false
4	true
5	true
6	true
7	false
8	true
9	false
10	true
11	true
12	false
13	true
14	false
15	false
16	true
17	true
18	false
19	false
20	false
21	false
22	true
23	true
24	false
25	true
26	false
27	true
28	true
29	true
30	true
31	false
32	true
33	true
34	true
35	false
36	false
37	true
38	false
39	false
40	false
41	true
42	false
43	false
44	false
45	false
46	false
47	true
48	true
49	true
50	true
51	false
52	false
53	false
54	true
55	true
56	false
57	true
58	false
59	true
60	false
61	true
62	true
63	true
64	false
65	false
66	true
67	true
68	false
69	true
70	false
71	true
72	false
73	false
74	true
75	false
76	true
77	true
78	false
79	true
80	true
81	true
82	false
83	true
84	false
85	false
86	true
87	false
88	false
89	true
90	false
91	true
92	false
93	true
294	false
295	false
296	false
297	true
298	true
299	false
300	true
301	false
302	false
303	true
304	true
305	true
306	true
307	true
308	true
309	false
310	false
311	false
312	false
313	true
314	false
315	true
316	true
317	true
318	true
319	false
320	false
321	false
322	true
323	true
324	true
325	true
326	false
327	true
328	true
329	true
330	true
331	false
332	true
333	true
334	true
335	false
336	true
337	false
338	true
339	true
340	true
341	true
342	false
343	false
344	true
345	true
346	false
347	false
348	false
349	false
350	false
351	false
352	true
353	false
354	false
355	false
356	false
357	true
358	true
359	false
360	true
361	true
362	true
363	false
364	true
365	false
366	true
367	false
368	false
369	true
370	false
371	true
372	true
373	false
374	false
375	false
376	true
377	false
