1	false
2	true
3	false
4	false
5	true
6	false
7	true
8	true
9	false
10	true
11	true
12	true
13	false
14	true
15	true
16	false
17	false
18	true
19	true
20	true
21	false
22	false
23	true
24	false
25	true
26	true
27	false
28	true
29	true
30	true
31	true
32	false
33	false
34	false
35	true
36	true
37	false
38	false
39	false
40	false
41	false
42	false
43	true
44	false
45	false
46	true
47	true
48	true
49	false
50	true
51	false
52	false
53	true
54	true
55	false
56	false
57	true
58	true
59	true
60	true
61	false
62	false
63	false
64	true
65	false
66	true
67	false
68	false
69	false
70	true
71	true
72	false
73	false
74	false
75	true
76	true
77	false
78	false
79	false
80	true
81	false
82	false
83	false
84	true
85	false
86	false
87	true
88	true
89	false
90	true
91	false
92	false
93	true
294	true
295	true
296	true
297	true
298	false
299	false
300	true
301	true
302	false
303	false
304	false
305	true
306	false
307	true
308	true
309	false
310	true
311	false
312	true
313	false
314	false
315	false
316	false
317	false
318	false
319	true
320	false
321	true
322	true
323	true
324	false
325	true
326	false
327	false
328	false
329	false
330	true
331	false
332	true
333	false
334	false
335	false
336	false
337	false
338	true
339	true
340	false
341	true
342	false
343	false
344	true
345	true
346	false
347	true
348	true
349	false
350	false
351	true
352	false
353	false
354	true
355	true
356	true
357	false
358	false
359	false
360	false
361	false
362	true
363	false
364	true
365	true
366	true
367	true
368	true
369	false
370	false
371	false
372	false
373	false
374	true
375	false
376	true
377	false
