1	true
2	false
3	true
4	true
5	true
6	false
7	false
8	true
9	true
10	false
11	true
12	true
13	true
14	true
15	true
16	true
17	false
18	false
19	false
20	true
21	true
22	true
23	true
24	false
25	false
26	true
27	true
28	false
29	false
30	false
31	true
32	true
33	true
34	true
35	false
36	false
37	true
38	true
39	true
40	true
41	false
42	false
43	true
44	false
45	false
46	false
47	true
48	false
49	false
50	false
51	true
52	true
53	true
54	false
55	true
56	true
57	true
58	false
59	false
60	false
61	true
62	false
63	false
64	false
65	false
66	false
67	false
68	false
69	false
70	true
71	true
72	false
73	false
74	true
75	true
76	true
77	false
78	true
79	true
80	false
81	true
82	true
83	true
84	true
85	true
86	true
87	true
88	true
89	true
90	false
91	true
92	false
93	true
294	true
295	false
296	false
297	false
298	false
299	true
300	true
301	true
302	false
303	true
304	true
305	false
306	false
307	false
308	true
309	false
310	true
311	false
312	true
313	false
314	true
315	true
316	true
317	false
318	true
319	true
320	true
321	false
322	false
323	true
324	false
325	false
326	false
327	false
328	false
329	false
330	false
331	true
332	false
333	true
334	false
335	true
336	false
337	true
338	false
339	false
340	false
341	true
342	false
343	false
344	true
345	false
346	false
347	true
348	true
349	true
350	true
351	true
352	false
353	false
354	true
355	false
356	true
357	true
358	false
359	false
360	true
361	false
362	true
363	false
364	false
365	false
366	false
367	false
368	true
369	true
370	false
371	true
372	false
373	true
374	true
375	false
376	false
377	true
