1	false
2	false
3	false
4	false
5	false
6	false
7	false
8	false
9	false
10	false
11	false
12	false
13	true
14	true
15	true
16	false
17	true
18	false
19	true
20	true
21	false
22	true
23	false
24	true
25	true
26	false
27	false
28	false
29	false
30	false
31	false
32	true
33	false
34	false
35	true
36	true
37	false
38	true
39	true
40	false
41	true
42	false
43	false
44	false
45	false
46	true
47	true
48	true
49	false
50	true
51	false
52	false
53	true
54	true
55	false
56	false
57	true
58	false
59	false
60	true
61	false
62	true
63	false
64	true
65	false
66	false
67	false
68	true
69	false
70	true
71	false
72	false
73	true
74	true
75	true
76	false
77	false
78	false
79	false
80	false
81	true
82	true
83	true
84	false
85	true
86	true
87	true
88	true
89	true
90	false
91	false
92	false
93	false
294	false
295	true
296	false
297	false
298	false
299	false
300	false
301	false
302	false
303	false
304	true
305	false
306	false
307	false
308	true
309	false
310	false
311	false
312	true
313	false
314	false
315	false
316	true
317	false
318	false
319	false
320	true
321	false
322	false
323	false
324	false
325	false
326	true
327	true
328	false
329	true
330	false
331	true
332	true
333	true
334	true
335	false
336	true
337	true
338	false
339	false
340	false
341	true
342	true
343	true
344	true
345	false
346	true
347	true
348	true
349	true
350	true
351	true
352	true
353	true
354	true
355	false
356	false
357	false
358	true
359	true
360	true
361	false
362	false
363	true
364	false
365	false
366	true
367	false
368	true
369	true
370	true
371	true
372	true
373	true
374	false
375	false
376	true
377	true
