1	false
2	false
3	false
4	true
5	false
6	false
7	false
8	true
9	false
10	true
11	true
12	true
13	true
14	true
15	false
16	true
17	false
18	false
19	true
20	false
21	false
22	true
23	false
24	false
25	true
26	false
27	false
28	false
29	false
30	true
31	false
32	true
33	true
34	false
35	false
36	false
37	true
38	false
39	true
40	true
41	true
42	true
43	false
44	true
45	false
46	false
47	true
48	false
49	true
50	false
51	false
52	false
53	false
54	true
55	false
56	true
57	true
58	false
59	false
60	false
61	false
62	true
63	false
64	false
65	true
66	true
67	true
68	true
69	false
70	false
71	true
72	false
73	true
74	false
75	false
76	true
77	false
78	true
79	false
80	false
81	false
82	false
83	false
84	false
85	false
86	true
87	false
88	true
89	false
90	true
91	false
92	false
93	false
294	false
295	false
296	false
297	false
298	true
299	true
300	false
301	false
302	true
303	true
304	false
305	true
306	true
307	true
308	false
309	true
310	true
311	false
312	false
313	true
314	true
315	false
316	false
317	false
318	false
319	true
320	true
321	false
322	false
323	false
324	true
325	false
326	true
327	false
328	false
329	false
330	true
331	false
332	true
333	true
334	true
335	false
336	false
337	true
338	false
339	false
340	true
341	false
342	false
343	false
344	true
345	false
346	true
347	true
348	false
349	true
350	false
351	true
352	false
353	false
354	true
355	true
356	true
357	true
358	false
359	true
360	false
361	false
362	false
363	true
364	false
365	true
366	true
367	true
368	false
369	true
370	true
371	true
372	false
373	false
374	false
375	true
376	false
377	false
