1	false
2	false
3	true
4	true
5	false
6	false
7	false
8	true
9	false
10	true
11	true
12	false
13	true
14	false
15	true
16	false
17	true
18	false
19	true
20	false
21	false
22	false
23	false
24	false
25	true
26	false
27	true
28	true
29	false
30	true
31	false
32	true
33	true
34	true
35	false
36	true
37	true
38	false
39	false
40	false
41	true
42	true
43	true
44	true
45	true
46	false
47	true
48	false
49	false
50	true
51	true
52	false
53	true
54	true
55	true
56	true
57	false
58	true
59	false
60	true
61	false
62	false
63	false
64	true
65	false
66	true
67	true
68	false
69	false
70	true
71	true
72	false
73	false
74	true
75	false
76	true
77	true
78	true
79	false
80	true
81	true
82	true
83	false
84	true
85	true
86	true
87	false
88	true
89	true
90	false
91	false
92	false
93	true
294	false
295	true
296	true
297	true
298	false
299	true
300	true
301	true
302	false
303	true
304	true
305	false
306	true
307	false
308	false
309	false
310	false
311	false
312	true
313	false
314	false
315	false
316	true
317	true
318	false
319	false
320	false
321	true
322	false
323	false
324	true
325	true
326	false
327	true
328	false
329	true
330	false
331	false
332	false
333	false
334	false
335	true
336	false
337	true
338	true
339	true
340	true
341	true
342	false
343	true
344	true
345	false
346	false
347	true
348	false
349	false
350	false
351	true
352	false
353	true
354	true
355	true
356	false
357	false
358	true
359	false
360	true
361	true
362	true
363	true
364	true
365	true
366	false
367	false
368	false
369	true
370	false
371	false
372	true
373	true
374	true
375	true
376	false
377	true
