1	false
2	true
3	true
4	false
5	true
6	true
7	false
8	true
9	false
10	true
11	false
12	false
13	true
14	false
15	true
16	true
17	true
18	true
19	true
20	true
21	false
22	false
23	false
24	true
25	false
26	false
27	true
28	true
29	false
30	false
31	true
32	false
33	false
34	true
35	false
36	false
37	true
38	false
39	true
40	false
41	false
42	true
43	false
44	true
45	false
46	false
47	true
48	false
49	true
50	true
51	true
52	true
53	true
54	false
55	false
56	true
57	false
58	true
59	false
60	false
61	false
62	false
63	false
64	false
65	false
66	false
67	true
68	true
69	false
70	false
71	true
72	false
73	true
74	false
75	false
76	false
77	false
78	true
79	false
80	true
81	true
82	false
83	false
84	false
85	false
86	true
87	true
88	true
89	true
90	false
91	false
92	true
93	false
294	true
295	false
296	false
297	true
298	false
299	true
300	true
301	true
302	false
303	false
304	true
305	true
306	true
307	true
308	false
309	true
310	true
311	true
312	true
313	true
314	false
315	false
316	true
317	true
318	true
319	true
320	false
321	true
322	false
323	false
324	false
325	true
326	false
327	true
328	false
329	false
330	true
331	true
332	true
333	true
334	true
335	false
336	false
337	false
338	false
339	false
340	false
341	false
342	false
343	false
344	true
345	false
346	true
347	true
348	true
349	true
350	true
351	true
352	true
353	true
354	false
355	true
356	true
357	true
358	false
359	false
360	false
361	false
362	false
363	true
364	false
365	true
366	false
367	false
368	true
369	false
370	false
371	false
372	false
373	true
374	true
375	false
376	true
377	false
