1	false
2	false
3	true
4	false
5	false
6	false
7	true
8	true
9	true
10	false
11	true
12	true
13	false
14	true
15	false
16	true
17	false
18	false
19	true
20	false
21	false
22	false
23	false
24	true
25	false
26	false
27	false
28	false
29	true
30	true
31	false
32	false
33	true
34	true
35	false
36	false
37	true
38	true
39	false
40	true
41	true
42	false
43	false
44	false
45	true
46	false
47	false
48	false
49	true
50	false
51	true
52	true
53	false
54	true
55	true
56	false
57	false
58	false
59	true
60	true
61	false
62	true
63	true
64	false
65	true
66	false
67	false
68	false
69	false
70	false
71	false
72	true
73	true
74	true
75	false
76	true
77	false
78	false
79	true
80	false
81	true
82	true
83	true
84	true
85	false
86	false
87	false
88	false
89	true
90	true
91	false
92	false
93	false
294	true
295	true
296	true
297	true
298	false
299	true
300	false
301	true
302	true
303	false
304	true
305	true
306	true
307	false
308	true
309	true
310	false
311	false
312	false
313	true
314	false
315	false
316	true
317	false
318	false
319	false
320	true
321	true
322	false
323	false
324	false
325	true
326	false
327	false
328	false
329	false
330	false
331	true
332	false
333	false
334	false
335	false
336	true
337	false
338	false
339	false
340	false
341	false
342	false
343	false
344	false
345	false
346	true
347	false
348	false
349	false
350	true
351	false
352	false
353	true
354	true
355	true
356	true
357	true
358	true
359	false
360	true
361	false
362	true
363	true
364	false
365	false
366	true
367	true
368	true
369	false
370	true
371	false
372	true
373	false
374	true
375	false
376	true
377	false
