1	false
2	false
3	false
4	true
5	false
6	true
7	false
8	true
9	false
10	true
11	false
12	true
13	true
14	false
15	true
16	false
17	true
18	false
19	true
20	true
21	true
22	false
23	false
24	true
25	true
26	true
27	true
28	true
29	false
30	true
31	false
32	true
33	true
34	true
35	false
36	true
37	false
38	true
39	false
40	true
41	true
42	true
43	false
44	false
45	true
46	true
47	false
48	true
49	true
50	true
51	false
52	true
53	true
54	false
55	true
56	false
57	true
58	false
59	true
60	true
61	false
62	false
63	false
64	true
65	true
66	true
67	false
68	false
69	false
70	false
71	false
72	true
73	true
74	false
75	true
76	true
77	false
78	false
79	true
80	true
81	true
82	false
83	false
84	false
85	false
86	true
87	false
88	true
89	true
90	false
91	false
92	false
93	true
294	false
295	true
296	false
297	false
298	true
299	true
300	false
301	false
302	true
303	false
304	false
305	true
306	false
307	true
308	false
309	true
310	false
311	false
312	true
313	true
314	false
315	false
316	true
317	true
318	false
319	true
320	true
321	false
322	true
323	true
324	false
325	true
326	false
327	true
328	false
329	false
330	true
331	false
332	true
333	true
334	true
335	true
336	false
337	true
338	true
339	false
340	true
341	true
342	false
343	false
344	true
345	false
346	false
347	false
348	false
349	true
350	false
351	true
352	false
353	false
354	false
355	true
356	true
357	true
358	false
359	true
360	false
361	false
362	true
363	true
364	true
365	false
366	true
367	true
368	true
369	false
370	false
371	false
372	true
373	false
374	false
375	true
376	true
377	true
