1	false
2	true
3	false
4	true
5	true
6	false
7	false
8	true
9	true
10	true
11	false
12	true
13	false
14	false
15	false
16	false
17	true
18	false
19	true
20	false
21	false
22	true
23	false
24	false
25	false
26	true
27	true
28	false
29	false
30	false
31	true
32	false
33	false
34	true
35	false
36	true
37	true
38	true
39	true
40	false
41	true
42	true
43	false
44	true
45	true
46	true
47	true
48	false
49	false
50	true
51	true
52	true
53	false
54	false
55	true
56	false
57	true
58	true
59	false
60	true
61	true
62	true
63	true
64	false
65	false
66	true
67	true
68	false
69	false
70	false
71	true
72	false
73	false
74	false
75	true
76	false
77	false
78	false
79	false
80	true
81	false
82	true
83	true
84	false
85	true
86	true
87	false
88	true
89	false
90	true
91	false
92	true
93	false
294	false
295	true
296	false
297	true
298	true
299	true
300	false
301	true
302	true
303	false
304	true
305	false
306	true
307	false
308	true
309	false
310	true
311	true
312	false
313	true
314	true
315	false
316	false
317	false
318	false
319	false
320	false
321	true
322	false
323	true
324	true
325	true
326	true
327	false
328	true
329	false
330	true
331	false
332	true
333	true
334	true
335	false
336	true
337	true
338	true
339	false
340	true
341	true
342	true
343	false
344	true
345	true
346	false
347	false
348	true
349	true
350	false
351	false
352	true
353	false
354	false
355	false
356	true
357	false
358	true
359	true
360	true
361	true
362	true
363	true
364	true
365	true
366	false
367	true
368	false
369	false
370	false
371	false
372	true
373	true
374	true
375	true
376	true
377	true
