1	true
2	false
3	true
4	true
5	true
6	false
7	true
8	false
9	true
10	false
11	false
12	true
13	false
14	true
15	true
16	true
17	true
18	true
19	false
20	true
21	false
22	true
23	true
24	true
25	true
26	false
27	false
28	true
29	false
30	false
31	true
32	false
33	false
34	true
35	true
36	true
37	true
38	false
39	false
40	false
41	true
42	true
43	true
44	false
45	false
46	false
47	false
48	false
49	false
50	true
51	false
52	true
53	false
54	true
55	false
56	false
57	false
58	true
59	true
60	true
61	true
62	true
63	false
64	true
65	false
66	false
67	false
68	true
69	false
70	true
71	true
72	true
73	true
74	false
75	true
76	true
77	true
78	true
79	true
80	false
81	false
82	false
83	false
84	false
85	true
86	false
87	true
88	true
89	false
90	true
91	false
92	true
93	false
294	false
295	false
296	false
297	true
298	false
299	false
300	true
301	false
302	true
303	true
304	false
305	false
306	true
307	false
308	false
309	false
310	false
311	false
312	true
313	false
314	true
315	false
316	false
317	true
318	false
319	false
320	true
321	false
322	false
323	false
324	false
325	false
326	true
327	false
328	true
329	false
330	true
331	false
332	true
333	false
334	true
335	true
336	true
337	true
338	false
339	true
340	true
341	true
342	false
343	true
344	false
345	true
346	true
347	false
348	false
349	false
350	false
351	true
352	true
353	false
354	false
355	false
356	false
357	true
358	true
359	true
360	true
361	false
362	true
363	false
364	false
365	true
366	false
367	true
368	true
369	true
370	false
371	true
372	true
373	true
374	true
375	false
376	true
377	true
