1	true
2	false
3	false
4	true
5	false
6	false
7	false
8	false
9	true
10	false
11	false
12	false
13	true
14	false
15	false
16	false
17	true
18	false
19	true
20	false
21	true
22	false
23	true
24	true
25	true
26	true
27	true
28	false
29	false
30	false
31	true
32	true
33	false
34	true
35	false
36	false
37	true
38	true
39	false
40	true
41	false
42	true
43	true
44	false
45	true
46	true
47	true
48	false
49	false
50	false
51	true
52	true
53	false
54	true
55	true
56	true
57	false
58	true
59	false
60	false
61	true
62	false
63	false
64	false
65	true
66	true
67	true
68	false
69	true
70	true
71	false
72	false
73	true
74	false
75	false
76	false
77	true
78	false
79	false
80	true
81	true
82	false
83	true
84	true
85	true
86	true
87	false
88	false
89	false
90	true
91	false
92	false
93	false
294	true
295	true
296	false
297	true
298	true
299	true
300	true
301	false
302	false
303	false
304	false
305	true
306	true
307	true
308	true
309	true
310	true
311	false
312	false
313	false
314	false
315	true
316	false
317	true
318	true
319	true
320	false
321	true
322	true
323	true
324	true
325	true
326	false
327	false
328	false
329	true
330	false
331	true
332	true
333	false
334	true
335	false
336	true
337	false
338	false
339	true
340	true
341	false
342	true
343	true
344	true
345	false
346	true
347	true
348	false
349	true
350	true
351	false
352	true
353	false
354	true
355	false
356	true
357	true
358	true
359	false
360	false
361	true
362	false
363	false
364	false
365	false
366	false
367	false
368	false
369	true
370	true
371	true
372	false
373	false
374	true
375	true
376	false
377	false
