1	true
2	false
3	false
4	false
5	true
6	false
7	true
8	false
9	false
10	true
11	true
12	false
13	true
14	true
15	false
16	true
17	true
18	true
19	false
20	true
21	true
22	true
23	true
24	false
25	false
26	true
27	true
28	false
29	true
30	true
31	false
32	false
33	false
34	true
35	false
36	true
37	true
38	false
39	true
40	false
41	false
42	false
43	true
44	true
45	false
46	true
47	false
48	false
49	false
50	true
51	false
52	false
53	false
54	true
55	false
56	false
57	false
58	false
59	false
60	false
61	false
62	false
63	true
64	true
65	true
66	false
67	true
68	false
69	true
70	false
71	true
72	true
73	false
74	false
75	false
76	false
77	true
78	true
79	false
80	true
81	false
82	false
83	true
84	true
85	false
86	false
87	false
88	false
89	true
90	true
91	false
92	true
93	true
294	true
295	true
296	false
297	false
298	true
299	false
300	false
301	false
302	true
303	true
304	true
305	false
306	true
307	true
308	false
309	true
310	true
311	true
312	false
313	true
314	false
315	true
316	false
317	false
318	false
319	false
320	false
321	false
322	false
323	true
324	true
325	true
326	true
327	true
328	false
329	true
330	true
331	true
332	false
333	false
334	true
335	true
336	false
337	true
338	false
339	false
340	false
341	true
342	false
343	false
344	true
345	false
346	false
347	false
348	true
349	false
350	false
351	false
352	true
353	true
354	false
355	false
356	false
357	false
358	true
359	false
360	true
361	true
362	true
363	false
364	false
365	false
366	false
367	true
368	false
369	false
370	false
371	false
372	false
373	false
374	false
375	false
376	true
377	true
