1	false
2	false
3	true
4	false
5	true
6	true
7	true
8	false
9	true
10	false
11	false
12	false
13	false
14	false
15	true
16	false
17	false
18	false
19	false
20	true
21	true
22	false
23	true
24	false
25	false
26	true
27	true
28	false
29	false
30	true
31	true
32	false
33	true
34	false
35	false
36	false
37	false
38	false
39	false
40	true
41	true
42	false
43	false
44	false
45	true
46	false
47	true
48	false
49	true
50	false
51	true
52	true
53	true
54	true
55	false
56	true
57	true
58	true
59	false
60	false
61	true
62	false
63	true
64	false
65	true
66	true
67	true
68	false
69	false
70	false
71	false
72	true
73	true
74	true
75	true
76	false
77	true
78	true
79	false
80	true
81	false
82	false
83	true
84	true
85	true
86	false
87	false
88	false
89	true
90	true
91	true
92	true
93	true
294	false
295	false
296	true
297	true
298	true
299	false
300	false
301	true
302	true
303	true
304	true
305	false
306	false
307	true
308	true
309	false
310	false
311	true
312	true
313	false
314	false
315	false
316	true
317	false
318	false
319	true
320	true
321	true
322	true
323	false
324	true
325	true
326	true
327	false
328	false
329	false
330	true
331	false
332	false
333	false
334	false
335	true
336	false
337	false
338	false
339	true
340	false
341	true
342	false
343	false
344	true
345	true
346	true
347	false
348	false
349	true
350	false
351	true
352	false
353	true
354	true
355	false
356	true
357	true
358	true
359	false
360	true
361	false
362	false
363	false
364	true
365	false
366	true
367	false
368	true
369	false
370	false
371	true
372	false
373	false
374	true
375	false
376	false
377	false
