1	false
2	true
3	false
4	true
5	false
6	true
7	true
8	false
9	false
10	false
11	true
12	false
13	true
14	false
15	true
16	false
17	true
18	false
19	true
20	false
21	false
22	true
23	false
24	false
25	true
26	false
27	true
28	true
29	false
30	true
31	true
32	false
33	false
34	false
35	true
36	true
37	false
38	true
39	false
40	false
41	true
42	false
43	false
44	false
45	true
46	true
47	true
48	false
49	false
50	true
51	true
52	true
53	false
54	true
55	true
56	true
57	false
58	false
59	false
60	true
61	false
62	false
63	false
64	true
65	false
66	true
67	false
68	true
69	true
70	false
71	false
72	false
73	true
74	false
75	true
76	false
77	false
78	true
79	true
80	false
81	false
82	false
83	false
84	false
85	true
86	false
87	false
88	false
89	false
90	true
91	false
92	true
93	false
294	true
295	false
296	true
297	true
298	false
299	true
300	false
301	false
302	false
303	true
304	true
305	false
306	false
307	true
308	false
309	true
310	true
311	false
312	false
313	true
314	true
315	true
316	false
317	true
318	false
319	false
320	true
321	true
322	false
323	true
324	true
325	true
326	false
327	true
328	false
329	false
330	false
331	false
332	false
333	false
334	true
335	true
336	false
337	true
338	false
339	true
340	false
341	false
342	false
343	true
344	true
345	true
346	false
347	true
348	false
349	true
350	true
351	false
352	false
353	true
354	false
355	true
356	true
357	false
358	true
359	true
360	false
361	false
362	false
363	false
364	false
365	true
366	false
367	true
368	false
369	false
370	true
371	false
372	false
373	true
374	true
375	true
376	true
377	true
