1	true
2	true
3	false
4	false
5	false
6	false
7	false
8	false
9	false
10	false
11	false
12	false
13	false
14	true
15	false
16	true
17	false
18	true
19	true
20	true
21	true
22	true
23	true
24	true
25	false
26	true
27	false
28	false
29	false
30	false
31	false
32	true
33	false
34	true
35	true
36	true
37	true
38	false
39	false
40	true
41	true
42	true
43	false
44	false
45	true
46	true
47	true
48	true
49	true
50	false
51	true
52	true
53	true
54	false
55	true
56	true
57	false
58	false
59	false
60	true
61	false
62	false
63	true
64	false
65	true
66	true
67	true
68	false
69	true
70	false
71	false
72	true
73	true
74	true
75	false
76	false
77	true
78	true
79	true
80	false
81	true
82	false
83	true
84	true
85	false
86	true
87	false
88	false
89	false
90	false
91	false
92	false
93	true
294	false
295	true
296	false
297	false
298	false
299	false
300	false
301	false
302	false
303	true
304	false
305	true
306	false
307	false
308	true
309	true
310	true
311	true
312	true
313	true
314	false
315	true
316	true
317	false
318	false
319	false
320	false
321	true
322	true
323	true
324	true
325	true
326	true
327	true
328	false
329	false
330	false
331	false
332	false
333	true
334	false
335	false
336	true
337	true
338	true
339	true
340	true
341	true
342	false
343	true
344	false
345	true
346	true
347	true
348	true
349	true
350	false
351	true
352	false
353	true
354	true
355	false
356	false
357	true
358	true
359	false
360	false
361	false
362	true
363	true
364	true
365	false
366	true
367	true
368	true
369	true
370	true
371	false
372	true
373	false
374	true
375	true
376	true
377	false
