1	false
2	true
3	false
4	false
5	false
6	false
7	true
8	true
9	true
10	false
11	true
12	true
13	false
14	false
15	false
16	true
17	false
18	false
19	false
20	true
21	false
22	false
23	false
24	true
25	true
26	false
27	false
28	false
29	true
30	false
31	false
32	false
33	true
34	true
35	false
36	true
37	true
38	true
39	true
40	false
41	false
42	false
43	false
44	false
45	true
46	true
47	false
48	true
49	false
50	false
51	true
52	false
53	true
54	true
55	true
56	true
57	true
58	true
59	false
60	true
61	false
62	false
63	true
64	false
65	true
66	false
67	false
68	false
69	false
70	true
71	true
72	true
73	true
74	true
75	false
76	false
77	false
78	true
79	true
80	false
81	true
82	true
83	false
84	false
85	false
86	false
87	true
88	false
89	false
90	true
91	true
92	false
93	false
294	true
295	false
296	true
297	true
298	true
299	true
300	true
301	false
302	true
303	false
304	false
305	true
306	false
307	true
308	true
309	false
310	false
311	true
312	false
313	true
314	false
315	true
316	true
317	false
318	false
319	false
320	true
321	true
322	true
323	false
324	true
325	true
326	true
327	false
328	true
329	false
330	false
331	true
332	true
333	false
334	false
335	false
336	true
337	false
338	true
339	true
340	true
341	true
342	false
343	true
344	false
345	false
346	true
347	true
348	true
349	true
350	false
351	true
352	true
353	false
354	false
355	false
356	false
357	false
358	true
359	true
360	false
361	false
362	false
363	false
364	false
365	true
366	false
367	true
368	true
369	true
370	false
371	false
372	false
373	false
374	true
375	false
376	true
377	false
