1	true
2	true
3	false
4	false
5	true
6	false
7	false
8	false
9	true
10	false
11	false
12	true
13	false
14	false
15	true
16	true
17	true
18	true
19	false
20	false
21	false
22	true
23	false
24	true
25	false
26	false
27	true
28	true
29	false
30	false
31	true
32	false
33	true
34	true
35	true
36	true
37	true
38	false
39	false
40	false
41	false
42	true
43	true
44	true
45	false
46	false
47	true
48	true
49	false
50	true
51	false
52	true
53	true
54	false
55	true
56	false
57	true
58	false
59	false
60	false
61	false
62	false
63	true
64	false
65	false
66	true
67	true
68	false
69	false
70	true
71	true
72	false
73	false
74	true
75	false
76	true
77	false
78	false
79	true
80	true
81	true
82	true
83	false
84	false
85	true
86	false
87	true
88	true
89	false
90	true
91	true
92	true
93	true
294	true
295	true
296	true
297	false
298	true
299	false
300	true
301	true
302	true
303	true
304	false
305	false
306	true
307	true
308	true
309	true
310	false
311	true
312	false
313	true
314	true
315	true
316	false
317	true
318	true
319	false
320	false
321	true
322	false
323	true
324	true
325	false
326	true
327	true
328	true
329	true
330	true
331	false
332	false
333	false
334	false
335	false
336	true
337	true
338	true
339	true
340	false
341	false
342	true
343	true
344	true
345	false
346	true
347	false
348	false
349	true
350	true
351	true
352	true
353	true
354	true
355	false
356	false
357	false
358	true
359	true
360	false
361	false
362	false
363	true
364	true
365	true
366	true
367	false
368	true
369	true
370	false
371	true
372	false
373	false
374	true
375	true
376	false
377	true
