1	true
2	false
3	true
4	true
5	false
6	true
7	false
8	true
9	true
10	true
11	false
12	true
13	true
14	false
15	false
16	false
17	true
18	true
19	false
20	true
21	true
22	true
23	false
24	false
25	true
26	true
27	false
28	true
29	false
30	false
31	true
32	true
33	true
34	true
35	false
36	true
37	true
38	true
39	true
40	true
41	false
42	false
43	true
44	false
45	false
46	false
47	false
48	false
49	false
50	true
51	false
52	true
53	false
54	true
55	true
56	false
57	true
58	true
59	false
60	false
61	false
62	false
63	false
64	false
65	false
66	true
67	false
68	true
69	true
70	false
71	true
72	false
73	true
74	true
75	true
76	true
77	true
78	false
79	false
80	true
81	true
82	false
83	true
84	false
85	false
86	true
87	true
88	true
89	true
90	false
91	false
92	false
93	true
294	false
295	true
296	false
297	true
298	true
299	true
300	false
301	false
302	false
303	true
304	true
305	true
306	false
307	false
308	false
309	true
310	false
311	true
312	false
313	true
314	false
315	true
316	true
317	true
318	false
319	true
320	false
321	true
322	false
323	true
324	true
325	true
326	false
327	false
328	true
329	true
330	false
331	true
332	true
333	true
334	false
335	false
336	true
337	false
338	false
339	false
340	false
341	false
342	false
343	true
344	true
345	true
346	true
347	false
348	false
349	false
350	true
351	true
352	false
353	false
354	false
355	false
356	false
357	false
358	false
359	false
360	true
361	true
362	true
363	true
364	false
365	true
366	false
367	false
368	true
369	false
370	false
371	false
372	true
373	false
374	false
375	true
376	false
377	true
