1	false
2	true
3	true
4	false
5	true
6	true
7	false
8	false
9	false
10	true
11	false
12	true
13	true
14	true
15	true
16	false
17	true
18	false
19	false
20	false
21	true
22	false
23	false
24	false
25	true
26	false
27	true
28	false
29	true
30	false
31	false
32	true
33	true
34	true
35	false
36	false
37	false
38	true
39	true
40	false
41	false
42	false
43	false
44	true
45	true
46	false
47	true
48	true
49	true
50	false
51	false
52	true
53	true
54	false
55	false
56	true
57	true
58	false
59	true
60	false
61	false
62	false
63	true
64	true
65	true
66	false
67	true
68	false
69	true
70	true
71	true
72	true
73	true
74	true
75	true
76	true
77	false
78	true
79	false
80	true
81	true
82	true
83	false
84	true
85	false
86	true
87	true
88	true
89	true
90	true
91	false
92	false
93	false
294	false
295	false
296	true
297	false
298	true
299	true
300	false
301	true
302	true
303	true
304	false
305	false
306	true
307	false
308	false
309	false
310	true
311	false
312	true
313	false
314	true
315	true
316	true
317	false
318	false
319	true
320	false
321	true
322	false
323	false
324	true
325	false
326	true
327	true
328	true
329	false
330	false
331	false
332	true
333	true
334	false
335	true
336	true
337	true
338	true
339	true
340	false
341	false
342	false
343	true
344	false
345	false
346	false
347	false
348	true
349	false
350	true
351	false
352	false
353	false
354	false
355	true
356	false
357	true
358	false
359	true
360	false
361	true
362	true
363	true
364	true
365	true
366	true
367	false
368	false
369	false
370	false
371	true
372	false
373	true
374	true
375	true
376	true
377	false
