1	false
2	false
3	true
4	false
5	false
6	true
7	false
8	true
9	true
10	false
11	false
12	false
13	true
14	false
15	true
16	false
17	true
18	false
19	false
20	true
21	true
22	false
23	true
24	true
25	false
26	true
27	false
28	true
29	false
30	false
31	true
32	false
33	false
34	false
35	true
36	true
37	true
38	false
39	true
40	false
41	true
42	false
43	true
44	true
45	false
46	true
47	true
48	false
49	false
50	false
51	false
52	false
53	true
54	false
55	true
56	true
57	false
58	true
59	true
60	false
61	false
62	true
63	true
64	false
65	true
66	false
67	true
68	false
69	false
70	false
71	false
72	true
73	true
74	true
75	true
76	false
77	false
78	false
79	true
80	false
81	true
82	false
83	true
84	false
85	false
86	false
87	true
88	true
89	false
90	true
91	false
92	false
93	true
294	true
295	true
296	true
297	true
298	true
299	false
300	true
301	false
302	false
303	true
304	true
305	false
306	false
307	true
308	true
309	true
310	false
311	false
312	false
313	false
314	true
315	false
316	false
317	false
318	true
319	true
320	false
321	true
322	true
323	true
324	true
325	true
326	false
327	true
328	false
329	true
330	true
331	false
332	true
333	false
334	true
335	true
336	true
337	false
338	true
339	false
340	false
341	false
342	true
343	true
344	true
345	true
346	true
347	false
348	true
349	false
350	true
351	true
352	true
353	true
354	false
355	true
356	true
357	true
358	true
359	true
360	true
361	false
362	false
363	true
364	true
365	false
366	false
367	false
368	true
369	true
370	false
371	true
372	true
373	false
374	false
375	false
376	true
377	false
