1	false
2	true
3	false
4	false
5	true
6	false
7	true
8	false
9	false
10	true
11	false
12	true
13	true
14	false
15	true
16	true
17	true
18	false
19	true
20	true
21	false
22	false
23	true
24	true
25	true
26	false
27	false
28	true
29	true
30	true
31	false
32	true
33	true
34	true
35	false
36	true
37	true
38	true
39	true
40	false
41	true
42	true
43	false
44	true
45	false
46	false
47	false
48	true
49	true
50	true
51	false
52	true
53	false
54	false
55	true
56	false
57	true
58	false
59	true
60	false
61	true
62	false
63	false
64	false
65	true
66	false
67	true
68	true
69	true
70	false
71	false
72	false
73	false
74	false
75	true
76	false
77	false
78	true
79	false
80	false
81	false
82	true
83	false
84	false
85	false
86	true
87	true
88	false
89	false
90	false
91	true
92	true
93	false
294	true
295	true
296	false
297	false
298	true
299	false
300	false
301	false
302	true
303	false
304	false
305	true
306	false
307	false
308	false
309	false
310	false
311	true
312	false
313	true
314	true
315	false
316	false
317	true
318	true
319	true
320	false
321	true
322	false
323	true
324	false
325	true
326	false
327	true
328	false
329	false
330	false
331	true
332	true
333	true
334	false
335	true
336	false
337	true
338	false
339	true
340	false
341	true
342	false
343	true
344	false
345	true
346	true
347	true
348	true
349	true
350	false
351	true
352	true
353	true
354	false
355	false
356	true
357	false
358	true
359	false
360	false
361	false
362	false
363	false
364	false
365	false
366	true
367	true
368	false
369	false
370	true
371	false
372	false
373	true
374	true
375	false
376	true
377	false
