1	false
2	false
3	false
4	false
5	false
6	true
7	true
8	false
9	true
10	true
11	true
12	true
13	false
14	true
15	false
16	true
17	false
18	false
19	false
20	false
21	true
22	true
23	false
24	true
25	true
26	false
27	true
28	false
29	true
30	true
31	false
32	true
33	false
34	false
35	true
36	true
37	false
38	true
39	true
40	false
41	false
42	false
43	true
44	false
45	true
46	false
47	true
48	false
49	false
50	false
51	true
52	false
53	true
54	true
55	true
56	true
57	true
58	false
59	true
60	true
61	true
62	true
63	false
64	true
65	false
66	true
67	false
68	false
69	false
70	true
71	true
72	true
73	true
74	true
75	false
76	false
77	false
78	true
79	true
80	false
81	true
82	true
83	false
84	false
85	false
86	true
87	false
88	true
89	false
90	true
91	false
92	false
93	true
294	false
295	true
296	true
297	true
298	false
299	true
300	true
301	false
302	false
303	false
304	true
305	true
306	false
307	false
308	true
309	true
310	true
311	true
312	false
313	false
314	true
315	true
316	false
317	true
318	false
319	true
320	false
321	true
322	true
323	true
324	true
325	true
326	false
327	true
328	true
329	false
330	false
331	false
332	false
333	true
334	false
335	false
336	false
337	false
338	true
339	true
340	false
341	true
342	false
343	true
344	false
345	true
346	true
347	false
348	false
349	false
350	false
351	false
352	false
353	false
354	false
355	false
356	true
357	false
358	false
359	true
360	false
361	true
362	true
363	false
364	true
365	true
366	true
367	false
368	true
369	true
370	false
371	true
372	false
373	true
374	true
375	true
376	false
377	true
