1	false
2	true
3	true
4	false
5	true
6	true
7	false
8	true
9	true
10	true
11	false
12	true
13	true
14	false
15	true
16	false
17	true
18	false
19	true
20	true
21	true
22	true
23	true
24	true
25	true
26	false
27	true
28	false
29	true
30	false
31	false
32	true
33	false
34	true
35	false
36	false
37	true
38	true
39	true
40	false
41	true
42	false
43	false
44	true
45	true
46	false
47	true
48	false
49	true
50	true
51	true
52	false
53	false
54	false
55	true
56	true
57	true
58	false
59	false
60	true
61	false
62	false
63	true
64	false
65	true
66	true
67	false
68	true
69	true
70	true
71	false
72	true
73	true
74	true
75	true
76	true
77	false
78	true
79	true
80	false
81	true
82	false
83	true
84	true
85	false
86	true
87	false
88	false
89	true
90	true
91	true
92	true
93	false
294	false
295	false
296	false
297	false
298	true
299	true
300	false
301	false
302	false
303	false
304	false
305	false
306	false
307	false
308	false
309	false
310	false
311	true
312	false
313	true
314	true
315	true
316	false
317	false
318	false
319	false
320	true
321	false
322	true
323	true
324	true
325	false
326	false
327	false
328	true
329	false
330	true
331	false
332	false
333	true
334	true
335	true
336	true
337	false
338	false
339	false
340	true
341	true
342	false
343	true
344	true
345	true
346	false
347	true
348	false
349	true
350	true
351	false
352	true
353	true
354	false
355	true
356	true
357	false
358	true
359	false
360	true
361	false
362	false
363	false
364	true
365	true
366	true
367	true
368	true
369	true
370	false
371	true
372	true
373	false
374	false
375	true
376	true
377	true
