1	false
2	true
3	false
4	true
5	false
6	true
7	false
8	true
9	true
10	false
11	false
12	false
13	true
14	false
15	true
16	false
17	true
18	true
19	true
20	false
21	false
22	false
23	true
24	true
25	false
26	true
27	true
28	true
29	true
30	true
31	true
32	true
33	false
34	true
35	false
36	true
37	true
38	true
39	true
40	true
41	false
42	false
43	false
44	false
45	true
46	true
47	true
48	false
49	true
50	true
51	true
52	true
53	true
54	true
55	true
56	true
57	true
58	false
59	true
60	true
61	false
62	true
63	true
64	false
65	false
66	false
67	false
68	true
69	false
70	true
71	false
72	true
73	true
74	false
75	false
76	true
77	false
78	false
79	true
80	true
81	false
82	true
83	false
84	true
85	false
86	true
87	false
88	true
89	true
90	true
91	true
92	true
93	false
294	false
295	false
296	false
297	false
298	true
299	false
300	false
301	true
302	false
303	false
304	true
305	false
306	true
307	false
308	true
309	false
310	true
311	true
312	false
313	true
314	true
315	true
316	true
317	true
318	false
319	true
320	true
321	false
322	false
323	false
324	true
325	true
326	false
327	true
328	true
329	true
330	false
331	true
332	true
333	true
334	true
335	true
336	false
337	true
338	false
339	true
340	true
341	true
342	true
343	false
344	true
345	false
346	true
347	false
348	true
349	true
350	true
351	true
352	false
353	true
354	true
355	true
356	false
357	false
358	false
359	true
360	false
361	true
362	false
363	true
364	false
365	false
366	false
367	true
368	true
369	true
370	false
371	true
372	true
373	false
374	true
375	false
376	true
377	false
