1	true
2	true
3	false
4	true
5	false
6	true
7	false
8	false
9	false
10	false
11	true
12	false
13	false
14	false
15	true
16	false
17	false
18	true
19	false
20	false
21	true
22	false
23	true
24	false
25	false
26	true
27	false
28	true
29	false
30	false
31	true
32	true
33	false
34	true
35	true
36	false
37	false
38	false
39	true
40	true
41	true
42	false
43	false
44	true
45	false
46	true
47	true
48	false
49	true
50	true
51	false
52	false
53	true
54	false
55	true
56	false
57	false
58	false
59	false
60	true
61	false
62	false
63	false
64	true
65	false
66	false
67	true
68	false
69	true
70	false
71	true
72	false
73	false
74	false
75	false
76	true
77	false
78	true
79	true
80	false
81	false
82	true
83	false
84	false
85	true
86	true
87	false
88	true
89	true
90	true
91	false
92	false
93	true
294	false
295	false
296	true
297	true
298	true
299	true
300	true
301	false
302	false
303	true
304	false
305	true
306	false
307	false
308	true
309	false
310	true
311	true
312	false
313	false
314	false
315	true
316	true
317	false
318	true
319	true
320	false
321	true
322	true
323	false
324	true
325	false
326	false
327	false
328	true
329	true
330	true
331	false
332	true
333	true
334	false
335	true
336	false
337	false
338	true
339	false
340	true
341	false
342	true
343	true
344	true
345	false
346	true
347	false
348	true
349	false
350	false
351	false
352	true
353	true
354	false
355	true
356	false
357	false
358	true
359	true
360	true
361	false
362	false
363	true
364	true
365	true
366	true
367	false
368	false
369	true
370	true
371	true
372	true
373	false
374	false
375	false
376	true
377	true
