1	true
2	false
3	true
4	true
5	false
6	false
7	false
8	true
9	true
10	true
11	false
12	true
13	false
14	true
15	false
16	false
17	true
18	false
19	false
20	false
21	true
22	true
23	true
24	true
25	true
26	false
27	false
28	true
29	false
30	true
31	false
32	true
33	true
34	true
35	true
36	false
37	false
38	true
39	false
40	true
41	true
42	true
43	true
44	false
45	false
46	false
47	false
48	true
49	true
50	false
51	false
52	false
53	true
54	false
55	false
56	true
57	true
58	true
59	true
60	true
61	true
62	false
63	true
64	true
65	true
66	false
67	true
68	true
69	false
70	true
71	false
72	false
73	false
74	true
75	true
76	true
77	false
78	true
79	false
80	false
81	false
82	false
83	false
84	true
85	false
86	false
87	true
88	true
89	false
90	true
91	true
92	false
93	false
294	true
295	false
296	false
297	true
298	false
299	true
300	false
301	false
302	false
303	true
304	true
305	false
306	false
307	false
308	false
309	false
310	false
311	false
312	true
313	false
314	true
315	true
316	false
317	true
318	true
319	true
320	true
321	false
322	true
323	true
324	true
325	false
326	false
327	true
328	false
329	true
330	true
331	true
332	true
333	true
334	true
335	false
336	false
337	false
338	true
339	false
340	false
341	true
342	false
343	true
344	true
345	true
346	false
347	true
348	true
349	false
350	false
351	true
352	true
353	true
354	false
355	true
356	false
357	true
358	false
359	true
360	false
361	true
362	false
363	true
364	true
365	true
366	true
367	true
368	false
369	false
370	true
371	true
372	true
373	true
374	true
375	true
376	false
377	false
