1	true
2	false
3	true
4	false
5	false
6	true
7	false
8	false
9	false
10	true
11	true
12	false
13	true
14	false
15	true
16	false
17	true
18	true
19	true
20	false
21	false
22	false
23	false
24	true
25	true
26	false
27	true
28	true
29	false
30	false
31	true
32	false
33	false
34	true
35	true
36	true
37	false
38	false
39	false
40	false
41	true
42	true
43	true
44	false
45	true
46	false
47	true
48	false
49	true
50	false
51	false
52	true
53	false
54	true
55	true
56	false
57	true
58	true
59	false
60	true
61	true
62	false
63	true
64	true
65	true
66	true
67	true
68	false
69	false
70	true
71	true
72	false
73	true
74	false
75	false
76	false
77	false
78	true
79	false
80	false
81	true
82	true
83	false
84	true
85	false
86	true
87	false
88	false
89	true
90	true
91	false
92	true
93	true
294	false
295	true
296	true
297	false
298	true
299	true
300	false
301	true
302	true
303	true
304	false
305	true
306	false
307	true
308	false
309	false
310	false
311	true
312	true
313	false
314	true
315	true
316	false
317	false
318	true
319	false
320	true
321	true
322	false
323	false
324	true
325	true
326	false
327	false
328	true
329	false
330	true
331	false
332	false
333	true
334	false
335	true
336	true
337	false
338	false
339	false
340	true
341	true
342	false
343	false
344	false
345	true
346	true
347	true
348	false
349	true
350	true
351	false
352	false
353	false
354	true
355	false
356	false
357	true
358	true
359	false
360	false
361	true
362	true
363	false
364	false
365	true
366	false
367	true
368	true
369	true
370	true
371	true
372	false
373	false
374	true
375	false
376	true
377	true
