1	true
2	true
3	false
4	true
5	true
6	false
7	true
8	true
9	false
10	false
11	false
12	true
13	false
14	false
15	false
16	true
17	true
18	false
19	true
20	false
21	true
22	false
23	false
24	false
25	true
26	true
27	true
28	true
29	true
30	true
31	false
32	false
33	true
34	false
35	false
36	true
37	true
38	false
39	false
40	true
41	true
42	true
43	true
44	false
45	false
46	false
47	false
48	false
49	true
50	true
51	false
52	false
53	true
54	true
55	true
56	true
57	true
58	false
59	true
60	true
61	false
62	false
63	true
64	true
65	true
66	false
67	false
68	true
69	false
70	true
71	true
72	false
73	false
74	true
75	false
76	false
77	true
78	false
79	false
80	true
81	false
82	false
83	false
84	true
85	false
86	true
87	true
88	false
89	true
90	true
91	true
92	false
93	false
294	false
295	true
296	true
297	true
298	true
299	false
300	false
301	false
302	false
303	true
304	true
305	true
306	false
307	true
308	false
309	true
310	true
311	false
312	true
313	false
314	true
315	false
316	false
317	true
318	true
319	false
320	true
321	true
322	false
323	false
324	true
325	true
326	true
327	true
328	false
329	true
330	false
331	false
332	false
333	true
334	false
335	false
336	false
337	false
338	false
339	true
340	true
341	true
342	false
343	false
344	true
345	false
346	true
347	false
348	true
349	true
350	true
351	true
352	true
353	true
354	true
355	false
356	true
357	false
358	false
359	false
360	true
361	true
362	true
363	false
364	false
365	true
366	false
367	true
368	false
369	false
370	true
371	false
372	true
373	true
374	true
375	false
376	false
377	true
