1	true
2	false
3	true
4	true
5	false
6	true
7	false
8	true
9	true
10	true
11	true
12	false
13	true
14	false
15	false
16	true
17	true
18	false
19	true
20	true
21	false
22	true
23	true
24	true
25	false
26	true
27	true
28	true
29	true
30	true
31	true
32	true
33	false
34	true
35	false
36	true
37	false
38	false
39	false
40	false
41	false
42	true
43	false
44	true
45	false
46	false
47	false
48	false
49	true
50	false
51	false
52	true
53	false
54	false
55	true
56	true
57	true
58	true
59	false
60	true
61	false
62	true
63	false
64	false
65	false
66	true
67	false
68	true
69	true
70	false
71	false
72	true
73	true
74	true
75	false
76	false
77	true
78	true
79	true
80	false
81	true
82	false
83	true
84	false
85	false
86	false
87	true
88	false
89	false
90	false
91	true
92	true
93	false
294	false
295	false
296	true
297	true
298	false
299	false
300	false
301	false
302	true
303	false
304	false
305	false
306	false
307	false
308	false
309	true
310	false
311	false
312	false
313	true
314	true
315	false
316	true
317	true
318	false
319	true
320	false
321	false
322	false
323	false
324	false
325	false
326	false
327	false
328	false
329	true
330	true
331	true
332	false
333	false
334	false
335	false
336	false
337	true
338	true
339	false
340	true
341	true
342	false
343	true
344	true
345	false
346	true
347	false
348	true
349	true
350	true
351	true
352	false
353	false
354	true
355	true
356	true
357	true
358	false
359	true
360	false
361	false
362	true
363	true
364	false
365	false
366	true
367	true
368	true
369	true
370	false
371	true
372	true
373	false
374	true
375	true
376	true
377	false
