1	false
2	true
3	false
4	true
5	false
6	true
7	false
8	true
9	false
10	true
11	false
12	true
13	true
14	true
15	false
16	false
17	false
18	true
19	false
20	true
21	false
22	false
23	true
24	true
25	false
26	false
27	false
28	false
29	false
30	false
31	true
32	false
33	false
34	true
35	true
36	true
37	true
38	true
39	false
40	true
41	true
42	true
43	true
44	false
45	false
46	true
47	false
48	true
49	false
50	false
51	false
52	false
53	true
54	true
55	false
56	false
57	false
58	true
59	false
60	false
61	false
62	false
63	true
64	false
65	true
66	true
67	false
68	true
69	true
70	false
71	true
72	true
73	true
74	false
75	false
76	false
77	false
78	false
79	true
80	false
81	true
82	true
83	false
84	false
85	true
86	false
87	true
88	false
89	false
90	false
91	false
92	true
93	true
294	true
295	false
296	true
297	true
298	true
299	false
300	true
301	true
302	false
303	true
304	true
305	true
306	true
307	false
308	false
309	true
310	true
311	false
312	false
313	true
314	false
315	false
316	false
317	true
318	true
319	false
320	false
321	false
322	false
323	true
324	true
325	true
326	false
327	false
328	true
329	false
330	false
331	true
332	true
333	true
334	false
335	false
336	false
337	true
338	true
339	false
340	false
341	false
342	true
343	true
344	false
345	false
346	true
347	false
348	true
349	false
350	true
351	true
352	false
353	true
354	false
355	true
356	false
357	false
358	true
359	true
360	true
361	false
362	true
363	false
364	false
365	true
366	false
367	true
368	false
369	false
370	false
371	true
372	true
373	false
374	false
375	true
376	true
377	false
