1	true
2	true
3	false
4	true
5	false
6	true
7	false
8	true
9	false
10	false
11	true
12	true
13	false
14	false
15	true
16	true
17	true
18	true
19	true
20	false
21	true
22	false
23	true
24	true
25	false
26	true
27	false
28	true
29	false
30	true
31	true
32	true
33	false
34	true
35	false
36	false
37	true
38	false
39	true
40	false
41	false
42	false
43	false
44	false
45	true
46	false
47	true
48	false
49	true
50	true
51	false
52	true
53	false
54	true
55	false
56	false
57	true
58	true
59	true
60	false
61	false
62	false
63	false
64	true
65	true
66	false
67	false
68	true
69	false
70	false
71	false
72	false
73	true
74	false
75	true
76	false
77	true
78	true
79	false
80	true
81	false
82	false
83	false
84	true
85	true
86	false
87	true
88	false
89	false
90	false
91	false
92	false
93	false
294	true
295	true
296	true
297	false
298	true
299	false
300	true
301	false
302	false
303	true
304	true
305	true
306	false
307	false
308	false
309	false
310	true
311	true
312	false
313	false
314	false
315	true
316	false
317	false
318	false
319	false
320	true
321	false
322	true
323	false
324	false
325	false
326	true
327	true
328	false
329	true
330	true
331	true
332	false
333	false
334	false
335	true
336	true
337	true
338	true
339	false
340	false
341	false
342	true
343	true
344	false
345	true
346	false
347	true
348	false
349	false
350	true
351	true
352	true
353	true
354	true
355	false
356	false
357	false
358	false
359	false
360	true
361	true
362	true
363	false
364	false
365	false
366	true
367	false
368	true
369	false
370	true
371	false
372	false
373	true
374	false
375	true
376	false
377	true
