1	true
2	true
3	false
4	false
5	false
6	false
7	true
8	false
9	false
10	false
11	false
12	true
13	false
14	false
15	true
16	true
17	true
18	true
19	false
20	true
21	true
22	false
23	false
24	false
25	false
26	false
27	false
28	false
29	true
30	true
31	false
32	false
33	false
34	true
35	false
36	false
37	true
38	false
39	false
40	true
41	true
42	false
43	false
44	false
45	false
46	true
47	true
48	false
49	false
50	true
51	true
52	false
53	false
54	false
55	false
56	false
57	true
58	false
59	false
60	false
61	true
62	false
63	false
64	false
65	true
66	false
67	true
68	false
69	false
70	true
71	false
72	false
73	false
74	true
75	false
76	false
77	false
78	true
79	true
80	false
81	false
82	false
83	false
84	false
85	true
86	true
87	true
88	false
89	true
90	true
91	false
92	true
93	false
294	false
295	false
296	false
297	true
298	false
299	false
300	true
301	false
302	true
303	true
304	true
305	false
306	true
307	true
308	true
309	true
310	true
311	false
312	true
313	true
314	true
315	false
316	false
317	false
318	false
319	true
320	false
321	true
322	false
323	true
324	true
325	false
326	false
327	false
328	true
329	true
330	false
331	false
332	false
333	true
334	true
335	false
336	true
337	false
338	false
339	false
340	true
341	true
342	true
343	false
344	true
345	false
346	false
347	true
348	true
349	true
350	true
351	false
352	false
353	true
354	true
355	true
356	true
357	true
358	false
359	true
360	false
361	false
362	true
363	false
364	false
365	true
366	false
367	false
368	true
369	false
370	true
371	true
372	true
373	false
374	true
375	true
376	false
377	true
