1	true
2	false
3	true
4	true
5	true
6	false
7	true
8	false
9	false
10	true
11	true
12	true
13	true
14	false
15	true
16	true
17	false
18	false
19	false
20	true
21	false
22	true
23	true
24	false
25	true
26	false
27	true
28	true
29	false
30	true
31	false
32	false
33	true
34	false
35	true
36	false
37	false
38	false
39	true
40	false
41	true
42	false
43	true
44	true
45	false
46	false
47	true
48	true
49	false
50	false
51	false
52	true
53	false
54	true
55	false
56	false
57	false
58	false
59	false
60	false
61	true
62	true
63	false
64	false
65	false
66	false
67	false
68	true
69	false
70	false
71	false
72	true
73	true
74	false
75	true
76	false
77	true
78	true
79	false
80	false
81	true
82	false
83	false
84	false
85	false
86	true
87	true
88	false
89	true
90	true
91	false
92	false
93	false
294	true
295	true
296	true
297	true
298	true
299	false
300	true
301	false
302	true
303	false
304	false
305	true
306	true
307	true
308	false
309	false
310	false
311	false
312	false
313	false
314	true
315	false
316	true
317	false
318	false
319	false
320	true
321	false
322	true
323	false
324	true
325	true
326	true
327	true
328	true
329	false
330	false
331	false
332	false
333	false
334	false
335	false
336	false
337	true
338	true
339	false
340	true
341	false
342	true
343	false
344	false
345	false
346	true
347	false
348	true
349	false
350	true
351	false
352	true
353	false
354	false
355	false
356	false
357	false
358	true
359	true
360	true
361	false
362	false
363	false
364	false
365	true
366	false
367	false
368	true
369	true
370	true
371	true
372	false
373	true
374	false
375	false
376	false
377	false
