1	true
2	true
3	false
4	true
5	true
6	false
7	true
8	true
9	true
10	false
11	true
12	false
13	true
14	false
15	true
16	false
17	true
18	false
19	true
20	false
21	true
22	false
23	false
24	false
25	true
26	true
27	false
28	true
29	false
30	false
31	false
32	true
33	true
34	true
35	false
36	false
37	true
38	false
39	false
40	true
41	false
42	true
43	true
44	false
45	false
46	false
47	false
48	true
49	true
50	true
51	true
52	false
53	true
54	true
55	false
56	true
57	false
58	false
59	false
60	false
61	false
62	true
63	true
64	false
65	true
66	false
67	false
68	true
69	false
70	true
71	false
72	false
73	false
74	true
75	false
76	true
77	false
78	true
79	true
80	true
81	false
82	false
83	true
84	true
85	true
86	false
87	false
88	true
89	false
90	false
91	false
92	false
93	false
294	true
295	true
296	false
297	false
298	false
299	true
300	true
301	false
302	false
303	true
304	true
305	false
306	true
307	false
308	true
309	true
310	false
311	false
312	false
313	true
314	false
315	true
316	true
317	true
318	true
319	true
320	false
321	false
322	false
323	false
324	false
325	true
326	true
327	false
328	true
329	false
330	true
331	false
332	true
333	true
334	false
335	false
336	false
337	false
338	false
339	true
340	false
341	true
342	false
343	false
344	true
345	true
346	false
347	false
348	true
349	true
350	true
351	true
352	true
353	true
354	false
355	false
356	true
357	false
358	true
359	false
360	false
361	true
362	false
363	false
364	false
365	true
366	true
367	true
368	true
369	false
370	false
371	false
372	false
373	true
374	false
375	true
376	true
377	true
