1	false
2	false
3	true
4	true
5	false
6	true
7	true
8	false
9	true
10	true
11	false
12	false
13	false
14	true
15	true
16	true
17	true
18	false
19	true
20	true
21	true
22	false
23	false
24	false
25	false
26	false
27	true
28	true
29	false
30	false
31	true
32	true
33	true
34	false
35	true
36	false
37	true
38	true
39	false
40	true
41	true
42	false
43	true
44	false
45	true
46	false
47	false
48	false
49	true
50	false
51	true
52	false
53	true
54	false
55	false
56	false
57	true
58	true
59	false
60	false
61	true
62	true
63	false
64	false
65	true
66	false
67	false
68	false
69	false
70	true
71	false
72	false
73	true
74	true
75	false
76	false
77	false
78	true
79	true
80	true
81	false
82	false
83	true
84	false
85	true
86	true
87	false
88	true
89	false
90	false
91	true
92	true
93	false
294	true
295	true
296	false
297	true
298	false
299	true
300	true
301	false
302	false
303	false
304	false
305	true
306	true
307	true
308	true
309	true
310	true
311	true
312	true
313	true
314	true
315	true
316	true
317	false
318	true
319	true
320	true
321	true
322	false
323	true
324	false
325	false
326	false
327	true
328	true
329	false
330	false
331	false
332	true
333	false
334	true
335	false
336	true
337	true
338	false
339	false
340	false
341	false
342	true
343	false
344	true
345	true
346	false
347	true
348	false
349	false
350	false
351	true
352	true
353	false
354	true
355	false
356	true
357	false
358	true
359	true
360	false
361	false
362	true
363	false
364	false
365	true
366	true
367	false
368	false
369	false
370	false
371	true
372	false
373	false
374	false
375	true
376	false
377	false
