1	true
2	false
3	true
4	true
5	true
6	false
7	true
8	false
9	false
10	true
11	true
12	false
13	false
14	false
15	false
16	true
17	false
18	false
19	false
20	true
21	false
22	true
23	true
24	false
25	false
26	true
27	true
28	true
29	true
30	false
31	true
32	true
33	false
34	true
35	false
36	true
37	false
38	false
39	false
40	false
41	false
42	false
43	false
44	false
45	false
46	true
47	true
48	true
49	false
50	true
51	true
52	false
53	true
54	false
55	true
56	true
57	false
58	false
59	true
60	true
61	false
62	false
63	false
64	false
65	false
66	false
67	false
68	true
69	true
70	false
71	true
72	false
73	true
74	true
75	false
76	true
77	false
78	false
79	true
80	false
81	false
82	true
83	true
84	true
85	true
86	false
87	false
88	false
89	true
90	false
91	false
92	true
93	true
294	true
295	false
296	false
297	false
298	false
299	false
300	true
301	true
302	false
303	true
304	false
305	true
306	false
307	false
308	false
309	false
310	false
311	false
312	true
313	true
314	false
315	true
316	true
317	false
318	true
319	false
320	false
321	false
322	false
323	true
324	false
325	false
326	false
327	true
328	false
329	true
330	true
331	false
332	false
333	false
334	false
335	true
336	true
337	false
338	false
339	false
340	false
341	true
342	false
343	false
344	true
345	false
346	true
347	true
348	false
349	false
350	false
351	true
352	true
353	false
354	false
355	true
356	true
357	true
358	false
359	true
360	true
361	false
362	true
363	false
364	true
365	true
366	false
367	false
368	true
369	false
370	true
371	false
372	true
373	true
374	true
375	false
376	false
377	false
