1	true
2	true
3	true
4	true
5	true
6	false
7	true
8	false
9	false
10	true
11	false
12	false
13	false
14	true
15	true
16	false
17	false
18	true
19	false
20	true
21	false
22	false
23	false
24	false
25	false
26	true
27	false
28	false
29	true
30	true
31	false
32	true
33	true
34	false
35	false
36	true
37	false
38	true
39	false
40	true
41	true
42	false
43	false
44	true
45	true
46	true
47	false
48	true
49	false
50	true
51	true
52	false
53	true
54	false
55	false
56	false
57	true
58	false
59	false
60	true
61	false
62	false
63	false
64	true
65	true
66	true
67	false
68	false
69	false
70	false
71	true
72	false
73	false
74	false
75	true
76	false
77	true
78	false
79	true
80	false
81	true
82	true
83	true
84	false
85	false
86	true
87	true
88	true
89	false
90	false
91	false
92	true
93	false
294	true
295	true
296	false
297	false
298	true
299	true
300	true
301	false
302	false
303	true
304	false
305	false
306	true
307	false
308	true
309	true
310	false
311	true
312	true
313	true
314	false
315	true
316	false
317	false
318	false
319	true
320	false
321	true
322	false
323	false
324	true
325	true
326	true
327	false
328	true
329	false
330	false
331	true
332	true
333	false
334	false
335	true
336	true
337	true
338	false
339	false
340	true
341	true
342	true
343	true
344	true
345	true
346	false
347	true
348	false
349	true
350	true
351	true
352	false
353	false
354	true
355	false
356	false
357	true
358	true
359	true
360	true
361	true
362	true
363	false
364	false
365	true
366	false
367	true
368	true
369	true
370	true
371	false
372	false
373	true
374	true
375	false
376	false
377	false
