1	true
2	false
3	false
4	true
5	true
6	true
7	false
8	true
9	true
10	false
11	false
12	false
13	true
14	true
15	true
16	true
17	true
18	true
19	true
20	false
21	true
22	false
23	false
24	true
25	true
26	false
27	false
28	true
29	false
30	true
31	false
32	true
33	true
34	false
35	false
36	true
37	false
38	true
39	false
40	true
41	false
42	false
43	true
44	true
45	false
46	true
47	true
48	false
49	true
50	true
51	false
52	true
53	true
54	false
55	false
56	false
57	true
58	false
59	true
60	false
61	false
62	true
63	true
64	false
65	true
66	true
67	true
68	true
69	false
70	false
71	false
72	true
73	false
74	false
75	false
76	true
77	true
78	false
79	true
80	false
81	true
82	true
83	true
84	false
85	false
86	true
87	true
88	true
89	true
90	false
91	false
92	false
93	true
294	false
295	true
296	false
297	false
298	true
299	true
300	false
301	true
302	true
303	false
304	true
305	false
306	false
307	true
308	true
309	true
310	true
311	false
312	false
313	false
314	true
315	true
316	true
317	false
318	true
319	false
320	true
321	true
322	true
323	false
324	false
325	true
326	true
327	false
328	true
329	true
330	true
331	true
332	false
333	true
334	false
335	true
336	false
337	false
338	true
339	true
340	true
341	true
342	true
343	true
344	true
345	true
346	true
347	true
348	true
349	true
350	true
351	false
352	true
353	false
354	false
355	true
356	true
357	true
358	true
359	false
360	true
361	true
362	false
363	true
364	true
365	false
366	true
367	true
368	true
369	false
370	false
371	true
372	false
373	true
374	true
375	false
376	false
377	false
