1	true
2	true
3	true
4	false
5	true
6	false
7	false
8	true
9	true
10	true
11	true
12	false
13	false
14	false
15	true
16	true
17	true
18	true
19	true
20	false
21	false
22	false
23	true
24	false
25	false
26	false
27	true
28	false
29	true
30	true
31	true
32	true
33	false
34	true
35	false
36	true
37	false
38	false
39	false
40	true
41	false
42	true
43	true
44	true
45	false
46	true
47	true
48	false
49	true
50	false
51	false
52	true
53	true
54	false
55	true
56	true
57	true
58	false
59	true
60	false
61	false
62	false
63	true
64	true
65	false
66	true
67	false
68	false
69	true
70	false
71	true
72	false
73	false
74	true
75	false
76	false
77	false
78	false
79	false
80	false
81	false
82	false
83	true
84	false
85	false
86	false
87	true
88	false
89	true
90	true
91	true
92	false
93	true
294	true
295	false
296	false
297	false
298	true
299	true
300	true
301	true
302	true
303	true
304	true
305	true
306	true
307	false
308	false
309	false
310	false
311	true
312	true
313	true
314	true
315	true
316	false
317	false
318	false
319	false
320	true
321	true
322	false
323	false
324	true
325	true
326	false
327	false
328	false
329	true
330	true
331	false
332	false
333	false
334	true
335	false
336	false
337	true
338	false
339	false
340	true
341	true
342	false
343	true
344	true
345	false
346	false
347	false
348	true
349	false
350	false
351	true
352	true
353	true
354	false
355	true
356	false
357	true
358	true
359	true
360	true
361	true
362	true
363	true
364	true
365	false
366	false
367	false
368	true
369	false
370	false
371	true
372	true
373	true
374	false
375	true
376	true
377	false
