1	false
2	false
3	true
4	false
5	false
6	true
7	true
8	false
9	true
10	false
11	false
12	false
13	true
14	true
15	false
16	false
17	true
18	true
19	true
20	true
21	true
22	false
23	false
24	true
25	false
26	false
27	true
28	true
29	true
30	false
31	false
32	false
33	true
34	false
35	false
36	false
37	false
38	true
39	true
40	false
41	true
42	false
43	true
44	false
45	true
46	true
47	false
48	false
49	true
50	false
51	false
52	true
53	true
54	false
55	false
56	true
57	true
58	false
59	false
60	false
61	false
62	true
63	false
64	false
65	true
66	true
67	false
68	true
69	true
70	true
71	false
72	true
73	true
74	false
75	true
76	true
77	false
78	false
79	true
80	true
81	false
82	false
83	true
84	false
85	true
86	true
87	true
88	false
89	false
90	true
91	true
92	true
93	false
294	false
295	true
296	true
297	false
298	true
299	true
300	false
301	true
302	false
303	true
304	false
305	true
306	true
307	false
308	true
309	false
310	false
311	true
312	true
313	true
314	false
315	false
316	true
317	true
318	false
319	true
320	false
321	true
322	false
323	false
324	false
325	false
326	false
327	false
328	false
329	true
330	false
331	false
332	false
333	false
334	true
335	false
336	true
337	true
338	false
339	false
340	true
341	false
342	false
343	true
344	true
345	false
346	false
347	false
348	false
349	false
350	false
351	false
352	true
353	false
354	true
355	true
356	false
357	true
358	false
359	false
360	true
361	true
362	true
363	true
364	false
365	true
366	false
367	false
368	true
369	false
370	false
371	false
372	true
373	true
374	false
375	true
376	false
377	false
