1	false
2	false
3	false
4	false
5	true
6	true
7	false
8	true
9	false
10	true
11	false
12	false
13	true
14	false
15	false
16	false
17	true
18	false
19	false
20	true
21	true
22	true
23	false
24	true
25	false
26	false
27	true
28	false
29	true
30	true
31	true
32	true
33	false
34	false
35	true
36	false
37	false
38	false
39	false
40	true
41	true
42	false
43	false
44	false
45	false
46	false
47	false
48	true
49	true
50	false
51	false
52	true
53	true
54	false
55	false
56	true
57	false
58	false
59	false
60	false
61	false
62	false
63	false
64	true
65	true
66	false
67	true
68	true
69	true
70	false
71	true
72	false
73	false
74	true
75	false
76	true
77	true
78	false
79	true
80	true
81	false
82	false
83	true
84	true
85	false
86	true
87	false
88	false
89	true
90	true
91	false
92	true
93	false
294	true
295	false
296	true
297	false
298	true
299	true
300	true
301	false
302	false
303	true
304	true
305	true
306	false
307	true
308	false
309	true
310	false
311	false
312	false
313	true
314	true
315	false
316	true
317	true
318	false
319	false
320	true
321	false
322	false
323	false
324	true
325	true
326	true
327	false
328	false
329	false
330	false
331	true
332	false
333	false
334	false
335	true
336	true
337	false
338	false
339	true
340	true
341	true
342	false
343	true
344	false
345	false
346	true
347	false
348	true
349	false
350	true
351	false
352	true
353	true
354	true
355	true
356	true
357	true
358	true
359	true
360	false
361	false
362	false
363	true
364	true
365	false
366	false
367	false
368	false
369	false
370	false
371	true
372	true
373	true
374	true
375	true
376	true
377	true
