1	false
2	true
3	true
4	false
5	false
6	true
7	true
8	false
9	true
10	true
11	false
12	false
13	true
14	true
15	false
16	false
17	true
18	true
19	true
20	false
21	false
22	true
23	false
24	true
25	false
26	false
27	true
28	false
29	true
30	false
31	true
32	true
33	false
34	false
35	false
36	false
37	false
38	true
39	true
40	false
41	false
42	false
43	false
44	true
45	true
46	true
47	true
48	true
49	true
50	true
51	false
52	false
53	true
54	false
55	false
56	true
57	false
58	false
59	true
60	false
61	false
62	false
63	false
64	true
65	false
66	false
67	true
68	true
69	false
70	true
71	true
72	true
73	true
74	true
75	false
76	true
77	true
78	false
79	false
80	true
81	false
82	false
83	true
84	false
85	false
86	true
87	true
88	true
89	true
90	false
91	true
92	false
93	false
294	false
295	true
296	true
297	true
298	true
299	true
300	true
301	true
302	false
303	true
304	true
305	true
306	true
307	true
308	false
309	true
310	true
311	false
312	true
313	true
314	false
315	false
316	false
317	false
318	true
319	false
320	true
321	true
322	true
323	true
324	false
325	true
326	true
327	true
328	true
329	false
330	true
331	true
332	false
333	false
334	true
335	false
336	false
337	false
338	false
339	false
340	true
341	true
342	false
343	true
344	false
345	false
346	true
347	false
348	false
349	true
350	false
351	false
352	true
353	true
354	true
355	true
356	false
357	true
358	false
359	true
360	false
361	true
362	false
363	true
364	true
365	false
366	false
367	true
368	true
369	true
370	false
371	true
372	true
373	false
374	true
375	true
376	false
377	true
