1	false
2	false
3	true
4	true
5	true
6	true
7	false
8	false
9	false
10	true
11	false
12	true
13	false
14	false
15	true
16	true
17	true
18	false
19	false
20	true
21	true
22	true
23	false
24	true
25	false
26	true
27	true
28	false
29	false
30	false
31	false
32	false
33	false
34	true
35	true
36	true
37	true
38	true
39	true
40	true
41	true
42	true
43	false
44	false
45	false
46	true
47	false
48	true
49	true
50	true
51	true
52	false
53	false
54	true
55	false
56	false
57	true
58	false
59	false
60	true
61	true
62	true
63	true
64	false
65	true
66	true
67	false
68	true
69	true
70	true
71	false
72	true
73	false
74	true
75	false
76	false
77	true
78	false
79	true
80	true
81	false
82	true
83	true
84	false
85	true
86	false
87	true
88	false
89	false
90	false
91	false
92	false
93	true
294	true
295	false
296	false
297	false
298	true
299	true
300	false
301	false
302	false
303	false
304	true
305	true
306	true
307	false
308	false
309	false
310	false
311	false
312	false
313	true
314	false
315	false
316	false
317	true
318	true
319	false
320	false
321	false
322	false
323	true
324	true
325	false
326	true
327	true
328	true
329	true
330	true
331	true
332	false
333	false
334	false
335	false
336	true
337	true
338	false
339	true
340	true
341	false
342	true
343	false
344	true
345	true
346	true
347	true
348	true
349	false
350	false
351	true
352	false
353	false
354	false
355	true
356	true
357	true
358	true
359	true
360	false
361	true
362	true
363	false
364	true
365	false
366	true
367	true
368	true
369	false
370	false
371	false
372	true
373	false
374	true
375	false
376	false
377	true
