1	true
2	true
3	true
4	true
5	true
6	true
7	true
8	false
9	true
10	true
11	true
12	true
13	true
14	false
15	false
16	true
17	true
18	false
19	true
20	false
21	true
22	false
23	true
24	true
25	true
26	false
27	false
28	true
29	false
30	true
31	true
32	false
33	true
34	false
35	false
36	true
37	true
38	false
39	false
40	true
41	true
42	true
43	true
44	false
45	false
46	false
47	false
48	true
49	true
50	true
51	false
52	false
53	false
54	true
55	true
56	true
57	false
58	true
59	false
60	true
61	true
62	false
63	true
64	true
65	false
66	true
67	false
68	true
69	true
70	true
71	false
72	false
73	false
74	false
75	true
76	false
77	false
78	true
79	false
80	false
81	false
82	true
83	false
84	false
85	false
86	true
87	false
88	true
89	false
90	true
91	true
92	true
93	true
294	true
295	false
296	true
297	false
298	false
299	false
300	false
301	false
302	false
303	false
304	true
305	true
306	true
307	true
308	false
309	false
310	true
311	false
312	false
313	true
314	true
315	false
316	false
317	true
318	true
319	false
320	true
321	false
322	false
323	false
324	true
325	true
326	true
327	true
328	false
329	false
330	false
331	true
332	true
333	true
334	true
335	false
336	true
337	false
338	true
339	false
340	true
341	false
342	false
343	false
344	true
345	true
346	true
347	true
348	true
349	true
350	false
351	true
352	false
353	false
354	true
355	false
356	true
357	true
358	true
359	false
360	false
361	true
362	false
363	false
364	true
365	true
366	true
367	true
368	false
369	true
370	true
371	false
372	false
373	true
374	true
375	true
376	true
377	false
