1	false
2	true
3	true
4	true
5	false
6	true
7	false
8	true
9	true
10	true
11	true
12	false
13	false
14	true
15	true
16	true
17	true
18	false
19	false
20	true
21	false
22	false
23	true
24	false
25	false
26	true
27	true
28	true
29	false
30	true
31	true
32	true
33	true
34	true
35	true
36	false
37	true
38	false
39	false
40	true
41	true
42	false
43	true
44	true
45	false
46	true
47	false
48	true
49	false
50	true
51	false
52	false
53	true
54	false
55	false
56	false
57	false
58	false
59	false
60	false
61	false
62	true
63	false
64	false
65	false
66	false
67	false
68	true
69	true
70	true
71	true
72	false
73	true
74	false
75	false
76	false
77	true
78	false
79	true
80	true
81	true
82	true
83	true
84	true
85	true
86	false
87	true
88	false
89	true
90	false
91	true
92	true
93	false
294	true
295	false
296	true
297	false
298	true
299	false
300	false
301	true
302	true
303	true
304	true
305	true
306	false
307	true
308	false
309	false
310	false
311	false
312	true
313	false
314	true
315	false
316	false
317	true
318	true
319	false
320	false
321	true
322	false
323	true
324	true
325	true
326	false
327	false
328	false
329	false
330	false
331	true
332	false
333	false
334	true
335	false
336	true
337	true
338	false
339	true
340	false
341	true
342	true
343	true
344	true
345	false
346	true
347	false
348	true
349	false
350	true
351	true
352	true
353	false
354	true
355	false
356	false
357	false
358	true
359	false
360	false
361	true
362	true
363	true
364	true
365	false
366	false
367	true
368	false
369	false
370	false
371	true
372	true
373	true
374	true
375	false
376	false
377	true
