1	false
2	false
3	true
4	true
5	true
6	true
7	false
8	true
9	false
10	false
11	false
12	false
13	false
14	true
15	true
16	false
17	true
18	false
19	false
20	true
21	false
22	true
23	true
24	false
25	true
26	true
27	true
28	true
29	true
30	true
31	true
32	true
33	true
34	true
35	true
36	false
37	true
38	false
39	false
40	false
41	true
42	false
43	false
44	true
45	false
46	false
47	false
48	false
49	false
50	true
51	false
52	false
53	true
54	false
55	true
56	false
57	false
58	true
59	false
60	true
61	true
62	false
63	false
64	false
65	false
66	true
67	false
68	false
69	false
70	false
71	false
72	false
73	false
74	true
75	true
76	false
77	true
78	false
79	false
80	true
81	true
82	true
83	true
84	false
85	false
86	false
87	true
88	false
89	false
90	false
91	false
92	true
93	false
294	false
295	true
296	true
297	true
298	true
299	false
300	true
301	true
302	true
303	true
304	true
305	true
306	false
307	false
308	true
309	false
310	false
311	true
312	true
313	true
314	true
315	true
316	false
317	false
318	true
319	true
320	false
321	true
322	false
323	false
324	true
325	true
326	true
327	false
328	false
329	true
330	true
331	false
332	false
333	false
334	false
335	false
336	true
337	false
338	true
339	true
340	false
341	false
342	false
343	true
344	false
345	false
346	true
347	false
348	true
349	true
350	true
351	false
352	false
353	true
354	false
355	true
356	true
357	true
358	true
359	false
360	true
361	true
362	false
363	false
364	false
365	true
366	false
367	false
368	true
369	false
370	false
371	false
372	false
373	false
374	true
375	false
376	true
377	true
