1	true
2	false
3	false
4	true
5	false
6	false
7	true
8	false
9	false
10	true
11	true
12	true
13	false
14	true
15	true
16	false
17	false
18	true
19	false
20	true
21	true
22	true
23	true
24	true
25	false
26	true
27	true
28	true
29	true
30	false
31	true
32	false
33	true
34	true
35	true
36	true
37	false
38	false
39	true
40	true
41	true
42	false
43	false
44	false
45	true
46	true
47	true
48	true
49	true
50	true
51	true
52	true
53	true
54	true
55	true
56	true
57	false
58	false
59	false
60	false
61	true
62	false
63	false
64	true
65	true
66	false
67	true
68	false
69	true
70	true
71	true
72	false
73	true
74	false
75	true
76	true
77	true
78	true
79	true
80	false
81	false
82	true
83	false
84	false
85	false
86	true
87	false
88	true
89	true
90	true
91	false
92	false
93	false
294	false
295	true
296	false
297	false
298	true
299	true
300	false
301	true
302	true
303	false
304	false
305	true
306	true
307	false
308	false
309	true
310	true
311	false
312	true
313	true
314	false
315	false
316	true
317	false
318	false
319	false
320	true
321	true
322	true
323	true
324	false
325	true
326	true
327	true
328	false
329	false
330	false
331	true
332	true
333	true
334	true
335	false
336	true
337	true
338	false
339	false
340	false
341	false
342	false
343	true
344	false
345	true
346	false
347	true
348	false
349	false
350	false
351	false
352	true
353	true
354	true
355	false
356	true
357	true
358	false
359	true
360	true
361	false
362	true
363	true
364	false
365	true
366	true
367	false
368	true
369	true
370	true
371	false
372	true
373	true
374	false
375	true
376	true
377	false
