1	false
2	false
3	false
4	true
5	true
6	true
7	false
8	true
9	true
10	false
11	true
12	true
13	true
14	false
15	false
16	false
17	true
18	true
19	true
20	false
21	false
22	false
23	true
24	true
25	false
26	true
27	false
28	true
29	true
30	true
31	true
32	false
33	true
34	true
35	true
36	false
37	false
38	true
39	true
40	true
41	true
42	true
43	true
44	false
45	false
46	false
47	false
48	true
49	false
50	false
51	false
52	false
53	false
54	false
55	false
56	true
57	true
58	false
59	false
60	true
61	false
62	false
63	true
64	false
65	true
66	false
67	false
68	false
69	true
70	true
71	false
72	true
73	false
74	true
75	false
76	false
77	true
78	true
79	true
80	false
81	false
82	false
83	false
84	false
85	true
86	false
87	true
88	false
89	false
90	false
91	true
92	true
93	false
294	true
295	true
296	false
297	true
298	false
299	true
300	true
301	false
302	true
303	false
304	true
305	false
306	false
307	true
308	true
309	false
310	true
311	true
312	true
313	false
314	true
315	false
316	true
317	true
318	true
319	true
320	true
321	false
322	false
323	true
324	true
325	true
326	true
327	false
328	false
329	false
330	true
331	true
332	false
333	true
334	false
335	true
336	false
337	false
338	true
339	true
340	true
341	true
342	false
343	true
344	true
345	true
346	true
347	false
348	false
349	true
350	false
351	true
352	true
353	false
354	true
355	true
356	false
357	false
358	true
359	false
360	true
361	true
362	false
363	true
364	true
365	false
366	false
367	false
368	false
369	true
370	true
371	true
372	false
373	true
374	false
375	true
376	false
377	true
