1	false
2	false
3	false
4	false
5	true
6	true
7	false
8	false
9	false
10	false
11	false
12	true
13	false
14	false
15	true
16	false
17	true
18	false
19	false
20	true
21	true
22	false
23	true
24	true
25	true
26	true
27	false
28	true
29	true
30	true
31	false
32	false
33	false
34	true
35	true
36	false
37	false
38	true
39	false
40	true
41	true
42	true
43	true
44	true
45	false
46	true
47	true
48	true
49	true
50	true
51	true
52	false
53	false
54	true
55	false
56	true
57	false
58	false
59	true
60	true
61	false
62	true
63	true
64	true
65	true
66	true
67	false
68	true
69	false
70	false
71	true
72	true
73	false
74	true
75	false
76	true
77	false
78	true
79	false
80	true
81	false
82	false
83	true
84	true
85	true
86	false
87	true
88	true
89	false
90	false
91	true
92	true
93	true
294	true
295	true
296	true
297	true
298	false
299	false
300	false
301	false
302	false
303	true
304	true
305	true
306	false
307	true
308	false
309	false
310	true
311	false
312	false
313	true
314	false
315	false
316	true
317	true
318	true
319	false
320	true
321	true
322	false
323	false
324	true
325	false
326	true
327	true
328	false
329	false
330	true
331	true
332	false
333	true
334	false
335	false
336	true
337	false
338	true
339	true
340	true
341	false
342	true
343	false
344	false
345	false
346	true
347	true
348	false
349	false
350	true
351	false
352	false
353	false
354	false
355	true
356	false
357	true
358	true
359	true
360	true
361	false
362	false
363	true
364	false
365	false
366	true
367	false
368	false
369	false
370	true
371	false
372	false
373	false
374	false
375	false
376	false
377	true
