1	false
2	true
3	false
4	false
5	false
6	false
7	true
8	false
9	false
10	false
11	true
12	true
13	false
14	false
15	false
16	false
17	false
18	true
19	true
20	false
21	false
22	false
23	true
24	true
25	false
26	false
27	false
28	true
29	false
30	true
31	true
32	false
33	false
34	true
35	false
36	true
37	false
38	false
39	false
40	false
41	true
42	true
43	true
44	false
45	true
46	true
47	false
48	false
49	false
50	true
51	false
52	true
53	true
54	false
55	false
56	false
57	true
58	true
59	false
60	false
61	true
62	false
63	true
64	true
65	true
66	false
67	false
68	false
69	true
70	false
71	true
72	false
73	true
74	false
75	true
76	false
77	true
78	false
79	true
80	false
81	false
82	true
83	true
84	false
85	false
86	false
87	true
88	false
89	false
90	false
91	true
92	false
93	true
294	true
295	false
296	true
297	false
298	true
299	true
300	false
301	true
302	false
303	true
304	false
305	true
306	false
307	false
308	true
309	false
310	true
311	false
312	true
313	false
314	true
315	false
316	true
317	false
318	true
319	false
320	false
321	false
322	false
323	false
324	true
325	false
326	true
327	false
328	true
329	false
330	true
331	true
332	true
333	false
334	false
335	true
336	false
337	true
338	true
339	false
340	true
341	true
342	false
343	false
344	true
345	true
346	true
347	false
348	true
349	false
350	true
351	true
352	true
353	true
354	false
355	true
356	true
357	false
358	true
359	false
360	true
361	false
362	true
363	true
364	false
365	false
366	false
367	true
368	true
369	true
370	false
371	true
372	true
373	true
374	false
375	false
376	true
377	true
