1	true
2	true
3	true
4	false
5	false
6	false
7	false
8	false
9	true
10	false
11	true
12	true
13	false
14	true
15	false
16	false
17	false
18	false
19	false
20	true
21	false
22	true
23	false
24	false
25	true
26	false
27	false
28	false
29	false
30	true
31	false
32	false
33	false
34	false
35	false
36	false
37	false
38	false
39	true
40	false
41	false
42	false
43	true
44	true
45	true
46	false
47	true
48	false
49	false
50	false
51	false
52	false
53	true
54	false
55	true
56	false
57	false
58	false
59	true
60	true
61	false
62	false
63	false
64	false
65	false
66	false
67	true
68	true
69	false
70	false
71	false
72	true
73	true
74	true
75	false
76	true
77	false
78	true
79	true
80	true
81	true
82	true
83	true
84	true
85	false
86	true
87	false
88	false
89	true
90	true
91	false
92	true
93	true
294	true
295	true
296	false
297	false
298	true
299	true
300	true
301	true
302	false
303	false
304	true
305	false
306	true
307	false
308	false
309	false
310	false
311	true
312	true
313	false
314	true
315	true
316	true
317	true
318	false
319	false
320	true
321	true
322	false
323	true
324	false
325	false
326	false
327	false
328	true
329	false
330	false
331	true
332	true
333	false
334	true
335	false
336	true
337	true
338	true
339	false
340	false
341	true
342	true
343	true
344	true
345	true
346	false
347	true
348	true
349	true
350	false
351	false
352	false
353	false
354	false
355	true
356	false
357	true
358	true
359	true
360	false
361	false
362	false
363	true
364	false
365	false
366	true
367	true
368	true
369	true
370	false
371	true
372	false
373	true
374	false
375	true
376	false
377	false
