1	true
2	true
3	false
4	false
5	false
6	true
7	true
8	false
9	true
10	false
11	true
12	false
13	false
14	false
15	true
16	false
17	false
18	true
19	false
20	false
21	false
22	false
23	false
24	false
25	true
26	true
27	true
28	false
29	false
30	false
31	false
32	false
33	true
34	false
35	true
36	false
37	true
38	false
39	true
40	true
41	true
42	true
43	false
44	true
45	false
46	false
47	false
48	false
49	false
50	false
51	true
52	true
53	false
54	false
55	false
56	false
57	true
58	false
59	false
60	true
61	true
62	true
63	false
64	true
65	false
66	false
67	false
68	true
69	false
70	true
71	true
72	true
73	false
74	true
75	true
76	false
77	true
78	true
79	false
80	false
81	false
82	false
83	false
84	true
85	false
86	true
87	true
88	false
89	false
90	false
91	false
92	true
93	true
294	true
295	false
296	false
297	false
298	true
299	true
300	false
301	false
302	false
303	false
304	true
305	false
306	true
307	true
308	false
309	true
310	false
311	false
312	false
313	true
314	true
315	true
316	false
317	false
318	false
319	false
320	false
321	true
322	false
323	true
324	true
325	false
326	true
327	false
328	true
329	false
330	false
331	false
332	true
333	true
334	true
335	true
336	true
337	true
338	true
339	false
340	false
341	false
342	true
343	true
344	false
345	true
346	false
347	false
348	true
349	true
350	false
351	true
352	false
353	false
354	false
355	false
356	true
357	true
358	false
359	true
360	true
361	false
362	false
363	true
364	true
365	false
366	true
367	true
368	true
369	false
370	false
371	true
372	true
373	false
374	true
375	false
376	true
377	false
