1	true
2	false
3	true
4	false
5	false
6	false
7	false
8	true
9	false
10	true
11	true
12	false
13	true
14	true
15	false
16	false
17	true
18	false
19	false
20	false
21	false
22	false
23	false
24	false
25	true
26	true
27	true
28	true
29	true
30	true
31	true
32	false
33	false
34	false
35	true
36	true
37	true
38	true
39	false
40	true
41	false
42	true
43	true
44	false
45	false
46	true
47	false
48	false
49	false
50	false
51	true
52	true
53	false
54	true
55	false
56	false
57	true
58	false
59	false
60	true
61	true
62	false
63	false
64	false
65	true
66	false
67	false
68	false
69	true
70	true
71	false
72	true
73	true
74	false
75	true
76	false
77	false
78	true
79	true
80	true
81	false
82	true
83	true
84	true
85	false
86	true
87	false
88	true
89	true
90	true
91	true
92	false
93	true
294	false
295	true
296	true
297	true
298	false
299	true
300	true
301	true
302	false
303	true
304	false
305	true
306	true
307	true
308	false
309	false
310	true
311	false
312	true
313	false
314	true
315	false
316	false
317	false
318	true
319	true
320	true
321	true
322	true
323	true
324	false
325	true
326	true
327	false
328	false
329	true
330	false
331	false
332	true
333	true
334	false
335	false
336	false
337	true
338	true
339	false
340	false
341	false
342	false
343	false
344	true
345	false
346	false
347	true
348	true
349	true
350	true
351	false
352	true
353	true
354	false
355	false
356	false
357	false
358	true
359	true
360	false
361	false
362	true
363	false
364	false
365	true
366	false
367	true
368	true
369	false
370	false
371	true
372	true
373	false
374	false
375	true
376	true
377	false
