1	false
2	false
3	false
4	true
5	true
6	false
7	false
8	true
9	true
10	false
11	true
12	true
13	true
14	false
15	false
16	true
17	false
18	false
19	true
20	false
21	false
22	false
23	false
24	true
25	true
26	true
27	true
28	true
29	false
30	false
31	false
32	true
33	false
34	true
35	true
36	true
37	false
38	false
39	true
40	false
41	false
42	false
43	false
44	false
45	true
46	true
47	false
48	true
49	false
50	false
51	false
52	true
53	false
54	true
55	true
56	true
57	true
58	true
59	false
60	true
61	false
62	true
63	false
64	false
65	false
66	false
67	true
68	true
69	true
70	false
71	false
72	false
73	false
74	false
75	false
76	true
77	true
78	true
79	false
80	false
81	true
82	true
83	true
84	false
85	false
86	false
87	true
88	true
89	true
90	true
91	true
92	false
93	false
294	true
295	false
296	true
297	true
298	true
299	false
300	true
301	false
302	false
303	true
304	false
305	true
306	false
307	false
308	false
309	false
310	false
311	true
312	false
313	false
314	false
315	false
316	false
317	true
318	false
319	true
320	true
321	true
322	false
323	false
324	false
325	false
326	true
327	false
328	false
329	false
330	true
331	false
332	true
333	false
334	true
335	false
336	false
337	true
338	true
339	true
340	false
341	true
342	false
343	true
344	true
345	false
346	false
347	false
348	true
349	false
350	false
351	true
352	false
353	false
354	true
355	false
356	true
357	false
358	false
359	false
360	false
361	false
362	false
363	false
364	false
365	false
366	false
367	true
368	false
369	true
370	true
371	false
372	true
373	false
374	false
375	true
376	true
377	false
