1	true
2	false
3	true
4	false
5	false
6	true
7	false
8	false
9	true
10	false
11	true
12	false
13	true
14	false
15	false
16	false
17	true
18	false
19	true
20	true
21	true
22	true
23	true
24	true
25	false
26	true
27	true
28	true
29	false
30	false
31	true
32	true
33	true
34	false
35	true
36	true
37	false
38	true
39	true
40	true
41	true
42	true
43	true
44	false
45	true
46	false
47	true
48	true
49	true
50	false
51	true
52	false
53	false
54	false
55	false
56	false
57	true
58	false
59	true
60	true
61	false
62	false
63	true
64	true
65	true
66	false
67	false
68	false
69	true
70	false
71	false
72	false
73	true
74	true
75	false
76	true
77	false
78	true
79	true
80	false
81	true
82	true
83	false
84	false
85	true
86	true
87	true
88	false
89	false
90	true
91	false
92	false
93	false
294	false
295	false
296	true
297	false
298	true
299	false
300	false
301	true
302	true
303	false
304	false
305	true
306	true
307	true
308	true
309	false
310	false
311	false
312	false
313	false
314	true
315	true
316	false
317	true
318	false
319	true
320	true
321	true
322	true
323	false
324	false
325	true
326	false
327	false
328	true
329	false
330	true
331	false
332	true
333	true
334	true
335	true
336	true
337	false
338	false
339	true
340	false
341	false
342	true
343	false
344	false
345	false
346	true
347	true
348	false
349	true
350	true
351	true
352	false
353	false
354	true
355	false
356	false
357	false
358	true
359	false
360	true
361	true
362	true
363	true
364	true
365	true
366	true
367	false
368	false
369	true
370	false
371	true
372	true
373	true
374	true
375	true
376	false
377	false
