1	true
2	false
3	true
4	true
5	false
6	false
7	true
8	true
9	false
10	false
11	false
12	true
13	true
14	false
15	true
16	true
17	false
18	true
19	true
20	false
21	true
22	false
23	true
24	false
25	false
26	true
27	true
28	true
29	true
30	true
31	false
32	false
33	false
34	true
35	true
36	true
37	true
38	false
39	false
40	true
41	false
42	false
43	false
44	true
45	true
46	false
47	true
48	false
49	true
50	true
51	false
52	false
53	true
54	false
55	false
56	true
57	true
58	true
59	true
60	true
61	false
62	true
63	true
64	false
65	false
66	true
67	true
68	true
69	false
70	false
71	true
72	false
73	false
74	false
75	false
76	false
77	false
78	true
79	true
80	true
81	false
82	false
83	false
84	true
85	true
86	true
87	true
88	false
89	false
90	false
91	false
92	true
93	false
294	true
295	false
296	true
297	false
298	false
299	true
300	false
301	false
302	true
303	true
304	true
305	true
306	true
307	false
308	false
309	false
310	true
311	false
312	true
313	true
314	true
315	false
316	true
317	true
318	false
319	false
320	true
321	false
322	true
323	true
324	true
325	false
326	false
327	true
328	false
329	true
330	true
331	true
332	true
333	false
334	true
335	true
336	true
337	false
338	false
339	true
340	false
341	true
342	false
343	true
344	true
345	false
346	true
347	true
348	true
349	true
350	true
351	true
352	false
353	false
354	true
355	false
356	true
357	false
358	true
359	false
360	true
361	true
362	false
363	false
364	false
365	true
366	true
367	false
368	false
369	false
370	false
371	true
372	true
373	true
374	false
375	true
376	false
377	true
