1	true
2	false
3	false
4	false
5	false
6	true
7	false
8	true
9	true
10	false
11	true
12	false
13	false
14	true
15	true
16	false
17	false
18	true
19	false
20	false
21	false
22	false
23	true
24	true
25	false
26	false
27	false
28	true
29	true
30	false
31	true
32	true
33	false
34	false
35	false
36	false
37	true
38	true
39	true
40	false
41	false
42	true
43	true
44	true
45	false
46	false
47	false
48	false
49	true
50	true
51	true
52	true
53	false
54	true
55	true
56	true
57	false
58	false
59	true
60	true
61	true
62	false
63	false
64	true
65	false
66	true
67	true
68	true
69	true
70	true
71	false
72	false
73	false
74	true
75	false
76	false
77	true
78	false
79	false
80	true
81	false
82	true
83	true
84	true
85	false
86	true
87	false
88	true
89	true
90	true
91	false
92	false
93	true
294	false
295	true
296	false
297	true
298	true
299	false
300	false
301	true
302	true
303	false
304	false
305	true
306	true
307	false
308	true
309	true
310	true
311	true
312	true
313	true
314	true
315	false
316	false
317	false
318	false
319	false
320	true
321	true
322	false
323	false
324	true
325	false
326	true
327	true
328	true
329	false
330	true
331	true
332	false
333	true
334	false
335	true
336	true
337	true
338	false
339	false
340	true
341	true
342	false
343	false
344	true
345	false
346	false
347	false
348	false
349	true
350	true
351	true
352	true
353	false
354	true
355	false
356	false
357	true
358	false
359	false
360	false
361	true
362	false
363	true
364	false
365	false
366	false
367	false
368	true
369	false
370	false
371	true
372	true
373	false
374	true
375	true
376	false
377	true
