1	false
2	false
3	false
4	true
5	true
6	true
7	true
8	true
9	false
10	false
11	false
12	true
13	false
14	true
15	true
16	false
17	false
18	false
19	true
20	false
21	true
22	false
23	false
24	false
25	true
26	false
27	false
28	true
29	false
30	false
31	false
32	true
33	true
34	false
35	false
36	true
37	false
38	true
39	false
40	true
41	true
42	false
43	true
44	false
45	false
46	true
47	true
48	false
49	false
50	true
51	false
52	true
53	true
54	false
55	false
56	false
57	false
58	false
59	false
60	true
61	false
62	true
63	false
64	false
65	false
66	false
67	false
68	true
69	true
70	false
71	true
72	false
73	true
74	true
75	true
76	true
77	true
78	true
79	true
80	false
81	false
82	false
83	false
84	true
85	true
86	true
87	false
88	false
89	false
90	false
91	true
92	false
93	true
294	true
295	true
296	false
297	false
298	false
299	false
300	false
301	false
302	false
303	true
304	true
305	false
306	false
307	true
308	true
309	false
310	false
311	true
312	false
313	true
314	true
315	false
316	false
317	true
318	true
319	true
320	false
321	false
322	true
323	true
324	false
325	false
326	false
327	true
328	false
329	false
330	true
331	true
332	false
333	true
334	false
335	false
336	false
337	true
338	true
339	false
340	false
341	true
342	true
343	true
344	false
345	false
346	true
347	true
348	true
349	true
350	true
351	true
352	true
353	false
354	false
355	true
356	false
357	false
358	false
359	false
360	false
361	false
362	false
363	false
364	false
365	false
366	false
367	false
368	true
369	false
370	true
371	true
372	false
373	false
374	true
375	true
376	false
377	false
