1	false
2	true
3	true
4	true
5	false
6	true
7	true
8	true
9	false
10	true
11	false
12	false
13	false
14	false
15	true
16	false
17	false
18	true
19	true
20	true
21	true
22	true
23	true
24	true
25	true
26	true
27	true
28	true
29	true
30	true
31	false
32	true
33	true
34	false
35	true
36	true
37	false
38	true
39	true
40	false
41	false
42	false
43	true
44	true
45	true
46	true
47	true
48	false
49	true
50	true
51	true
52	false
53	false
54	true
55	false
56	true
57	false
58	true
59	true
60	true
61	true
62	true
63	true
64	true
65	false
66	true
67	true
68	false
69	true
70	true
71	false
72	true
73	false
74	false
75	false
76	true
77	false
78	true
79	false
80	true
81	true
82	true
83	false
84	false
85	true
86	false
87	true
88	true
89	false
90	false
91	true
92	false
93	false
294	true
295	true
296	true
297	true
298	true
299	false
300	true
301	false
302	true
303	true
304	true
305	true
306	false
307	false
308	false
309	true
310	true
311	false
312	false
313	false
314	true
315	true
316	false
317	false
318	true
319	false
320	true
321	false
322	true
323	true
324	true
325	true
326	true
327	false
328	false
329	false
330	false
331	true
332	true
333	true
334	false
335	true
336	false
337	true
338	true
339	true
340	true
341	false
342	false
343	true
344	true
345	false
346	false
347	false
348	false
349	true
350	false
351	false
352	true
353	false
354	false
355	true
356	false
357	true
358	true
359	false
360	true
361	false
362	true
363	true
364	true
365	true
366	true
367	true
368	true
369	true
370	true
371	false
372	false
373	false
374	true
375	true
376	true
377	true
