1	false
2	false
3	true
4	false
5	true
6	false
7	true
8	true
9	true
10	true
11	false
12	false
13	false
14	false
15	true
16	false
17	true
18	true
19	true
20	false
21	false
22	false
23	true
24	false
25	true
26	false
27	true
28	false
29	true
30	true
31	false
32	true
33	false
34	true
35	true
36	false
37	false
38	true
39	false
40	true
41	true
42	false
43	false
44	true
45	true
46	true
47	false
48	true
49	false
50	true
51	false
52	true
53	true
54	true
55	false
56	false
57	true
58	true
59	false
60	true
61	false
62	true
63	false
64	true
65	false
66	false
67	true
68	true
69	false
70	false
71	true
72	true
73	true
74	false
75	true
76	false
77	true
78	false
79	false
80	false
81	true
82	true
83	true
84	true
85	true
86	true
87	false
88	false
89	true
90	false
91	true
92	false
93	false
294	false
295	false
296	false
297	true
298	false
299	false
300	true
301	true
302	true
303	true
304	false
305	true
306	false
307	false
308	true
309	false
310	false
311	true
312	false
313	true
314	false
315	false
316	false
317	true
318	true
319	false
320	true
321	true
322	false
323	false
324	false
325	true
326	true
327	false
328	true
329	true
330	false
331	true
332	false
333	true
334	true
335	false
336	true
337	true
338	true
339	true
340	true
341	false
342	true
343	false
344	false
345	true
346	false
347	true
348	false
349	false
350	true
351	false
352	false
353	false
354	true
355	false
356	true
357	true
358	false
359	false
360	true
361	true
362	true
363	false
364	true
365	false
366	true
367	true
368	true
369	true
370	true
371	false
372	false
373	true
374	true
375	true
376	true
377	true
